19.517119 124.351396 0
19.585790 124.513029 0
19.654703 124.674663 0
19.723859 124.674663 0
19.793257 124.755479 0
19.862900 124.836296 0
19.932788 124.836296 0
20.002922 124.836296 0
20.073303 124.836296 0
20.143931 124.836296 0
20.214807 124.836296 0
20.285934 124.917113 0
20.357310 124.917113 0
20.428937 124.917113 0
20.500817 124.917113 0
20.572949 124.917113 0
20.645336 124.917113 0
20.717977 124.917113 0
20.790873 124.997930 0
20.864026 124.997930 0
20.937437 124.997930 0
21.011105 124.997930 0
21.085033 124.997930 0
21.159221 124.997930 0
21.233670 124.997930 0
21.308381 124.997930 0
21.383355 124.997930 0
21.458593 124.997930 0
21.534095 124.997930 0
21.609863 124.997930 0
21.685898 125.078746 0
21.762200 125.078746 0
21.838771 125.078746 0
21.915611 125.078746 0
21.992721 125.078746 0
22.070103 125.078746 0
22.147757 125.078746 0
22.225684 125.159563 0
22.303885 125.159563 0
22.382362 125.159563 0
22.461115 125.159563 0
22.540144 125.159563 0
22.619452 125.159563 0
22.699039 125.159563 0
22.778906 125.159563 0
22.859054 125.159563 0
22.939484 125.159563 0
23.020197 125.159563 0
23.101194 125.159563 0
23.182476 125.159563 0
23.264043 125.159563 0
23.345898 125.159563 0
23.428041 125.159563 0
23.510473 125.159563 0
23.593195 125.159563 0
23.676208 125.159563 0
23.759513 125.159563 0
23.843111 125.159563 0
23.927004 125.159563 0
24.011191 125.159563 0
24.095675 125.159563 0
24.180456 125.159563 0
24.265535 125.159563 0
24.350914 125.159563 0
24.436593 125.159563 0
24.522574 125.159563 0
24.608857 125.159563 0
24.695443 125.159563 0
24.782335 125.159563 0
24.869532 125.159563 0
24.957035 125.159563 0
25.044847 125.159563 0
25.132968 125.159563 0
25.221399 125.159563 0
25.310140 125.159563 0
25.399195 125.159563 0
25.488562 125.159563 0
25.578244 125.159563 0
25.668241 125.159563 0
25.758555 125.159563 0
25.849187 125.159563 0
25.940138 125.159563 0
26.031409 125.159563 0
26.123001 125.159563 0
26.214915 125.159563 0
26.307153 125.159563 0
26.399715 125.159563 0
26.492602 125.159563 0
26.585817 125.159563 0
26.679360 125.159563 0
26.773231 125.159563 0
26.867433 125.159563 0
26.961967 125.159563 0
27.056833 125.159563 0
27.152033 125.159563 0
27.247568 125.159563 0
27.343439 125.159563 0
27.439647 125.159563 0
27.536194 125.159563 0
27.633080 125.159563 0
27.730308 125.159563 0
27.827877 125.159563 0
27.925790 125.159563 0
28.024047 125.159563 0
28.122650 125.159563 0
28.221600 125.159563 0
28.320899 125.159563 0
28.420546 125.159563 0
28.520544 125.159563 0
28.620894 125.159563 0
28.721597 125.159563 0
28.822655 125.159563 0
28.924068 125.159563 0
29.025837 125.159563 0
29.127965 125.159563 0
29.230452 125.159563 0
29.333300 125.159563 0
29.436510 125.159563 0
29.540083 125.159563 0
29.644020 125.159563 0
29.748323 125.159563 0
29.852993 125.159563 0
29.958031 125.159563 0
30.063439 125.159563 0
30.169217 125.159563 0
30.275368 125.159563 0
30.381893 125.159563 0
30.488792 125.159563 0
30.596067 125.159563 0
30.703720 125.159563 0
30.811751 125.159563 0
30.920163 125.159563 0
31.028956 125.159563 0
31.138132 125.159563 0
31.247692 125.159563 0
31.357637 125.159563 0
31.467970 125.159563 0
31.578690 125.159563 0
31.689800 125.159563 0
31.801301 125.159563 0
31.913195 125.159563 0
32.025482 125.159563 0
32.138164 125.159563 0
32.251242 125.159563 0
32.364719 125.159563 0
32.478595 125.159563 0
32.592871 125.159563 0
32.707550 125.159563 0
32.822632 125.159563 0
32.938119 125.159563 0
33.054012 125.159563 0
33.170313 125.159563 0
33.287023 125.159563 0
33.404144 125.159563 0
33.521677 125.159563 0
33.639624 125.159563 0
33.757985 125.159563 0
33.876763 125.159563 0
33.995959 125.159563 0
34.115574 125.159563 0
34.235610 125.159563 0
34.356069 125.159563 0
34.476951 125.159563 0
34.598259 125.159563 0
34.719994 125.159563 0
34.842156 125.159563 0
34.964749 125.159563 0
35.087773 125.159563 0
35.211230 125.159563 0
35.335121 125.159563 0
35.459448 125.159563 0
35.584213 125.159563 0
35.709416 125.159563 0
35.835061 125.159563 0
35.961147 125.159563 0
36.087677 125.159563 0
36.214652 125.159563 0
36.342073 125.159563 0
36.469944 125.159563 0
36.598264 125.159563 0
36.727035 125.159563 0
36.856260 125.159563 0
36.985939 125.159563 0
37.116075 125.159563 0
37.246668 125.159563 0
37.377721 125.159563 0
37.509235 125.159563 0
37.641212 125.159563 0
37.773653 125.159563 0
37.906560 125.159563 0
38.039935 125.159563 0
38.173779 125.159563 0
38.308094 125.159563 0
38.442882 125.159563 0
38.578144 125.159563 0
38.713882 125.159563 0
38.850097 125.159563 0
38.986792 125.159563 0
39.123967 125.159563 0
39.261626 125.159563 0
39.399768 125.159563 0
39.538397 125.159563 0
39.677513 125.159563 0
39.817119 125.159563 0
39.957216 125.159563 0
40.097807 125.159563 0
40.238891 125.159563 0
40.380472 125.159563 0
40.522552 125.159563 0
40.665131 125.159563 0
40.808212 125.159563 0
40.951796 125.159563 0
41.095886 125.159563 0
41.240482 125.159563 0
41.385587 125.159563 0
41.531203 125.159563 0
41.677331 125.159563 0
41.823974 125.159563 0
41.971132 125.159563 0
42.118808 125.159563 0
42.267004 125.159563 0
42.415721 125.159563 0
42.564961 125.159563 0
42.714727 125.159563 0
42.865019 125.159563 0
43.015840 125.159563 0
43.167192 125.159563 0
43.319077 125.159563 0
43.471495 125.159563 0
43.624451 125.159563 0
43.777944 125.159563 0
43.931977 125.159563 0
44.086553 125.159563 0
44.241672 125.159563 0
44.397337 125.159563 0
44.553550 125.159563 0
44.710312 125.159563 0
44.867626 125.159563 0
45.025493 125.159563 0
45.183916 125.159563 0
45.342896 125.159563 0
45.502436 125.159563 0
45.662537 125.159563 0
45.823201 125.159563 0
45.984431 125.159563 0
46.146228 125.159563 0
46.308594 125.159563 0
46.471532 125.159563 0
46.635042 125.159563 0
46.799129 125.159563 0
46.963792 125.159563 0
47.129035 125.159563 0
47.294859 125.159563 0
47.461267 125.159563 0
47.628260 125.159563 0
47.795841 125.159563 0
47.964011 125.159563 0
48.132773 125.159563 0
48.302129 125.159563 0
48.472081 125.159563 0
48.642631 125.159563 0
48.813780 125.159563 0
48.985532 125.159563 0
49.157889 125.159563 0
49.330852 125.159563 0
49.504423 125.159563 0
49.678605 125.159563 0
49.853400 125.159563 0
50.028810 125.159563 0
50.204837 125.159563 0
50.381484 125.159563 0
50.558752 125.159563 0
50.736643 125.159563 0
50.915161 125.159563 0
51.094307 125.159563 0
51.274083 125.159563 0
51.454491 125.159563 0
51.635535 125.159563 0
51.817215 125.159563 0
51.999535 125.159563 0
52.182496 125.159563 0
52.366101 125.159563 0
52.550352 125.159563 0
52.735251 125.159563 0
52.920801 125.159563 0
53.107004 125.159563 0
53.293861 125.159563 0
53.481377 125.159563 0
53.669552 125.159563 0
53.858389 125.159563 0
54.047890 125.159563 0
54.238059 125.159563 0
54.428896 125.159563 0
54.620405 125.159563 0
54.812588 125.159563 0
55.005447 125.159563 0
55.198984 125.159563 0
55.393203 125.159563 0
55.588105 125.159563 0
55.783692 125.159563 0
55.979968 125.159563 0
56.176934 125.159563 0
56.374594 125.159563 0
56.572949 125.159563 0
56.772001 125.159563 0
56.971754 125.159563 0
57.172210 125.159563 0
57.373372 125.159563 0
57.575241 125.159563 0
57.777820 125.159563 0
57.981112 125.159563 0
58.185120 125.159563 0
58.389845 125.159563 0
58.595291 125.159563 0
58.801459 125.159563 0
59.008353 125.159563 0
59.215975 125.159563 0
59.424327 125.159563 0
59.633412 125.159563 0
59.843233 125.159563 0
60.053793 125.159563 0
60.265093 125.159563 0
60.477137 125.159563 0
60.689926 125.159563 0
60.903465 125.159563 0
61.117754 125.159563 0
61.332798 125.159563 0
61.548599 125.159563 0
61.765158 125.159563 0
61.982480 125.159563 0
62.200566 125.159563 0
62.419420 125.159563 0
62.639044 125.159563 0
62.859440 125.159563 0
63.080612 125.159563 0
63.302562 125.159563 0
63.525293 125.159563 0
63.748808 125.159563 0
63.973109 125.159563 0
64.198199 125.159563 0
64.424082 125.159563 0
64.650759 125.159563 0
64.878233 125.159563 0
65.106508 125.159563 0
65.335587 125.078746 0
65.565471 125.078746 0
65.796164 125.078746 0
66.027669 125.078746 0
66.259988 125.078746 0
66.493125 125.078746 0
66.727082 125.078746 0
66.961862 125.078746 0
67.197469 125.078746 0
67.433904 125.078746 0
67.671171 125.078746 0
67.909273 125.078746 0
68.148213 125.078746 0
68.387994 125.078746 0
68.628618 125.078746 0
68.870089 125.078746 0
69.112409 125.078746 0
69.355582 125.078746 0
69.599611 125.078746 0
69.844498 125.078746 0
70.090247 125.078746 0
70.336861 125.078746 0
70.584342 125.078746 0
70.832694 125.078746 0
71.081920 125.078746 0
71.332023 125.078746 0
71.583006 125.078746 0
71.834871 125.078746 0
72.087624 125.078746 0
72.341265 125.078746 0
72.595799 125.078746 0
72.851228 125.078746 0
73.107556 125.078746 0
73.364786 125.078746 0
73.622922 125.078746 0
73.881965 125.078746 0
74.141920 125.078746 0
74.402789 125.078746 0
74.664577 125.078746 0
74.927285 125.078746 0
75.190918 125.078746 0
75.455478 125.078746 0
75.720969 125.078746 0
75.987395 125.078746 0
76.254758 125.078746 0
76.523061 125.078746 0
76.792309 125.078746 0
77.062504 125.078746 0
77.333649 125.078746 0
77.605749 125.078746 0
77.878806 125.078746 0
78.152824 125.078746 0
78.427806 125.078746 0
78.703755 125.078746 0
78.980675 125.078746 0
79.258570 125.078746 0
79.537443 125.078746 0
79.817296 125.078746 0
80.098135 125.078746 0
80.379961 125.078746 0
80.662779 125.078746 0
80.946592 125.078746 0
81.231404 125.078746 0
81.517218 125.078746 0
81.804038 125.078746 0
82.091867 125.078746 0
82.380708 125.078746 0
82.670566 125.078746 0
82.961443 125.078746 0
83.253345 124.997930 0
83.546273 124.997930 0
83.840232 124.997930 0
84.135225 124.997930 0
84.431256 124.997930 0
84.728328 124.997930 0
85.026446 124.997930 0
85.325613 124.997930 0
85.625833 124.997930 0
85.927108 124.997930 0
86.229444 124.997930 0
86.532844 124.997930 0
86.837311 124.997930 0
87.142849 124.997930 0
87.449463 124.997930 0
87.757155 124.997930 0
88.065930 124.997930 0
88.375791 124.997930 0
88.686743 124.997930 0
88.998789 124.997930 0
89.311932 124.997930 0
89.626178 124.997930 0
89.941529 124.997930 0
90.257989 124.997930 0
90.575563 124.917113 0
90.894255 124.917113 0
91.214068 124.917113 0
91.535006 124.917113 0
91.857073 124.917113 0
92.180274 124.917113 0
92.504611 124.917113 0
92.830090 124.917113 0
93.156714 124.917113 0
93.484488 124.917113 0
93.813414 124.917113 0
94.143498 124.917113 0
94.474744 124.917113 0
94.807154 124.917113 0
95.140735 124.836296 0
95.475489 124.836296 0
95.811421 124.836296 0
96.148535 124.836296 0
96.486835 124.836296 0
96.826325 124.836296 0
97.167010 124.836296 0
97.508894 124.836296 0
97.851980 124.836296 0
98.196274 124.836296 0
98.541779 124.836296 0
98.888500 124.836296 0
99.236441 124.836296 0
99.585605 124.836296 0
99.935999 124.836296 0
100.287625 124.836296 0
100.640489 124.836296 0
100.994594 124.836296 0
101.349945 124.836296 0
101.706546 124.836296 0
102.064402 124.836296 0
102.423517 124.836296 0
102.783896 124.836296 0
103.145543 124.836296 0
103.508462 124.836296 0
103.872658 124.755479 0
104.238136 124.755479 0
104.604899 124.755479 0
104.972953 124.755479 0
105.342302 124.755479 0
105.712951 124.755479 0
106.084903 124.755479 0
106.458165 124.755479 0
106.832739 124.755479 0
107.208632 124.755479 0
107.585847 124.755479 0
107.964389 124.755479 0
108.344264 124.755479 0
108.725475 124.755479 0
109.108027 124.674663 0
109.491925 124.674663 0
109.877174 124.674663 0
110.263779 124.674663 0
110.651744 124.674663 0
111.041073 124.674663 0
111.431773 124.674663 0
111.823848 124.674663 0
112.217301 124.674663 0
112.612140 124.674663 0
113.008367 124.674663 0
113.405989 124.674663 0
113.805010 124.674663 0
114.205434 124.674663 0
114.607268 124.593846 0
115.010515 124.593846 0
115.415182 124.593846 0
115.821272 124.593846 0
116.228790 124.593846 0
116.637743 124.593846 0
117.048135 124.593846 0
117.459971 124.593846 0
117.873255 124.593846 0
118.287994 124.593846 0
118.704192 124.593846 0
119.121855 124.593846 0
119.540987 124.593846 0
119.961594 124.593846 0
120.383680 124.593846 0
120.807252 124.593846 0
121.232314 124.593846 0
121.658872 124.593846 0
122.086931 124.593846 0
122.516495 124.593846 0
122.947572 124.593846 0
123.380164 124.593846 0
123.814279 124.593846 0
124.249922 124.593846 0
124.687097 124.593846 0
125.125811 124.593846 0
125.566068 124.593846 0
126.007874 124.593846 0
126.451234 124.593846 0
126.896155 124.593846 0
127.342641 124.593846 0
127.790698 124.593846 0
128.240332 124.593846 0
128.691547 124.593846 0
129.144350 124.593846 0
129.598747 124.593846 0
130.054742 124.593846 0
130.512341 124.593846 0
130.971551 124.593846 0
131.432376 124.593846 0
131.894823 124.593846 0
132.358897 124.593846 0
132.824604 124.593846 0
133.291949 124.593846 0
133.760939 124.593846 0
134.231579 124.593846 0
134.703875 124.593846 0
135.177833 124.593846 0
135.653458 124.593846 0
136.130757 124.593846 0
136.609735 124.593846 0
137.090398 124.593846 0
137.572753 124.593846 0
138.056805 124.593846 0
138.542560 124.593846 0
139.030024 124.593846 0
139.519203 124.593846 0
140.010103 124.593846 0
140.502731 124.593846 0
140.997092 124.593846 0
141.493193 124.593846 0
141.991039 124.593846 0
142.490636 124.593846 0
142.991992 124.593846 0
143.495111 124.593846 0
144.000001 124.593846 0
144.506667 124.593846 0
145.015116 124.593846 0
145.525354 124.593846 0
146.037387 124.593846 0
146.551222 124.593846 0
147.066865 124.593846 0
147.584322 124.593846 0
148.103599 124.593846 0
148.624704 124.593846 0
149.147642 124.593846 0
149.672421 124.593846 0
150.199045 124.593846 0
150.727523 124.593846 0
151.257860 124.593846 0
151.790063 124.593846 0
152.324139 124.593846 0
152.860094 124.593846 0
153.397934 124.593846 0
153.937667 124.593846 0
154.479299 124.593846 0
155.022837 124.593846 0
155.568287 124.593846 0
156.115657 124.593846 0
156.664952 124.593846 0
157.216180 124.593846 0
157.769347 124.593846 0
158.324461 124.593846 0
158.881528 124.593846 0
159.440555 124.593846 0
160.001549 124.593846 0
160.564517 124.593846 0
161.129466 124.593846 0
161.696402 124.593846 0
162.265334 124.593846 0
162.836267 124.593846 0
163.409209 124.593846 0
163.984166 124.593846 0
164.561147 124.593846 0
165.140158 124.593846 0
165.721206 124.593846 0
166.304299 124.593846 0
166.889443 124.593846 0
167.476646 124.593846 0
168.065915 124.593846 0
168.657258 124.593846 0
169.250681 124.593846 0
169.846192 124.593846 0
170.443798 124.593846 0
171.043508 124.593846 0
171.645327 124.593846 0
172.855325 124.593846 0
173.463519 124.593846 0
174.073853 124.593846 0
174.686335 124.593846 0
175.300971 124.593846 0
175.917770 124.593846 0
176.536740 124.593846 0
177.157887 124.593846 0
177.781220 124.593846 0
178.406746 124.593846 0
179.034473 124.593846 0
179.664408 124.593846 0
180.296560 124.593846 0
180.930936 124.593846 0
181.567544 124.593846 0
182.206393 124.593846 0
182.847489 124.593846 0
183.490840 124.513029 0
184.136456 124.513029 0
184.784343 124.513029 0
185.434509 124.513029 0
186.086963 124.513029 0
186.741713 124.513029 0
187.398767 124.513029 0
188.058132 124.513029 0
188.719817 124.513029 0
189.383831 124.513029 0
190.050181 124.432212 0
190.718875 124.432212 0
191.389923 124.432212 0
192.063331 124.432212 0
192.739109 124.432212 0
193.417264 124.432212 0
194.097806 124.432212 0
194.780742 124.432212 0
195.466081 124.432212 0
196.153831 124.351396 0
196.844002 124.351396 0
197.536600 124.351396 0
198.231636 124.351396 0
198.929117 124.351396 0
199.629052 124.351396 0
200.331450 124.351396 0
201.036319 124.270579 0
201.743668 124.270579 0
202.453507 124.270579 0
203.165842 124.270579 0
203.880684 124.270579 0
204.598042 124.270579 0
205.317923 124.270579 0
206.040337 124.189762 0
206.765293 124.189762 0
207.492800 124.189762 0
208.222867 124.189762 0
208.955502 124.189762 0
209.690715 124.189762 0
210.428515 124.189762 0
211.168911 124.108946 0
211.911912 124.108946 0
212.657527 124.108946 0
213.405766 124.108946 0
214.156638 124.108946 0
214.910151 124.108946 0
215.666316 124.108946 0
216.425141 124.028129 0
217.186636 124.028129 0
217.950811 124.028129 0
218.717674 124.028129 0
219.487235 124.028129 0
220.259504 123.947312 0
221.034491 123.947312 0
221.812204 123.947312 0
222.592654 123.947312 0
223.375849 123.866495 0
224.161801 123.866495 0
224.950517 123.866495 0
225.742009 123.866495 0
226.536286 123.866495 0
227.333357 123.866495 0
228.133233 123.866495 0
228.935924 123.785679 0
229.741438 123.785679 0
230.549787 123.785679 0
231.360980 123.785679 0
232.175027 123.785679 0
232.991938 123.785679 0
233.811724 123.785679 0
234.634394 123.704862 0
235.459959 123.704862 0
236.288428 123.704862 0
237.119813 123.704862 0
237.954122 123.704862 0
238.791368 123.704862 0
239.631559 123.704862 0
240.474706 123.624045 0
241.320820 123.624045 0
242.169911 123.624045 0
243.021989 123.624045 0
243.877066 123.624045 0
244.735151 123.543228 0
245.596255 123.543228 0
246.460390 123.543228 0
247.327564 123.543228 0
248.197790 123.543228 0
249.071078 123.462412 0
249.947438 123.462412 0
250.826882 123.462412 0
251.709420 123.462412 0
252.595064 123.462412 0
253.483823 123.381595 0
254.375710 123.381595 0
255.270735 123.381595 0
256.168909 123.381595 0
257.070243 123.381595 0
257.974749 123.381595 0
258.882437 123.381595 0
259.793318 123.300778 0
260.707405 123.300778 0
261.624708 123.300778 0
262.545239 123.300778 0
263.469008 123.300778 0
264.396028 123.300778 0
265.326309 123.300778 0
266.259864 123.219961 0
267.196703 123.219961 0
268.136839 123.219961 0
269.080283 123.219961 0
270.027046 123.219961 0
270.977140 123.219961 0
271.930577 123.219961 0
272.887369 123.139145 0
273.847527 123.139145 0
274.811064 123.139145 0
275.777991 123.139145 0
276.748320 123.058328 0
277.722063 123.058328 0
278.699233 123.058328 0
279.679840 123.058328 0
280.663898 123.058328 0
281.651418 122.977511 0
282.642413 122.977511 0
283.636895 122.977511 0
284.634875 122.977511 0
285.636367 122.977511 0
286.641383 122.896695 0
287.649935 122.896695 0
288.662036 122.896695 0
289.677698 122.896695 0
290.696933 122.815878 0
291.719755 122.815878 0
292.746175 122.815878 0
293.776207 122.815878 0
294.809863 122.815878 0
295.847156 122.735061 0
296.888099 122.735061 0
297.932704 122.735061 0
298.980985 122.735061 0
300.032954 122.735061 0
301.088625 122.654244 0
302.148010 122.654244 0
303.211122 122.654244 0
304.277975 122.654244 0
305.348582 122.654244 0
306.422955 122.573428 0
307.501109 122.573428 0
308.583057 122.573428 0
309.668811 122.573428 0
310.758385 122.573428 0
311.851793 122.573428 0
312.949049 122.573428 0
314.050165 122.573428 0
315.155155 122.492611 0
316.264033 122.492611 0
317.376813 122.492611 0
318.493508 122.492611 0
319.614132 122.492611 0
320.738700 122.411794 0
321.867224 122.411794 0
322.999718 122.411794 0
324.136198 122.411794 0
325.276676 122.411794 0
326.421167 122.330977 0
327.569685 122.330977 0
328.722244 122.330977 0
329.878858 122.330977 0
331.039542 122.330977 0
332.204309 122.250161 0
333.373175 122.250161 0
334.546154 122.250161 0
335.723260 122.250161 0
336.904507 122.169344 0
338.089911 122.169344 0
339.279485 122.169344 0
340.473245 122.169344 0
341.671205 122.169344 0
342.873381 122.088527 0
344.079786 122.088527 0
345.290436 122.088527 0
346.505346 122.088527 0
347.724530 122.088527 0
348.948004 122.007710 0
350.175783 122.007710 0
351.407882 122.007710 0
352.644316 122.007710 0
353.885100 121.926894 0
355.130250 121.926894 0
356.379782 121.926894 0
357.633709 121.926894 0
358.892049 121.926894 0
360.154816 121.846077 0
361.422026 121.846077 0
362.693695 121.846077 0
363.969838 121.846077 0
365.250472 121.846077 0
366.535611 121.765260 0
367.825272 121.765260 0
369.119471 121.765260 0
370.418224 121.765260 0
371.721546 121.684443 0
373.029454 121.684443 0
374.341964 121.684443 0
375.659092 121.603627 0
376.980854 121.603627 0
378.307267 121.603627 0
379.638347 121.603627 0
380.974110 121.522810 0
382.314573 121.522810 0
383.659753 121.522810 0
385.009665 121.522810 0
386.364328 121.441993 0
387.723757 121.441993 0
389.087969 121.441993 0
390.456981 121.441993 0
391.830809 121.361177 0
393.209472 121.361177 0
394.592986 121.361177 0
395.981367 121.361177 0
397.374633 121.361177 0
398.772802 121.280360 0
400.175890 121.280360 0
401.583915 121.280360 0
402.996894 121.280360 0
404.414845 121.199543 0
405.837785 121.199543 0
407.265731 121.199543 0
408.698702 121.199543 0
410.136715 121.199543 0
411.579787 121.118726 0
413.027937 121.118726 0
414.481182 121.118726 0
415.939540 121.118726 0
417.403030 121.118726 0
418.871669 121.037910 0
420.345475 121.037910 0
421.824467 121.037910 0
423.308663 121.037910 0
424.798081 121.037910 0
426.292739 120.957093 0
427.792657 120.957093 0
429.297852 120.957093 0
430.808343 120.957093 0
432.324149 120.876276 0
433.845288 120.876276 0
435.371779 120.876276 0
436.903641 120.876276 0
438.440893 120.795459 0
439.983554 120.795459 0
441.531643 120.795459 0
443.085179 120.714643 0
444.644181 120.714643 0
446.208668 120.714643 0
447.778660 120.714643 0
449.354176 120.633826 0
450.935236 120.633826 0
452.521858 120.633826 0
454.114064 120.633826 0
455.711871 120.553009 0
457.315300 120.553009 0
458.924371 120.553009 0
460.539103 120.553009 0
462.159517 120.553009 0
463.785632 120.472192 0
465.417469 120.472192 0
467.055048 120.472192 0
468.698388 120.472192 0
470.347510 120.472192 0
472.002435 120.391376 0
473.663183 120.391376 0
475.329774 120.391376 0
477.002229 120.391376 0
478.680569 120.310559 0
480.364814 120.310559 0
482.054985 120.310559 0
483.751103 120.310559 0
485.453188 120.310559 0
487.161263 120.229742 0
488.875347 120.229742 0
490.595462 120.229742 0
492.321630 120.148926 0
494.053871 120.148926 0
495.792207 120.148926 0
497.536660 120.148926 0
499.287250 120.068109 0
501.044000 120.068109 0
502.806931 120.068109 0
504.576065 119.987292 0
506.351423 119.987292 0
508.133028 119.987292 0
509.920902 119.987292 0
511.715067 119.987292 0
513.515544 119.906475 0
515.322356 119.906475 0
517.135526 119.906475 0
518.955075 119.906475 0
520.781026 119.906475 0
522.613402 119.825659 0
524.452226 119.825659 0
526.297519 119.825659 0
528.149305 119.825659 0
530.007606 119.744842 0
531.872446 119.744842 0
533.743847 119.744842 0
535.621833 119.744842 0
537.506427 119.744842 0
539.397651 119.664025 0
541.295530 119.664025 0
543.200087 119.664025 0
545.111344 119.664025 0
547.029327 119.583208 0
548.954058 119.583208 0
550.885561 119.583208 0
552.823860 119.583208 0
554.768980 119.502392 0
556.720943 119.502392 0
558.679774 119.502392 0
560.645497 119.421575 0
562.618137 119.421575 0
564.597717 119.421575 0
566.584263 119.421575 0
568.577798 119.340758 0
570.578348 119.340758 0
572.585937 119.340758 0
574.600589 119.340758 0
576.622330 119.340758 0
578.651185 119.259941 0
580.687178 119.259941 0
582.730334 119.259941 0
584.780680 119.259941 0
586.838240 119.179125 0
588.903039 119.179125 0
590.975103 119.179125 0
593.054458 119.179125 0
595.141129 119.179125 0
597.235142 119.098308 0
599.336523 119.098308 0
601.445298 119.098308 0
603.561492 119.098308 0
605.685133 119.098308 0
607.816245 119.017491 0
609.954856 119.017491 0
612.100991 119.017491 0
614.254678 119.017491 0
616.415943 118.936675 0
618.584811 118.936675 0
620.761312 118.936675 0
622.945470 118.936675 0
625.137313 118.936675 0
627.336868 118.855858 0
629.544162 118.855858 0
631.759223 118.855858 0
633.982077 118.855858 0
636.212753 118.855858 0
638.451277 118.775041 0
640.697678 118.775041 0
642.951982 118.775041 0
645.214219 118.775041 0
647.484415 118.694224 0
649.762599 118.694224 0
652.048798 118.694224 0
654.343042 118.694224 0
656.645358 118.694224 0
658.955775 118.613408 0
661.274321 118.613408 0
663.601024 118.613408 0
665.935915 118.613408 0
668.279020 118.613408 0
670.630370 118.532591 0
672.989994 118.532591 0
675.357919 118.532591 0
677.734176 118.532591 0
680.118794 118.451774 0
682.511803 118.451774 0
684.913231 118.451774 0
687.323108 118.451774 0
689.741465 118.451774 0
692.168331 118.451774 0
694.603736 118.370957 0
697.047710 118.370957 0
699.500283 118.370957 0
701.961485 118.370957 0
704.431347 118.370957 0
706.909900 118.370957 0
709.397173 118.370957 0
711.893198 118.290141 0
714.398005 118.290141 0
716.911625 118.290141 0
719.434090 118.290141 0
721.965430 118.290141 0
724.505676 118.290141 0
727.054860 118.290141 0
729.613014 118.209324 0
732.180168 118.209324 0
734.756355 118.209324 0
737.341607 118.209324 0
739.935955 118.209324 0
742.539431 118.209324 0
745.152067 118.209324 0
747.773896 118.128507 0
750.404950 118.128507 0
753.045261 118.128507 0
755.694862 118.128507 0
758.353786 118.128507 0
761.022065 118.128507 0
763.699733 118.128507 0
766.386822 118.047690 0
769.083366 118.047690 0
771.789398 118.047690 0
774.504950 118.047690 0
777.230058 118.047690 0
779.964754 118.047690 0
782.709072 118.047690 0
785.463045 118.047690 0
788.226709 118.047690 0
791.000097 118.047690 0
793.783243 118.047690 0
796.576181 118.047690 0
799.378947 118.047690 0
802.191574 118.047690 0
805.014097 117.966874 0
807.846551 117.966874 0
810.688972 117.966874 0
813.541393 117.966874 0
816.403851 117.966874 0
819.276380 117.966874 0
822.159017 117.966874 0
825.051796 117.966874 0
827.954753 117.966874 0
830.867925 117.966874 0
833.791346 117.966874 0
836.725054 117.966874 0
839.669083 117.966874 0
842.623472 117.966874 0
845.588256 117.966874 0
848.563471 117.966874 0
851.549154 117.966874 0
854.545343 117.966874 0
857.552074 117.966874 0
860.569384 117.966874 0
863.597310 117.966874 0
866.635891 117.966874 0
869.685162 117.966874 0
872.745163 117.966874 0
875.815930 117.966874 0
878.897502 117.966874 0
881.989916 117.966874 0
885.093211 117.966874 0
888.207425 117.966874 0
891.332596 117.966874 0
894.468763 117.966874 0
897.615965 117.966874 0
900.774241 117.966874 0
903.943629 117.966874 0
907.124168 117.966874 0
910.315899 117.966874 0
913.518859 117.966874 0
916.733089 117.966874 0
919.958628 117.966874 0
923.195517 117.966874 0
926.443794 117.966874 0
929.703501 117.966874 0
932.974677 117.966874 0
936.257362 117.966874 0
939.551598 117.966874 0
942.857425 117.966874 0
946.174883 117.966874 0
949.504014 117.966874 0
952.844858 117.966874 0
956.197457 117.966874 0
959.561853 117.966874 0
962.938086 117.966874 0
966.326198 117.966874 0
969.726232 117.966874 0
973.138228 117.966874 0
976.562230 117.966874 0
979.998279 117.966874 0
983.446418 117.966874 0
986.906689 117.966874 0
990.379135 117.966874 0
993.863799 117.966874 0
997.360724 117.966874 0
1000.869953 117.966874 0
1004.391529 117.966874 0
1007.925496 117.966874 0
1011.471898 117.966874 0
1015.030777 117.966874 0
1018.602178 117.966874 0
1022.186145 117.966874 0
1025.782723 117.966874 0
1029.391955 117.966874 0
1033.013886 117.966874 0
1036.648562 117.966874 0
1040.296025 117.966874 0
1043.956323 117.966874 0
1047.629499 117.966874 0
1051.315599 117.966874 0
1055.014669 117.966874 0
1058.726755 117.966874 0
1062.451901 117.966874 0
1066.190154 117.966874 0
1069.941560 117.966874 0
1073.706166 117.966874 0
1077.484018 117.966874 0
1081.275162 117.966874 0
1085.079645 117.966874 0
1088.897514 117.966874 0
1092.728817 117.966874 0
1096.573600 118.047690 0
1100.431910 118.047690 0
1104.303797 118.047690 0
1108.189307 118.047690 0
1112.088488 118.128507 0
1116.001388 118.128507 0
1119.928056 118.128507 0
1123.868540 118.209324 0
1127.822888 118.209324 0
1131.791150 118.209324 0
1135.773375 118.209324 0
1139.769611 118.209324 0
1143.779908 118.290141 0
1147.804315 118.290141 0
1151.842882 118.290141 0
1155.895658 118.290141 0
1159.962695 118.290141 0
1164.044041 118.370957 0
1168.139748 118.370957 0
1172.249866 118.370957 0
1176.374445 118.370957 0
1180.513536 118.451774 0
1184.667191 118.451774 0
1188.835461 118.451774 0
1193.018396 118.451774 0
1197.216050 118.451774 0
1201.428473 118.532591 0
1205.655717 118.532591 0
1209.897835 118.532591 0
1214.154879 118.532591 0
1218.426901 118.532591 0
1222.713955 118.613408 0
1227.016093 118.613408 0
1231.333368 118.613408 0
1235.665833 118.613408 0
1240.013542 118.694224 0
1244.376549 118.694224 0
1248.754906 118.694224 0
1253.148670 118.694224 0
1257.557892 118.694224 0
1261.982629 118.775041 0
1266.422934 118.775041 0
1270.878862 118.775041 0
1275.350469 118.855858 0
1279.837809 118.855858 0
1284.340938 118.855858 0
1288.859911 118.855858 0
1293.394785 118.936675 0
1297.945614 118.936675 0
1302.512455 118.936675 0
1307.095365 118.936675 0
1311.694400 119.017491 0
1316.309617 119.017491 0
1320.941072 119.017491 0
1325.588824 119.098308 0
1330.252928 119.098308 0
1334.933443 119.098308 0
1339.630427 119.098308 0
1344.343937 119.098308 0
1349.074032 119.098308 0
1353.820769 119.179125 0
1358.584208 119.179125 0
1363.364408 119.179125 0
1368.161426 119.179125 0
1372.975323 119.259941 0
1377.806158 119.259941 0
1382.653990 119.259941 0
1387.518879 119.340758 0
1392.400885 119.340758 0
1397.300069 119.340758 0
1402.216490 119.340758 0
1407.150211 119.421575 0
1412.101290 119.421575 0
1417.069790 119.421575 0
1422.055772 119.502392 0
1427.059297 119.502392 0
1432.080426 119.502392 0
1437.119223 119.502392 0
1442.175749 119.583208 0
1447.250067 119.583208 0
1452.342238 119.583208 0
1457.452326 119.664025 0
1462.580395 119.664025 0
1467.726506 119.664025 0
1472.890724 119.744842 0
1478.073113 119.744842 0
1483.273735 119.744842 0
1488.492657 119.744842 0
1493.729941 119.825659 0
1498.985652 119.825659 0
1504.259856 119.906475 0
1509.552617 119.906475 0
1514.864001 119.906475 0
1520.194073 119.906475 0
1525.542900 119.987292 0
1530.910545 119.987292 0
1536.297078 120.068109 0
1541.702562 120.068109 0
1547.127066 120.068109 0
1552.570656 120.148926 0
1558.033400 120.148926 0
1563.515364 120.148926 0
1569.016617 120.229742 0
1574.537226 120.229742 0
1580.077259 120.229742 0
1585.636785 120.310559 0
1591.215872 120.310559 0
1596.814590 120.391376 0
1602.433006 120.391376 0
1608.071191 120.391376 0
1613.729214 120.472192 0
1619.407145 120.472192 0
1625.105054 120.553009 0
1630.823011 120.553009 0
1636.561086 120.633826 0
1642.319351 120.633826 0
1648.097877 120.714643 0
1653.896735 120.714643 0
1659.715995 120.795459 0
1665.555732 120.795459 0
1671.416015 120.876276 0
1677.296918 120.876276 0
1683.198512 120.876276 0
1689.120872 120.957093 0
1695.064070 120.957093 0
1701.028178 121.037910 0
1707.013272 121.118726 0
1713.019424 121.118726 0
1719.046709 121.199543 0
1725.095201 121.280360 0
1731.164975 121.280360 0
1737.256105 121.361177 0
1743.368667 121.441993 0
1749.502737 121.441993 0
1755.658389 121.522810 0
1761.835700 121.522810 0
1768.034745 121.603627 0
1774.255603 121.684443 0
1780.498348 121.684443 0
1786.763059 121.765260 0
1793.049812 121.765260 0
1799.358685 121.846077 0
1805.689756 121.926894 0
1812.043103 122.007710 0
1818.418804 122.007710 0
1824.816938 122.088527 0
1831.237585 122.169344 0
1837.680822 122.169344 0
1844.146730 122.330977 0
1850.635388 122.330977 0
1857.146877 122.411794 0
1863.681277 122.492611 0
1870.238668 122.573428 0
1876.819131 122.654244 0
1883.422748 122.735061 0
1890.049599 122.735061 0
1896.699768 122.815878 0
1903.373335 122.896695 0
1910.070383 122.977511 0
1916.790995 123.058328 0
1923.535253 123.139145 0
1930.303241 123.219961 0
1937.095043 123.300778 0
1943.910741 123.381595 0
1950.750421 123.462412 0
1957.614166 123.543228 0
1964.502061 123.624045 0
1971.414192 123.704862 0
1978.350643 123.785679 0
1985.311499 123.866495 0
1992.296848 123.947312 0
1999.306775 124.028129 0
2006.341366 124.108946 0
2013.400709 124.270579 0
2020.484890 124.351396 0
2027.593997 124.432212 0
2034.728118 124.513029 0
2041.887339 124.593846 0
2049.071751 124.674663 0
2056.281441 124.755479 0
2063.516499 124.836296 0
2070.777013 124.917113 0
2078.063074 124.997930 0
2085.374770 125.078746 0
2092.712193 125.240380 0
2100.075433 125.321197 0
2107.464581 125.402013 0
2114.879727 125.482830 0
2122.320964 125.563647 0
2129.788382 125.644463 0
2137.282075 125.725280 0
2144.802135 125.806097 0
2152.348654 125.886914 0
2159.921725 125.967730 0
2167.521443 126.048547 0
2175.147900 126.129364 0
2182.801191 126.210181 0
2190.481410 126.210181 0
2198.188653 126.290997 0
2205.923013 126.371814 0
2213.684587 126.371814 0
2221.473470 126.452631 0
2229.289758 126.533448 0
2237.133548 126.533448 0
2245.004937 126.614264 0
2252.904021 126.614264 0
2260.830898 126.614264 0
2268.785666 126.614264 0
2276.768423 126.614264 0
2284.779267 126.614264 0
2292.818298 126.614264 0
2300.885614 126.614264 0
2308.981315 126.614264 0
2317.105501 126.614264 0
2325.258272 126.614264 0
2333.439729 126.614264 0
2341.649972 126.614264 0
2349.889103 126.614264 0
2358.157224 126.614264 0
2366.454436 126.614264 0
2374.780842 126.614264 0
2383.136545 126.614264 0
2391.521647 126.614264 0
2399.936253 126.614264 0
2408.380465 126.614264 0
2416.854388 126.614264 0
2425.358127 126.614264 0
2433.891787 126.533448 0
2442.455472 126.452631 0
2451.049289 126.371814 0
2459.673343 126.210181 0
2468.327742 126.129364 0
2477.012590 125.967730 0
2485.727997 125.886914 0
2494.474069 125.725280 0
2503.250914 125.644463 0
2512.058640 125.482830 0
2520.897357 125.321197 0
2529.767173 125.159563 0
2538.668197 125.078746 0
2547.600540 124.917113 0
2556.564311 124.755479 0
2565.559622 124.674663 0
2574.586583 124.513029 0
2583.645305 124.432212 0
2592.735900 124.270579 0
2601.858481 124.108946 0
2611.013160 123.947312 0
2620.200049 123.785679 0
2629.419263 123.624045 0
2638.670915 123.462412 0
2647.955119 123.300778 0
2657.271989 123.219961 0
2666.621641 123.058328 0
2676.004190 122.896695 0
2685.419752 122.735061 0
2694.868442 122.654244 0
2704.350378 122.492611 0
2713.865676 122.330977 0
2723.414454 122.169344 0
2732.996829 122.088527 0
2742.612920 121.926894 0
2752.262846 121.846077 0
2761.946724 121.684443 0
2771.664676 121.522810 0
2781.416821 121.361177 0
2791.203278 121.280360 0
2801.024169 121.118726 0
2810.879616 120.957093 0
2820.769738 120.876276 0
2830.694660 120.714643 0
2840.654502 120.633826 0
2850.649388 120.553009 0
2860.679442 120.391376 0
2870.744786 120.229742 0
2880.845545 120.148926 0
2890.981844 119.987292 0
2901.153808 119.906475 0
2911.361562 119.744842 0
2921.605232 119.664025 0
2931.884945 119.583208 0
2942.200826 119.421575 0
2952.553005 119.340758 0
2962.941608 119.179125 0
2973.366763 119.098308 0
2983.828599 119.017491 0
2994.327246 118.936675 0
3004.862832 118.855858 0
3015.435488 118.694224 0
3026.045343 118.613408 0
3036.692530 118.532591 0
3047.377179 118.451774 0
3058.099422 118.290141 0
3068.859392 118.209324 0
3079.657220 118.128507 0
3090.493041 118.047690 0
3101.366988 117.966874 0
3112.279195 117.805240 0
3123.229797 117.724424 0
3134.218929 117.643607 0
3145.246726 117.481973 0
3156.313324 117.401157 0
3167.418861 117.320340 0
3178.563472 117.239523 0
3189.747296 117.158706 0
3200.970471 117.077890 0
3212.233134 116.997073 0
3223.535426 116.916256 0
3234.877484 116.835439 0
3246.259450 116.754623 0
3257.681463 116.673806 0
3269.143665 116.592989 0
3280.646197 116.512172 0
3292.189201 116.431356 0
3303.772819 116.350539 0
3315.397194 116.269722 0
3327.062469 116.188906 0
3338.768789 116.108089 0
3350.516298 116.027272 0
3362.305141 116.027272 0
3374.135463 115.946455 0
3386.007410 115.865639 0
3397.921129 115.784822 0
3409.876766 115.704005 0
3421.874470 115.623188 0
3433.914387 115.623188 0
3445.996667 115.542372 0
3458.121459 115.461555 0
3470.288912 115.380738 0
3482.499177 115.380738 0
3494.752403 115.299921 0
3507.048743 115.219105 0
3519.388347 115.138288 0
3531.771369 115.138288 0
3544.197960 115.057471 0
3556.668275 114.976655 0
3569.182467 114.976655 0
3581.740689 114.895838 0
3594.343099 114.815021 0
3606.989850 114.815021 0
3619.681099 114.734204 0
3632.417002 114.653388 0
3645.197716 114.653388 0
3658.023400 114.572571 0
3670.894211 114.491754 0
3683.810309 114.491754 0
3696.771851 114.410937 0
3709.778999 114.410937 0
3722.831913 114.330121 0
3735.930754 114.330121 0
3749.075684 114.249304 0
3762.266864 114.249304 0
3775.504457 114.249304 0
3788.788627 114.168487 0
3802.119538 114.168487 0
3815.497353 114.087670 0
3828.922239 114.087670 0
3842.394360 114.006854 0
3855.913883 114.006854 0
3869.480975 113.926037 0
3883.095803 113.926037 0
3896.758535 113.926037 0
3910.469339 113.926037 0
3924.228385 113.845220 0
3938.035843 113.845220 0
3951.891882 113.845220 0
3965.796674 113.764404 0
3979.750390 113.764404 0
3993.753202 113.764404 0
4007.805284 113.764404 0
4021.906808 113.764404 0
4036.057948 113.764404 0
4050.258880 113.764404 0
4064.509777 113.764404 0
4078.810817 113.683587 0
4093.162175 113.683587 0
4107.564029 113.683587 0
4122.016555 113.683587 0
4136.519933 113.683587 0
4151.074342 113.683587 0
4165.679960 113.683587 0
4180.336969 113.683587 0
4195.045548 113.683587 0
4209.805880 113.683587 0
4224.618146 113.683587 0
4239.482530 113.683587 0
4254.399214 113.683587 0
4269.368382 113.683587 0
4284.390220 113.683587 0
4299.464912 113.683587 0
4314.592645 113.683587 0
4329.773605 113.683587 0
4345.007980 113.683587 0
4360.295956 113.683587 0
4375.637724 113.683587 0
4391.033472 113.683587 0
4406.483391 113.683587 0
4421.987670 113.683587 0
4437.546501 113.683587 0
4453.160076 113.683587 0
4468.828587 113.683587 0
4484.552229 113.683587 0
4500.331194 113.683587 0
4516.165678 113.683587 0
4532.055876 113.683587 0
4548.001984 113.683587 0
4564.004198 113.683587 0
4580.062717 113.683587 0
4596.177737 113.764404 0
4612.349459 113.845220 0
4628.578081 113.845220 0
4644.863803 113.926037 0
4661.206827 114.006854 0
4677.607355 114.087670 0
4694.065588 114.168487 0
4710.581729 114.249304 0
4727.155983 114.330121 0
4743.788553 114.410937 0
4760.479645 114.491754 0
4777.229466 114.653388 0
4794.038220 114.734204 0
4810.906117 114.815021 0
4827.833364 114.976655 0
4844.820169 115.057471 0
4861.866743 115.219105 0
4878.973295 115.299921 0
4896.140037 115.461555 0
4913.367180 115.542372 0
4930.654938 115.704005 0
4948.003522 115.865639 0
4965.413148 116.027272 0
4982.884030 116.188906 0
5000.416383 116.269722 0
5018.010425 116.431356 0
5035.666371 116.673806 0
5053.384440 116.835439 0
5071.164850 116.916256 0
5089.007821 116.997073 0
5106.913573 117.158706 0
5124.882326 117.239523 0
5142.914303 117.320340 0
5161.009725 117.320340 0
5179.168817 117.320340 0
5197.391801 117.320340 0
5215.678903 117.320340 0
5234.030349 117.320340 0
5252.446365 117.320340 0
5270.927177 117.320340 0
5289.473015 117.320340 0
5308.084107 117.320340 0
5326.760682 117.320340 0
5345.502970 117.320340 0
5364.311204 117.320340 0
5383.185615 117.320340 0
5402.126435 117.158706 0
5421.133900 116.997073 0
5440.208242 116.754623 0
5459.349698 116.512172 0
5478.558503 116.269722 0
5497.834895 115.946455 0
5517.179111 115.623188 0
5536.591389 115.299921 0
5556.071971 115.057471 0
5575.621095 114.734204 0
5595.239003 114.491754 0
5614.925936 114.006854 0
5634.682139 113.602770 0
5654.507854 113.279503 0
5674.403326 112.956236 0
5694.368801 112.632969 0
5714.404524 112.228886 0
5734.510744 111.743985 0
5754.687707 111.339901 0
5774.935664 111.016635 0
5795.254863 110.612551 0
5815.645556 110.289284 0
5836.107993 109.966017 0
5856.642428 109.642750 0
5877.249114 109.238666 0
5897.928305 108.915399 0
5918.680255 108.592133 0
5939.505222 108.268866 0
5960.403462 107.945599 0
5981.375232 107.703148 0
6002.420792 107.379881 0
6023.540401 107.056615 0
6044.734320 106.652531 0
6066.002810 106.248447 0
6087.346134 105.925180 0
6108.764554 105.682730 0
6130.258335 105.359463 0
6151.827742 105.036196 0
6173.473042 104.551296 0
6195.194501 104.066395 0
6216.992388 103.581495 0
6238.866970 103.096595 0
6260.818519 102.530877 0
6349.399804 102.288427 0
6371.740264 102.288427 0
6394.159330 102.288427 0
6416.657277 102.288427 0
6439.234383 102.288427 0
6461.890928 102.288427 0
6484.627189 102.288427 0
6507.443449 102.288427 0
6530.339988 102.288427 0
6553.317089 102.288427 0
6576.375035 102.288427 0
6599.514111 102.288427 0
6622.734602 102.288427 0
6646.036795 102.288427 0
6669.420977 102.288427 0
6692.887436 102.288427 0
6716.436463 102.288427 0
6740.068347 102.288427 0
6763.783380 102.288427 0
6787.581855 102.288427 0
6811.464065 102.207610 0
6835.430306 101.884344 0
6859.480871 101.561077 0
6883.616060 101.156993 0
6907.836168 100.914543 0
6932.141495 100.429642 0
6956.532340 100.268009 0
6981.009005 100.025559 0
7005.571792 99.863925 0
7030.221003 99.621475 0
7054.956943 99.298208 0
7079.779917 99.055758 0
7104.690230 98.813308 0
7129.688191 98.570857 0
7154.774108 98.409224 0
7179.948290 98.247590 0
7205.211047 98.085957 0
7230.562692 97.843507 0
7256.003537 97.681873 0
7281.533897 97.439423 0
7307.154085 97.358606 0
7332.864418 97.196973 0
7358.665213 97.035339 0
7384.556789 96.873706 0
7410.539465 96.712073 0
7436.613561 96.550439 0
7462.779399 96.307989 0
7489.037302 96.227172 0
7515.387594 96.065539 0
7541.830600 95.903905 0
7568.366646 95.742272 0
7594.996060 95.661455 0
7621.719169 95.499822 0
7648.536304 95.338188 0
7675.447796 95.257371 0
7702.453976 95.095738 0
7729.555178 95.014921 0
7756.751736 94.853288 0
7784.043985 94.772471 0
7811.432262 94.691654 0
7838.916906 94.530021 0
7866.498255 94.449204 0
7894.176649 94.368387 0
7921.952430 94.206754 0
7949.825940 94.125937 0
7977.797524 93.964304 0
8005.867526 93.883487 0
8034.036293 93.802670 0
8062.304173 93.721853 0
8090.671513 93.641037 0
8119.138664 93.560220 0
8147.705977 93.479403 0
8176.373805 93.398586 0
8205.142501 93.317770 0
8234.012420 93.236953 0
8262.983918 93.156136 0
8292.057353 93.075319 0
8321.233084 92.994503 0
8350.511469 92.994503 0
8379.892871 92.994503 0
8409.377652 92.913686 0
8438.966176 92.832869 0
8468.658807 92.832869 0
8498.455912 92.752053 0
8528.357859 92.752053 0
8558.365016 92.752053 0
8588.477754 92.752053 0
8618.696444 92.752053 0
8649.021459 92.752053 0
8679.453173 92.752053 0
8709.991961 92.752053 0
8740.638201 92.752053 0
8771.392270 92.752053 0
8802.254547 92.752053 0
8833.225414 92.752053 0
8864.305252 92.752053 0
8895.494446 92.752053 0
8926.793378 92.752053 0
8958.202437 92.752053 0
8989.722009 92.752053 0
9021.352483 92.752053 0
9053.094249 92.752053 0
9084.947700 92.752053 0
9116.913227 92.752053 0
9148.991225 92.832869 0
9181.182090 92.994503 0
9213.486219 93.156136 0
9245.904011 93.317770 0
9278.435866 93.479403 0
9311.082184 93.721853 0
9343.843368 93.883487 0
9376.719824 93.964304 0
9409.711956 93.964304 0
9442.820171 93.964304 0
9476.044877 93.964304 0
9509.386486 94.045120 0
9542.845407 94.045120 0
9576.422054 94.045120 0
9610.116841 94.125937 0
9643.930184 94.206754 0
9677.862500 94.206754 0
9711.914206 94.287571 0
9746.085725 94.368387 0
9780.377476 94.449204 0
9814.789883 94.691654 0
9849.323371 95.014921 0
9988.676672 95.014921 0
10023.821983 95.014921 0
10059.090954 95.014921 0
10094.484019 95.014921 0
10130.001615 95.014921 0
10165.644180 95.014921 0
10201.412154 95.014921 0
10237.305978 95.014921 0
10273.326095 95.014921 0
10309.472950 95.014921 0
10345.746988 95.014921 0
10382.148656 94.287571 0
10418.678405 93.236953 0
10455.336684 91.458985 0
10492.123945 91.378168 0
10566.087234 89.519383 0
10603.264173 88.307132 0
10640.571919 87.660598 0
10678.010934 87.014064 0
10715.581678 86.367531 0
10753.284616 85.882630 0
10791.120212 84.266295 0
10829.088933 84.023845 0
10867.191248 83.377311 0
10905.427626 82.811594 0
10943.798539 81.276076 0
10982.304461 81.114443 0
11020.945867 80.467909 0
11059.723233 79.902192 0
11098.637038 79.174841 0
11137.687762 78.447491 0
11176.875886 77.720140 0
11216.201895 76.992789 0
11255.666272 76.346255 0
11295.269506 75.780538 0
11335.012084 75.214821 0
11374.894497 74.649104 0
11414.917236 72.951953 0
11455.080797 72.951953 0
11495.385673 72.628686 0
11535.832363 72.062969 0
11576.421365 71.497251 0
11617.153180 70.931534 0
11658.028311 69.396016 0
11699.047262 69.396016 0
11740.210538 69.396016 0
11781.518648 69.396016 0
11822.972101 69.396016 0
11864.571408 69.396016 0
11906.317084 69.396016 0
11948.209642 69.396016 0
11990.249600 69.396016 0
12032.437476 69.396016 0
12074.773791 69.396016 0
12117.259067 69.396016 0
12159.893828 69.396016 0
12202.678600 69.396016 0
12245.613910 69.557650 0
12288.700290 69.800100 0
12331.938269 70.365817 0
12375.328382 70.850717 0
12418.871164 71.254801 0
12462.567151 71.739702 0
12506.416884 72.305419 0
12550.420903 73.436853 0
12594.579750 74.002570 0
12638.893971 74.568287 0
12683.364112 75.134004 0
12727.990722 75.699722 0
12772.774352 76.265439 0
12817.715553 78.285857 0
12862.814881 78.285857 0
12908.072891 78.285857 0
12953.490143 78.285857 0
12999.067195 78.689941 0
13044.804612 79.174841 0
13090.702956 79.659742 0
13136.762794 79.902192 0
13182.984694 80.306275 0
13229.369227 80.548726 0
13275.916964 80.791176 0
13322.628480 81.195260 0
13369.504352 81.356893 0
13416.545157 81.518526 0
13463.751476 81.518526 0
13511.123891 81.518526 0
13558.662986 81.518526 0
13606.369349 81.518526 0
13654.243567 81.518526 0
13702.286231 81.518526 0
13750.497934 81.518526 0
13798.879271 81.518526 0
13847.430838 81.518526 0
13896.153235 81.518526 0
13945.047062 81.518526 0
13994.112923 81.518526 0
14043.351423 81.518526 0
14092.763169 81.195260 0
14142.348771 80.952809 0
14192.108841 80.629542 0
14242.043992 80.306275 0
14292.154841 80.063825 0
14342.442006 79.659742 0
14392.906107 79.255658 0
14443.547767 79.094024 0
14494.367610 78.770757 0
14545.366264 78.528307 0
14596.544357 78.285857 0
14647.902521 77.962590 0
14699.441389 77.800957 0
14751.161598 77.558506 0
14803.063785 77.396873 0
14855.148591 77.073606 0
14907.416658 76.911973 0
14959.868631 76.750339 0
15012.505157 76.507889 0
15065.326885 76.265439 0
15118.334467 76.184622 0
15171.528558 76.022989 0
15224.909813 75.942172 0
15278.478890 75.861355 0
15332.236451 75.861355 0
15386.183159 75.861355 0
15440.319679 75.861355 0
15494.646679 75.861355 0
15549.164830 75.861355 0
15603.874804 75.861355 0
15658.777275 75.861355 0
15713.872922 75.861355 0
15769.162423 75.861355 0
15824.646462 75.861355 0
15880.325722 75.861355 0
15936.200890 75.861355 0
15992.272656 75.861355 0
16048.541712 75.861355 0
16105.008750 75.861355 0
16161.674469 75.861355 0
16218.539567 75.780538 0
16275.604746 75.699722 0
16332.870710 75.457271 0
16390.338165 75.295638 0
16448.007819 75.134004 0
16505.880386 74.972371 0
16563.956578 74.729921 0
16622.237112 74.568287 0
16680.722707 74.245020 0
16739.414084 74.002570 0
16798.311968 73.840937 0
16857.417085 73.679303 0
16916.730164 73.517670 0
16976.251937 73.275220 0
17035.983138 73.032769 0
17095.924505 72.790319 0
17156.076776 72.467052 0
17216.440694 72.224602 0
17277.017003 71.982152 0
17337.806451 71.658885 0
17398.809787 70.527451 0
17460.027765 70.285000 0
17521.461139 68.426215 0
17583.110667 66.486614 0
17644.977110 64.547012 0
17707.061232 63.738845 0
17769.363797 61.799243 0
17831.885574 59.859642 0
17894.627336 59.859642 0
17957.589855 59.859642 0
18020.773909 59.859642 0
18084.180277 59.859642 0
18147.809741 59.859642 0
18211.663086 59.859642 0
18275.741101 59.859642 0
18340.044574 59.859642 0
18404.574301 59.859642 0
18469.331076 59.859642 0
18534.315700 59.859642 0
18599.528972 59.859642 0
18664.971699 59.859642 0
18730.644686 59.859642 0
18796.548745 59.859642 0
18862.684689 59.859642 0
18929.053333 59.859642 0
18995.655495 59.859642 0
19062.491999 59.859642 0
19129.563668 59.859642 0
19196.871330 59.859642 0
19264.415814 59.859642 0
19332.197955 59.859642 0
19400.218588 59.859642 0
19468.478553 59.859642 0
19536.978692 59.859642 0
19605.719850 59.859642 0
19674.702874 59.859642 0
19743.928616 59.859642 0
19813.397930 59.859642 0
19883.111673 59.859642 0
19953.070705 59.859642 0
20023.275889 59.859642 0
