19.473925 105.148867 0
19.542482 105.229576 0
19.611281 105.390992 0
19.680321 105.390992 0
19.749605 105.471700 0
19.819133 105.552408 0
19.888905 105.552408 0
19.958923 105.552408 0
20.029187 105.633117 0
20.099699 105.633117 0
20.170459 105.633117 0
20.241469 105.713825 0
20.312728 105.713825 0
20.384238 105.713825 0
20.456000 105.794533 0
20.528014 105.794533 0
20.600282 105.875241 0
20.672804 105.875241 0
20.745582 105.875241 0
20.818616 105.955949 0
20.891907 105.955949 0
20.965456 105.955949 0
21.039264 106.036658 0
21.113332 106.036658 0
21.187660 106.036658 0
21.262250 106.117366 0
21.337103 106.117366 0
21.412219 106.117366 0
21.487600 106.198074 0
21.563246 106.198074 0
21.639159 106.278782 0
21.715338 106.278782 0
21.791786 106.278782 0
21.868503 106.359491 0
21.945490 106.359491 0
22.022748 106.359491 0
22.100279 106.440199 0
22.178082 106.440199 0
22.256159 106.440199 0
22.334510 106.520907 0
22.413138 106.520907 0
22.492042 106.520907 0
22.571225 106.601615 0
22.650686 106.601615 0
22.730426 106.682323 0
22.810448 106.682323 0
22.890751 106.682323 0
22.971337 106.763032 0
23.052206 106.763032 0
23.133361 106.763032 0
23.214801 106.843740 0
23.296527 106.843740 0
23.378542 106.843740 0
23.460845 106.924448 0
23.543438 106.924448 0
23.626321 106.924448 0
23.709497 107.005156 0
23.792965 107.005156 0
23.876727 107.085865 0
23.960784 107.085865 0
24.045137 107.085865 0
24.129786 107.166573 0
24.214734 107.166573 0
24.299981 107.166573 0
24.385528 107.247281 0
24.471376 107.247281 0
24.557527 107.247281 0
24.643980 107.327989 0
24.730738 107.327989 0
24.817802 107.327989 0
24.905172 107.408697 0
24.992849 107.408697 0
25.080835 107.408697 0
25.169131 107.489406 0
25.257738 107.489406 0
25.346657 107.489406 0
25.435889 107.570114 0
25.525435 107.570114 0
25.615296 107.570114 0
25.705473 107.570114 0
25.795968 107.650822 0
25.886782 107.650822 0
25.977915 107.650822 0
26.069369 107.731530 0
26.161145 107.731530 0
26.253244 107.731530 0
26.345668 107.731530 0
26.438416 107.812239 0
26.531492 107.812239 0
26.624894 107.812239 0
26.718626 107.892947 0
26.812688 107.892947 0
26.907081 107.892947 0
27.001806 107.892947 0
27.096865 107.973655 0
27.192258 107.973655 0
27.287987 107.973655 0
27.384053 108.054363 0
27.480457 108.054363 0
27.577201 108.054363 0
27.674285 108.054363 0
27.771712 108.135071 0
27.869481 108.135071 0
27.967594 108.135071 0
28.066052 108.135071 0
28.164858 108.215780 0
28.264011 108.215780 0
28.363513 108.215780 0
28.463366 108.215780 0
28.563570 108.215780 0
28.664126 108.296488 0
28.765037 108.296488 0
28.866303 108.296488 0
28.967926 108.296488 0
29.069906 108.296488 0
29.172245 108.377196 0
29.274945 108.377196 0
29.378006 108.377196 0
29.481430 108.457904 0
29.585218 108.457904 0
29.689371 108.457904 0
29.793891 108.457904 0
29.898779 108.538613 0
30.004037 108.538613 0
30.109665 108.538613 0
30.215664 108.619321 0
30.322037 108.619321 0
30.428785 108.619321 0
30.535908 108.619321 0
30.643408 108.619321 0
30.751287 108.700029 0
30.859545 108.700029 0
30.968185 108.700029 0
31.077207 108.700029 0
31.186613 108.780737 0
31.296404 108.780737 0
31.406581 108.780737 0
31.517147 108.780737 0
31.628102 108.780737 0
31.739447 108.861445 0
31.851184 108.861445 0
31.963315 108.861445 0
32.075840 108.861445 0
32.188762 108.861445 0
32.302081 108.942154 0
32.415799 108.942154 0
32.529917 108.942154 0
32.644437 108.942154 0
32.759361 108.942154 0
32.874689 109.022862 0
32.990422 109.022862 0
33.106564 109.022862 0
33.223114 109.022862 0
33.340074 109.103570 0
33.457447 109.103570 0
33.575232 109.103570 0
33.693432 109.103570 0
33.812048 109.103570 0
33.931082 109.184278 0
34.050535 109.184278 0
34.170408 109.184278 0
34.290704 109.184278 0
34.411423 109.264987 0
34.532566 109.264987 0
34.654137 109.264987 0
34.776135 109.264987 0
34.898563 109.264987 0
35.021422 109.345695 0
35.144713 109.345695 0
35.268438 109.345695 0
35.392599 109.345695 0
35.517197 109.345695 0
35.642234 109.345695 0
35.767711 109.426403 0
35.893630 109.426403 0
36.019992 109.426403 0
36.146798 109.426403 0
36.274051 109.426403 0
36.401753 109.426403 0
36.529903 109.426403 0
36.658505 109.507111 0
36.787560 109.507111 0
36.917069 109.507111 0
37.047034 109.507111 0
37.177456 109.507111 0
37.308338 109.587819 0
37.439680 109.587819 0
37.571485 109.587819 0
37.703753 109.587819 0
37.836488 109.668528 0
37.969689 109.668528 0
38.103360 109.668528 0
38.237501 109.668528 0
38.372115 109.668528 0
38.507202 109.668528 0
38.642765 109.749236 0
38.778805 109.749236 0
38.915324 109.749236 0
39.052323 109.749236 0
39.189805 109.749236 0
39.327771 109.749236 0
39.466223 109.749236 0
39.605162 109.829944 0
39.744590 109.829944 0
39.884509 109.829944 0
40.024921 109.829944 0
40.165827 109.829944 0
40.307229 109.829944 0
40.449129 109.829944 0
40.591528 109.910652 0
40.734429 109.910652 0
40.877832 109.910652 0
41.021741 109.910652 0
41.166156 109.910652 0
41.311080 109.910652 0
41.456513 109.910652 0
41.602459 109.991361 0
41.748919 109.991361 0
41.895894 109.991361 0
42.043387 109.991361 0
42.191398 109.991361 0
42.339931 109.991361 0
42.488987 109.991361 0
42.638568 110.072069 0
42.788675 110.072069 0
42.939310 110.072069 0
43.090476 110.072069 0
43.242174 110.072069 0
43.394407 110.072069 0
43.547175 110.072069 0
43.700481 110.152777 0
43.854326 110.152777 0
44.008713 110.152777 0
44.163644 110.152777 0
44.319120 110.152777 0
44.475144 110.152777 0
44.631716 110.152777 0
44.788840 110.152777 0
44.946517 110.233485 0
45.104749 110.233485 0
45.263539 110.233485 0
45.422887 110.233485 0
45.582796 110.233485 0
45.743268 110.233485 0
45.904305 110.233485 0
46.065910 110.314193 0
46.228082 110.314193 0
46.390826 110.314193 0
46.554143 110.314193 0
46.718035 110.314193 0
46.882504 110.314193 0
47.047551 110.314193 0
47.213180 110.314193 0
47.379392 110.314193 0
47.546189 110.314193 0
47.713573 110.314193 0
47.881547 110.314193 0
48.050112 110.394902 0
48.219270 110.394902 0
48.389024 110.394902 0
48.559375 110.394902 0
48.730326 110.394902 0
48.901879 110.394902 0
49.074036 110.394902 0
49.246799 110.475610 0
49.420170 110.475610 0
49.594151 110.475610 0
49.768745 110.475610 0
49.943954 110.475610 0
50.119779 110.475610 0
50.296224 110.475610 0
50.473289 110.475610 0
50.650978 110.475610 0
50.829293 110.475610 0
51.008235 110.556318 0
51.187807 110.556318 0
51.368012 110.556318 0
51.548850 110.556318 0
51.730326 110.556318 0
51.912440 110.556318 0
52.095196 110.556318 0
52.278594 110.556318 0
52.462639 110.556318 0
52.647331 110.556318 0
52.832674 110.556318 0
53.018669 110.556318 0
53.205319 110.556318 0
53.392625 110.556318 0
53.580592 110.556318 0
53.769220 110.556318 0
53.958512 110.556318 0
54.148470 110.556318 0
54.339098 110.556318 0
54.530396 110.556318 0
54.722368 110.556318 0
54.915015 110.556318 0
55.108341 110.556318 0
55.302348 110.556318 0
55.497037 110.556318 0
55.692412 110.556318 0
55.888475 110.556318 0
56.085227 110.556318 0
56.282673 110.556318 0
56.480814 110.556318 0
56.679652 110.556318 0
56.879190 110.556318 0
57.079431 110.556318 0
57.280376 110.556318 0
57.482029 110.556318 0
57.684392 110.556318 0
57.887467 110.556318 0
58.091257 110.556318 0
58.295765 110.556318 0
58.500993 110.556318 0
58.706943 110.556318 0
58.913618 110.556318 0
59.121021 110.556318 0
59.329154 110.556318 0
59.538019 110.556318 0
59.747620 110.556318 0
59.957959 110.556318 0
60.169038 110.556318 0
60.380861 110.556318 0
60.593429 110.556318 0
60.806745 110.556318 0
61.020813 110.556318 0
61.235634 110.556318 0
61.451211 110.556318 0
61.667547 110.556318 0
61.884645 110.556318 0
62.102507 110.556318 0
62.321136 110.556318 0
62.540535 110.556318 0
62.760706 110.556318 0
62.981652 110.556318 0
63.203376 110.556318 0
63.425881 110.556318 0
63.649169 110.556318 0
63.873243 110.556318 0
64.098106 110.556318 0
64.323760 110.556318 0
64.550209 110.556318 0
64.777455 110.556318 0
65.005501 110.556318 0
65.234350 110.556318 0
65.464005 110.556318 0
65.694468 110.556318 0
65.925742 110.556318 0
66.157831 110.556318 0
66.390737 110.556318 0
66.624462 110.556318 0
66.859011 110.556318 0
67.094385 110.556318 0
67.330587 110.556318 0
67.567622 110.556318 0
67.805491 110.556318 0
68.044197 110.556318 0
68.283743 110.556318 0
68.524133 110.556318 0
68.765369 110.556318 0
69.007455 110.556318 0
69.250392 110.556318 0
69.494185 110.556318 0
69.738836 110.556318 0
69.984349 110.556318 0
70.230725 110.556318 0
70.477970 110.556318 0
70.726084 110.556318 0
70.975072 110.556318 0
71.224937 110.556318 0
71.475681 110.556318 0
71.727308 110.556318 0
71.979820 110.556318 0
72.233222 110.556318 0
72.487516 110.556318 0
72.742705 110.556318 0
72.998792 110.556318 0
73.255781 110.556318 0
73.513675 110.556318 0
73.772477 110.556318 0
74.032189 110.556318 0
74.292816 110.556318 0
74.554361 110.556318 0
74.816826 110.556318 0
75.080215 110.556318 0
75.344532 110.556318 0
75.609779 110.556318 0
75.875960 110.556318 0
76.143077 110.556318 0
76.411136 110.556318 0
76.680138 110.556318 0
76.950087 110.556318 0
77.220986 110.556318 0
77.492839 110.556318 0
77.765649 110.556318 0
78.039420 110.556318 0
78.314154 110.556318 0
78.589855 110.556318 0
78.866527 110.556318 0
79.144173 110.556318 0
79.422797 110.556318 0
79.702401 110.556318 0
79.982990 110.556318 0
80.264566 110.556318 0
80.547134 110.556318 0
80.830697 110.556318 0
81.115258 110.556318 0
81.400820 110.556318 0
81.687388 110.556318 0
81.974965 110.556318 0
82.263554 110.556318 0
82.553159 110.556318 0
82.843784 110.556318 0
83.135432 110.556318 0
83.428106 110.556318 0
83.721811 110.556318 0
84.016550 110.556318 0
84.312326 110.556318 0
84.609144 110.556318 0
84.907007 110.556318 0
85.205918 110.556318 0
85.505882 110.556318 0
85.806901 110.556318 0
86.108981 110.556318 0
86.412123 110.556318 0
86.716333 110.556318 0
87.021614 110.556318 0
87.327970 110.556318 0
87.635404 110.556318 0
87.943921 110.556318 0
88.253523 110.556318 0
88.564216 110.556318 0
88.876002 110.556318 0
89.188886 110.556318 0
89.502872 110.556318 0
89.817962 110.556318 0
90.134162 110.556318 0
90.451476 110.556318 0
90.769906 110.556318 0
91.089457 110.556318 0
91.410134 110.556318 0
91.731939 110.556318 0
92.054877 110.556318 0
92.378952 110.556318 0
92.704168 110.556318 0
93.030529 110.556318 0
93.358039 110.556318 0
93.686701 110.556318 0
94.016521 110.556318 0
94.347502 110.556318 0
94.679648 110.556318 0
95.012964 110.556318 0
95.347453 110.556318 0
95.683119 110.556318 0
96.019967 110.556318 0
96.358001 110.556318 0
96.697225 110.556318 0
97.037643 110.556318 0
97.379260 110.556318 0
97.722079 110.556318 0
98.066105 110.556318 0
98.411343 110.556318 0
98.757795 110.556318 0
99.105468 110.556318 0
99.454364 110.556318 0
99.804489 110.556318 0
100.155846 110.556318 0
100.508440 110.556318 0
100.862275 110.556318 0
101.217357 110.556318 0
101.573688 110.556318 0
101.931273 110.556318 0
102.290118 110.556318 0
102.650226 110.556318 0
103.011601 110.556318 0
103.374249 110.556318 0
103.738173 110.556318 0
104.103379 110.556318 0
104.469870 110.556318 0
104.837651 110.556318 0
105.206728 110.556318 0
105.577103 110.556318 0
105.948783 110.556318 0
106.321770 110.556318 0
106.696071 110.556318 0
107.071690 110.556318 0
107.448631 110.556318 0
107.826899 110.556318 0
108.206499 110.556318 0
108.587435 110.556318 0
108.969712 110.556318 0
109.353335 110.556318 0
109.738309 110.556318 0
110.124637 110.556318 0
110.512326 110.556318 0
110.901380 110.556318 0
111.291803 110.556318 0
111.683601 110.556318 0
112.076778 110.556318 0
112.471339 110.556318 0
112.867290 110.556318 0
113.264634 110.556318 0
113.663377 110.556318 0
114.063524 110.556318 0
114.465079 110.556318 0
114.868048 110.556318 0
115.272436 110.556318 0
115.678248 110.556318 0
116.085488 110.556318 0
116.494161 110.556318 0
116.904274 110.556318 0
117.315830 110.556318 0
117.728835 110.556318 0
118.143294 110.556318 0
118.559212 110.556318 0
118.976595 110.556318 0
119.395446 110.556318 0
119.815773 110.556318 0
120.237579 110.556318 0
120.660870 110.556318 0
121.085651 110.556318 0
121.511927 110.556318 0
121.939705 110.556318 0
122.368988 110.556318 0
122.799782 110.556318 0
123.232093 110.556318 0
123.665926 110.556318 0
124.101287 110.556318 0
124.538180 110.556318 0
124.976611 110.556318 0
125.416585 110.556318 0
125.858109 110.556318 0
126.301187 110.556318 0
126.745824 110.556318 0
127.192027 110.556318 0
127.639801 110.556318 0
128.089151 110.556318 0
128.540083 110.556318 0
128.992603 110.556318 0
129.446715 110.556318 0
129.902427 110.556318 0
130.359742 110.556318 0
130.818668 110.556318 0
131.279209 110.556318 0
131.741372 110.556318 0
132.205161 110.556318 0
132.670584 110.556318 0
133.137644 110.556318 0
133.606349 110.556318 0
134.076705 110.556318 0
134.548716 110.556318 0
135.022388 110.556318 0
135.497728 110.556318 0
135.974742 110.556318 0
136.453435 110.556318 0
136.933813 110.556318 0
137.415883 110.556318 0
137.899649 110.556318 0
138.385118 110.556318 0
138.872297 110.556318 0
139.361191 110.556318 0
139.851805 110.556318 0
140.344147 110.556318 0
140.838223 110.556318 0
141.334037 110.556318 0
141.831597 110.556318 0
142.330909 110.556318 0
142.831979 110.556318 0
143.334812 110.556318 0
143.839416 110.556318 0
144.345796 110.556318 0
144.853959 110.556318 0
145.363911 110.556318 0
145.875658 110.556318 0
146.389207 110.556318 0
146.904563 110.556318 0
147.421734 110.556318 0
147.940726 110.556318 0
148.461544 110.556318 0
148.984196 110.556318 0
149.508689 110.556318 0
150.035027 110.556318 0
150.563219 110.556318 0
151.093270 110.556318 0
151.625187 110.556318 0
152.158976 110.556318 0
152.694645 110.556318 0
153.232200 110.556318 0
153.771647 110.556318 0
154.312993 110.556318 0
154.856245 110.556318 0
155.401409 110.556318 0
155.948493 110.556318 0
156.497503 110.556318 0
157.048445 110.556318 0
157.601327 110.556318 0
158.156155 110.475610 0
158.712937 110.475610 0
159.271679 110.475610 0
159.832388 110.475610 0
160.395070 110.475610 0
160.959734 110.475610 0
161.526385 110.475610 0
162.095032 110.475610 0
162.665680 110.475610 0
163.238337 110.475610 0
163.813010 110.475610 0
164.389707 110.475610 0
164.968433 110.475610 0
165.549197 110.475610 0
166.132006 110.475610 0
166.716866 110.475610 0
167.303785 110.475610 0
167.892771 110.475610 0
168.483829 110.475610 0
169.076969 110.475610 0
169.672197 110.475610 0
170.269520 110.475610 0
170.868947 110.475610 0
171.470483 110.475610 0
172.074137 110.475610 0
172.679916 110.475610 0
173.287828 110.475610 0
173.897880 110.475610 0
174.510080 110.475610 0
175.124435 110.475610 0
175.740952 110.475610 0
176.359640 110.475610 0
176.980507 110.475610 0
177.603558 110.475610 0
178.228804 110.475610 0
178.856250 110.475610 0
179.485906 110.475610 0
180.117778 110.475610 0
180.751874 110.475610 0
181.388203 110.475610 0
182.026772 110.475610 0
182.667589 110.475610 0
183.310662 110.475610 0
183.955999 110.475610 0
184.603608 110.475610 0
185.253496 110.475610 0
185.905673 110.475610 0
186.560145 110.475610 0
187.216922 110.475610 0
187.876011 110.475610 0
188.537420 110.475610 0
189.201157 110.475610 0
189.867231 110.475610 0
190.535650 110.475610 0
191.206423 110.475610 0
191.879556 110.475610 0
192.555060 110.475610 0
193.232941 110.475610 0
193.913209 110.475610 0
194.595872 110.475610 0
195.280938 110.475610 0
195.968415 110.475610 0
196.658313 110.475610 0
197.350640 110.475610 0
198.045404 110.475610 0
198.742614 110.475610 0
199.442278 110.475610 0
200.144406 110.475610 0
200.849005 110.394902 0
201.556085 110.394902 0
202.265654 110.394902 0
202.977721 110.394902 0
203.692295 110.394902 0
204.409385 110.394902 0
205.128999 110.394902 0
205.851146 110.394902 0
206.575836 110.394902 0
207.303077 110.394902 0
208.032878 110.394902 0
208.765248 110.394902 0
209.500197 110.394902 0
210.237733 110.394902 0
210.977865 110.394902 0
211.720603 110.394902 0
212.465956 110.394902 0
213.213933 110.394902 0
213.964543 110.394902 0
214.717796 110.394902 0
215.473700 110.394902 0
216.232265 110.394902 0
216.993501 110.394902 0
217.757417 110.394902 0
218.524022 110.394902 0
219.293326 110.394902 0
220.065339 110.314193 0
220.840069 110.314193 0
221.617526 110.314193 0
222.397721 110.314193 0
223.180662 110.314193 0
223.966359 110.314193 0
224.754823 110.314193 0
225.546062 110.314193 0
226.340087 110.314193 0
227.136907 110.314193 0
227.936532 110.314193 0
228.738972 110.314193 0
229.544237 110.314193 0
230.352338 110.314193 0
231.163283 110.314193 0
231.977083 110.314193 0
232.793747 110.314193 0
233.613287 110.314193 0
234.435712 110.314193 0
235.261033 110.314193 0
236.089259 110.314193 0
236.920400 110.314193 0
237.754468 110.314193 0
238.591472 110.314193 0
239.431422 110.314193 0
240.274330 110.233485 0
241.120205 110.233485 0
241.969057 110.233485 0
242.820898 110.233485 0
243.675739 110.233485 0
244.533588 110.233485 0
245.394457 110.233485 0
246.258358 110.233485 0
247.125299 110.233485 0
247.995292 110.233485 0
248.868349 110.233485 0
249.744479 110.233485 0
250.623693 110.233485 0
251.506002 110.233485 0
252.391418 110.233485 0
253.279950 110.233485 0
254.171611 110.233485 0
255.066411 110.233485 0
255.964360 110.233485 0
256.865471 110.233485 0
257.769755 110.233485 0
258.677221 110.233485 0
259.587883 110.233485 0
260.501750 110.233485 0
261.418835 110.233485 0
262.339148 110.233485 0
263.262701 110.233485 0
264.189506 110.233485 0
265.119573 110.233485 0
266.052915 110.233485 0
266.989542 110.233485 0
267.929467 110.233485 0
268.872700 110.233485 0
269.819254 110.233485 0
270.769141 110.233485 0
271.722371 110.152777 0
272.678958 110.152777 0
273.638912 110.152777 0
274.602245 110.152777 0
275.568970 110.152777 0
276.539098 110.152777 0
277.512642 110.152777 0
278.489612 110.152777 0
279.470022 110.152777 0
280.453884 110.152777 0
281.441209 110.152777 0
282.432010 110.152777 0
283.426300 110.152777 0
284.424089 110.152777 0
285.425391 110.072069 0
286.430218 110.072069 0
287.438583 110.072069 0
288.450498 110.072069 0
289.465975 110.072069 0
290.485027 110.072069 0
291.507666 110.072069 0
292.533906 110.072069 0
293.563758 110.072069 0
294.597236 110.072069 0
295.634352 110.072069 0
296.675120 110.072069 0
297.719551 110.072069 0
298.767659 110.072069 0
299.819457 109.991361 0
300.874958 109.991361 0
301.934175 109.991361 0
302.997121 109.991361 0
304.063808 109.991361 0
305.134251 109.991361 0
306.208463 109.991361 0
307.286456 109.991361 0
308.368244 109.991361 0
309.453840 109.991361 0
310.543259 109.991361 0
311.636512 109.991361 0
312.733614 109.991361 0
313.834579 109.991361 0
314.939419 109.910652 0
316.048149 109.910652 0
317.160783 109.910652 0
318.277333 109.910652 0
319.397814 109.910652 0
320.522240 109.910652 0
321.650624 109.910652 0
322.782980 109.910652 0
323.919323 109.910652 0
325.059666 109.910652 0
326.204024 109.910652 0
327.352411 109.910652 0
328.504840 109.910652 0
329.661327 109.910652 0
330.821885 109.910652 0
331.986528 109.910652 0
333.155272 109.910652 0
334.328130 109.910652 0
335.505117 109.910652 0
336.686248 109.910652 0
337.871536 109.910652 0
339.060998 109.910652 0
340.254647 109.910652 0
341.452498 109.910652 0
342.654566 109.910652 0
343.860866 109.829944 0
345.071413 109.829944 0
346.286221 109.829944 0
347.505306 109.829944 0
348.728683 109.829944 0
349.956366 109.829944 0
351.188372 109.829944 0
352.424715 109.829944 0
353.665410 109.829944 0
354.910473 109.829944 0
356.159920 109.829944 0
357.413764 109.829944 0
358.672024 109.749236 0
359.934712 109.749236 0
361.201846 109.749236 0
362.473441 109.749236 0
363.749512 109.749236 0
365.030076 109.749236 0
366.315148 109.749236 0
367.604744 109.668528 0
368.898880 109.668528 0
370.197572 109.668528 0
371.500836 109.668528 0
372.808688 109.668528 0
374.121144 109.668528 0
375.438220 109.668528 0
376.759934 109.668528 0
378.086300 109.668528 0
379.417336 109.668528 0
380.753057 109.668528 0
382.093481 109.668528 0
383.438624 109.587819 0
384.788503 109.587819 0
386.143133 109.587819 0
387.502533 109.587819 0
388.866718 109.587819 0
390.235706 109.587819 0
391.609513 109.587819 0
392.988156 109.587819 0
394.371654 109.587819 0
395.760021 109.587819 0
397.153276 109.587819 0
398.551437 109.587819 0
399.954519 109.587819 0
401.362541 109.587819 0
402.775520 109.507111 0
404.193473 109.507111 0
405.616418 109.507111 0
407.044372 109.507111 0
408.477353 109.507111 0
409.915379 109.507111 0
411.358468 109.507111 0
412.806637 109.507111 0
414.259904 109.507111 0
415.718287 109.507111 0
417.181805 109.507111 0
418.650474 109.507111 0
420.124315 109.507111 0
421.603343 109.507111 0
423.087579 109.426403 0
424.577040 109.426403 0
426.071744 109.426403 0
427.571710 109.426403 0
429.076957 109.426403 0
430.587503 109.426403 0
432.103367 109.426403 0
433.624568 109.426403 0
435.151123 109.426403 0
436.683053 109.426403 0
438.220376 109.426403 0
439.763111 109.426403 0
441.311277 109.426403 0
442.864894 109.426403 0
444.423980 109.345695 0
445.988554 109.345695 0
447.558637 109.345695 0
449.134247 109.345695 0
450.715404 109.345695 0
452.302127 109.345695 0
453.894436 109.345695 0
455.492351 109.345695 0
457.095891 109.264987 0
458.705077 109.264987 0
460.319928 109.264987 0
461.940463 109.264987 0
463.566704 109.264987 0
465.198669 109.264987 0
466.836380 109.264987 0
468.479857 109.264987 0
470.129119 109.264987 0
471.784187 109.184278 0
473.445082 109.184278 0
475.111824 109.184278 0
476.784434 109.184278 0
478.462932 109.184278 0
480.147339 109.184278 0
481.837676 109.184278 0
483.533964 109.184278 0
485.236224 109.184278 0
486.944476 109.184278 0
488.658742 109.184278 0
490.379043 109.184278 0
492.105400 109.184278 0
493.837835 109.184278 0
495.576369 109.184278 0
497.321023 109.184278 0
499.071819 109.184278 0
500.828779 109.184278 0
502.591924 109.184278 0
504.361277 109.184278 0
506.136858 109.184278 0
507.918690 109.184278 0
509.706795 109.184278 0
511.501194 109.184278 0
513.301911 109.184278 0
515.108967 109.184278 0
516.922385 109.184278 0
518.742187 109.184278 0
520.568396 109.184278 0
522.401033 109.184278 0
524.240123 109.184278 0
526.085686 109.184278 0
527.937747 109.184278 0
529.796328 109.184278 0
531.661452 109.184278 0
533.533143 109.184278 0
535.411422 109.184278 0
537.296314 109.184278 0
539.187841 109.184278 0
541.086028 109.184278 0
542.990897 109.184278 0
544.902472 109.184278 0
546.820776 109.184278 0
548.745834 109.184278 0
550.677669 109.184278 0
552.616305 109.184278 0
554.561766 109.184278 0
556.514075 109.184278 0
558.473258 109.184278 0
560.439338 109.184278 0
562.412339 109.184278 0
564.392287 109.184278 0
566.379204 109.184278 0
568.373117 109.184278 0
570.374049 109.184278 0
572.382025 109.184278 0
574.397070 109.184278 0
576.419209 109.184278 0
578.448467 109.184278 0
580.484868 109.184278 0
582.528439 109.184278 0
584.579204 109.184278 0
586.637189 109.184278 0
588.702419 109.184278 0
590.774919 109.184278 0
592.854715 109.184278 0
594.941834 109.184278 0
597.036300 109.184278 0
599.138139 109.184278 0
601.247378 109.184278 0
603.364042 109.184278 0
605.488158 109.184278 0
607.619752 109.184278 0
609.758850 109.184278 0
611.905478 109.184278 0
614.059664 109.184278 0
616.221433 109.184278 0
618.390813 109.184278 0
620.567830 109.184278 0
622.752511 109.184278 0
624.944883 109.184278 0
627.144973 109.184278 0
629.352809 109.184278 0
631.568417 109.184278 0
633.791825 109.184278 0
636.023061 109.184278 0
638.262151 109.184278 0
640.509124 109.184278 0
642.764008 109.184278 0
645.026830 109.184278 0
647.297618 109.184278 0
649.576400 109.184278 0
651.863204 109.184278 0
654.158059 109.184278 0
656.460993 109.184278 0
658.772034 109.184278 0
661.091212 109.184278 0
663.418553 109.184278 0
665.754088 109.184278 0
668.097846 109.184278 0
670.449854 109.184278 0
672.810142 109.184278 0
675.178740 109.184278 0
677.555677 109.184278 0
679.940981 109.184278 0
682.334682 109.184278 0
684.736811 109.184278 0
687.147396 109.184278 0
689.566467 109.184278 0
691.994055 109.184278 0
694.430189 109.184278 0
696.874899 109.184278 0
699.328216 109.184278 0
701.790169 109.184278 0
704.260790 109.184278 0
706.740108 109.184278 0
709.228155 109.184278 0
711.724960 109.184278 0
714.230556 109.184278 0
716.744972 109.184278 0
719.268241 109.184278 0
721.800392 109.184278 0
724.341458 109.184278 0
726.891469 109.184278 0
729.450458 109.184278 0
732.018455 109.184278 0
734.595493 109.184278 0
737.181604 109.184278 0
739.776818 109.184278 0
742.381169 109.184278 0
744.994689 109.184278 0
747.617409 109.184278 0
750.249362 109.184278 0
752.890581 109.184278 0
755.541099 109.184278 0
758.200947 109.184278 0
760.870159 109.184278 0
763.548768 109.184278 0
766.236807 109.184278 0
768.934309 109.184278 0
771.641308 109.184278 0
774.357836 109.184278 0
777.083928 109.184278 0
779.819617 109.184278 0
782.564937 109.184278 0
785.319922 109.184278 0
788.084605 109.184278 0
790.859021 109.184278 0
793.643205 109.184278 0
796.437190 109.184278 0
799.241011 109.184278 0
802.054703 109.184278 0
804.878300 109.184278 0
807.711838 109.184278 0
810.555351 109.184278 0
813.408875 109.184278 0
816.272444 109.184278 0
819.146094 109.184278 0
822.029861 109.184278 0
824.923780 109.184278 0
827.827887 109.184278 0
830.742218 109.184278 0
833.666809 109.184278 0
836.601695 109.184278 0
839.546913 109.184278 0
842.502501 109.184278 0
845.468493 109.184278 0
848.444926 109.184278 0
851.431838 109.184278 0
854.429266 109.184278 0
857.437245 109.184278 0
860.455815 109.184278 0
863.485010 109.184278 0
866.524871 109.184278 0
869.575432 109.184278 0
872.636733 109.264987 0
875.708812 109.264987 0
878.791705 109.264987 0
881.885452 109.264987 0
884.990090 109.264987 0
888.105657 109.264987 0
891.232193 109.345695 0
894.369736 109.345695 0
897.518324 109.345695 0
900.677997 109.345695 0
903.848793 109.345695 0
907.030752 109.426403 0
910.223913 109.426403 0
913.428315 109.426403 0
916.643998 109.426403 0
919.871002 109.426403 0
923.109367 109.507111 0
926.359132 109.507111 0
929.620337 109.507111 0
932.893024 109.507111 0
936.177231 109.587819 0
939.473001 109.587819 0
942.780373 109.587819 0
946.099389 109.668528 0
949.430089 109.668528 0
952.772515 109.668528 0
956.126708 109.668528 0
959.492709 109.749236 0
962.870560 109.749236 0
966.260302 109.749236 0
969.661978 109.829944 0
973.075629 109.829944 0
976.501298 109.910652 0
979.939027 109.910652 0
983.388858 109.991361 0
986.850834 109.991361 0
990.324998 109.991361 0
993.811392 110.072069 0
997.310061 110.072069 0
1000.821046 110.152777 0
1004.344391 110.152777 0
1007.880140 110.152777 0
1011.428337 110.233485 0
1014.989025 110.233485 0
1018.562248 110.233485 0
1022.148050 110.314193 0
1025.746476 110.314193 0
1029.357570 110.314193 0
1032.981377 110.394902 0
1036.617942 110.394902 0
1040.267308 110.394902 0
1043.929523 110.475610 0
1047.604629 110.475610 0
1051.292674 110.556318 0
1054.993703 110.556318 0
1058.707760 110.637026 0
1062.434893 110.637026 0
1066.175147 110.637026 0
1069.928569 110.717734 0
1073.695204 110.717734 0
1077.475100 110.798443 0
1081.268302 110.798443 0
1085.074859 110.798443 0
1088.894816 110.879151 0
1092.728221 110.879151 0
1096.575121 110.879151 0
1100.435564 110.959859 0
1104.309598 110.959859 0
1108.197270 110.959859 0
1112.098629 111.040567 0
1116.013722 111.040567 0
1119.942598 111.121276 0
1123.885305 111.121276 0
1127.841893 111.121276 0
1131.812409 111.201984 0
1135.796904 111.201984 0
1139.795426 111.282692 0
1143.808024 111.282692 0
1147.834749 111.363400 0
1151.875649 111.363400 0
1155.930775 111.363400 0
1160.000178 111.444108 0
1164.083906 111.444108 0
1168.182011 111.524817 0
1172.294543 111.524817 0
1176.421553 111.524817 0
1180.563092 111.605525 0
1184.719211 111.605525 0
1188.889962 111.605525 0
1193.075395 111.686233 0
1197.275563 111.686233 0
1201.490518 111.686233 0
1205.720311 111.766941 0
1209.964995 111.766941 0
1214.224622 111.847650 0
1218.499245 111.847650 0
1222.788917 111.928358 0
1227.093690 111.928358 0
1231.413618 111.928358 0
1235.748754 112.009066 0
1240.099152 112.009066 0
1244.464865 112.089774 0
1248.845948 112.089774 0
1253.242453 112.089774 0
1257.654437 112.170482 0
1262.081953 112.170482 0
1266.525055 112.251191 0
1270.983800 112.251191 0
1275.458241 112.251191 0
1279.948434 112.331899 0
1284.454435 112.331899 0
1288.976299 112.331899 0
1293.514081 112.412607 0
1298.067839 112.412607 0
1302.637629 112.412607 0
1307.223506 112.493315 0
1311.825527 112.493315 0
1316.443750 112.574024 0
1321.078231 112.574024 0
1325.729027 112.654732 0
1330.396196 112.654732 0
1335.079796 112.735440 0
1339.779884 112.735440 0
1344.496519 112.816148 0
1349.229758 112.816148 0
1353.979661 112.816148 0
1358.746285 112.816148 0
1363.529690 112.816148 0
1368.329935 112.816148 0
1373.147079 112.816148 0
1377.981181 112.816148 0
1382.832302 112.816148 0
1387.700500 112.816148 0
1392.585837 112.816148 0
1397.488373 112.816148 0
1402.408168 112.816148 0
1407.345283 112.816148 0
1412.299778 112.816148 0
1417.271716 112.896856 0
1422.261157 112.896856 0
1427.268163 112.896856 0
1432.292796 112.977565 0
1437.335119 112.977565 0
1442.395192 113.058273 0
1447.473079 113.138981 0
1452.568843 113.138981 0
1457.682546 113.219689 0
1462.814252 113.219689 0
1467.964023 113.300398 0
1473.131925 113.300398 0
1478.318019 113.381106 0
1483.522371 113.461814 0
1488.745045 113.542522 0
1493.986104 113.623230 0
1499.245615 113.623230 0
1504.523642 113.703939 0
1509.820249 113.784647 0
1515.135503 113.865355 0
1520.469470 113.946063 0
1525.822214 114.026772 0
1531.193802 114.026772 0
1536.584301 114.107480 0
1541.993776 114.188188 0
1547.422296 114.268896 0
1552.869926 114.268896 0
1558.336735 114.268896 0
1563.822789 114.268896 0
1569.328157 114.268896 0
1574.852906 114.268896 0
1580.397104 114.268896 0
1585.960821 114.268896 0
1591.544125 114.268896 0
1597.147084 114.268896 0
1602.769768 114.268896 0
1608.412247 114.268896 0
1614.074590 114.268896 0
1619.756866 114.268896 0
1625.459147 114.268896 0
1631.181503 114.268896 0
1636.924004 114.268896 0
1642.686721 114.268896 0
1648.469726 114.349604 0
1654.273089 114.430313 0
1660.096883 114.511021 0
1665.941179 114.591729 0
1671.806050 114.672437 0
1677.691568 114.753145 0
1683.597805 114.833854 0
1689.524835 114.914562 0
1695.472731 114.995270 0
1701.441567 115.075978 0
1707.431415 115.075978 0
1713.442350 115.156687 0
1719.474447 115.237395 0
1725.527779 115.318103 0
1731.602422 115.398811 0
1737.698450 115.479519 0
1743.815939 115.479519 0
1749.954964 115.560228 0
1756.115602 115.640936 0
1762.297927 115.721644 0
1768.502018 115.802352 0
1774.727949 115.883061 0
1780.975799 115.963769 0
1787.245644 116.044477 0
1793.537562 116.205893 0
1799.851630 116.286602 0
1806.187926 116.367310 0
1812.546530 116.448018 0
1818.927518 116.448018 0
1825.330970 116.528726 0
1831.756966 116.609435 0
1838.205583 116.609435 0
1844.676903 116.690143 0
1851.171005 116.770851 0
1857.687969 116.770851 0
1864.227876 116.851559 0
1870.790806 116.851559 0
1877.376841 116.932267 0
1883.986061 116.932267 0
1890.618549 117.012976 0
1897.274386 117.093684 0
1903.953655 117.174392 0
1910.656438 117.255100 0
1917.382818 117.335809 0
1924.132878 117.416517 0
1930.906701 117.577933 0
1937.704371 117.658641 0
1944.525972 117.739350 0
1951.371588 117.900766 0
1958.241303 117.981474 0
1965.135203 118.062183 0
1972.053373 118.142891 0
1978.995898 118.223599 0
1985.962864 118.304307 0
1992.954357 118.385015 0
1999.970463 118.465724 0
2007.011269 118.546432 0
2014.076861 118.707848 0
2021.167328 118.788556 0
2028.282756 118.788556 0
2035.423234 118.788556 0
2042.588850 118.788556 0
2049.779692 118.788556 0
2056.995849 118.788556 0
2064.237410 118.788556 0
2071.504465 118.788556 0
2078.797103 118.788556 0
2086.115414 118.788556 0
2093.459489 118.788556 0
2100.829419 118.788556 0
2108.225294 118.788556 0
2115.647206 118.788556 0
2123.095247 118.788556 0
2130.569508 118.788556 0
2138.070082 118.788556 0
2145.597061 118.788556 0
2153.150539 118.707848 0
2160.730608 118.546432 0
2168.337363 118.465724 0
2175.970897 118.385015 0
2183.631304 118.304307 0
2191.318680 118.223599 0
2199.033118 118.142891 0
2206.774715 118.142891 0
2214.543566 118.062183 0
2222.339767 117.981474 0
2230.163414 117.981474 0
2238.014604 117.900766 0
2245.893433 117.900766 0
2253.800000 117.900766 0
2261.734401 117.900766 0
2269.696735 117.900766 0
2277.687100 117.900766 0
2285.705594 117.900766 0
2293.752318 117.900766 0
2301.827370 117.900766 0
2309.930849 117.820058 0
2318.062856 117.658641 0
2326.223492 117.577933 0
2334.412857 117.497225 0
2342.631052 117.335809 0
2350.878179 117.174392 0
2359.154340 117.093684 0
2367.459636 116.932267 0
2375.794171 116.851559 0
2384.158047 116.690143 0
2392.551368 116.528726 0
2400.974237 116.367310 0
2409.426759 116.205893 0
2417.909037 115.963769 0
2426.421177 115.802352 0
2434.963283 115.721644 0
2443.535462 115.560228 0
2452.137818 115.398811 0
2460.770459 115.156687 0
2469.433490 114.995270 0
2478.127019 114.914562 0
2486.851154 114.753145 0
2495.606001 114.511021 0
2504.391669 114.188188 0
2513.208267 113.946063 0
2522.055904 113.784647 0
2530.934688 113.623230 0
2539.844729 113.461814 0
2548.786138 113.300398 0
2557.759025 113.138981 0
2566.763500 112.977565 0
2575.799675 112.896856 0
2584.867662 112.735440 0
2593.967572 112.735440 0
2603.099517 112.654732 0
2612.263612 112.574024 0
2621.459968 112.574024 0
2630.688700 112.574024 0
2639.949921 112.574024 0
2649.243745 112.574024 0
2658.570288 112.574024 0
2667.929665 112.493315 0
2677.321991 112.493315 0
2686.747383 112.331899 0
2696.205956 112.089774 0
2705.697827 111.847650 0
2715.223114 111.686233 0
2724.781935 111.524817 0
2734.374407 111.363400 0
2744.000648 111.201984 0
2753.660779 111.040567 0
2763.354918 110.879151 0
2773.083184 110.717734 0
2782.845698 110.556318 0
2792.642581 110.475610 0
2802.473953 110.314193 0
2812.339936 110.233485 0
2822.240652 110.152777 0
2832.176223 110.072069 0
2842.146772 109.991361 0
2852.152421 109.991361 0
2862.193295 109.910652 0
2872.269518 109.829944 0
2882.381213 109.749236 0
2892.528506 109.668528 0
2902.711522 109.507111 0
2912.930387 109.426403 0
2923.185227 109.345695 0
2933.476169 109.184278 0
2943.803340 109.103570 0
2954.166867 109.022862 0
2964.566878 108.942154 0
2975.003502 108.780737 0
2985.476867 108.700029 0
2995.987104 108.619321 0
3006.534342 108.538613 0
3017.118710 108.457904 0
3027.740340 108.377196 0
3038.399364 108.296488 0
3049.095912 108.215780 0
3059.830116 108.135071 0
3070.602110 108.054363 0
3081.412027 107.973655 0
3092.259999 107.812239 0
3103.146160 107.731530 0
3114.070647 107.650822 0
3125.033592 107.570114 0
3136.035132 107.489406 0
3147.075402 107.408697 0
3158.154539 107.327989 0
3169.272680 107.247281 0
3180.429961 107.166573 0
3191.626521 107.085865 0
3202.862499 107.005156 0
3214.138032 106.924448 0
3225.453260 106.843740 0
3236.808322 106.682323 0
3248.203360 106.601615 0
3259.638513 106.520907 0
3271.113924 106.440199 0
3282.629733 106.359491 0
3294.186083 106.278782 0
3305.783116 106.198074 0
3317.420977 106.198074 0
3329.099808 106.117366 0
3340.819753 106.036658 0
3352.580959 105.955949 0
3364.383569 105.875241 0
3376.227729 105.794533 0
3388.113587 105.794533 0
3400.041288 105.713825 0
3412.010980 105.633117 0
3424.022811 105.552408 0
3436.076928 105.552408 0
3448.173482 105.471700 0
3460.312622 105.390992 0
3472.494496 105.310284 0
3484.719256 105.229576 0
3496.987053 105.148867 0
3509.298039 105.068159 0
3521.652364 105.068159 0
3534.050182 104.987451 0
3546.491647 104.906743 0
3558.976911 104.906743 0
3571.506128 104.826034 0
3584.079454 104.745326 0
3596.697045 104.664618 0
3609.359054 104.664618 0
3622.065640 104.583910 0
3634.816959 104.503202 0
3647.613168 104.503202 0
3660.454426 104.422493 0
3673.340890 104.422493 0
3686.272721 104.341785 0
3699.250078 104.341785 0
3712.273121 104.261077 0
3725.342011 104.261077 0
3738.456910 104.180369 0
3751.617979 104.180369 0
3764.825381 104.099660 0
3778.079279 104.099660 0
3791.379836 104.099660 0
3804.727218 104.099660 0
3818.121589 104.099660 0
3831.563113 104.099660 0
3845.051959 104.099660 0
3858.588291 104.099660 0
3872.172277 104.099660 0
3885.804085 104.099660 0
3899.483883 104.099660 0
3913.211840 104.099660 0
3926.988126 104.099660 0
3940.812910 104.099660 0
3954.686364 104.099660 0
3968.608659 104.099660 0
3982.579967 104.099660 0
3996.600460 104.099660 0
4010.670312 104.099660 0
4024.789696 104.099660 0
4038.958786 104.099660 0
4053.177759 104.099660 0
4067.446788 104.099660 0
4081.766051 104.099660 0
4096.135724 104.099660 0
4110.555986 104.099660 0
4125.027012 104.099660 0
4139.548984 104.099660 0
4154.122080 104.099660 0
4168.746479 104.099660 0
4183.422363 104.099660 0
4198.149913 104.099660 0
4212.929310 104.099660 0
4227.760738 104.099660 0
4242.644379 104.099660 0
4257.580417 104.099660 0
4272.569037 104.099660 0
4287.610423 104.099660 0
4302.704763 104.099660 0
4317.852241 104.099660 0
4333.053045 104.099660 0
4348.307362 104.099660 0
4363.615382 104.099660 0
4378.977294 104.099660 0
4394.393286 104.099660 0
4409.863549 104.099660 0
4425.388275 104.180369 0
4440.967655 104.180369 0
4456.601881 104.180369 0
4472.291147 104.180369 0
4488.035646 104.261077 0
4503.835573 104.261077 0
4519.691123 104.261077 0
4535.602492 104.341785 0
4551.569876 104.341785 0
4567.593473 104.341785 0
4583.673479 104.422493 0
4599.810095 104.422493 0
4616.003519 104.422493 0
4632.253951 104.503202 0
4648.561592 104.503202 0
4664.926644 104.583910 0
4681.349308 104.583910 0
4697.829787 104.664618 0
4714.368285 104.664618 0
4730.965006 104.745326 0
4747.620155 104.826034 0
4764.333937 104.906743 0
4781.106560 104.987451 0
4797.938230 105.068159 0
4814.829155 105.148867 0
4831.779544 105.229576 0
4848.789606 105.310284 0
4865.859551 105.390992 0
4882.989590 105.471700 0
4900.179935 105.552408 0
4917.430797 105.633117 0
4934.742391 105.794533 0
4952.114929 105.955949 0
4969.548626 106.036658 0
4987.043698 106.198074 0
5004.600360 106.359491 0
5022.218830 106.440199 0
5039.899325 106.601615 0
5057.642063 106.763032 0
5075.447264 106.924448 0
5093.315147 107.085865 0
5111.245933 107.247281 0
5129.239844 107.408697 0
5147.297102 107.570114 0
5165.417929 107.731530 0
5183.602550 107.892947 0
5201.851189 108.054363 0
5220.164071 108.215780 0
5238.541424 108.457904 0
5256.983472 108.619321 0
5275.490446 108.780737 0
5294.062572 109.022862 0
5312.700080 109.264987 0
5331.403201 109.426403 0
5350.172166 109.668528 0
5369.007206 110.072069 0
5387.908553 110.233485 0
5406.876443 110.394902 0
5425.911107 110.637026 0
5445.012783 110.879151 0
5464.181705 111.121276 0
5483.418110 111.282692 0
5502.722236 111.363400 0
5522.094321 111.363400 0
5541.534605 111.363400 0
5561.043328 111.363400 0
5580.620730 111.363400 0
5600.267054 111.363400 0
5619.982541 111.363400 0
5639.767437 111.363400 0
5659.621983 111.363400 0
5679.546427 111.363400 0
5699.541014 111.363400 0
5719.605992 111.363400 0
5739.741606 111.363400 0
5759.948108 111.363400 0
5780.225745 111.121276 0
5800.574770 110.798443 0
5820.995431 110.152777 0
5841.487983 109.991361 0
5862.052678 109.264987 0
5882.689770 109.022862 0
5903.399514 108.619321 0
5924.182166 108.296488 0
5965.967220 107.085865 0
5986.970139 106.682323 0
6008.046997 106.278782 0
6029.198056 106.036658 0
6050.423576 105.875241 0
6071.723819 105.552408 0
6093.099049 105.148867 0
6114.549529 104.664618 0
6136.075525 104.261077 0
6157.677302 103.938244 0
6179.355127 103.696119 0
6201.109268 103.292578 0
6222.939994 102.969745 0
6244.847574 102.566204 0
6266.832278 102.324080 0
6288.894378 102.001247 0
6311.034147 101.759122 0
6333.251858 101.436289 0
6355.547786 101.113456 0
6377.922205 100.790623 0
6400.375393 100.548499 0
6422.907626 100.064249 0
6445.519182 99.983541 0
6468.210342 99.741417 0
6490.981385 99.418584 0
6513.832592 99.176459 0
6536.764246 98.934334 0
6559.776629 98.692210 0
6582.870027 98.530793 0
6606.044724 98.369377 0
6629.301007 98.127252 0
6652.639162 97.885127 0
6676.059478 97.643003 0
6699.562244 97.481586 0
6723.147751 97.239462 0
6746.816290 97.078045 0
6770.568152 96.835921 0
6794.403632 96.593796 0
6818.323023 96.432380 0
6842.326622 96.190255 0
6866.414724 96.028838 0
6890.587628 95.867422 0
6914.845631 95.706006 0
6939.189033 95.463881 0
6963.618135 95.302464 0
6988.133239 95.141048 0
7012.734646 94.979632 0
7037.422662 94.818215 0
7062.197592 94.737507 0
7087.059740 94.576090 0
7112.009414 94.414674 0
7137.046922 94.253258 0
7162.172574 94.091841 0
7187.386680 93.930425 0
7212.689550 93.849716 0
7238.081499 93.688300 0
7263.562838 93.607592 0
7289.133883 93.446175 0
7314.794950 93.365467 0
7340.546356 93.204051 0
7366.388419 93.123343 0
7392.321457 92.961926 0
7418.345791 92.881218 0
7444.461743 92.719801 0
7470.669635 92.639093 0
7496.969790 92.558385 0
7523.362534 92.396969 0
7549.848193 92.316260 0
7576.427093 92.235552 0
7603.099563 92.154844 0
7629.865932 92.074136 0
7656.726531 91.993427 0
7683.681691 91.912719 0
7710.731746 91.832011 0
7737.877029 91.751303 0
7765.117876 91.751303 0
7792.454624 91.670595 0
7819.887609 91.589886 0
7847.417170 91.509178 0
7875.043649 91.509178 0
7902.767385 91.428470 0
7930.588721 91.347762 0
7958.508001 91.267053 0
7986.525569 91.267053 0
8014.641772 91.186345 0
8042.856957 91.186345 0
8071.171472 91.105637 0
8099.585668 91.105637 0
8128.099894 91.105637 0
8156.714503 91.105637 0
8185.429848 91.024929 0
8214.246285 91.024929 0
8243.164168 90.944221 0
8272.183856 90.944221 0
8301.305706 90.944221 0
8330.530079 90.944221 0
8359.857334 90.944221 0
8389.287835 90.863512 0
8418.821944 90.863512 0
8448.460027 90.863512 0
8478.202450 90.863512 0
8508.049579 90.863512 0
8538.001784 90.782804 0
8568.059434 90.782804 0
8598.222901 90.782804 0
8628.492557 90.702096 0
8658.868776 90.621388 0
8689.351933 90.621388 0
8719.942404 90.540679 0
8750.640568 90.217847 0
8781.446804 90.137138 0
8812.361491 89.895014 0
8843.385012 89.895014 0
8874.517751 89.895014 0
8968.575118 87.958016 0
9000.148582 87.877308 0
9031.833199 87.554475 0
9063.629361 87.231642 0
9095.537459 86.908810 0
9127.557889 86.263144 0
9159.691045 85.778894 0
9191.937324 85.294645 0
9224.297125 84.810396 0
9256.770847 84.326147 0
9289.358891 84.326147 0
9322.061660 84.326147 0
9354.879558 84.326147 0
9387.812989 84.326147 0
9420.862361 84.326147 0
9454.028082 84.326147 0
9487.310562 84.326147 0
9520.710211 84.326147 0
9554.227442 84.326147 0
9587.862669 84.326147 0
9621.616307 84.326147 0
9655.488773 84.326147 0
9689.480486 84.326147 0
9723.591865 84.326147 0
9792.175308 84.326147 0
9826.648220 84.326147 0
9861.242492 84.326147 0
9895.958551 84.326147 0
9930.796827 84.326147 0
9965.757749 84.326147 0
10000.841750 84.729688 0
10142.417225 85.456062 0
10178.123148 85.456062 0
10213.954771 85.456062 0
10249.912538 85.456062 0
10285.996893 85.456062 0
10322.208281 85.456062 0
10358.547150 85.456062 0
10395.013948 85.456062 0
10431.609126 85.456062 0
10468.333135 85.456062 0
10505.186430 85.456062 0
10542.169465 85.456062 0
10579.282697 84.971812 0
10616.526585 84.648979 0
10653.901588 84.245438 0
10691.408168 83.761189 0
10729.046788 83.357648 0
10766.817913 82.873399 0
10804.722010 82.066316 0
10842.759547 81.501359 0
10880.930993 81.097818 0
10919.236820 80.694277 0
10957.677500 80.210027 0
10996.253510 79.967903 0
11073.813422 78.595863 0
11112.798283 78.515155 0
11151.920388 78.192322 0
11191.180221 77.788781 0
11230.578266 77.304531 0
11270.115010 76.981698 0
11309.790942 76.658866 0
11349.606551 76.336033 0
11389.562329 75.932492 0
11429.658769 75.609659 0
11469.896368 75.367534 0
11510.275620 75.044701 0
11550.797027 74.802577 0
11591.461087 74.479744 0
11632.268303 74.156911 0
11673.219179 73.914786 0
11714.314220 73.672661 0
11755.553935 73.430537 0
11796.938833 73.188412 0
11838.469424 72.946287 0
11880.146221 72.462038 0
11921.969740 72.058497 0
11963.940497 71.735664 0
12006.059010 71.493540 0
12048.325799 71.089998 0
12090.741387 70.686457 0
12133.306297 70.282916 0
12176.021054 69.960083 0
12218.886187 69.637250 0
12261.902225 69.233709 0
12305.069699 68.749460 0
12348.389142 68.426627 0
12391.861089 68.265211 0
12435.486077 67.942378 0
12479.264645 67.619545 0
12523.197333 67.377420 0
12567.284685 67.216004 0
12611.527244 66.893171 0
12655.925556 66.570338 0
12700.480172 66.166797 0
12745.191639 65.843964 0
12790.060512 65.440423 0
12835.087343 63.906967 0
12880.272689 63.826259 0
12925.617108 62.615635 0
12971.121160 60.678638 0
13016.785407 59.145182 0
13062.610413 57.369601 0
13108.596744 56.078269 0
13294.166705 54.302689 0
13340.968219 54.302689 0
13387.934496 54.302689 0
13435.066116 54.302689 0
13482.363660 54.302689 0
13529.827713 54.302689 0
13577.458861 54.302689 0
13625.257693 54.302689 0
13673.224798 54.302689 0
13721.360769 54.302689 0
13769.666201 54.302689 0
13915.605236 54.383397 0
13964.594496 54.383397 0
14013.756222 54.383397 0
14063.091018 54.383397 0
14112.599496 54.383397 0
14162.282266 54.383397 0
14212.139942 54.383397 0
14262.173140 54.383397 0
14312.382477 54.383397 0
14362.768574 54.383397 0
14413.332053 54.383397 0
14464.073539 54.383397 0
14514.993657 53.899148 0
14566.093038 52.204275 0
14617.372311 50.267278 0
14668.832111 50.105861 0
14720.473073 50.105861 0
14772.295835 50.105861 0
14824.301036 50.105861 0
14876.489319 50.105861 0
14928.861329 50.105861 0
14981.417712 50.105861 0
15034.159117 50.105861 0
15087.086196 50.105861 0
15140.199603 50.105861 0
15193.499993 50.105861 0
15246.988024 50.105861 0
15300.664358 50.105861 0
15354.529657 50.105861 0
15408.584586 50.105861 0
15462.829813 50.105861 0
15517.266008 50.105861 0
15571.893843 50.105861 0
15792.335114 50.025153 0
15847.931318 50.025153 0
15903.723245 50.025153 0
15959.711586 50.025153 0
16015.897031 50.025153 0
16072.280274 50.025153 0
16128.862012 50.025153 0
16185.642943 50.025153 0
16242.623769 50.025153 0
16299.805193 50.025153 0
16357.187923 50.025153 0
16414.772665 50.025153 0
16472.560132 50.025153 0
16530.551037 50.105861 0
16588.746096 50.105861 0
16647.146029 50.105861 0
16705.751556 50.105861 0
16764.563400 50.105861 0
16823.582290 50.105861 0
16882.808953 50.105861 0
16942.244120 50.105861 0
17001.888526 50.105861 0
17061.742908 50.105861 0
17121.808005 50.105861 0
17182.084557 50.105861 0
17242.573311 50.105861 0
17303.275013 50.105861 0
17364.190412 50.105861 0
17425.320261 50.105861 0
17486.665316 50.105861 0
17548.226332 50.105861 0
17610.004071 50.105861 0
17671.999297 50.105861 0
17734.212773 50.105861 0
17796.645269 50.105861 0
17859.297556 50.105861 0
17922.170408 50.105861 0
17985.264601 50.105861 0
18048.580914 50.105861 0
18112.120129 50.105861 0
18175.883031 50.105861 0
18239.870407 50.105861 0
18304.083048 50.105861 0
18368.521747 50.105861 0
18433.187300 50.105861 0
18498.080504 50.105861 0
18563.202162 50.105861 0
18628.553078 50.105861 0
18694.134059 50.105861 0
18759.945915 50.105861 0
18825.989459 50.105861 0
18892.265505 50.105861 0
18958.774874 50.105861 0
19025.518386 50.105861 0
19092.496865 50.105861 0
19159.711140 50.105861 0
19227.162039 50.105861 0
19294.850395 50.105861 0
19362.777046 50.105861 0
19430.942829 50.105861 0
19499.348587 50.105861 0
19567.995164 50.105861 0
19636.883409 50.105861 0
19706.014171 50.105861 0
19775.388306 50.105861 0
19845.006668 50.105861 0
19914.870119 50.105861 0
19984.979521 50.105861 0
20055.335740 50.105861 0
