9.290114 110.047847 0
9.326591 109.957895 0
9.363210 109.957895 0
9.399974 109.957895 0
9.436882 109.957895 0
9.473934 109.957895 0
9.511132 109.957895 0
9.548477 109.957895 0
9.585967 109.957895 0
9.623605 109.957895 0
9.661391 109.957895 0
9.699325 109.957895 0
9.737408 109.957895 0
9.775641 109.957895 0
9.814024 109.957895 0
9.852557 109.957895 0
9.891242 109.957895 0
9.930079 109.957895 0
9.969068 109.957895 0
10.008210 109.957895 0
10.047506 109.957895 0
10.086956 109.957895 0
10.126561 109.957895 0
10.166322 109.957895 0
10.206238 109.957895 0
10.246312 109.957895 0
10.286543 109.957895 0
10.326931 109.957895 0
10.367479 109.957895 0
10.408185 109.957895 0
10.449052 109.957895 0
10.490078 109.957895 0
10.531266 109.957895 0
10.572616 109.957895 0
10.614128 109.957895 0
10.655803 109.957895 0
10.697641 109.957895 0
10.739644 109.957895 0
10.781812 109.957895 0
10.824145 109.957895 0
10.866645 109.957895 0
10.909311 109.957895 0
10.952145 109.957895 0
10.995148 109.957895 0
11.038318 109.957895 0
11.081659 109.957895 0
11.125170 109.957895 0
11.168851 109.957895 0
11.212704 109.957895 0
11.256729 109.957895 0
11.300927 109.957895 0
11.345299 109.957895 0
11.389845 109.957895 0
11.434565 109.957895 0
11.479462 109.957895 0
11.524534 109.957895 0
11.569784 109.957895 0
11.615211 109.957895 0
11.660817 109.957895 0
11.706601 109.957895 0
11.752566 109.957895 0
11.798711 109.957895 0
11.845037 109.957895 0
11.891545 109.957895 0
11.938235 109.957895 0
11.985109 109.957895 0
12.032167 109.957895 0
12.079410 109.957895 0
12.126838 109.957895 0
12.174452 109.957895 0
12.222254 109.957895 0
12.270243 109.957895 0
12.318420 109.957895 0
12.366787 109.957895 0
12.415343 109.957895 0
12.464090 109.957895 0
12.513029 109.957895 0
12.562160 109.957895 0
12.611483 109.957895 0
12.661001 109.957895 0
12.710712 109.957895 0
12.760619 109.957895 0
12.810722 109.957895 0
12.861022 109.957895 0
12.911519 109.957895 0
12.962214 109.957895 0
13.013109 109.957895 0
13.064203 109.957895 0
13.115498 109.957895 0
13.166994 109.957895 0
13.218692 109.957895 0
13.270594 109.957895 0
13.322699 109.957895 0
13.375009 109.957895 0
13.427524 109.957895 0
13.480245 109.957895 0
13.533174 109.957895 0
13.586310 109.957895 0
13.639655 109.957895 0
13.693209 109.957895 0
13.746974 109.957895 0
13.800949 109.957895 0
13.855137 109.957895 0
13.909537 109.957895 0
13.964151 109.957895 0
14.018980 109.957895 0
14.074023 109.957895 0
14.129283 109.957895 0
14.184760 109.957895 0
14.240454 109.957895 0
14.296368 109.957895 0
14.352500 109.957895 0
14.408854 109.957895 0
14.465428 109.957895 0
14.522225 109.957895 0
14.579244 109.957895 0
14.636488 109.957895 0
14.693956 109.957895 0
14.751650 109.957895 0
14.809570 109.957895 0
14.867718 109.957895 0
14.926094 109.957895 0
14.984699 109.957895 0
15.043535 109.957895 0
15.102601 109.957895 0
15.161899 109.957895 0
15.221431 109.957895 0
15.281196 109.957895 0
15.341195 109.957895 0
15.401430 109.957895 0
15.461902 109.957895 0
15.522611 109.957895 0
15.583558 109.957895 0
15.644745 109.957895 0
15.706172 109.957895 0
15.767840 109.957895 0
15.829751 109.957895 0
15.891904 109.957895 0
15.954302 109.957895 0
16.016944 109.957895 0
16.079832 109.957895 0
16.142968 109.957895 0
16.206351 109.957895 0
16.269983 109.957895 0
16.333865 109.957895 0
16.397998 109.957895 0
16.462382 109.957895 0
16.527020 109.957895 0
16.591911 109.957895 0
16.657057 109.957895 0
16.722458 109.957895 0
16.788117 109.957895 0
16.854033 109.957895 0
16.920208 109.957895 0
16.986643 109.957895 0
17.053339 109.957895 0
17.120297 109.957895 0
17.187517 109.957895 0
17.255002 109.957895 0
17.322751 109.957895 0
17.390767 109.957895 0
17.459049 109.957895 0
17.527600 109.957895 0
17.596420 109.957895 0
17.665509 109.957895 0
17.734871 109.957895 0
17.804504 109.957895 0
17.874411 109.957895 0
17.944593 109.957895 0
18.015050 109.957895 0
18.085784 109.957895 0
18.156795 109.957895 0
18.228085 109.957895 0
18.299655 109.957895 0
18.371507 109.957895 0
18.443640 109.957895 0
18.516056 109.957895 0
18.588757 109.957895 0
18.661743 109.957895 0
18.735016 109.957895 0
18.808577 109.957895 0
18.882426 109.957895 0
18.956565 109.957895 0
19.030996 109.957895 0
19.105719 109.957895 0
19.180735 109.957895 0
19.256045 109.957895 0
19.331651 109.957895 0
19.407555 109.957895 0
19.483756 109.508134 0
19.560256 109.688038 0
19.637057 109.777990 0
19.714159 109.867943 0
19.791564 109.867943 0
19.869273 109.867943 0
19.947287 109.867943 0
20.025608 109.957895 0
20.104235 109.957895 0
20.183172 109.957895 0
20.262419 109.957895 0
20.341976 109.957895 0
20.421846 109.957895 0
20.502030 109.957895 0
20.582528 109.957895 0
20.663343 109.957895 0
20.744475 109.957895 0
20.825925 109.957895 0
20.907695 109.957895 0
20.989787 109.957895 0
21.072200 109.957895 0
21.154937 109.957895 0
21.237999 109.957895 0
21.321388 109.957895 0
21.405103 109.957895 0
21.489148 109.957895 0
21.573522 109.957895 0
21.658227 109.957895 0
21.743265 109.957895 0
21.828638 109.957895 0
21.914345 109.957895 0
22.000388 109.957895 0
22.086770 109.957895 0
22.173491 109.957895 0
22.260552 109.957895 0
22.347955 109.957895 0
22.435701 109.957895 0
22.523792 109.957895 0
22.612229 109.957895 0
22.701013 109.957895 0
22.790145 109.957895 0
22.879628 109.957895 0
22.969462 109.957895 0
23.059648 109.957895 0
23.150189 109.957895 0
23.241085 109.957895 0
23.332338 109.957895 0
23.423949 109.957895 0
23.608252 109.957895 0
23.700947 109.957895 0
23.794005 109.957895 0
23.887429 109.957895 0
23.981220 109.957895 0
24.075379 109.957895 0
24.169908 109.957895 0
24.264808 109.957895 0
24.360081 109.957895 0
24.455727 109.957895 0
24.551749 109.957895 0
24.648148 109.957895 0
24.744926 109.957895 0
24.842084 109.957895 0
24.939623 109.957895 0
25.037545 109.957895 0
25.135852 109.957895 0
25.234544 109.957895 0
25.333624 109.957895 0
25.433093 109.957895 0
25.532953 109.957895 0
25.633205 109.957895 0
25.733850 109.957895 0
25.834891 109.957895 0
25.936328 109.957895 0
26.038163 109.957895 0
26.140399 109.957895 0
26.243035 109.957895 0
26.346075 109.957895 0
26.449520 109.957895 0
26.553370 109.957895 0
26.657628 109.957895 0
26.762296 109.957895 0
26.867375 109.957895 0
26.972866 109.957895 0
27.078771 109.957895 0
27.185092 109.957895 0
27.291831 109.957895 0
27.398989 109.957895 0
27.506567 109.957895 0
27.614568 109.957895 0
27.722993 109.957895 0
27.831843 109.957895 0
27.941121 109.957895 0
28.050829 109.957895 0
28.160966 109.957895 0
28.271537 109.957895 0
28.382541 109.957895 0
28.493981 109.957895 0
28.605859 109.957895 0
28.718176 109.957895 0
28.830934 109.957895 0
28.944135 109.957895 0
29.057780 109.957895 0
29.171872 109.957895 0
29.286411 109.957895 0
29.401401 109.957895 0
29.516841 109.957895 0
29.632735 109.957895 0
29.749084 109.957895 0
29.865890 109.957895 0
29.983154 109.957895 0
30.100879 109.957895 0
30.219066 109.957895 0
30.337717 109.957895 0
30.456834 109.957895 0
30.576419 109.957895 0
30.696473 109.957895 0
30.816999 109.957895 0
30.937998 109.957895 0
31.059472 109.957895 0
31.181423 109.957895 0
31.303852 109.957895 0
31.426763 109.957895 0
31.550156 109.957895 0
31.674033 109.957895 0
31.798397 109.957895 0
31.923249 109.957895 0
32.048591 109.957895 0
32.174426 109.957895 0
32.300755 109.957895 0
32.427579 109.957895 0
32.554902 109.957895 0
32.682724 109.957895 0
32.811049 109.957895 0
32.939877 109.957895 0
33.069211 109.957895 0
33.199053 109.957895 0
33.329404 109.957895 0
33.460268 109.957895 0
33.591645 109.957895 0
33.723538 109.957895 0
33.855949 109.957895 0
33.988880 109.957895 0
34.122333 109.957895 0
34.256310 109.957895 0
34.390812 109.957895 0
34.525843 109.957895 0
34.661404 109.957895 0
34.797498 109.957895 0
34.934125 109.957895 0
35.071290 109.957895 0
35.208992 109.957895 0
35.347236 109.957895 0
35.486022 109.957895 0
35.625353 109.957895 0
35.765231 109.957895 0
35.905659 109.957895 0
36.046638 109.957895 0
36.188170 109.957895 0
36.330258 109.957895 0
36.472904 109.957895 0
36.616110 109.957895 0
36.759878 109.957895 0
36.904211 109.957895 0
37.049110 109.957895 0
37.194579 109.957895 0
37.340618 109.957895 0
37.487231 109.957895 0
37.634420 109.957895 0
37.782186 109.957895 0
37.930533 109.957895 0
38.079462 109.957895 0
38.228976 109.957895 0
38.379077 109.957895 0
38.529767 109.957895 0
38.681049 109.957895 0
38.832925 109.957895 0
38.985398 109.957895 0
39.138468 109.957895 0
39.292140 109.957895 0
39.446416 109.957895 0
39.601297 109.957895 0
39.756786 109.957895 0
39.912886 109.957895 0
40.069598 109.957895 0
40.226926 109.957895 0
40.384872 109.957895 0
40.543438 109.957895 0
40.702626 109.957895 0
40.862440 109.957895 0
41.022881 109.957895 0
41.183951 109.957895 0
41.345655 109.957895 0
41.507993 109.957895 0
41.670968 109.957895 0
41.834584 109.957895 0
41.998842 109.957895 0
42.163745 109.957895 0
42.329295 109.957895 0
42.495495 109.957895 0
42.662348 109.957895 0
42.829856 109.957895 0
42.998022 109.957895 0
43.166848 109.957895 0
43.336337 109.957895 0
43.506491 109.957895 0
43.677314 109.957895 0
43.848807 109.957895 0
44.020973 110.047847 0
44.193816 110.047847 0
44.367337 110.047847 0
44.541539 110.047847 0
44.716426 110.047847 0
44.891999 110.047847 0
45.068261 110.047847 0
45.245216 110.047847 0
45.422865 110.047847 0
45.601212 110.047847 0
45.780259 110.047847 0
45.960009 110.047847 0
46.140465 110.047847 0
46.321629 110.047847 0
46.503505 110.047847 0
46.686095 110.047847 0
46.869401 110.047847 0
47.053428 110.047847 0
47.238177 110.047847 0
47.423651 110.047847 0
47.609854 110.047847 0
47.796787 110.047847 0
47.984455 110.047847 0
48.172860 110.047847 0
48.362004 110.047847 0
48.551891 110.047847 0
48.742523 110.047847 0
48.933904 110.047847 0
49.126037 110.047847 0
49.318924 110.047847 0
49.512568 110.047847 0
49.706972 110.047847 0
49.902140 110.047847 0
50.098074 110.047847 0
50.294778 110.047847 0
50.492253 110.047847 0
50.690504 110.047847 0
50.889534 110.047847 0
51.089345 110.047847 0
51.289940 110.047847 0
51.491324 110.047847 0
51.693497 110.047847 0
51.896465 110.047847 0
52.100229 110.047847 0
52.304794 110.047847 0
52.510162 110.047847 0
52.716336 110.047847 0
52.923320 110.047847 0
53.131116 110.047847 0
53.339728 110.047847 0
53.549160 110.047847 0
53.759413 110.047847 0
53.970492 110.047847 0
54.182400 110.047847 0
54.395140 110.137799 0
54.608715 110.137799 0
54.823129 110.137799 0
55.038385 110.137799 0
55.254486 110.137799 0
55.471435 110.137799 0
55.689236 110.137799 0
55.907893 110.137799 0
56.127408 110.137799 0
56.347784 110.137799 0
56.569026 110.137799 0
56.791137 110.137799 0
57.014120 110.137799 0
57.237978 110.137799 0
57.462716 110.137799 0
57.688335 110.137799 0
57.914841 110.137799 0
58.142236 110.137799 0
58.370523 110.137799 0
58.599707 110.137799 0
58.829791 110.137799 0
59.060779 110.137799 0
59.292673 110.137799 0
59.525478 110.137799 0
59.759197 110.137799 0
59.993833 110.137799 0
60.229391 110.137799 0
60.465873 110.137799 0
60.703285 110.137799 0
60.941628 110.137799 0
61.180907 110.137799 0
61.421126 110.137799 0
61.662288 110.137799 0
61.904396 110.137799 0
62.147456 110.137799 0
62.391469 110.137799 0
62.636441 110.137799 0
62.882375 110.137799 0
63.129274 110.137799 0
63.377143 110.137799 0
63.625985 110.137799 0
63.875804 110.137799 0
64.126603 110.137799 0
64.378388 110.227751 0
64.631161 110.227751 0
64.884927 110.227751 0
65.139689 110.227751 0
65.395451 110.227751 0
65.652217 110.227751 0
65.909992 110.227751 0
66.168779 110.227751 0
66.428582 110.227751 0
66.689405 110.227751 0
66.951252 110.227751 0
67.214127 110.227751 0
67.478034 110.227751 0
67.742978 110.227751 0
68.008961 110.227751 0
68.275990 110.227751 0
68.544066 110.227751 0
68.813195 110.227751 0
69.083381 110.227751 0
69.354628 110.227751 0
69.626939 110.227751 0
69.900320 110.227751 0
70.174775 110.227751 0
70.450306 110.227751 0
70.726920 110.227751 0
71.004620 110.227751 0
71.283410 110.227751 0
71.563295 110.227751 0
71.844279 110.227751 0
72.126366 110.227751 0
72.409560 110.227751 0
72.693867 110.227751 0
72.979289 110.227751 0
73.265833 110.227751 0
73.553501 110.227751 0
73.842299 110.227751 0
74.132231 110.227751 0
74.423301 110.227751 0
74.715515 110.227751 0
75.008875 110.227751 0
75.303387 110.227751 0
75.599056 110.227751 0
75.895886 110.227751 0
76.193881 110.317703 0
76.493046 110.317703 0
76.793386 110.317703 0
77.094905 110.317703 0
77.397607 110.317703 0
77.701499 110.317703 0
78.006583 110.317703 0
78.312866 110.317703 0
78.620351 110.317703 0
78.929043 110.317703 0
79.238947 110.317703 0
79.550069 110.317703 0
79.862411 110.317703 0
80.175980 110.317703 0
80.490781 110.317703 0
80.806817 110.317703 0
81.124094 110.317703 0
81.442617 110.317703 0
81.762391 110.317703 0
82.083420 110.317703 0
82.405709 110.317703 0
82.729264 110.317703 0
83.054090 110.317703 0
83.380191 110.317703 0
83.707572 110.317703 0
84.036238 110.317703 0
84.366195 110.317703 0
84.697448 110.317703 0
85.030001 110.317703 0
85.363860 110.317703 0
85.699030 110.317703 0
86.035516 110.317703 0
86.373323 110.317703 0
86.712456 110.317703 0
87.052921 110.317703 0
87.394723 110.317703 0
87.737866 110.317703 0
88.082357 110.317703 0
88.428201 110.317703 0
88.775402 110.317703 0
89.123967 110.317703 0
89.473901 110.317703 0
89.825208 110.317703 0
90.177895 110.317703 0
90.531966 110.317703 0
90.887428 110.317703 0
91.244285 110.317703 0
91.602543 110.317703 0
91.962209 110.317703 0
92.323286 110.317703 0
92.685781 110.317703 0
93.049699 110.317703 0
93.415047 110.317703 0
93.781828 110.317703 0
94.150050 110.317703 0
94.519718 110.317703 0
94.890837 110.317703 0
95.263413 110.317703 0
95.637452 110.317703 0
96.012960 110.317703 0
96.389942 110.317703 0
96.768404 110.317703 0
97.148352 110.317703 0
97.529792 110.317703 0
97.912730 110.317703 0
98.297171 110.317703 0
98.683122 110.317703 0
99.070588 110.317703 0
99.459575 110.317703 0
99.850090 110.317703 0
100.242138 110.317703 0
100.635726 110.317703 0
101.030858 110.317703 0
101.427542 110.317703 0
101.825784 110.317703 0
102.225590 110.317703 0
102.626965 110.317703 0
103.029916 110.317703 0
103.434449 110.317703 0
103.840570 110.317703 0
104.248287 110.317703 0
104.657604 110.317703 0
105.068528 110.317703 0
105.481065 110.317703 0
105.895223 110.317703 0
106.311006 110.317703 0
106.728422 110.317703 0
107.147477 110.317703 0
107.568177 110.317703 0
107.990529 110.317703 0
108.414540 110.317703 0
108.840215 110.317703 0
109.267561 110.317703 0
109.696586 110.317703 0
110.127295 110.317703 0
110.559695 110.317703 0
110.993793 110.317703 0
111.429595 110.317703 0
111.867109 110.317703 0
112.306340 110.317703 0
112.747296 110.317703 0
113.189983 110.317703 0
113.634408 110.317703 0
114.080578 110.317703 0
114.528501 110.317703 0
114.978181 110.317703 0
115.429628 110.317703 0
115.882847 110.317703 0
116.337846 110.317703 0
116.794631 110.317703 0
117.253209 110.317703 0
117.713588 110.317703 0
118.175775 110.317703 0
118.639776 110.317703 0
119.105599 110.317703 0
119.573252 110.317703 0
120.042740 110.317703 0
120.514072 110.317703 0
120.987254 110.317703 0
121.462295 110.317703 0
121.939200 110.317703 0
122.417978 110.317703 0
122.898636 110.317703 0
123.381181 110.317703 0
123.865621 110.317703 0
124.351962 110.317703 0
124.840214 110.317703 0
125.330382 110.317703 0
125.822475 110.317703 0
126.316500 110.317703 0
126.812465 110.317703 0
127.310377 110.317703 0
127.810245 110.317703 0
128.312074 110.317703 0
128.815875 110.317703 0
129.321653 110.317703 0
129.829417 110.317703 0
130.339175 110.317703 0
130.850934 110.317703 0
131.364703 110.317703 0
131.880489 110.317703 0
132.398300 110.317703 0
132.918145 110.317703 0
133.440030 110.317703 0
133.963964 110.317703 0
134.489956 110.317703 0
135.018013 110.317703 0
135.548143 110.317703 0
136.080355 110.317703 0
136.614656 110.317703 0
137.151055 110.317703 0
137.689560 110.317703 0
138.230180 110.317703 0
138.772922 110.317703 0
139.317796 110.317703 0
139.864809 110.317703 0
140.413969 110.317703 0
140.965286 110.317703 0
141.518767 110.317703 0
142.074422 110.317703 0
142.632258 110.317703 0
143.192284 110.317703 0
143.754510 110.317703 0
144.318943 110.317703 0
144.885592 110.317703 0
145.454466 110.317703 0
146.025573 110.317703 0
146.598923 110.317703 0
147.174524 110.317703 0
147.752385 110.317703 0
148.332515 110.317703 0
148.914923 110.317703 0
149.499618 110.317703 0
150.086608 110.317703 0
150.675903 110.317703 0
151.267512 110.317703 0
151.861443 110.317703 0
152.457707 110.317703 0
153.056312 110.317703 0
153.657267 110.317703 0
154.260582 110.317703 0
154.866265 110.317703 0
155.474327 110.317703 0
156.084776 110.317703 0
156.697622 110.317703 0
157.312875 110.317703 0
157.930543 110.317703 0
158.550636 110.317703 0
159.173164 110.317703 0
159.798136 110.317703 0
160.425562 110.317703 0
161.055451 110.317703 0
161.687814 110.317703 0
162.322660 110.317703 0
162.959998 110.317703 0
163.599839 110.317703 0
164.242192 110.317703 0
164.887067 110.317703 0
165.534474 110.317703 0
166.184423 110.317703 0
166.836924 110.317703 0
167.491986 110.317703 0
168.149621 110.317703 0
168.809838 110.317703 0
169.472648 110.317703 0
170.138059 110.317703 0
170.806084 110.317703 0
171.476731 110.317703 0
172.150011 110.317703 0
172.825936 110.317703 0
173.504513 110.317703 0
174.185756 110.317703 0
174.869673 110.317703 0
175.556275 110.317703 0
176.245574 110.317703 0
176.937578 110.317703 0
177.632300 110.317703 0
178.329750 110.317703 0
179.029937 110.317703 0
179.732875 110.317703 0
180.438572 110.317703 0
181.147040 110.317703 0
181.858289 110.317703 0
182.572332 110.317703 0
183.289177 110.317703 0
184.008838 110.317703 0
184.731324 110.317703 0
185.456647 110.317703 0
186.184818 110.317703 0
186.915848 110.317703 0
187.649748 110.317703 0
188.386529 110.317703 0
189.126204 110.317703 0
189.868783 110.317703 0
190.614277 110.317703 0
191.362699 110.317703 0
192.114059 110.317703 0
192.868369 110.317703 0
193.625641 110.317703 0
194.385886 110.317703 0
195.149116 110.317703 0
195.915343 110.317703 0
196.684578 110.317703 0
197.456834 110.317703 0
198.232122 110.317703 0
199.010454 110.317703 0
199.791842 110.317703 0
200.576298 110.317703 0
201.363834 110.317703 0
202.154462 110.317703 0
202.948195 110.317703 0
203.745044 110.317703 0
204.545021 110.317703 0
205.348140 110.317703 0
206.154412 110.317703 0
206.963850 110.317703 0
207.776466 110.317703 0
208.592272 110.317703 0
209.411282 110.317703 0
210.233508 110.317703 0
211.058961 110.317703 0
211.887656 110.317703 0
212.719605 110.317703 0
213.554820 110.317703 0
214.393314 110.317703 0
215.235101 110.317703 0
216.080193 110.317703 0
216.928603 110.317703 0
217.780344 110.317703 0
218.635430 110.317703 0
219.493872 110.317703 0
220.355686 110.317703 0
221.220883 110.317703 0
222.089477 110.317703 0
222.961482 110.317703 0
223.836910 110.317703 0
224.715776 110.317703 0
225.598092 110.317703 0
226.483873 110.317703 0
227.373132 110.317703 0
228.265882 110.317703 0
229.162138 110.317703 0
230.061912 110.317703 0
230.965220 110.317703 0
231.872074 110.317703 0
232.782488 110.317703 0
233.696478 110.317703 0
234.614056 110.317703 0
235.535236 110.317703 0
236.460034 110.317703 0
237.388463 110.317703 0
238.320537 110.317703 0
239.256271 110.317703 0
240.195678 110.317703 0
241.138775 110.317703 0
242.085574 110.317703 0
243.036091 110.317703 0
243.990339 110.317703 0
244.948335 110.317703 0
245.910092 110.317703 0
246.875625 110.317703 0
247.844949 110.317703 0
248.818079 110.317703 0
249.795030 110.317703 0
250.775817 110.317703 0
251.760455 110.317703 0
252.748958 110.317703 0
253.741343 110.317703 0
254.737625 110.317703 0
255.737818 110.317703 0
256.741939 110.317703 0
257.750002 110.317703 0
258.762022 110.317703 0
259.778017 110.317703 0
260.798001 110.317703 0
261.821989 110.317703 0
262.849998 110.317703 0
263.882044 110.317703 0
264.918141 110.317703 0
265.958307 110.317703 0
267.002557 110.317703 0
268.050907 110.317703 0
269.103373 110.317703 0
270.159971 110.317703 0
271.220718 110.317703 0
272.285630 110.317703 0
273.354723 110.317703 0
274.428014 110.317703 0
275.505519 110.317703 0
276.587255 110.317703 0
277.673238 110.317703 0
278.763484 110.317703 0
279.858012 110.317703 0
280.956837 110.317703 0
282.059977 110.317703 0
283.167447 110.317703 0
284.279267 110.317703 0
285.395451 110.317703 0
286.516018 110.317703 0
287.640985 110.317703 0
288.770369 110.317703 0
289.904187 110.317703 0
291.042457 110.317703 0
292.185197 110.317703 0
293.332423 110.317703 0
294.484153 110.317703 0
295.640406 110.317703 0
296.801199 110.317703 0
297.966549 110.317703 0
299.136475 110.317703 0
300.310994 110.317703 0
301.490125 110.317703 0
302.673886 110.317703 0
303.862295 110.317703 0
305.055369 110.317703 0
306.253128 110.317703 0
307.455590 110.317703 0
308.662774 110.317703 0
309.874697 110.317703 0
311.091379 110.317703 0
312.312837 110.317703 0
313.539092 110.317703 0
314.770161 110.317703 0
316.006064 110.317703 0
317.246820 110.317703 0
318.492447 110.317703 0
319.742965 110.317703 0
320.998393 110.317703 0
322.258751 110.317703 0
323.524056 110.317703 0
324.794330 110.317703 0
326.069592 110.317703 0
327.349861 110.317703 0
328.635156 110.317703 0
329.925498 110.317703 0
331.220907 110.317703 0
332.521401 110.317703 0
333.827002 110.317703 0
335.137729 110.317703 0
336.453603 110.317703 0
337.774643 110.317703 0
339.100870 110.317703 0
340.432304 110.317703 0
341.768966 110.317703 0
343.110876 110.317703 0
344.458055 110.227751 0
345.810524 110.227751 0
347.168303 110.227751 0
348.531413 110.227751 0
349.899875 110.227751 0
351.273710 110.227751 0
352.652939 110.227751 0
354.037584 110.227751 0
355.427665 110.227751 0
356.823205 110.227751 0
358.224223 110.227751 0
359.630743 110.227751 0
361.042785 110.227751 0
362.460371 110.227751 0
363.883523 110.137799 0
365.312263 110.137799 0
366.746613 110.137799 0
368.186595 110.137799 0
369.632230 110.137799 0
371.083542 110.137799 0
372.540552 110.137799 0
374.003283 110.137799 0
375.471756 110.137799 0
376.945996 110.137799 0
378.426024 110.137799 0
379.911863 110.137799 0
381.403537 110.137799 0
382.901067 110.137799 0
384.404477 110.047847 0
385.913789 110.047847 0
387.429028 110.047847 0
388.950217 110.047847 0
390.477378 110.047847 0
392.010535 110.047847 0
393.549712 110.047847 0
395.094932 109.957895 0
396.646220 109.957895 0
398.203598 109.957895 0
399.767092 109.957895 0
401.336724 109.957895 0
402.912519 109.957895 0
404.494501 109.957895 0
406.082695 109.957895 0
407.677124 109.957895 0
409.277814 109.957895 0
410.884788 109.957895 0
412.498073 109.867943 0
414.117691 109.867943 0
415.743669 109.867943 0
417.376031 109.867943 0
419.014802 109.867943 0
420.660008 109.867943 0
422.311673 109.867943 0
423.969824 109.867943 0
425.634485 109.777990 0
427.305681 109.777990 0
428.983440 109.777990 0
430.667786 109.777990 0
432.358746 109.777990 0
434.056345 109.777990 0
435.760609 109.777990 0
437.471565 109.777990 0
439.189238 109.777990 0
440.913656 109.777990 0
442.644845 109.777990 0
444.382831 109.688038 0
446.127641 109.688038 0
447.879301 109.688038 0
449.637839 109.688038 0
451.403282 109.688038 0
453.175657 109.688038 0
454.954991 109.688038 0
456.741311 109.688038 0
458.534645 109.598086 0
460.335020 109.598086 0
462.142464 109.598086 0
463.957004 109.598086 0
465.778669 109.598086 0
467.607487 109.598086 0
469.443485 109.598086 0
471.286693 109.598086 0
473.137137 109.598086 0
474.994847 109.508134 0
476.859850 109.508134 0
478.732177 109.508134 0
480.611855 109.508134 0
482.498913 109.508134 0
484.393381 109.508134 0
486.295287 109.508134 0
488.204660 109.508134 0
490.121530 109.508134 0
492.045927 109.508134 0
493.977880 109.418182 0
495.917418 109.418182 0
497.864571 109.418182 0
499.819370 109.418182 0
501.781844 109.418182 0
503.752024 109.418182 0
505.729939 109.418182 0
507.715620 109.328230 0
509.709097 109.328230 0
511.710402 109.328230 0
513.719565 109.328230 0
515.736616 109.328230 0
517.761587 109.328230 0
519.794508 109.328230 0
521.835412 109.238278 0
523.884329 109.238278 0
525.941291 109.238278 0
528.006329 109.238278 0
530.079476 109.238278 0
532.160762 109.238278 0
534.250220 109.238278 0
536.347882 109.148325 0
538.453780 109.148325 0
540.567947 109.148325 0
542.690415 109.148325 0
544.821217 109.148325 0
546.960384 109.148325 0
549.107951 109.148325 0
551.263950 109.148325 0
553.428414 109.148325 0
555.601377 109.148325 0
557.782872 109.058373 0
559.972932 109.058373 0
562.171591 109.058373 0
564.378882 109.058373 0
566.594841 109.058373 0
568.819500 109.058373 0
571.052893 109.058373 0
573.295056 109.058373 0
575.546023 109.058373 0
577.805827 108.968421 0
580.074505 108.968421 0
582.352090 108.968421 0
584.638618 108.968421 0
586.934123 108.968421 0
589.238641 108.968421 0
591.552208 108.878469 0
593.874859 108.878469 0
596.206629 108.878469 0
598.547555 108.878469 0
600.897672 108.878469 0
603.257016 108.878469 0
605.625625 108.878469 0
608.003533 108.878469 0
610.390777 108.788517 0
612.787395 108.788517 0
615.193423 108.788517 0
617.608898 108.788517 0
620.033857 108.788517 0
622.468337 108.788517 0
624.912376 108.788517 0
627.366011 108.698565 0
629.829279 108.698565 0
632.302220 108.698565 0
634.784870 108.698565 0
637.277268 108.698565 0
639.779452 108.698565 0
642.291461 108.698565 0
644.813332 108.698565 0
647.345106 108.698565 0
649.886820 108.698565 0
652.438514 108.698565 0
655.000226 108.608612 0
657.571997 108.608612 0
660.153866 108.608612 0
662.745872 108.608612 0
665.348055 108.608612 0
667.960455 108.608612 0
670.583113 108.608612 0
673.216068 108.518660 0
675.859361 108.518660 0
678.513032 108.518660 0
681.177123 108.518660 0
683.851674 108.518660 0
686.536726 108.518660 0
689.232321 108.518660 0
691.938500 108.518660 0
694.655304 108.518660 0
697.382775 108.518660 0
700.120955 108.518660 0
702.869887 108.428708 0
705.629612 108.428708 0
708.400172 108.428708 0
711.181611 108.428708 0
713.973970 108.428708 0
716.777294 108.428708 0
719.591624 108.428708 0
722.417004 108.428708 0
725.253478 108.428708 0
728.101089 108.428708 0
730.959881 108.428708 0
733.829897 108.428708 0
736.711182 108.428708 0
739.603780 108.428708 0
742.507736 108.338756 0
745.423093 108.338756 0
748.349897 108.338756 0
751.288193 108.338756 0
754.238026 108.338756 0
757.199441 108.338756 0
760.172483 108.338756 0
763.157199 108.338756 0
766.153634 108.338756 0
769.161834 108.338756 0
772.181845 108.338756 0
775.213714 108.338756 0
778.257487 108.338756 0
781.313211 108.338756 0
784.380933 108.338756 0
787.460700 108.338756 0
790.552559 108.338756 0
793.656558 108.338756 0
796.772745 108.338756 0
799.901167 108.338756 0
803.041872 108.338756 0
806.194908 108.338756 0
809.360325 108.338756 0
812.538170 108.338756 0
815.728493 108.338756 0
818.931342 108.338756 0
822.146766 108.338756 0
825.374816 108.338756 0
828.615540 108.338756 0
831.868988 108.338756 0
835.135210 108.338756 0
838.414257 108.338756 0
841.706179 108.338756 0
845.011026 108.338756 0
848.328849 108.338756 0
851.659699 108.338756 0
855.003627 108.338756 0
858.360684 108.338756 0
861.730923 108.338756 0
865.114394 108.338756 0
868.511150 108.338756 0
871.921243 108.338756 0
875.344726 108.338756 0
878.781650 108.338756 0
882.232068 108.338756 0
885.696035 108.338756 0
889.173602 108.338756 0
892.664823 108.338756 0
896.169753 108.338756 0
899.688443 108.338756 0
903.220950 108.338756 0
906.767326 108.338756 0
910.327627 108.338756 0
913.901907 108.338756 0
917.490221 108.338756 0
921.092624 108.338756 0
924.709171 108.338756 0
928.339918 108.338756 0
931.984920 108.338756 0
935.644235 108.338756 0
939.317917 108.338756 0
943.006023 108.338756 0
946.708610 108.338756 0
950.425735 108.338756 0
954.157455 108.338756 0
957.903827 108.338756 0
961.664908 108.338756 0
965.440757 108.338756 0
969.231431 108.338756 0
973.036989 108.338756 0
976.857489 108.338756 0
980.692989 108.338756 0
984.543549 108.338756 0
988.409228 108.338756 0
992.290085 108.338756 0
996.186179 108.338756 0
1000.097571 108.338756 0
1004.024321 108.338756 0
1007.966488 108.338756 0
1011.924134 108.338756 0
1015.897319 108.338756 0
1019.886104 108.338756 0
1023.890551 108.338756 0
1027.910720 108.338756 0
1031.946674 108.338756 0
1035.998475 108.338756 0
1040.066185 108.338756 0
1044.149866 108.338756 0
1048.249581 108.338756 0
1052.365392 108.338756 0
1056.497365 108.428708 0
1060.645560 108.428708 0
1064.810044 108.428708 0
1068.990878 108.428708 0
1073.188128 108.428708 0
1077.401858 108.518660 0
1081.632132 108.518660 0
1085.879016 108.518660 0
1090.142575 108.518660 0
1094.422874 108.608612 0
1098.719980 108.608612 0
1103.033957 108.608612 0
1107.364872 108.608612 0
1111.712793 108.698565 0
1116.077784 108.698565 0
1120.459915 108.698565 0
1124.859251 108.788517 0
1129.275861 108.788517 0
1133.709811 108.788517 0
1138.161172 108.788517 0
1142.630009 108.878469 0
1147.116393 108.878469 0
1151.620393 108.878469 0
1156.142076 108.878469 0
1160.681514 108.878469 0
1165.238775 108.968421 0
1169.813929 108.968421 0
1174.407047 108.968421 0
1179.018200 109.058373 0
1183.647457 109.058373 0
1188.294891 109.058373 0
1192.960572 109.058373 0
1197.644572 109.148325 0
1202.346964 109.148325 0
1207.067819 109.148325 0
1211.807209 109.148325 0
1216.565208 109.238278 0
1221.341889 109.238278 0
1226.137325 109.238278 0
1230.951589 109.238278 0
1235.784756 109.328230 0
1240.636900 109.328230 0
1245.508095 109.328230 0
1250.398416 109.328230 0
1255.307939 109.328230 0
1260.236738 109.418182 0
1265.184889 109.418182 0
1270.152468 109.418182 0
1275.139552 109.418182 0
1280.146218 109.418182 0
1285.172541 109.418182 0
1290.218599 109.508134 0
1295.284470 109.508134 0
1300.370231 109.508134 0
1305.475961 109.508134 0
1310.601738 109.508134 0
1315.747641 109.508134 0
1320.913749 109.598086 0
1326.100140 109.598086 0
1331.306895 109.598086 0
1336.534094 109.598086 0
1341.781816 109.598086 0
1347.050143 109.688038 0
1352.339156 109.688038 0
1357.648935 109.688038 0
1362.979562 109.688038 0
1368.331119 109.688038 0
1373.703689 109.777990 0
1379.097353 109.777990 0
1384.512194 109.777990 0
1389.948296 109.777990 0
1395.405743 109.777990 0
1400.884617 109.777990 0
1406.385003 109.777990 0
1411.906986 109.867943 0
1417.450650 109.867943 0
1423.016081 109.867943 0
1428.603364 109.867943 0
1434.212584 109.867943 0
1439.843828 109.867943 0
1445.497183 109.867943 0
1451.172734 109.957895 0
1456.870570 109.957895 0
1462.590778 109.957895 0
1468.333445 109.957895 0
1474.098660 109.957895 0
1479.886512 109.957895 0
1485.697089 110.047847 0
1491.530480 110.047847 0
1497.386775 110.047847 0
1503.266064 110.047847 0
1509.168437 110.047847 0
1515.093986 110.137799 0
1521.042800 110.137799 0
1527.014971 110.137799 0
1533.010592 110.137799 0
1539.029753 110.137799 0
1545.072548 110.227751 0
1551.139069 110.227751 0
1557.229409 110.227751 0
1563.343662 110.227751 0
1569.481922 110.227751 0
1575.644284 110.317703 0
1581.830840 110.317703 0
1588.041688 110.317703 0
1594.276921 110.317703 0
1600.536637 110.317703 0
1606.820930 110.407656 0
1613.129898 110.407656 0
1619.463637 110.407656 0
1625.822245 110.407656 0
1632.205819 110.497608 0
1638.614457 110.497608 0
1645.048257 110.497608 0
1651.507320 110.497608 0
1657.991743 110.587560 0
1664.501626 110.587560 0
1671.037069 110.587560 0
1677.598173 110.587560 0
1684.185038 110.677512 0
1690.797766 110.677512 0
1697.436457 110.677512 0
1704.101215 110.677512 0
1710.792141 110.767464 0
1717.509337 110.767464 0
1724.252908 110.767464 0
1731.022957 110.857416 0
1737.819588 110.857416 0
1744.642904 110.947368 0
1751.493011 110.947368 0
1758.370015 110.947368 0
1765.274020 111.037321 0
1772.205132 111.037321 0
1779.163459 111.127273 0
1786.149107 111.127273 0
1793.162183 111.127273 0
1800.202795 111.217225 0
1807.271050 111.217225 0
1814.367059 111.217225 0
1821.490929 111.307177 0
1828.642770 111.307177 0
1835.822691 111.307177 0
1843.030804 111.397129 0
1850.267218 111.487081 0
1857.532045 111.487081 0
1864.825397 111.487081 0
1872.147384 111.577033 0
1879.498121 111.666986 0
1886.877719 111.666986 0
1894.286293 111.756938 0
1901.723955 111.846890 0
1909.190820 111.936842 0
1916.687003 111.936842 0
1924.212618 112.026794 0
1931.767782 112.116746 0
1939.352610 112.116746 0
1946.967219 112.206699 0
1954.611726 112.206699 0
1962.286248 112.296651 0
1969.990903 112.386603 0
1977.725809 112.386603 0
1985.491085 112.476555 0
1993.286850 112.476555 0
2001.113225 112.566507 0
2008.970329 112.566507 0
2016.858283 112.656459 0
2024.777207 112.746411 0
2032.727224 112.836364 0
2040.708456 112.836364 0
2048.721026 112.926316 0
2056.765055 113.016268 0
2064.840668 113.106220 0
2072.947989 113.196172 0
2081.087143 113.196172 0
2089.258253 113.286124 0
2097.461447 113.376077 0
2105.696849 113.466029 0
2113.964587 113.555981 0
2122.264786 113.645933 0
2130.597575 113.735885 0
2138.963082 113.825837 0
2147.361435 113.825837 0
2155.792763 113.915789 0
2164.257195 114.095694 0
2172.754862 114.185646 0
2181.285894 114.275598 0
2189.850421 114.365550 0
2198.448577 114.455502 0
2207.080491 114.545455 0
2215.746298 114.635407 0
2224.446130 114.815311 0
2233.180121 114.905263 0
2241.948404 114.995215 0
2250.751115 115.085167 0
2259.588389 115.175120 0
2268.460361 115.355024 0
2277.367167 115.444976 0
2286.308945 115.534928 0
2295.285832 115.624880 0
2304.297965 115.804785 0
2313.345483 115.894737 0
2322.428525 116.074641 0
2331.547231 116.164593 0
2340.701740 116.344498 0
2349.892192 116.434450 0
2359.118730 116.614354 0
2368.381495 116.704306 0
2377.680628 116.794258 0
2387.016274 116.974163 0
2396.388574 117.064115 0
2405.797674 117.244019 0
2415.243717 117.333971 0
2424.726849 117.513876 0
2434.247215 117.603828 0
2443.804962 117.783732 0
2453.400235 117.963636 0
2463.033184 118.053589 0
2472.703955 118.143541 0
2482.412696 118.323445 0
2492.159558 118.413397 0
2501.944690 118.593301 0
2511.768242 118.683254 0
2521.630364 118.773206 0
2531.531209 118.863158 0
2541.470928 118.953110 0
2551.449674 119.043062 0
2561.467600 119.043062 0
2571.524861 119.043062 0
2581.621610 119.043062 0
2591.758002 119.043062 0
2601.934194 119.043062 0
2612.150341 119.043062 0
2622.406600 119.043062 0
2632.703130 119.043062 0
2643.040087 119.043062 0
2653.417631 119.043062 0
2663.835920 119.043062 0
2674.295116 119.043062 0
2684.795379 119.043062 0
2695.336869 119.043062 0
2705.919750 118.953110 0
2716.544182 118.863158 0
2727.210330 118.683254 0
2737.918357 118.503349 0
2748.668428 118.323445 0
2759.460707 118.143541 0
2770.295361 117.963636 0
2781.172556 117.693780 0
2792.092458 117.603828 0
2803.055237 117.333971 0
2814.061059 117.154067 0
2825.110093 116.974163 0
2836.202511 116.704306 0
2847.338481 116.434450 0
2858.518175 116.254545 0
2869.741765 116.074641 0
2881.009423 115.894737 0
2892.321322 115.624880 0
2903.677635 115.355024 0
2915.078537 115.085167 0
2926.524204 114.905263 0
2938.014810 114.725359 0
2949.550533 114.455502 0
2961.131549 114.185646 0
2972.758037 114.005742 0
2984.430174 113.825837 0
2996.148141 113.555981 0
3007.912116 113.376077 0
3019.722281 113.196172 0
3031.578817 112.926316 0
3043.481907 112.746411 0
3055.431732 112.476555 0
3067.428476 112.296651 0
3079.472325 112.116746 0
3091.563461 111.846890 0
3103.702072 111.666986 0
3115.888344 111.397129 0
3128.122463 111.217225 0
3140.404618 111.037321 0
3152.734998 110.857416 0
3165.113791 110.677512 0
3177.541187 110.407656 0
3190.017378 110.227751 0
3202.542555 110.047847 0
3215.116911 109.867943 0
3227.740638 109.688038 0
3240.413930 109.508134 0
3253.136983 109.328230 0
3265.909991 109.148325 0
3278.733150 108.968421 0
3291.606658 108.788517 0
3304.530712 108.608612 0
3317.505510 108.428708 0
3330.531253 108.248804 0
3343.608139 108.068900 0
3356.736369 107.888995 0
3369.916146 107.709091 0
3383.147672 107.439234 0
3396.431149 107.259330 0
3409.766783 107.079426 0
3423.154777 106.899522 0
3436.595337 106.719617 0
3450.088669 106.539713 0
3463.634981 106.359809 0
3477.234482 106.269856 0
3490.887378 106.089952 0
3504.593881 105.910048 0
3518.354201 105.820096 0
3532.168549 105.640191 0
3546.037137 105.460287 0
3559.960178 105.280383 0
3573.937886 105.190431 0
3587.970476 105.010526 0
3602.058163 104.830622 0
3616.201163 104.740670 0
3630.399694 104.560766 0
3644.653973 104.380861 0
3658.964220 104.290909 0
3673.330655 104.111005 0
3687.753497 104.021053 0
3702.232968 103.841148 0
3716.769292 103.661244 0
3731.362690 103.571292 0
3746.013387 103.481340 0
3760.721608 103.391388 0
3775.487579 103.301435 0
3790.311527 103.211483 0
3805.193679 103.121531 0
3820.134264 103.031579 0
3835.133511 102.941627 0
3850.191650 102.851675 0
3865.308913 102.761722 0
3880.485533 102.761722 0
3895.721741 102.671770 0
3911.017772 102.671770 0
3926.373861 102.671770 0
3941.790243 102.671770 0
3957.267156 102.581818 0
3972.804837 102.581818 0
3988.403525 102.581818 0
4004.063458 102.581818 0
4019.784879 102.491866 0
4035.568027 102.491866 0
4051.413146 102.401914 0
4067.320478 102.401914 0
4083.290269 102.401914 0
4099.322763 102.311962 0
4115.418206 102.311962 0
4131.576846 102.222010 0
4147.798931 102.132057 0
4164.084709 102.132057 0
4180.434432 102.042105 0
4196.848349 101.952153 0
4213.326713 101.952153 0
4229.869778 101.862201 0
4246.477797 101.772249 0
4263.151025 101.682297 0
4279.889718 101.592344 0
4296.694133 101.502392 0
4313.564529 101.412440 0
4330.501164 101.322488 0
4347.504298 101.232536 0
4364.574193 101.142584 0
4381.711110 101.052632 0
4398.915314 100.962679 0
4416.187067 100.872727 0
4433.526636 100.782775 0
4450.934286 100.692823 0
4468.410285 100.602871 0
4485.954901 100.512919 0
4503.568404 100.422967 0
4521.251064 100.243062 0
4539.003152 100.153110 0
4556.824942 100.063158 0
4574.716706 99.973206 0
4592.678720 99.883254 0
4610.711260 99.703349 0
4628.814602 99.613397 0
4646.989024 99.523445 0
4665.234806 99.433493 0
4683.552227 99.343541 0
4701.941569 99.253589 0
4720.403115 99.163636 0
4738.937147 99.073684 0
4757.543951 98.983732 0
4776.223812 98.803828 0
4794.977017 98.713876 0
4813.803853 98.623923 0
4832.704611 98.533971 0
4851.679580 98.444019 0
4870.729052 98.354067 0
4889.853319 98.174163 0
4909.052675 98.084211 0
4928.327415 97.994258 0
4947.677834 97.904306 0
4967.104230 97.814354 0
4986.606902 97.724402 0
5006.186148 97.634450 0
5025.842269 97.544498 0
5045.575567 97.454545 0
5065.386346 97.364593 0
5085.274909 97.274641 0
5105.241561 97.184689 0
5125.286610 97.094737 0
5145.410364 97.004785 0
5165.613130 96.914833 0
5185.895220 96.824880 0
5206.256945 96.824880 0
5226.698618 96.734928 0
5247.220552 96.644976 0
5267.823062 96.555024 0
5288.506466 96.465072 0
5309.271080 96.375120 0
5330.117224 96.285167 0
5351.045217 96.195215 0
5372.055382 96.105263 0
5393.148040 96.015311 0
5414.323515 95.925359 0
5435.582133 95.835407 0
5456.924220 95.745455 0
5478.350104 95.655502 0
5499.860114 95.565550 0
5521.454580 95.475598 0
5543.133834 95.385646 0
5564.898209 95.295694 0
5586.748038 95.295694 0
5608.683658 95.205742 0
5630.705406 95.115789 0
5652.813618 95.025837 0
5675.008636 94.935885 0
5697.290799 94.845933 0
5719.660451 94.755981 0
5742.117934 94.666029 0
5764.663593 94.666029 0
5787.297774 94.576077 0
5810.020826 94.576077 0
5832.833097 94.486124 0
5855.734937 94.396172 0
5878.726698 94.396172 0
5901.808733 94.306220 0
5924.981397 94.216268 0
5948.245045 94.126316 0
5971.600034 94.126316 0
5995.046724 94.036364 0
6018.585475 93.946411 0
6042.216646 93.946411 0
6065.940603 93.856459 0
6089.757709 93.766507 0
6113.668329 93.766507 0
6137.672831 93.676555 0
6161.771584 93.676555 0
6185.964957 93.586603 0
6210.253322 93.496651 0
6234.637052 93.496651 0
6259.116522 93.406699 0
6283.692107 93.316746 0
6308.364184 93.316746 0
6333.133134 93.226794 0
6357.999335 93.226794 0
6382.963170 93.136842 0
6408.025023 93.136842 0
6433.185277 93.046890 0
6458.444320 92.956938 0
6483.802539 92.956938 0
6509.260323 92.866986 0
6534.818064 92.866986 0
6560.476155 92.777033 0
6586.234988 92.777033 0
6612.094960 92.777033 0
6638.056468 92.687081 0
6664.119910 92.687081 0
6690.285686 92.597129 0
6716.554200 92.597129 0
6742.925853 92.507177 0
6769.401050 92.507177 0
6795.980199 92.417225 0
6822.663708 92.417225 0
6849.451986 92.327273 0
6876.345444 92.327273 0
6903.344496 92.327273 0
6930.449556 92.237321 0
6957.661040 92.237321 0
6984.979367 92.147368 0
7012.404956 92.147368 0
7039.938227 92.057416 0
7067.579604 91.967464 0
7095.329512 91.967464 0
7123.188375 91.877512 0
7151.156623 91.877512 0
7179.234684 91.787560 0
7207.422990 91.787560 0
7235.721974 91.697608 0
7264.132070 91.697608 0
7292.653714 91.607656 0
7321.287345 91.607656 0
7350.033402 91.517703 0
7378.892326 91.427751 0
7407.864561 91.427751 0
7436.950552 91.337799 0
7466.150745 91.337799 0
7495.465589 91.337799 0
7524.895533 91.337799 0
7554.441030 91.337799 0
7584.102534 91.337799 0
7613.880500 91.337799 0
7643.775384 91.337799 0
7673.787647 91.337799 0
7703.917750 91.337799 0
7734.166154 91.337799 0
7764.533324 91.337799 0
7795.019727 91.337799 0
7825.625831 91.337799 0
7856.352105 91.337799 0
7887.199023 91.337799 0
7918.167056 91.337799 0
7949.256681 91.337799 0
7980.468376 91.337799 0
8011.802619 91.337799 0
8043.259892 91.337799 0
8074.840678 91.337799 0
8106.545461 91.337799 0
8138.374729 91.337799 0
8170.328970 91.337799 0
8202.408676 91.337799 0
8234.614338 91.337799 0
8266.946451 91.337799 0
8299.405512 91.337799 0
8331.992019 91.337799 0
8364.706473 91.337799 0
8397.549376 91.427751 0
8430.521232 91.427751 0
8463.622547 91.427751 0
8496.853831 91.517703 0
8530.215592 91.517703 0
8563.708345 91.607656 0
8597.332601 91.697608 0
8631.088880 91.697608 0
8664.977697 91.787560 0
8698.999575 91.877512 0
8733.155035 91.877512 0
8767.444601 91.967464 0
8801.868802 92.057416 0
8836.428164 92.057416 0
8871.123219 92.147368 0
8905.954499 92.237321 0
8940.922540 92.327273 0
8976.027878 92.417225 0
9011.271053 92.417225 0
9046.652605 92.507177 0
9082.173078 92.687081 0
9117.833017 92.687081 0
9153.632971 92.866986 0
9189.573488 92.956938 0
9225.655121 93.046890 0
9261.878423 93.136842 0
9298.243952 93.226794 0
9334.752265 93.316746 0
9371.403923 93.406699 0
9408.199489 93.496651 0
9445.139527 93.676555 0
9482.224606 93.856459 0
9519.455294 93.946411 0
9556.832164 94.126316 0
9594.355789 94.216268 0
9632.026746 94.306220 0
9669.845612 94.396172 0
9707.812969 94.576077 0
9745.929400 94.755981 0
9784.195490 94.935885 0
9822.611827 95.115789 0
9861.179000 95.295694 0
9899.897603 95.385646 0
9938.768228 95.475598 0
9977.791474 95.655502 0
10016.967940 95.835407 0
10056.298226 96.015311 0
10095.782938 96.285167 0
10135.422681 96.555024 0
10175.218065 96.734928 0
10215.169699 96.914833 0
10255.278199 97.184689 0
10295.544179 97.364593 0
10335.968258 97.634450 0
10376.551057 97.904306 0
10417.293198 98.084211 0
10458.195309 98.354067 0
10499.258016 98.533971 0
10540.481950 98.803828 0
10581.867744 99.073684 0
10623.416035 99.433493 0
10665.127459 99.703349 0
10707.002657 99.973206 0
10749.042273 100.243062 0
10791.246952 100.602871 0
10833.617341 101.052632 0
10876.154093 101.322488 0
10918.857859 101.682297 0
10961.729296 102.042105 0
11004.769062 102.401914 0
11047.977818 102.761722 0
11091.356227 103.121531 0
11134.904956 103.481340 0
11178.624673 103.841148 0
11222.516050 104.290909 0
11266.579760 104.830622 0
11310.816481 105.190431 0
11355.226891 105.460287 0
11399.811672 105.820096 0
11444.571510 106.269856 0
11489.507092 106.539713 0
11534.619107 106.719617 0
11579.908248 106.899522 0
11625.375211 106.989474 0
11671.020694 106.989474 0
11716.845398 106.989474 0
11762.850026 106.989474 0
11809.035286 106.989474 0
11855.401885 106.989474 0
11901.950537 106.989474 0
11948.681956 106.989474 0
11995.596860 106.989474 0
12042.695969 106.989474 0
12089.980006 106.989474 0
12137.449698 106.899522 0
12185.105773 106.629665 0
12232.948963 106.269856 0
12280.980003 106.000000 0
12329.199631 105.640191 0
12377.608586 105.460287 0
12426.207613 105.190431 0
12474.997458 104.920574 0
12523.978869 104.830622 0
12573.152599 104.650718 0
12622.519403 104.470813 0
12672.080040 104.290909 0
12721.835270 104.200957 0
12771.785857 104.111005 0
12821.932568 104.111005 0
12872.276173 104.111005 0
12922.817446 104.111005 0
12973.557163 104.111005 0
13024.496102 104.111005 0
13075.635047 104.111005 0
13126.974781 104.111005 0
13178.516094 104.111005 0
13230.259777 104.111005 0
13282.206625 104.111005 0
13334.357436 104.111005 0
13386.713009 104.111005 0
13439.274150 104.111005 0
13492.041664 104.111005 0
13545.016364 104.200957 0
13598.199061 104.200957 0
13651.590574 104.200957 0
13705.191721 104.200957 0
13759.003325 104.200957 0
13813.026214 104.200957 0
13867.261217 104.200957 0
13921.709166 104.200957 0
13976.370897 104.200957 0
14031.247251 104.200957 0
14086.339069 104.200957 0
14141.647198 104.111005 0
14197.172487 103.841148 0
14252.915788 103.481340 0
14308.877958 103.211483 0
14365.059856 102.851675 0
14421.462345 102.401914 0
14478.086291 101.772249 0
14534.932563 101.412440 0
14592.002034 100.962679 0
14649.295581 100.422967 0
14706.814083 100.063158 0
14764.558424 98.084211 0
14822.529491 98.084211 0
14880.728173 97.994258 0
14939.155365 97.544498 0
14997.811963 96.824880 0
15056.698868 96.285167 0
15115.816985 95.835407 0
15175.167222 95.475598 0
15234.750489 94.935885 0
15294.567702 94.486124 0
15354.619779 94.036364 0
15414.907643 93.586603 0
15475.432218 93.226794 0
15536.194436 92.956938 0
15597.195228 92.417225 0
15658.435532 92.057416 0
15719.916288 91.697608 0
15781.638439 91.427751 0
15843.602935 90.977990 0
15905.810725 90.708134 0
15968.262767 90.438278 0
16030.960018 90.168421 0
16093.903441 89.988517 0
16157.094003 89.628708 0
16220.532675 89.358852 0
16284.220430 89.088995 0
16348.158246 88.819139 0
16412.347106 88.639234 0
16476.787995 88.459330 0
16541.481902 88.189474 0
16606.429821 88.009569 0
16671.632750 87.919617 0
16737.091689 87.739713 0
16802.807644 87.649761 0
16868.781624 87.559809 0
16935.014642 87.469856 0
17001.507715 87.379904 0
17068.261864 87.379904 0
17135.278114 87.379904 0
17202.557495 87.379904 0
17270.101039 87.379904 0
17337.909784 87.379904 0
17405.984771 87.379904 0
17474.327045 87.379904 0
17542.937656 87.379904 0
17611.817658 87.379904 0
17680.968108 87.379904 0
17750.390067 87.379904 0
17820.084603 87.469856 0
17890.052785 87.739713 0
17960.295688 87.919617 0
18030.814390 88.189474 0
18101.609974 88.279426 0
18172.683528 88.459330 0
18244.036142 88.729187 0
18315.668913 88.909091 0
18387.582941 89.178947 0
18459.779329 89.358852 0
18532.259187 89.538756 0
18605.023628 89.718660 0
18678.073768 89.898565 0
18751.410730 89.898565 0
18825.035639 89.898565 0
18898.949627 89.898565 0
18973.153829 89.898565 0
19047.649383 89.898565 0
19122.437434 89.898565 0
19197.519131 89.898565 0
19272.895625 89.898565 0
19348.568076 89.898565 0
19424.537644 89.898565 0
19500.805496 89.898565 0
19577.372804 89.898565 0
19654.240744 89.718660 0
19731.410495 89.088995 0
19808.883243 88.369378 0
19964.742492 86.210526 0
20043.131387 85.490909 0
20121.828065 83.422010 0
20200.833735 82.162679 0
20280.149611 81.083254 0
20359.776909 80.813397 0
