9.299480 90.174640 0
9.332227 90.174640 0
9.365089 90.174640 0
9.398067 90.174640 0
9.431160 90.174640 0
9.464371 90.174640 0
9.497698 90.174640 0
9.531143 90.174640 0
9.564705 90.174640 0
9.598386 90.174640 0
9.632185 90.174640 0
9.666103 90.174640 0
9.700140 90.174640 0
9.734298 90.174640 0
9.768576 90.174640 0
9.802974 90.174640 0
9.837494 90.174640 0
9.872135 90.174640 0
9.906898 90.174640 0
9.941784 90.174640 0
9.976792 90.174640 0
10.011924 90.174640 0
10.047179 90.174640 0
10.082559 90.174640 0
10.118063 90.174640 0
10.153692 90.174640 0
10.189446 90.174640 0
10.225327 90.174640 0
10.261334 90.174640 0
10.297467 90.174640 0
10.333728 90.174640 0
10.370117 90.174640 0
10.406633 90.174640 0
10.443279 90.174640 0
10.480053 90.174640 0
10.516957 90.174640 0
10.553991 90.174640 0
10.591155 90.174640 0
10.628450 90.174640 0
10.665876 90.174640 0
10.703434 90.174640 0
10.741125 90.174640 0
10.778948 90.174640 0
10.816904 90.174640 0
10.854994 90.174640 0
10.893218 90.174640 0
10.931577 90.174640 0
10.970071 90.174640 0
11.008700 90.174640 0
11.047466 90.174640 0
11.086367 90.174640 0
11.125406 90.174640 0
11.164583 90.174640 0
11.203897 90.174640 0
11.243350 90.174640 0
11.282941 90.174640 0
11.322672 90.174640 0
11.362543 90.174640 0
11.402555 90.174640 0
11.442707 90.174640 0
11.483001 90.174640 0
11.523436 90.174640 0
11.564014 90.174640 0
11.604735 90.174640 0
11.645599 90.174640 0
11.686607 90.174640 0
11.727760 90.174640 0
11.769057 90.174640 0
11.810500 90.174640 0
11.852089 90.174640 0
11.893824 90.174640 0
11.935706 90.174640 0
11.977736 90.174640 0
12.019913 90.174640 0
12.062240 90.174640 0
12.104715 90.174640 0
12.147340 90.174640 0
12.190114 90.174640 0
12.233040 90.174640 0
12.276117 90.174640 0
12.319345 90.174640 0
12.362726 90.174640 0
12.406259 90.174640 0
12.449946 90.174640 0
12.493786 90.174640 0
12.537781 90.174640 0
12.581931 90.174640 0
12.626236 90.174640 0
12.670697 90.174640 0
12.715315 90.174640 0
12.760090 90.174640 0
12.805023 90.174640 0
12.850113 90.174640 0
12.895363 90.174640 0
12.940772 90.174640 0
12.986341 90.174640 0
13.032070 90.174640 0
13.077960 90.174640 0
13.124012 90.174640 0
13.170226 90.174640 0
13.216603 90.174640 0
13.263143 90.174640 0
13.309847 90.174640 0
13.356716 90.174640 0
13.403749 90.174640 0
13.450949 90.174640 0
13.498314 90.174640 0
13.545846 90.174640 0
13.593546 90.174640 0
13.641413 90.174640 0
13.689449 90.174640 0
13.737654 90.174640 0
13.786029 90.174640 0
13.834574 90.174640 0
13.883291 90.174640 0
13.932178 90.174640 0
13.981238 90.174640 0
14.030471 90.174640 0
14.079877 90.174640 0
14.129457 90.174640 0
14.179212 90.174640 0
14.229141 90.174640 0
14.279247 90.174640 0
14.329529 90.174640 0
14.379988 90.174640 0
14.430625 90.174640 0
14.481440 90.174640 0
14.532434 90.174640 0
14.583608 90.174640 0
14.634962 90.174640 0
14.686496 90.174640 0
14.738212 90.174640 0
14.790111 90.174640 0
14.842192 90.174640 0
14.894456 90.174640 0
14.946905 90.174640 0
14.999538 90.174640 0
15.052356 90.174640 0
15.105361 90.174640 0
15.158552 90.174640 0
15.211930 90.174640 0
15.265496 90.174640 0
15.319251 90.174640 0
15.373196 90.174640 0
15.427330 90.174640 0
15.481655 90.174640 0
15.536171 90.174640 0
15.590879 90.174640 0
15.645780 90.174640 0
15.700874 90.174640 0
15.756162 90.174640 0
15.811645 90.174640 0
15.867323 90.174640 0
15.923197 90.174640 0
15.979268 90.174640 0
16.035536 90.174640 0
16.092003 90.174640 0
16.148668 90.174640 0
16.205533 90.174640 0
16.262599 90.174640 0
16.319865 90.174640 0
16.377332 90.174640 0
16.435003 90.174640 0
16.492876 90.174640 0
16.550953 90.174640 0
16.609234 90.174640 0
16.667721 90.174640 0
16.726414 90.174640 0
16.785313 90.174640 0
16.844420 90.174640 0
16.903735 90.174640 0
16.963259 90.174640 0
17.022992 90.174640 0
17.082936 90.174640 0
17.143090 90.174640 0
17.203457 90.174640 0
17.264036 90.174640 0
17.324829 90.174640 0
17.385835 90.174640 0
17.447057 90.174640 0
17.508494 90.174640 0
17.570147 90.174640 0
17.632018 90.174640 0
17.694106 90.174640 0
17.756413 90.174640 0
17.818939 90.174640 0
17.881686 90.174640 0
17.944653 90.174640 0
18.007842 90.174640 0
18.071254 90.174640 0
18.134889 90.174640 0
18.198748 90.174640 0
18.262832 90.174640 0
18.327142 90.174640 0
18.391678 90.174640 0
18.456441 90.174640 0
18.521432 90.174640 0
18.586653 90.174640 0
18.652103 90.174640 0
18.717783 90.174640 0
18.783695 90.174640 0
18.849838 90.174640 0
18.916215 90.174640 0
18.982825 90.174640 0
19.049670 90.174640 0
19.116751 90.174640 0
19.184067 90.174640 0
19.251621 90.174640 0
19.319412 90.174640 0
19.387443 90.174640 0
19.455712 90.416837 0
19.524222 90.578301 0
19.592974 90.739766 0
19.661967 90.820499 0
19.731204 90.820499 0
19.800684 90.901231 0
19.870409 90.901231 0
19.940379 90.981963 0
20.010596 90.981963 0
20.081060 90.981963 0
20.151773 91.062696 0
20.222734 91.062696 0
20.293945 91.062696 0
20.365407 91.143428 0
20.437120 91.143428 0
20.509086 91.143428 0
20.581306 91.224160 0
20.653779 91.224160 0
20.726508 91.304893 0
20.799493 91.304893 0
20.872736 91.304893 0
20.946235 91.385625 0
21.019994 91.385625 0
21.094013 91.466358 0
21.168292 91.466358 0
21.242833 91.466358 0
21.317636 91.547090 0
21.392703 91.547090 0
21.468033 91.627822 0
21.543630 91.627822 0
21.619492 91.627822 0
21.695622 91.708555 0
21.772019 91.708555 0
21.848686 91.789287 0
21.925623 91.789287 0
22.002830 91.870019 0
22.080310 91.870019 0
22.158062 91.870019 0
22.236088 91.950752 0
22.314389 91.950752 0
22.392965 92.031484 0
22.471818 92.031484 0
22.550949 92.031484 0
22.630359 92.112217 0
22.710048 92.112217 0
22.790018 92.112217 0
22.870269 92.192949 0
22.950803 92.192949 0
23.031621 92.192949 0
23.112723 92.273681 0
23.194110 92.273681 0
23.275785 92.273681 0
23.357747 92.354414 0
23.439997 92.354414 0
23.522537 92.435146 0
23.605368 92.435146 0
23.688491 92.435146 0
23.771906 92.515878 0
23.855615 92.515878 0
23.939619 92.515878 0
24.023918 92.596611 0
24.108514 92.596611 0
24.193409 92.596611 0
24.278602 92.677343 0
24.364095 92.677343 0
24.449889 92.677343 0
24.535986 92.758076 0
24.622385 92.758076 0
24.709089 92.838808 0
24.796098 92.838808 0
24.883413 92.838808 0
24.971036 92.919540 0
25.058968 92.919540 0
25.147209 92.919540 0
25.235761 93.000273 0
25.324624 93.000273 0
25.413801 93.000273 0
25.503292 93.081005 0
25.593097 93.081005 0
25.683219 93.081005 0
25.773659 93.161737 0
25.864416 93.161737 0
25.955494 93.242470 0
26.046892 93.242470 0
26.138612 93.242470 0
26.230655 93.323202 0
26.323022 93.323202 0
26.415714 93.323202 0
26.508733 93.403935 0
26.602079 93.403935 0
26.695754 93.403935 0
26.789759 93.484667 0
26.884094 93.484667 0
26.978762 93.484667 0
27.073764 93.565399 0
27.169100 93.565399 0
27.264771 93.646132 0
27.360780 93.646132 0
27.457126 93.646132 0
27.553812 93.726864 0
27.650838 93.726864 0
27.748206 93.726864 0
27.845917 93.807596 0
27.943972 93.807596 0
28.042372 93.807596 0
28.141119 93.888329 0
28.240213 93.888329 0
28.339657 93.888329 0
28.439450 93.969061 0
28.539595 93.969061 0
28.640093 94.049794 0
28.740944 94.049794 0
28.842151 94.049794 0
28.943714 94.130526 0
29.045634 94.130526 0
29.147914 94.130526 0
29.250554 94.211258 0
29.353555 94.211258 0
29.456919 94.211258 0
29.560646 94.211258 0
29.664739 94.291991 0
29.769199 94.291991 0
29.874026 94.291991 0
29.979223 94.372723 0
30.084790 94.372723 0
30.190729 94.372723 0
30.297041 94.372723 0
30.403727 94.453455 0
30.510788 94.453455 0
30.618227 94.534188 0
30.726044 94.534188 0
30.834241 94.534188 0
30.942819 94.614920 0
31.051779 94.614920 0
31.161123 94.614920 0
31.270852 94.695652 0
31.380967 94.695652 0
31.491470 94.695652 0
31.602362 94.776385 0
31.713645 94.776385 0
31.825319 94.776385 0
31.937387 94.776385 0
32.049850 94.857117 0
32.162708 94.857117 0
32.275964 94.857117 0
32.389618 94.937850 0
32.503673 94.937850 0
32.618130 94.937850 0
32.732989 94.937850 0
32.848253 95.018582 0
32.963923 95.018582 0
33.080000 95.018582 0
33.196486 95.099314 0
33.313382 95.099314 0
33.430690 95.099314 0
33.548410 95.099314 0
33.666546 95.180047 0
33.785097 95.180047 0
33.904066 95.180047 0
34.023453 95.260779 0
34.143262 95.260779 0
34.263492 95.260779 0
34.384145 95.260779 0
34.505223 95.341511 0
34.626728 95.341511 0
34.748660 95.341511 0
34.871022 95.422244 0
34.993815 95.422244 0
35.117040 95.422244 0
35.240699 95.422244 0
35.364793 95.502976 0
35.489325 95.502976 0
35.614294 95.502976 0
35.739704 95.583709 0
35.865556 95.583709 0
35.991851 95.583709 0
36.118590 95.583709 0
36.245776 95.664441 0
36.373410 95.664441 0
36.501493 95.664441 0
36.630027 95.745173 0
36.759014 95.745173 0
36.888455 95.745173 0
37.018351 95.745173 0
37.148706 95.825906 0
37.279519 95.825906 0
37.410793 95.825906 0
37.542529 95.906638 0
37.674729 95.906638 0
37.807394 95.906638 0
37.940527 95.906638 0
38.074128 95.987370 0
38.208200 95.987370 0
38.342744 95.987370 0
38.477762 96.068103 0
38.613255 96.068103 0
38.749225 96.068103 0
38.885675 96.068103 0
39.022604 96.148835 0
39.160016 96.148835 0
39.297912 96.148835 0
39.436293 96.229568 0
39.575161 96.229568 0
39.714519 96.229568 0
39.854367 96.229568 0
39.994708 96.310300 0
40.135543 96.310300 0
40.276874 96.310300 0
40.418702 96.310300 0
40.561030 96.391032 0
40.703859 96.391032 0
40.847191 96.391032 0
40.991028 96.471765 0
41.135371 96.471765 0
41.280223 96.471765 0
41.425585 96.471765 0
41.571458 96.471765 0
41.717845 96.552497 0
41.864748 96.552497 0
42.012168 96.552497 0
42.160107 96.552497 0
42.308567 96.633229 0
42.457550 96.633229 0
42.607057 96.633229 0
42.757091 96.633229 0
42.907653 96.633229 0
43.058746 96.713962 0
43.210370 96.713962 0
43.362529 96.713962 0
43.515223 96.794694 0
43.668455 96.794694 0
43.822226 96.794694 0
43.976539 96.794694 0
44.131395 96.875427 0
44.286797 96.875427 0
44.442746 96.875427 0
44.599244 96.956159 0
44.756293 96.956159 0
44.913895 96.956159 0
45.072052 96.956159 0
45.230766 96.956159 0
45.390038 97.036891 0
45.549872 97.036891 0
45.710269 97.036891 0
45.871230 97.036891 0
46.032758 97.036891 0
46.194855 97.117624 0
46.357523 97.117624 0
46.520763 97.117624 0
46.684579 97.117624 0
46.848971 97.198356 0
47.013942 97.198356 0
47.179494 97.198356 0
47.345629 97.279088 0
47.512349 97.279088 0
47.679656 97.279088 0
47.847552 97.359821 0
48.016040 97.359821 0
48.185120 97.359821 0
48.354797 97.359821 0
48.525070 97.359821 0
48.695943 97.440553 0
48.867418 97.440553 0
49.039497 97.440553 0
49.212182 97.440553 0
49.385474 97.521286 0
49.559377 97.521286 0
49.733893 97.521286 0
49.909023 97.521286 0
50.084769 97.521286 0
50.261135 97.602018 0
50.438121 97.602018 0
50.615731 97.602018 0
50.793966 97.602018 0
50.972829 97.602018 0
51.152321 97.682750 0
51.332446 97.682750 0
51.513205 97.682750 0
51.694600 97.682750 0
51.876635 97.682750 0
52.059310 97.763483 0
52.242628 97.763483 0
52.426592 97.763483 0
52.611204 97.763483 0
52.796466 97.763483 0
52.982380 97.763483 0
53.168949 97.763483 0
53.356175 97.844215 0
53.544060 97.844215 0
53.732607 97.844215 0
53.921818 97.844215 0
54.111695 97.844215 0
54.302240 97.924947 0
54.493457 97.924947 0
54.685347 97.924947 0
54.877912 98.005680 0
55.071156 98.005680 0
55.265080 98.005680 0
55.459687 98.005680 0
55.654980 98.005680 0
55.850960 98.005680 0
56.047630 98.086412 0
56.244992 98.086412 0
56.443050 98.086412 0
56.641805 98.086412 0
56.841260 98.167145 0
57.041418 98.167145 0
57.242280 98.167145 0
57.443849 98.167145 0
57.646128 98.167145 0
57.849120 98.167145 0
58.052826 98.247877 0
58.257250 98.247877 0
58.462393 98.247877 0
58.668259 98.247877 0
58.874850 98.247877 0
59.082168 98.247877 0
59.290217 98.328609 0
59.498998 98.328609 0
59.708514 98.328609 0
59.918768 98.328609 0
60.129762 98.409342 0
60.341499 98.409342 0
60.553982 98.409342 0
60.767213 98.409342 0
60.981195 98.490074 0
61.195931 98.490074 0
61.411422 98.490074 0
61.627673 98.490074 0
61.844684 98.490074 0
62.062461 98.490074 0
62.281004 98.490074 0
62.500316 98.490074 0
62.720401 98.490074 0
62.941261 98.490074 0
63.162898 98.490074 0
63.385316 98.490074 0
63.608517 98.490074 0
63.832504 98.490074 0
64.057280 98.570806 0
64.282848 98.570806 0
64.509209 98.570806 0
64.736368 98.570806 0
64.964327 98.651539 0
65.193088 98.651539 0
65.422655 98.651539 0
65.653030 98.651539 0
65.884217 98.651539 0
66.116218 98.732271 0
66.349035 98.732271 0
66.582673 98.732271 0
66.817133 98.732271 0
67.052418 98.732271 0
67.288533 98.732271 0
67.525478 98.732271 0
67.763259 98.813004 0
68.001876 98.813004 0
68.241334 98.813004 0
68.481634 98.813004 0
68.722781 98.813004 0
68.964778 98.813004 0
69.207626 98.813004 0
69.451329 98.893736 0
69.695891 98.893736 0
69.941314 98.893736 0
70.187601 98.893736 0
70.434755 98.893736 0
70.682780 98.893736 0
70.931678 98.893736 0
71.181452 98.974468 0
71.432106 98.974468 0
71.683643 98.974468 0
71.936065 98.974468 0
72.189377 98.974468 0
72.443580 98.974468 0
72.698678 98.974468 0
72.954675 99.055201 0
73.211573 99.055201 0
73.469376 99.055201 0
73.728086 99.055201 0
73.987708 99.055201 0
74.248244 99.055201 0
74.509697 99.055201 0
74.772071 99.135933 0
75.035369 99.135933 0
75.299594 99.135933 0
75.564749 99.135933 0
75.830838 99.135933 0
76.097864 99.135933 0
76.365830 99.135933 0
76.634740 99.216665 0
76.904597 99.216665 0
77.175404 99.216665 0
77.447165 99.216665 0
77.719883 99.216665 0
77.993561 99.216665 0
78.268203 99.216665 0
78.543811 99.297398 0
78.820391 99.297398 0
79.097944 99.297398 0
79.376475 99.297398 0
79.655986 99.297398 0
79.936482 99.297398 0
80.217965 99.297398 0
80.500440 99.378130 0
80.783909 99.378130 0
81.068377 99.378130 0
81.353846 99.378130 0
81.640320 99.378130 0
81.927804 99.378130 0
82.216299 99.378130 0
82.505811 99.458863 0
82.796342 99.458863 0
83.087896 99.458863 0
83.380476 99.458863 0
83.674087 99.458863 0
83.968732 99.458863 0
84.264414 99.458863 0
84.561138 99.539595 0
84.858906 99.539595 0
85.157723 99.539595 0
85.457592 99.539595 0
85.758517 99.539595 0
86.060502 99.539595 0
86.363550 99.539595 0
86.667666 99.620327 0
86.972852 99.620327 0
87.279113 99.620327 0
87.586452 99.620327 0
87.894874 99.620327 0
88.204381 99.620327 0
88.514979 99.620327 0
88.826670 99.701060 0
89.139459 99.701060 0
89.453349 99.701060 0
89.768344 99.701060 0
90.084449 99.701060 0
90.401667 99.701060 0
90.720002 99.701060 0
91.039458 99.701060 0
91.360039 99.701060 0
91.681748 99.701060 0
92.004591 99.701060 0
92.328570 99.701060 0
92.653690 99.781792 0
92.979955 99.781792 0
93.307369 99.781792 0
93.635936 99.781792 0
93.965660 99.781792 0
94.296545 99.781792 0
94.628595 99.781792 0
94.961814 99.862524 0
95.296207 99.862524 0
95.631777 99.862524 0
95.968529 99.862524 0
96.306467 99.862524 0
96.645594 99.862524 0
96.985916 99.862524 0
97.327436 99.862524 0
97.670159 99.862524 0
98.014089 99.862524 0
98.359230 99.862524 0
98.705586 99.862524 0
99.053162 99.943257 0
99.401962 99.943257 0
99.751990 99.943257 0
100.103250 99.943257 0
100.455748 99.943257 0
100.809486 99.943257 0
101.164471 99.943257 0
101.520705 99.943257 0
101.878194 100.023989 0
102.236941 100.023989 0
102.596952 100.023989 0
102.958231 100.023989 0
103.320782 100.023989 0
103.684609 100.023989 0
104.049718 100.023989 0
104.416112 100.023989 0
104.783797 100.023989 0
105.152776 100.104722 0
105.523054 100.104722 0
105.894637 100.104722 0
106.267528 100.104722 0
106.641732 100.104722 0
107.017253 100.104722 0
107.394097 100.104722 0
107.772268 100.104722 0
108.151771 100.104722 0
108.532610 100.104722 0
108.914790 100.104722 0
109.298316 100.104722 0
109.683192 100.104722 0
110.069424 100.104722 0
110.457016 100.185454 0
110.845972 100.185454 0
111.236298 100.185454 0
111.627999 100.185454 0
112.021079 100.185454 0
112.415543 100.185454 0
112.811396 100.185454 0
113.208644 100.185454 0
113.607290 100.185454 0
114.007339 100.266186 0
114.408798 100.266186 0
114.811670 100.266186 0
115.215961 100.266186 0
115.621675 100.266186 0
116.028818 100.266186 0
116.437395 100.266186 0
116.847410 100.266186 0
117.258870 100.346919 0
117.671778 100.346919 0
118.086140 100.346919 0
118.501961 100.346919 0
118.919247 100.346919 0
119.338002 100.346919 0
119.758231 100.346919 0
120.179941 100.346919 0
120.603135 100.346919 0
121.027819 100.346919 0
121.453999 100.346919 0
121.881680 100.346919 0
122.310867 100.346919 0
122.741565 100.346919 0
123.173779 100.427651 0
123.607516 100.427651 0
124.042780 100.427651 0
124.479576 100.427651 0
124.917911 100.427651 0
125.357789 100.427651 0
125.799217 100.427651 0
126.242198 100.427651 0
126.686740 100.427651 0
127.132847 100.427651 0
127.580525 100.427651 0
128.029779 100.427651 0
128.480615 100.427651 0
128.933039 100.427651 0
129.387056 100.508383 0
129.842671 100.508383 0
130.299891 100.508383 0
130.758721 100.508383 0
131.219167 100.508383 0
131.681234 100.508383 0
132.144929 100.508383 0
132.610256 100.508383 0
133.077221 100.508383 0
133.545831 100.508383 0
134.016091 100.508383 0
134.488007 100.508383 0
134.961585 100.508383 0
135.436831 100.508383 0
135.913750 100.589116 0
136.392348 100.589116 0
136.872632 100.589116 0
137.354606 100.589116 0
137.838279 100.589116 0
138.323654 100.589116 0
138.810738 100.589116 0
139.299538 100.589116 0
139.790059 100.589116 0
140.282307 100.589116 0
140.776288 100.589116 0
141.272009 100.589116 0
141.769476 100.589116 0
142.268694 100.589116 0
142.769671 100.589116 0
143.272411 100.589116 0
143.776922 100.589116 0
144.283209 100.589116 0
144.791279 100.589116 0
145.301138 100.589116 0
145.812793 100.589116 0
146.326249 100.589116 0
146.841513 100.589116 0
147.358592 100.589116 0
147.877491 100.589116 0
148.398218 100.669848 0
148.920778 100.669848 0
149.445179 100.669848 0
149.971426 100.669848 0
150.499526 100.669848 0
151.029486 100.669848 0
151.561312 100.669848 0
152.095011 100.669848 0
152.630589 100.669848 0
153.168053 100.669848 0
153.707409 100.669848 0
154.248665 100.669848 0
154.791827 100.669848 0
155.336901 100.669848 0
155.883895 100.750581 0
156.432815 100.750581 0
156.983668 100.750581 0
157.536461 100.750581 0
158.091200 100.750581 0
158.647893 100.750581 0
159.206546 100.750581 0
159.767166 100.750581 0
160.329760 100.750581 0
160.894335 100.750581 0
161.460899 100.750581 0
162.029457 100.750581 0
162.600018 100.750581 0
163.172588 100.750581 0
163.747174 100.831313 0
164.323783 100.831313 0
164.902423 100.831313 0
165.483100 100.831313 0
166.065822 100.831313 0
166.650596 100.831313 0
167.237429 100.831313 0
167.826329 100.831313 0
168.417302 100.831313 0
169.010357 100.831313 0
169.605499 100.831313 0
170.202738 100.831313 0
170.802079 100.831313 0
171.403531 100.831313 0
172.007101 100.831313 0
172.612796 100.831313 0
173.220624 100.831313 0
173.830593 100.831313 0
174.442709 100.831313 0
175.056981 100.831313 0
175.673416 100.831313 0
176.292022 100.831313 0
176.912806 100.831313 0
177.535775 100.831313 0
178.160939 100.831313 0
178.788304 100.831313 0
179.417878 100.831313 0
180.049669 100.831313 0
180.683685 100.831313 0
181.319934 100.831313 0
181.958423 100.831313 0
182.599160 100.831313 0
183.242153 100.831313 0
183.887411 100.831313 0
184.534941 100.831313 0
185.184751 100.831313 0
185.836849 100.912045 0
186.491244 100.912045 0
187.147942 100.912045 0
187.806954 100.912045 0
188.468286 100.912045 0
189.131946 100.912045 0
189.797944 100.912045 0
190.466287 100.912045 0
191.136983 100.912045 0
191.810041 100.912045 0
192.485469 100.912045 0
193.163276 100.912045 0
193.843469 100.912045 0
194.526058 100.912045 0
195.211050 100.992778 0
195.898454 100.992778 0
196.588279 100.992778 0
197.280533 100.992778 0
197.975224 100.992778 0
198.672362 100.992778 0
199.371955 100.992778 0
200.074011 100.992778 0
200.778539 100.992778 0
201.485548 100.992778 0
202.195047 100.992778 0
202.907045 100.992778 0
203.621549 100.992778 0
204.338569 100.992778 0
205.058115 100.992778 0
205.780194 100.992778 0
206.504816 100.992778 0
207.231989 100.992778 0
207.961723 100.992778 0
208.694027 100.992778 0
209.428909 100.992778 0
210.166379 100.992778 0
210.906446 100.992778 0
211.649119 100.992778 0
212.394407 100.992778 0
213.142320 100.992778 0
213.892866 100.992778 0
214.646055 100.992778 0
215.401897 100.992778 0
216.160400 100.992778 0
216.921574 100.992778 0
217.685428 100.992778 0
218.451972 100.992778 0
219.221216 100.992778 0
219.993168 100.992778 0
220.767838 100.992778 0
221.545237 101.073510 0
222.325373 101.073510 0
223.108255 101.073510 0
223.893895 101.073510 0
224.682301 101.073510 0
225.473484 101.073510 0
226.267452 101.073510 0
227.064217 101.073510 0
227.863787 101.073510 0
228.666172 101.073510 0
229.471383 101.073510 0
230.279430 101.073510 0
231.090322 101.073510 0
231.904069 101.073510 0
232.720682 101.073510 0
233.540170 101.073510 0
234.362544 101.073510 0
235.187814 101.073510 0
236.015990 101.073510 0
236.847082 101.073510 0
237.681101 101.073510 0
238.518057 101.073510 0
239.357960 101.073510 0
240.200820 101.073510 0
241.046648 101.073510 0
241.895455 101.073510 0
242.747251 101.073510 0
243.602046 101.073510 0
244.459852 101.073510 0
245.320678 101.073510 0
246.184535 101.073510 0
247.051434 101.073510 0
247.921386 101.073510 0
248.794401 101.073510 0
249.670490 101.073510 0
250.549665 101.073510 0
251.431935 101.154242 0
252.317312 101.154242 0
253.205807 101.154242 0
254.097430 101.154242 0
254.992193 101.154242 0
255.890107 101.154242 0
256.791183 101.154242 0
257.695431 101.154242 0
258.602864 101.154242 0
259.513493 101.154242 0
260.427327 101.154242 0
261.344380 101.154242 0
262.264662 101.154242 0
263.188185 101.154242 0
264.114960 101.154242 0
265.044998 101.154242 0
265.978311 101.154242 0
266.914911 101.154242 0
267.854809 101.154242 0
268.798016 101.154242 0
269.744545 101.154242 0
270.694407 101.154242 0
271.647614 101.154242 0
272.604177 101.154242 0
273.564109 101.154242 0
274.527420 101.154242 0
275.494125 101.154242 0
276.464233 101.154242 0
277.437757 101.154242 0
278.414709 101.154242 0
279.395102 101.154242 0
280.378946 101.154242 0
281.366256 101.154242 0
282.357042 101.154242 0
283.351316 101.154242 0
284.349092 101.154242 0
285.350382 101.154242 0
286.355197 101.154242 0
287.363551 101.154242 0
288.375455 101.154242 0
289.390923 101.154242 0
290.409966 101.154242 0
291.432598 101.154242 0
292.458831 101.154242 0
293.488677 101.154242 0
294.522151 101.154242 0
295.559263 101.154242 0
296.600027 101.154242 0
297.644456 101.154242 0
298.692563 101.154242 0
299.744361 101.154242 0
300.799862 101.154242 0
301.859080 101.154242 0
302.922028 101.154242 0
303.988720 101.154242 0
305.059167 101.154242 0
306.133383 101.154242 0
307.211383 101.154242 0
308.293178 101.154242 0
309.378783 101.154242 0
310.468210 101.154242 0
311.561474 101.154242 0
312.658587 101.154242 0
313.759564 101.154242 0
314.864418 101.154242 0
315.973162 101.154242 0
317.085811 101.154242 0
318.202377 101.154242 0
319.322876 101.154242 0
320.447320 101.154242 0
321.575723 101.154242 0
322.708100 101.154242 0
323.844465 101.154242 0
324.984831 101.154242 0
326.129212 101.154242 0
327.277624 101.154242 0
328.430079 101.154242 0
329.586593 101.154242 0
330.747179 101.154242 0
331.911852 101.154242 0
333.080626 101.154242 0
334.253515 101.154242 0
335.430535 101.154242 0
336.611700 101.154242 0
337.797023 101.154242 0
338.986521 101.154242 0
340.180207 101.154242 0
341.378097 101.154242 0
342.580205 101.154242 0
343.786546 101.154242 0
344.997135 101.154242 0
346.211987 101.154242 0
347.431116 101.154242 0
348.654539 101.154242 0
349.882270 101.154242 0
351.114324 101.154242 0
352.350716 101.154242 0
353.591462 101.154242 0
354.836578 101.154242 0
356.086077 101.154242 0
357.339977 101.154242 0
358.598292 101.154242 0
359.861038 101.154242 0
361.128231 101.154242 0
362.399886 101.154242 0
363.676018 101.154242 0
364.956645 101.154242 0
366.241781 101.154242 0
367.531442 101.154242 0
368.825645 101.154242 0
370.124405 101.154242 0
371.427738 101.154242 0
372.735661 101.154242 0
374.048189 101.154242 0
375.365340 101.154242 0
376.687128 101.154242 0
378.013571 101.154242 0
379.344685 101.154242 0
380.680486 101.154242 0
382.020991 101.154242 0
383.366216 101.154242 0
384.716179 101.154242 0
386.070895 101.154242 0
387.430381 101.154242 0
388.794655 101.154242 0
390.163732 101.154242 0
391.537631 101.154242 0
392.916368 101.154242 0
394.299959 101.154242 0
395.688423 101.154242 0
397.081776 101.154242 0
398.480035 101.154242 0
399.883218 101.154242 0
401.291343 101.154242 0
402.704425 101.154242 0
404.122484 101.154242 0
405.545536 101.154242 0
406.973599 101.154242 0
408.406691 101.154242 0
409.844830 101.154242 0
411.288032 101.154242 0
412.736316 101.154242 0
414.189701 101.154242 0
415.648203 101.154242 0
417.111841 101.154242 0
418.580633 101.154242 0
420.054597 101.154242 0
421.533752 101.154242 0
423.018115 101.154242 0
424.507705 101.154242 0
426.002540 101.154242 0
427.502640 101.154242 0
429.008021 101.154242 0
430.518704 101.154242 0
432.034706 101.154242 0
433.556047 101.154242 0
435.082744 101.154242 0
436.614818 101.154242 0
438.152287 101.154242 0
439.695169 101.154242 0
441.243485 101.154242 0
442.797253 101.154242 0
444.356492 101.154242 0
445.921221 101.154242 0
447.491461 101.154242 0
449.067230 101.154242 0
450.648548 101.154242 0
452.235434 101.154242 0
453.827908 101.154242 0
455.425990 101.154242 0
457.029699 101.154242 0
458.639055 101.154242 0
460.254079 101.154242 0
461.874789 101.154242 0
463.501207 101.154242 0
465.133352 101.154242 0
466.771244 101.154242 0
468.414903 101.154242 0
470.064351 101.154242 0
471.719607 101.154242 0
473.380691 101.154242 0
475.047625 101.154242 0
476.720428 101.154242 0
478.399123 101.154242 0
480.083728 101.154242 0
481.774265 101.154242 0
483.470756 101.154242 0
485.173220 101.154242 0
486.881679 101.154242 0
488.596154 101.154242 0
490.316667 101.154242 0
492.043238 101.154242 0
493.775889 101.154242 0
495.514641 101.154242 0
497.259516 101.154242 0
499.010535 101.154242 0
500.767720 101.154242 0
502.531093 101.154242 0
504.300675 101.154242 0
506.076489 101.154242 0
507.858555 101.154242 0
509.646897 101.154242 0
511.441537 101.154242 0
513.242495 101.154242 0
515.049796 101.154242 0
516.863461 101.154242 0
518.683512 101.154242 0
520.509973 101.154242 0
522.342864 101.154242 0
524.182211 101.154242 0
526.028034 101.154242 0
527.880357 101.154242 0
529.739202 101.154242 0
531.604593 101.154242 0
533.476553 101.154242 0
535.355105 101.154242 0
537.240271 101.154242 0
539.132076 101.154242 0
541.030543 101.154242 0
542.935695 101.154242 0
544.847555 101.154242 0
546.766148 101.154242 0
548.691497 101.154242 0
550.623625 101.154242 0
552.562558 101.154242 0
554.508317 101.154242 0
556.460929 101.154242 0
558.420416 101.154242 0
560.386804 101.154242 0
562.360116 101.154242 0
564.340376 101.154242 0
566.327610 101.154242 0
568.321841 101.154242 0
570.323095 101.154242 0
572.331395 101.154242 0
574.346768 101.154242 0
576.369238 101.154242 0
578.398829 101.154242 0
580.435567 101.154242 0
582.479477 101.154242 0
584.530585 101.154242 0
586.588915 101.154242 0
588.654493 101.154242 0
590.727345 101.154242 0
592.807496 101.154242 0
594.894972 101.154242 0
596.989799 101.154242 0
599.092002 101.154242 0
601.201608 101.154242 0
603.318642 101.154242 0
605.443132 101.154242 0
607.575102 101.154242 0
609.714580 101.154242 0
611.861591 101.154242 0
614.016163 101.154242 0
616.178322 101.154242 0
618.348095 101.154242 0
620.525508 101.154242 0
622.710588 101.154242 0
624.903363 101.154242 0
627.103859 101.154242 0
629.312104 101.154242 0
631.528125 101.154242 0
633.751950 101.154242 0
635.983605 101.154242 0
638.223119 101.154242 0
640.470519 101.154242 0
642.725832 101.154242 0
644.989088 101.154242 0
647.260313 101.154242 0
649.539535 101.154242 0
651.826784 101.154242 0
654.122087 101.154242 0
656.425472 101.154242 0
658.736969 101.154242 0
661.056605 101.154242 0
663.384409 101.154242 0
665.720410 101.154242 0
668.064637 101.154242 0
670.417119 101.154242 0
672.777885 101.154242 0
675.146964 101.154242 0
677.524385 101.154242 0
679.910177 101.154242 0
682.304371 101.154242 0
684.706996 101.154242 0
687.118082 101.154242 0
689.537657 101.234975 0
691.965753 101.234975 0
694.402398 101.234975 0
696.847624 101.234975 0
699.301461 101.234975 0
701.763938 101.234975 0
704.235087 101.234975 0
706.714937 101.234975 0
709.203520 101.234975 0
711.700865 101.234975 0
714.207005 101.234975 0
716.721970 101.234975 0
719.245791 101.234975 0
721.778499 101.234975 0
724.320125 101.315707 0
726.870702 101.315707 0
729.430260 101.315707 0
731.998831 101.315707 0
734.576447 101.315707 0
737.163139 101.315707 0
739.758940 101.315707 0
742.363882 101.315707 0
744.977997 101.315707 0
747.601316 101.315707 0
750.233874 101.315707 0
752.875701 101.315707 0
755.526832 101.315707 0
758.187298 101.315707 0
760.857132 101.396440 0
763.536367 101.396440 0
766.225038 101.396440 0
768.923175 101.396440 0
771.630814 101.396440 0
774.347988 101.396440 0
777.074729 101.396440 0
779.811073 101.396440 0
782.557052 101.396440 0
785.312700 101.396440 0
788.078052 101.396440 0
790.853142 101.396440 0
793.638003 101.396440 0
796.432672 101.477172 0
799.237181 101.477172 0
802.051566 101.477172 0
804.875861 101.477172 0
807.710101 101.477172 0
810.554322 101.477172 0
813.408559 101.477172 0
816.272846 101.477172 0
819.147219 101.477172 0
822.031713 101.477172 0
824.926366 101.477172 0
827.831211 101.477172 0
830.746285 101.557904 0
833.671624 101.557904 0
836.607264 101.557904 0
839.553241 101.557904 0
842.509593 101.557904 0
845.476354 101.638637 0
848.453563 101.638637 0
851.441255 101.638637 0
854.439468 101.638637 0
857.448239 101.719369 0
860.467605 101.719369 0
863.497603 101.719369 0
866.538270 101.719369 0
869.589645 101.719369 0
872.651765 101.719369 0
875.724667 101.719369 0
878.808390 101.800101 0
881.902972 101.800101 0
885.008451 101.800101 0
888.124866 101.800101 0
891.252254 101.800101 0
894.390655 101.880834 0
897.540108 101.880834 0
900.700650 101.880834 0
903.872322 101.880834 0
907.055163 101.880834 0
910.249211 101.961566 0
913.454507 101.961566 0
916.671090 101.961566 0
919.898999 101.961566 0
923.138275 101.961566 0
926.388958 102.042298 0
929.651087 102.042298 0
932.924703 102.042298 0
936.209847 102.123031 0
939.506559 102.123031 0
942.814880 102.123031 0
946.134850 102.123031 0
949.466512 102.203763 0
952.809905 102.203763 0
956.165071 102.203763 0
959.532052 102.284496 0
962.910890 102.284496 0
966.301625 102.284496 0
969.704300 102.284496 0
973.118957 102.365228 0
976.545639 102.365228 0
979.984387 102.365228 0
983.435244 102.445960 0
986.898252 102.445960 0
990.373455 102.445960 0
993.860896 102.526693 0
997.360617 102.526693 0
1000.872661 102.526693 0
1004.397073 102.607425 0
1007.933895 102.607425 0
1011.483172 102.607425 0
1015.044946 102.607425 0
1018.619263 102.688157 0
1022.206167 102.688157 0
1025.805701 102.688157 0
1029.417910 102.768890 0
1033.042839 102.768890 0
1036.680533 102.768890 0
1040.331036 102.768890 0
1043.994394 102.849622 0
1047.670652 102.849622 0
1051.359855 102.849622 0
1055.062049 102.930355 0
1058.777280 102.930355 0
1062.505594 102.930355 0
1066.247036 102.930355 0
1070.001653 103.011087 0
1073.769491 103.011087 0
1077.550597 103.011087 0
1081.345018 103.091819 0
1085.152800 103.091819 0
1088.973990 103.091819 0
1092.808636 103.091819 0
1096.656786 103.172552 0
1100.518486 103.172552 0
1104.393784 103.172552 0
1108.282729 103.172552 0
1112.185367 103.253284 0
1116.101749 103.253284 0
1120.031921 103.253284 0
1123.975933 103.334016 0
1127.933833 103.334016 0
1131.905670 103.334016 0
1135.891493 103.334016 0
1139.891352 103.414749 0
1143.905295 103.414749 0
1147.933373 103.414749 0
1151.975635 103.414749 0
1156.032132 103.495481 0
1160.102912 103.495481 0
1164.188028 103.495481 0
1168.287528 103.576214 0
1172.401464 103.576214 0
1176.529887 103.576214 0
1180.672847 103.576214 0
1184.830396 103.656946 0
1189.002585 103.656946 0
1193.189466 103.656946 0
1197.391090 103.737678 0
1201.607510 103.737678 0
1205.838777 103.737678 0
1210.084943 103.737678 0
1214.346062 103.818411 0
1218.622186 103.818411 0
1222.913367 103.818411 0
1227.219660 103.818411 0
1231.541116 103.818411 0
1235.877789 103.899143 0
1240.229733 103.899143 0
1244.597002 103.899143 0
1248.979650 103.899143 0
1253.377730 103.979875 0
1257.791298 103.979875 0
1262.220407 103.979875 0
1266.665112 103.979875 0
1271.125469 103.979875 0
1275.601533 104.060608 0
1280.093358 104.060608 0
1284.601000 104.060608 0
1289.124515 104.060608 0
1293.663959 104.060608 0
1298.219388 104.141340 0
1302.790858 104.141340 0
1307.378426 104.141340 0
1311.982148 104.141340 0
1316.602082 104.141340 0
1321.238284 104.141340 0
1325.890811 104.222073 0
1330.559722 104.222073 0
1335.245073 104.222073 0
1339.946923 104.222073 0
1344.665330 104.222073 0
1349.400352 104.222073 0
1354.152048 104.222073 0
1358.920476 104.302805 0
1363.705695 104.302805 0
1368.507765 104.302805 0
1373.326744 104.302805 0
1378.162693 104.302805 0
1383.015670 104.302805 0
1387.885737 104.302805 0
1392.772953 104.302805 0
1397.677378 104.302805 0
1402.599073 104.302805 0
1407.538100 104.302805 0
1412.494518 104.302805 0
1417.468390 104.302805 0
1422.459776 104.302805 0
1427.468739 104.383537 0
1432.495339 104.383537 0
1437.539641 104.383537 0
1442.601705 104.383537 0
1447.681594 104.383537 0
1452.779371 104.383537 0
1457.895099 104.383537 0
1463.028842 104.383537 0
1468.180662 104.383537 0
1473.350623 104.383537 0
1478.538790 104.383537 0
1483.745226 104.383537 0
1488.969995 104.383537 0
1494.213163 104.383537 0
1499.474793 104.464270 0
1504.754952 104.464270 0
1510.053704 104.464270 0
1515.371114 104.464270 0
1520.707249 104.464270 0
1526.062174 104.464270 0
1531.435956 104.464270 0
1536.828661 104.464270 0
1542.240355 104.464270 0
1547.671106 104.464270 0
1553.120980 104.464270 0
1558.590045 104.464270 0
1564.078368 104.464270 0
1569.586018 104.464270 0
1575.113062 104.464270 0
1580.659568 104.545002 0
1586.225606 104.545002 0
1591.811244 104.545002 0
1597.416550 104.545002 0
1603.041595 104.545002 0
1608.686447 104.545002 0
1614.351177 104.545002 0
1620.035854 104.545002 0
1625.740549 104.545002 0
1631.465332 104.545002 0
1637.210274 104.545002 0
1642.975446 104.545002 0
1648.760919 104.545002 0
1654.566765 104.545002 0
1660.393055 104.545002 0
1666.239861 104.545002 0
1672.107256 104.545002 0
1677.995312 104.545002 0
1683.904102 104.545002 0
1689.833699 104.545002 0
1695.784175 104.545002 0
1701.755606 104.545002 0
1707.748064 104.545002 0
1713.761623 104.545002 0
1719.796358 104.545002 0
1725.852343 104.625734 0
1731.929654 104.625734 0
1738.028365 104.625734 0
1744.148552 104.625734 0
1750.290289 104.625734 0
1756.453654 104.625734 0
1762.638722 104.625734 0
1768.845570 104.625734 0
1775.074275 104.625734 0
1781.324912 104.625734 0
1787.597561 104.625734 0
1793.892297 104.625734 0
1800.209200 104.625734 0
1806.548346 104.625734 0
1812.909814 104.706467 0
1819.293684 104.706467 0
1825.700033 104.706467 0
1832.128941 104.706467 0
1838.580488 104.706467 0
1845.054752 104.706467 0
1851.551815 104.706467 0
1858.071756 104.706467 0
1864.614656 104.706467 0
1871.180596 104.706467 0
1877.769656 104.706467 0
1884.381919 104.706467 0
1891.017466 104.706467 0
1897.676379 104.787199 0
1904.358741 104.787199 0
1911.064633 104.787199 0
1917.794138 104.787199 0
1924.547341 104.787199 0
1931.324324 104.787199 0
1938.125171 104.787199 0
1944.949966 104.787199 0
1951.798794 104.787199 0
1958.671739 104.787199 0
1965.568885 104.787199 0
1972.490319 104.787199 0
1979.436125 104.787199 0
1986.406390 104.787199 0
1993.401200 104.867932 0
2000.420641 104.867932 0
2007.464799 104.867932 0
2014.533763 104.867932 0
2021.627619 104.867932 0
2028.746454 104.867932 0
2035.890357 104.867932 0
2043.059417 104.867932 0
2050.253721 104.867932 0
2057.473359 104.867932 0
2064.718419 104.867932 0
2071.988992 104.867932 0
2079.285167 104.867932 0
2086.607035 104.948664 0
2093.954685 104.948664 0
2101.328208 104.948664 0
2108.727697 104.948664 0
2116.153241 104.948664 0
2123.604933 104.948664 0
2131.082865 104.948664 0
2138.587130 105.029396 0
2146.117820 105.029396 0
2153.675027 105.029396 0
2161.258846 105.029396 0
2168.869371 105.029396 0
2176.506694 105.029396 0
2184.170912 105.029396 0
2191.862117 105.110129 0
2199.580406 105.110129 0
2207.325874 105.110129 0
2215.098616 105.110129 0
2222.898728 105.110129 0
2230.726307 105.110129 0
2238.581450 105.110129 0
2246.464254 105.190861 0
2254.374815 105.190861 0
2262.313233 105.190861 0
2270.279604 105.190861 0
2278.274027 105.190861 0
2286.296601 105.190861 0
2294.347426 105.190861 0
2302.426601 105.271593 0
2310.534224 105.271593 0
2318.670398 105.271593 0
2326.835222 105.271593 0
2335.028797 105.271593 0
2343.251224 105.271593 0
2351.502605 105.352326 0
2359.783042 105.352326 0
2368.092637 105.352326 0
2376.431494 105.352326 0
2384.799714 105.433058 0
2393.197401 105.433058 0
2401.624660 105.433058 0
2410.081594 105.433058 0
2418.568307 105.513791 0
2427.084905 105.513791 0
2435.631493 105.513791 0
2444.208177 105.513791 0
2452.815062 105.513791 0
2461.452254 105.594523 0
2470.119861 105.594523 0
2478.817990 105.594523 0
2487.546748 105.594523 0
2496.306242 105.594523 0
2505.096582 105.675255 0
2513.917875 105.675255 0
2522.770232 105.675255 0
2531.653760 105.755988 0
2540.568570 105.755988 0
2549.514773 105.755988 0
2558.492478 105.755988 0
2567.501796 105.836720 0
2576.542840 105.836720 0
2585.615720 105.836720 0
2594.720548 105.917452 0
2603.857438 105.917452 0
2613.026502 105.917452 0
2622.227854 105.917452 0
2631.461606 105.998185 0
2640.727874 105.998185 0
2650.026771 105.998185 0
2659.358413 106.078917 0
2668.722914 106.078917 0
2678.120391 106.078917 0
2687.550960 106.159650 0
2697.014738 106.159650 0
2706.511840 106.159650 0
2716.042385 106.240382 0
2725.606490 106.240382 0
2735.204273 106.240382 0
2744.835854 106.321114 0
2754.501351 106.321114 0
2764.200883 106.321114 0
2773.934570 106.401847 0
2783.702534 106.401847 0
2793.504893 106.401847 0
2803.341770 106.482579 0
2813.213286 106.482579 0
2823.119562 106.563311 0
2833.060723 106.563311 0
2843.036889 106.563311 0
2853.048185 106.644044 0
2863.094734 106.644044 0
2873.176660 106.724776 0
2883.294088 106.724776 0
2893.447143 106.805509 0
2903.635950 106.805509 0
2913.860636 106.805509 0
2924.121326 106.886241 0
2934.418148 106.886241 0
2944.751228 106.966973 0
2955.120694 106.966973 0
2965.526675 107.047706 0
2975.969299 107.047706 0
2986.448695 107.128438 0
2996.964992 107.128438 0
3007.518321 107.209170 0
3018.108812 107.209170 0
3028.736595 107.289903 0
3039.401802 107.289903 0
3050.104565 107.370635 0
3060.845017 107.370635 0
3071.623289 107.370635 0
3082.439514 107.370635 0
3093.293828 107.370635 0
3104.186363 107.370635 0
3115.117255 107.370635 0
3126.086638 107.370635 0
3137.094647 107.370635 0
3148.141420 107.370635 0
3159.227092 107.370635 0
3170.351801 107.370635 0
3192.718878 107.370635 0
3203.961522 107.370635 0
3215.243756 107.370635 0
3226.565718 107.370635 0
3237.927549 107.370635 0
3249.329388 107.370635 0
3260.771378 107.370635 0
3272.253658 107.370635 0
3283.776371 107.370635 0
3295.339660 107.370635 0
3306.943667 107.370635 0
3318.588536 107.370635 0
3330.274410 107.451368 0
3342.001434 107.532100 0
3353.769753 107.532100 0
3365.579512 107.612832 0
3377.430858 107.693565 0
3389.323936 107.774297 0
3401.258893 107.774297 0
3413.235878 107.855029 0
3425.255037 107.935762 0
3437.316520 107.935762 0
3449.420476 108.016494 0
3461.567054 108.016494 0
3473.756404 108.097227 0
3485.988676 108.177959 0
3498.264023 108.258691 0
3510.582596 108.258691 0
3522.944546 108.339424 0
3535.350027 108.420156 0
3547.799192 108.500888 0
3560.292194 108.500888 0
3572.829189 108.662353 0
3585.410331 108.662353 0
3598.035775 108.743086 0
3610.705677 108.823818 0
3623.420195 108.823818 0
3636.179485 108.904550 0
3648.983704 108.985283 0
3661.833012 109.066015 0
3674.727566 109.066015 0
3687.667526 109.146747 0
3700.653052 109.227480 0
3713.684305 109.308212 0
3726.761445 109.388944 0
3739.884635 109.469677 0
3753.054035 109.550409 0
3766.269810 109.631142 0
3779.532121 109.631142 0
3792.841134 109.711874 0
3806.197012 109.792606 0
3819.599921 109.873339 0
3833.050026 109.954071 0
3846.547493 110.034803 0
3860.092490 110.115536 0
3873.685183 110.277001 0
3887.325740 110.357733 0
3901.014331 110.438465 0
3914.751123 110.519198 0
3928.536288 110.599930 0
3942.369995 110.680662 0
3956.252415 110.761395 0
3970.183719 110.842127 0
3984.164081 110.922860 0
3998.193672 111.003592 0
4012.272666 111.165057 0
4026.401237 111.245789 0
4040.579560 111.407254 0
4054.807809 111.487986 0
4069.086160 111.568719 0
4083.414791 111.649451 0
4097.793877 111.730183 0
4112.223597 111.810916 0
4126.704129 111.891648 0
4141.235652 112.053113 0
4155.818346 112.133845 0
4170.452390 112.295310 0
4185.137965 112.456775 0
4199.875253 112.537507 0
4214.664436 112.698972 0
4229.505697 112.779704 0
4244.399219 112.860437 0
4259.345187 113.021901 0
4274.343784 113.183366 0
4289.395196 113.344831 0
4304.499609 113.506296 0
4319.657210 113.667760 0
4334.868186 113.829225 0
4350.132725 113.990690 0
4365.451016 114.071422 0
4380.823247 114.232887 0
4396.249610 114.394352 0
4411.730293 114.555816 0
4427.265490 114.636549 0
4442.855391 114.798014 0
4458.500190 114.959478 0
4474.200079 115.040211 0
4489.955253 115.201675 0
4505.765906 115.363140 0
4521.632234 115.524605 0
4537.554432 115.605337 0
4553.532698 115.766802 0
4569.567229 115.928267 0
4585.658223 116.170464 0
4601.805879 116.331929 0
4618.010396 116.493393 0
4634.271974 116.654858 0
4650.590816 116.897055 0
4666.967121 117.058520 0
4683.401093 117.300717 0
4699.892934 117.462182 0
4716.442849 117.623647 0
4733.051042 117.785111 0
4749.717718 118.027308 0
4766.443082 118.188773 0
4783.227343 118.350238 0
4800.070706 118.511703 0
4816.973381 118.673167 0
4833.935576 118.915365 0
4850.957500 119.076829 0
4868.039364 119.157562 0
4885.181380 119.238294 0
4902.383758 119.319026 0
4919.646711 119.399759 0
4936.970454 119.561224 0
4954.355199 119.561224 0
4971.801161 119.561224 0
4989.308557 119.561224 0
5006.877602 119.561224 0
5024.508514 119.561224 0
5042.201511 119.561224 0
5059.956810 119.561224 0
5077.774631 119.561224 0
5095.655196 119.561224 0
5113.598723 119.561224 0
5131.605436 119.561224 0
5149.675557 119.561224 0
5167.809309 119.561224 0
5186.006916 119.561224 0
5204.268603 119.480491 0
5222.594595 119.319026 0
5240.985119 119.157562 0
5259.440403 118.996097 0
5277.960674 118.915365 0
5296.546161 118.753900 0
5315.197094 118.592435 0
5333.913703 118.269506 0
5352.696220 118.108041 0
5371.544876 117.865844 0
5390.459905 117.704379 0
5409.441540 117.542914 0
5428.490016 117.300717 0
5447.605568 117.058520 0
5466.788432 116.816323 0
5486.038846 116.654858 0
5505.357046 116.493393 0
5524.743273 116.251196 0
5544.197765 116.089732 0
5563.720763 115.928267 0
5583.312509 115.686070 0
5602.973243 115.443873 0
5622.703209 115.282408 0
5642.502652 115.040211 0
5662.371815 114.798014 0
5682.310944 114.555816 0
5702.320285 114.394352 0
5722.400086 114.232887 0
5742.550595 114.071422 0
5762.772060 113.909957 0
5783.064732 113.748493 0
5803.428862 113.506296 0
5823.864701 113.344831 0
5844.372501 113.183366 0
5864.952516 112.941169 0
5885.605000 112.860437 0
5906.330208 112.618239 0
5927.128398 112.456775 0
5947.999824 112.295310 0
5968.944746 112.133845 0
5989.963422 111.972380 0
6011.056112 111.810916 0
6032.223076 111.649451 0
6053.464577 111.487986 0
6074.780876 111.407254 0
6096.172237 111.245789 0
6117.638924 111.084324 0
6139.181203 110.842127 0
6160.799339 110.680662 0
6182.493600 110.519198 0
6204.264254 110.357733 0
6226.111570 110.277001 0
6248.035817 110.115536 0
6270.037267 109.954071 0
6292.116192 109.873339 0
6314.272864 109.711874 0
6336.507558 109.550409 0
6358.820547 109.469677 0
6381.212108 109.308212 0
6403.682517 109.227480 0
6426.232052 109.066015 0
6448.860991 108.985283 0
6471.569615 108.904550 0
6494.358203 108.743086 0
6517.227038 108.662353 0
6540.176402 108.581621 0
6563.206578 108.500888 0
6586.317851 108.339424 0
6609.510507 108.258691 0
6632.784832 108.097227 0
6656.141114 108.016494 0
6679.579641 107.935762 0
6703.100704 107.855029 0
6726.704591 107.693565 0
6750.391597 107.612832 0
6774.162012 107.532100 0
6798.016130 107.451368 0
6821.954248 107.289903 0
6845.976659 107.209170 0
6870.083661 107.128438 0
6894.275553 107.047706 0
6918.552632 106.966973 0
6942.915199 106.886241 0
6967.363555 106.805509 0
6991.898002 106.724776 0
7016.518843 106.644044 0
7041.226382 106.563311 0
7066.020925 106.482579 0
7090.902778 106.401847 0
7115.872248 106.401847 0
7140.929644 106.321114 0
7166.075276 106.240382 0
7191.309454 106.159650 0
7216.632490 106.078917 0
7242.044698 106.078917 0
7267.546390 105.998185 0
7293.137882 105.917452 0
7318.819491 105.836720 0
7344.591533 105.836720 0
7370.454327 105.755988 0
7396.408193 105.755988 0
7422.453451 105.675255 0
7448.590424 105.675255 0
7474.819434 105.594523 0
7501.140804 105.513791 0
7527.554862 105.513791 0
7554.061932 105.433058 0
7580.662342 105.352326 0
7607.356422 105.352326 0
7634.144500 105.271593 0
7661.026909 105.271593 0
7688.003979 105.271593 0
7715.076045 105.190861 0
7742.243441 105.190861 0
7769.506502 105.110129 0
7796.865566 105.110129 0
7824.320970 105.110129 0
7851.873055 105.029396 0
7879.522159 105.029396 0
7907.268625 105.029396 0
7935.112796 105.029396 0
7963.055016 104.948664 0
7991.095629 104.948664 0
8019.234984 104.948664 0
8047.473426 104.948664 0
8075.811306 104.948664 0
8104.248972 104.948664 0
8132.786778 104.948664 0
8161.425074 104.948664 0
8190.164216 104.948664 0
8219.004558 104.948664 0
8247.946457 104.948664 0
8276.990270 104.948664 0
8306.136356 104.948664 0
8335.385075 104.948664 0
8364.736789 104.948664 0
8394.191861 104.948664 0
8423.750653 104.948664 0
8453.413532 104.948664 0
8483.180864 104.948664 0
8513.053017 104.948664 0
8543.030360 104.948664 0
8573.113264 104.948664 0
8603.302099 104.948664 0
8633.597240 104.948664 0
8663.999060 104.948664 0
8694.507935 104.948664 0
8725.124242 104.948664 0
8755.848359 104.948664 0
8786.680667 104.948664 0
8817.621546 104.948664 0
8848.671377 104.948664 0
8879.830546 104.948664 0
8911.099437 104.948664 0
8942.478436 104.948664 0
8973.967932 104.948664 0
9005.568312 104.948664 0
9037.279968 104.948664 0
9069.103292 104.948664 0
9101.038676 104.948664 0
9133.086516 105.029396 0
9165.247206 105.029396 0
9197.521146 105.110129 0
9229.908733 105.190861 0
9262.410368 105.271593 0
9295.026452 105.271593 0
9327.757388 105.352326 0
9360.603581 105.513791 0
9393.565436 105.513791 0
9426.643362 105.675255 0
9459.837766 105.675255 0
9493.149059 105.755988 0
9526.577652 105.836720 0
9560.123958 105.917452 0
9593.788392 105.998185 0
9627.571371 106.159650 0
9661.473310 106.240382 0
9695.494630 106.401847 0
9729.635750 106.563311 0
9763.897093 106.644044 0
9798.279082 106.805509 0
9832.782141 106.886241 0
9867.406697 106.966973 0
9902.153178 107.047706 0
9937.022013 107.209170 0
9972.013633 107.451368 0
10007.128470 107.612832 0
10042.366959 107.774297 0
10077.729534 107.855029 0
10113.216633 107.935762 0
10148.828694 108.097227 0
10184.566157 108.258691 0
10220.429464 108.500888 0
10256.419058 108.662353 0
10292.535383 108.823818 0
10328.778886 109.066015 0
10365.150015 109.146747 0
10401.649219 109.388944 0
10438.276948 109.550409 0
10475.033657 109.711874 0
10511.919798 109.873339 0
10548.935828 110.115536 0
10586.082204 110.277001 0
10623.359385 110.519198 0
10660.767831 110.761395 0
10698.308005 110.922860 0
10735.980371 111.165057 0
10773.785394 111.326521 0
10811.723541 111.487986 0
10849.795282 111.810916 0
10888.001086 111.972380 0
10926.341425 112.133845 0
10964.816774 112.295310 0
11003.427607 112.456775 0
11042.174403 112.698972 0
11081.057639 112.860437 0
11120.077796 113.021901 0
11159.235356 113.183366 0
11198.530803 113.264098 0
11237.964623 113.506296 0
11277.537302 113.667760 0
11317.249331 113.748493 0
11357.101199 113.829225 0
11397.093399 113.829225 0
11437.226424 113.829225 0
11477.500772 113.829225 0
11517.916940 113.829225 0
11558.475426 113.829225 0
11599.176733 113.829225 0
11640.021363 113.829225 0
11681.009820 113.829225 0
11722.142612 113.829225 0
11763.420246 113.829225 0
11804.843233 113.829225 0
11846.412084 113.829225 0
11888.127314 113.829225 0
11929.989436 113.829225 0
11971.998970 113.829225 0
12014.156433 113.829225 0
12056.462347 113.829225 0
12098.917234 113.829225 0
12141.521619 113.829225 0
12184.276029 113.829225 0
12227.180992 113.829225 0
12270.237037 113.829225 0
12313.444697 113.829225 0
12356.804507 113.829225 0
12400.317000 113.829225 0
12443.982716 113.829225 0
12487.802194 113.829225 0
12531.775975 113.909957 0
12575.904603 113.990690 0
12620.188622 114.071422 0
12664.628581 114.152155 0
12709.225027 114.232887 0
12753.978513 114.313619 0
12798.889591 114.394352 0
12843.958816 114.475084 0
12889.186745 114.555816 0
12934.573937 114.555816 0
12980.120953 114.555816 0
13025.828355 114.555816 0
13071.696708 114.555816 0
13117.726579 114.555816 0
13163.918537 114.555816 0
13210.273153 114.555816 0
13256.790999 114.555816 0
13303.472650 114.555816 0
13350.318683 114.555816 0
13397.329677 114.555816 0
13444.506212 114.555816 0
13491.848872 114.555816 0
13539.358241 114.232887 0
13587.034907 113.667760 0
13634.879459 113.102634 0
13682.892487 112.537507 0
13731.074586 112.133845 0
13779.426350 111.649451 0
13827.948377 111.245789 0
13876.641267 109.469677 0
13925.505621 109.469677 0
13974.542042 109.469677 0
14023.751138 108.904550 0
14073.133515 108.420156 0
14122.689785 107.047706 0
14172.420559 106.966973 0
14222.326452 106.401847 0
14272.408080 105.917452 0
14322.666063 105.352326 0
14373.101021 104.867932 0
14423.713577 104.141340 0
14474.504358 103.656946 0
14525.473990 103.253284 0
14576.623104 102.849622 0
14627.952331 102.203763 0
14679.462305 101.719369 0
14731.153664 101.315707 0
14783.027045 100.912045 0
14835.083090 100.508383 0
14887.322442 100.104722 0
14939.745746 99.539595 0
14992.353651 99.135933 0
15045.146806 98.732271 0
15098.125864 98.409342 0
15151.291478 98.086412 0
15204.644307 97.602018 0
15258.185009 97.117624 0
15311.914247 96.794694 0
15365.832683 96.552497 0
15419.940984 96.229568 0
15474.239818 95.825906 0
15528.729858 95.422244 0
15583.411775 95.018582 0
15638.286246 94.776385 0
15693.353948 94.534188 0
15748.615563 94.211258 0
15804.071772 93.888329 0
15859.723261 93.565399 0
15915.570718 93.242470 0
15971.614833 93.000273 0
16027.856298 92.758076 0
16084.295809 92.435146 0
16140.934062 92.112217 0
16197.771757 91.870019 0
16254.809598 91.627822 0
16312.048288 91.385625 0
16369.488534 91.224160 0
16427.131048 90.901231 0
16484.976540 90.578301 0
16543.025725 90.416837 0
16601.279322 90.174640 0
16659.738049 90.013175 0
16718.402629 89.770978 0
16777.273787 89.448048 0
16836.352250 89.205851 0
16895.638749 88.963654 0
16955.134015 88.802189 0
17014.838785 88.640724 0
17074.753795 88.479260 0
17134.879786 88.317795 0
17195.217501 88.075598 0
17255.767686 87.914133 0
17316.531088 87.752668 0
17377.508459 87.591204 0
17438.700552 87.429739 0
17500.108123 87.268274 0
17561.731930 87.026077 0
17623.572736 86.783880 0
17685.631305 86.541683 0
17747.908403 86.460950 0
17810.404799 86.460950 0
17873.121267 86.460950 0
17936.058580 86.460950 0
17999.217517 86.460950 0
18062.598858 86.460950 0
18126.203386 86.460950 0
18190.031887 86.460950 0
18254.085150 86.460950 0
18318.363967 86.460950 0
18382.869130 86.460950 0
18447.601439 86.460950 0
18512.561691 86.460950 0
18577.750691 86.460950 0
18643.169243 86.622415 0
18708.818156 86.783880 0
18774.698241 86.864612 0
18840.810313 86.864612 0
18907.155187 86.864612 0
18973.733684 86.864612 0
19040.546627 86.864612 0
19107.594840 86.864612 0
19174.879153 86.864612 0
19242.400397 86.864612 0
19310.159406 86.864612 0
19378.157017 86.945345 0
19446.394071 87.026077 0
19514.871411 87.106809 0
19583.589883 87.187542 0
19652.550335 87.268274 0
19721.753621 87.429739 0
19791.200595 87.591204 0
19860.892115 87.752668 0
19930.829043 87.914133 0
20001.012243 88.156330 0
20071.442581 88.398527 0
20142.120928 88.640724 0
20213.048158 88.802189 0
20284.225146 88.802189 0
