19.334759 123.962860 0
19.411157 123.995922 0
19.487857 124.062045 0
19.564860 124.095106 0
19.642167 124.095106 0
19.719780 124.128168 0
19.797700 124.128168 0
19.875927 124.128168 0
19.954463 124.161229 0
20.033310 124.161229 0
20.112468 124.161229 0
20.191939 124.161229 0
20.271725 124.161229 0
20.351825 124.161229 0
20.432242 124.161229 0
20.512976 124.194290 0
20.594030 124.194290 0
20.675404 124.194290 0
20.757099 124.194290 0
20.839118 124.194290 0
20.921460 124.194290 0
21.004128 124.227352 0
21.087122 124.227352 0
21.170444 124.227352 0
21.254096 124.227352 0
21.338078 124.227352 0
21.422392 124.227352 0
21.507039 124.227352 0
21.592020 124.227352 0
21.677338 124.227352 0
21.762992 124.227352 0
21.848985 124.227352 0
21.935318 124.227352 0
22.021991 124.227352 0
22.109008 124.227352 0
22.196368 124.227352 0
22.284073 124.227352 0
22.372125 124.227352 0
22.460525 124.227352 0
22.549274 124.227352 0
22.638373 124.227352 0
22.727825 124.227352 0
22.817630 124.227352 0
22.907790 124.227352 0
22.998307 124.227352 0
23.089181 124.227352 0
23.180414 124.227352 0
23.272007 124.227352 0
23.363963 124.227352 0
23.456282 124.227352 0
23.548965 124.227352 0
23.642015 124.227352 0
23.735433 124.227352 0
23.829219 124.227352 0
23.923377 124.227352 0
24.017906 124.227352 0
24.112809 124.227352 0
24.208086 124.227352 0
24.303741 124.227352 0
24.399773 124.227352 0
24.496185 124.227352 0
24.592977 124.227352 0
24.690152 124.227352 0
24.787711 124.227352 0
24.885656 124.227352 0
24.983987 124.227352 0
25.082708 124.227352 0
25.181818 124.227352 0
25.281320 124.227352 0
25.381215 124.227352 0
25.481504 124.227352 0
25.582190 124.227352 0
25.683274 124.227352 0
25.784757 124.227352 0
25.886641 124.227352 0
25.988928 124.227352 0
26.091619 124.227352 0
26.194716 124.227352 0
26.298220 124.227352 0
26.402133 124.227352 0
26.506457 124.227352 0
26.611193 124.227352 0
26.716342 124.227352 0
26.821907 124.227352 0
26.927890 124.227352 0
27.034291 124.227352 0
27.141112 124.227352 0
27.248356 124.227352 0
27.356023 124.227352 0
27.464116 124.227352 0
27.572636 124.227352 0
27.681585 124.227352 0
27.790964 124.227352 0
27.900775 124.227352 0
28.011021 124.227352 0
28.121702 124.227352 0
28.232820 124.227352 0
28.344377 124.227352 0
28.456375 124.227352 0
28.568816 124.227352 0
28.681701 124.227352 0
28.795032 124.227352 0
28.908811 124.227352 0
29.023039 124.227352 0
29.137719 124.227352 0
29.252852 124.227352 0
29.368440 124.227352 0
29.484484 124.227352 0
29.600987 124.227352 0
29.717951 124.227352 0
29.835376 124.227352 0
29.953266 124.227352 0
30.071621 124.227352 0
30.190444 124.227352 0
30.309737 124.227352 0
30.429501 124.227352 0
30.549738 124.227352 0
30.670450 124.227352 0
30.791639 124.227352 0
30.913307 124.227352 0
31.035456 124.227352 0
31.158088 124.227352 0
31.281204 124.227352 0
31.404806 124.227352 0
31.528897 124.227352 0
31.653478 124.227352 0
31.778552 124.227352 0
31.904119 124.227352 0
32.030183 124.227352 0
32.156745 124.227352 0
32.283807 124.227352 0
32.411372 124.227352 0
32.539440 124.227352 0
32.668014 124.227352 0
32.797096 124.227352 0
32.926688 124.227352 0
33.056793 124.227352 0
33.187411 124.227352 0
33.318546 124.227352 0
33.450199 124.227352 0
33.582372 124.227352 0
33.715067 124.227352 0
33.848286 124.227352 0
33.982032 124.227352 0
34.116307 124.227352 0
34.251111 124.227352 0
34.386449 124.227352 0
34.522321 124.227352 0
34.658731 124.227352 0
34.795679 124.227352 0
34.933168 124.227352 0
35.071201 124.227352 0
35.209779 124.227352 0
35.348905 124.227352 0
35.488580 124.227352 0
35.628807 124.227352 0
35.769589 124.227352 0
35.910926 124.227352 0
36.052822 124.227352 0
36.195279 124.227352 0
36.338299 124.227352 0
36.481883 124.227352 0
36.626036 124.227352 0
36.770757 124.227352 0
36.916051 124.227352 0
37.061919 124.227352 0
37.208363 124.227352 0
37.355385 124.227352 0
37.502989 124.227352 0
37.651176 124.227352 0
37.799948 124.227352 0
37.949308 124.227352 0
38.099259 124.227352 0
38.249802 124.227352 0
38.400940 124.227352 0
38.552675 124.227352 0
38.705009 124.227352 0
38.857946 124.227352 0
39.011486 124.227352 0
39.165634 124.227352 0
39.320390 124.227352 0
39.475758 124.227352 0
39.631740 124.227352 0
39.788338 124.227352 0
39.945556 124.227352 0
40.103394 124.227352 0
40.261856 124.227352 0
40.420944 124.227352 0
40.580660 124.227352 0
40.741008 124.227352 0
40.901990 124.227352 0
41.063607 124.227352 0
41.225863 124.227352 0
41.388760 124.227352 0
41.552301 124.227352 0
41.716488 124.227352 0
41.881324 124.227352 0
42.046811 124.227352 0
42.212952 124.227352 0
42.379750 124.227352 0
42.547206 124.227352 0
42.715324 124.227352 0
42.884107 124.227352 0
43.053556 124.227352 0
43.223675 124.227352 0
43.394467 124.227352 0
43.565933 124.227352 0
43.738076 124.227352 0
43.910900 124.227352 0
44.084407 124.227352 0
44.258599 124.227352 0
44.433480 124.227352 0
44.609051 124.227352 0
44.785316 124.227352 0
44.962278 124.227352 0
45.139939 124.227352 0
45.318302 124.227352 0
45.497370 124.227352 0
45.677145 124.227352 0
45.857631 124.227352 0
46.038830 124.227352 0
46.220745 124.227352 0
46.403378 124.227352 0
46.586734 124.227352 0
46.770813 124.227352 0
46.955621 124.227352 0
47.141158 124.227352 0
47.327428 124.227352 0
47.514435 124.227352 0
47.702180 124.227352 0
47.890668 124.227352 0
48.079900 124.227352 0
48.269879 124.227352 0
48.460610 124.227352 0
48.652094 124.227352 0
48.844335 124.227352 0
49.037335 124.227352 0
49.231098 124.227352 0
49.425627 124.227352 0
49.620924 124.227352 0
49.816993 124.227352 0
50.013836 124.227352 0
50.211458 124.227352 0
50.409860 124.227352 0
50.609046 124.227352 0
50.809019 124.227352 0
51.009783 124.227352 0
51.211340 124.227352 0
51.413693 124.227352 0
51.616845 124.227352 0
51.820801 124.227352 0
52.025562 124.227352 0
52.231133 124.227352 0
52.437515 124.227352 0
52.644713 124.227352 0
52.852730 124.227352 0
53.061569 124.227352 0
53.271233 124.227352 0
53.481726 124.227352 0
53.693050 124.227352 0
53.905209 124.227352 0
54.118207 124.227352 0
54.332046 124.227352 0
54.546730 124.227352 0
54.762262 124.227352 0
54.978646 124.227352 0
55.195885 124.227352 0
55.413983 124.227352 0
55.632942 124.227352 0
55.852766 124.227352 0
56.073459 124.227352 0
56.295024 124.227352 0
56.517465 124.227352 0
56.740784 124.227352 0
56.964986 124.227352 0
57.190074 124.227352 0
57.416051 124.227352 0
57.642921 124.227352 0
57.870687 124.227352 0
58.099354 124.227352 0
58.328924 124.227352 0
58.559401 124.227352 0
58.790789 124.227352 0
59.023091 124.227352 0
59.256311 124.227352 0
59.490452 124.227352 0
59.725519 124.227352 0
59.961514 124.194290 0
60.198442 124.194290 0
60.436307 124.194290 0
60.675111 124.194290 0
60.914858 124.194290 0
61.155553 124.194290 0
61.397199 124.194290 0
61.639800 124.194290 0
61.883360 124.194290 0
62.127882 124.194290 0
62.373370 124.194290 0
62.619828 124.194290 0
62.867260 124.194290 0
63.115669 124.194290 0
63.365060 124.194290 0
63.615437 124.194290 0
63.866803 124.194290 0
64.119162 124.194290 0
64.372518 124.194290 0
64.626876 124.194290 0
64.882238 124.194290 0
65.138610 124.194290 0
65.395994 124.194290 0
65.654395 124.194290 0
65.913818 124.194290 0
66.174265 124.194290 0
66.435742 124.194290 0
66.698252 124.161229 0
66.961799 124.161229 0
67.226388 124.161229 0
67.492022 124.161229 0
67.758705 124.161229 0
68.026442 124.161229 0
68.295238 124.161229 0
68.565095 124.161229 0
68.836019 124.161229 0
69.108013 124.161229 0
69.381082 124.161229 0
69.655230 124.161229 0
69.930461 124.161229 0
70.206779 124.161229 0
70.484190 124.161229 0
70.762697 124.128168 0
71.042304 124.128168 0
71.323016 124.128168 0
71.604837 124.128168 0
71.887771 124.128168 0
72.171824 124.128168 0
72.456999 124.128168 0
72.743301 124.128168 0
73.030734 124.128168 0
73.319303 124.128168 0
73.609012 124.128168 0
73.899866 124.128168 0
74.191869 124.128168 0
74.485026 124.128168 0
74.779341 124.128168 0
75.074819 124.128168 0
75.371465 124.128168 0
75.669283 124.095106 0
75.968278 124.095106 0
76.268454 124.095106 0
76.569816 124.095106 0
76.872369 124.095106 0
77.176117 124.095106 0
77.481066 124.095106 0
77.787220 124.095106 0
78.094583 124.095106 0
78.403161 124.095106 0
78.712958 124.095106 0
79.023979 124.062045 0
79.336229 124.062045 0
79.649713 124.062045 0
79.964436 124.062045 0
80.280402 124.062045 0
80.597617 124.062045 0
80.916085 124.062045 0
81.235812 124.062045 0
81.556802 124.062045 0
81.879060 124.028983 0
82.202591 124.028983 0
82.527401 124.028983 0
82.853495 124.028983 0
83.180877 124.028983 0
83.509552 124.028983 0
83.839526 124.028983 0
84.170804 124.028983 0
84.503391 124.028983 0
84.837293 123.995922 0
85.172513 123.995922 0
85.509058 123.995922 0
85.846933 123.995922 0
86.186143 123.995922 0
86.526693 123.995922 0
86.868589 123.995922 0
87.211836 123.995922 0
87.556439 123.962860 0
87.902404 123.962860 0
88.249736 123.962860 0
88.598440 123.962860 0
88.948522 123.962860 0
89.299988 123.962860 0
89.652842 123.962860 0
90.007090 123.929799 0
90.362738 123.929799 0
90.719792 123.929799 0
91.078256 123.929799 0
91.438137 123.929799 0
91.799439 123.929799 0
92.162170 123.929799 0
92.526333 123.896738 0
92.891936 123.896738 0
93.258983 123.896738 0
93.627480 123.896738 0
93.997434 123.896738 0
94.368849 123.896738 0
94.741732 123.863676 0
95.116088 123.863676 0
95.491924 123.863676 0
95.869244 123.863676 0
96.248056 123.863676 0
96.628364 123.863676 0
97.010175 123.830615 0
97.393495 123.830615 0
97.778329 123.830615 0
98.164684 123.830615 0
98.552566 123.830615 0
98.941980 123.797553 0
99.332933 123.797553 0
99.725430 123.797553 0
100.119479 123.797553 0
100.515085 123.797553 0
100.912253 123.797553 0
101.310991 123.764492 0
101.711305 123.764492 0
102.113200 123.764492 0
102.516684 123.764492 0
102.921762 123.764492 0
103.328440 123.731431 0
103.736725 123.731431 0
104.146624 123.731431 0
104.558142 123.731431 0
104.971286 123.731431 0
105.386063 123.698369 0
105.802478 123.698369 0
106.220539 123.698369 0
106.640252 123.698369 0
107.061624 123.698369 0
107.484660 123.665308 0
107.909368 123.665308 0
108.335754 123.665308 0
108.763825 123.665308 0
109.193587 123.665308 0
109.625047 123.632246 0
110.058213 123.632246 0
110.493089 123.632246 0
110.929685 123.632246 0
111.368005 123.599185 0
111.808057 123.599185 0
112.249848 123.599185 0
112.693385 123.599185 0
113.138674 123.566123 0
113.585723 123.566123 0
114.034538 123.566123 0
114.485127 123.566123 0
114.937496 123.566123 0
115.391652 123.533062 0
115.847603 123.533062 0
116.305356 123.533062 0
116.764918 123.500001 0
117.226295 123.500001 0
117.689495 123.500001 0
118.154526 123.500001 0
118.621394 123.466939 0
119.090107 123.466939 0
119.560671 123.466939 0
120.033096 123.466939 0
120.507387 123.466939 0
120.983552 123.433878 0
121.461598 123.433878 0
121.941534 123.433878 0
122.423365 123.433878 0
122.907101 123.400816 0
123.392748 123.400816 0
123.880314 123.400816 0
124.369807 123.400816 0
124.861234 123.367755 0
125.354602 123.367755 0
125.849920 123.367755 0
126.347195 123.334693 0
126.846435 123.334693 0
127.347648 123.334693 0
127.850841 123.334693 0
128.356023 123.301632 0
128.863200 123.301632 0
129.372382 123.301632 0
129.883576 123.268571 0
130.396789 123.268571 0
130.912030 123.268571 0
131.429308 123.268571 0
131.948629 123.235509 0
132.470002 123.235509 0
132.993435 123.235509 0
133.518937 123.202448 0
134.046515 123.202448 0
134.576178 123.202448 0
135.107933 123.202448 0
135.641790 123.169386 0
136.177756 123.169386 0
136.715840 123.169386 0
137.256050 123.136325 0
137.798394 123.136325 0
138.342882 123.136325 0
138.889521 123.103263 0
139.438320 123.103263 0
139.989288 123.103263 0
140.542432 123.103263 0
141.097762 123.070202 0
141.655287 123.070202 0
142.215014 123.070202 0
142.776953 123.037141 0
143.341113 123.037141 0
143.907502 123.037141 0
144.476128 123.004079 0
145.047002 123.004079 0
145.620131 123.004079 0
146.195525 122.971018 0
146.773192 122.971018 0
147.353142 122.937956 0
147.935384 122.937956 0
148.519926 122.937956 0
149.106778 122.937956 0
149.695949 122.904895 0
150.287448 122.904895 0
150.881284 122.871833 0
151.477466 122.871833 0
152.076004 122.871833 0
152.676908 122.838772 0
153.280185 122.838772 0
153.885846 122.838772 0
154.493901 122.805711 0
155.104358 122.805711 0
155.717227 122.805711 0
156.332518 122.772649 0
156.950240 122.772649 0
157.570403 122.772649 0
158.193017 122.739588 0
158.818090 122.739588 0
159.445634 122.739588 0
160.075657 122.706526 0
160.708169 122.706526 0
161.343181 122.673465 0
161.980702 122.673465 0
162.620742 122.673465 0
163.263311 122.640404 0
163.908419 122.640404 0
164.556076 122.607342 0
165.206292 122.607342 0
165.859077 122.607342 0
166.514442 122.574281 0
167.172396 122.574281 0
167.832950 122.574281 0
168.496115 122.541219 0
169.161899 122.541219 0
169.830314 122.508158 0
170.501371 122.508158 0
171.175079 122.508158 0
171.851449 122.475096 0
172.530491 122.475096 0
173.212217 122.442035 0
173.896637 122.442035 0
174.583760 122.442035 0
175.273599 122.408974 0
175.966164 122.408974 0
176.661465 122.375912 0
177.359514 122.375912 0
178.060321 122.342851 0
178.763897 122.342851 0
179.470253 122.342851 0
180.179400 122.309789 0
180.891349 122.309789 0
181.606111 122.309789 0
182.323697 122.276728 0
183.044119 122.276728 0
183.767388 122.243666 0
184.493514 122.243666 0
185.222510 122.210605 0
185.954386 122.210605 0
186.689154 122.177544 0
187.426826 122.177544 0
188.167412 122.177544 0
188.910924 122.144482 0
189.657374 122.144482 0
190.406774 122.111421 0
191.159135 122.111421 0
191.914469 122.078359 0
192.672787 122.078359 0
193.434102 122.045298 0
194.198425 122.045298 0
194.965768 122.012236 0
195.736143 122.012236 0
196.509562 121.979175 0
197.286037 121.979175 0
198.065580 121.946114 0
198.848203 121.946114 0
199.633919 121.946114 0
200.422740 121.913052 0
201.214677 121.913052 0
202.009743 121.879991 0
202.807952 121.879991 0
203.609314 121.846929 0
204.413842 121.846929 0
205.221550 121.813868 0
206.032449 121.813868 0
206.846552 121.780807 0
207.663872 121.780807 0
208.484421 121.747745 0
209.308213 121.747745 0
210.135260 121.747745 0
210.965575 121.714684 0
211.799170 121.714684 0
212.636060 121.681622 0
213.476256 121.681622 0
214.319772 121.648561 0
215.166621 121.648561 0
216.016817 121.648561 0
216.870371 121.615499 0
217.727299 121.615499 0
218.587612 121.582438 0
219.451325 121.582438 0
220.318451 121.582438 0
221.189003 121.549377 0
222.062994 121.549377 0
222.940440 121.516315 0
223.821352 121.483254 0
224.705745 121.483254 0
225.593633 121.483254 0
226.485028 121.450192 0
227.379947 121.450192 0
228.278401 121.417131 0
229.180405 121.417131 0
230.085974 121.384069 0
230.995120 121.384069 0
231.907860 121.351008 0
232.824205 121.351008 0
233.744171 121.317947 0
234.667773 121.317947 0
235.595024 121.284885 0
236.525939 121.284885 0
237.460532 121.251824 0
238.398818 121.251824 0
239.340811 121.218762 0
240.286527 121.218762 0
241.235980 121.185701 0
242.189184 121.185701 0
243.146154 121.152639 0
244.106906 121.152639 0
245.071454 121.119578 0
246.039813 121.119578 0
247.011999 121.086517 0
247.988026 121.086517 0
248.967910 121.053455 0
249.951665 121.053455 0
250.939308 121.020394 0
251.930853 121.020394 0
252.926316 120.987332 0
253.925713 120.987332 0
254.929058 120.954271 0
255.936369 120.954271 0
256.947659 120.921209 0
257.962945 120.921209 0
258.982243 120.888148 0
260.005568 120.888148 0
261.032937 120.855087 0
262.064366 120.855087 0
263.099870 120.822025 0
264.139466 120.822025 0
265.183169 120.788964 0
266.230997 120.788964 0
267.282964 120.755902 0
268.339089 120.755902 0
269.399386 120.722841 0
270.463874 120.722841 0
271.532567 120.689780 0
272.605483 120.689780 0
273.682638 120.656718 0
274.764050 120.656718 0
275.849735 120.623657 0
276.939709 120.623657 0
278.033991 120.590595 0
279.132596 120.590595 0
280.235543 120.557534 0
281.342847 120.557534 0
282.454527 120.524472 0
283.570599 120.524472 0
284.691082 120.491411 0
285.815991 120.491411 0
286.945346 120.458350 0
288.079163 120.458350 0
289.217460 120.425288 0
290.360255 120.425288 0
291.507566 120.392227 0
292.659410 120.359165 0
293.815805 120.359165 0
294.976770 120.326104 0
296.142322 120.326104 0
297.312479 120.293042 0
298.487260 120.293042 0
299.666683 120.259981 0
300.850767 120.259981 0
302.039529 120.226920 0
303.232988 120.226920 0
304.431163 120.193858 0
305.634072 120.193858 0
306.841735 120.160797 0
308.054169 120.160797 0
309.271395 120.127735 0
310.493429 120.127735 0
311.720293 120.094674 0
312.952004 120.061612 0
314.188582 120.061612 0
315.430046 120.028551 0
316.676416 120.028551 0
317.927711 119.995490 0
319.183949 119.995490 0
320.445152 119.962428 0
321.711338 119.962428 0
322.982527 119.929367 0
324.258739 119.929367 0
325.539994 119.896305 0
326.826312 119.896305 0
328.117712 119.863244 0
329.414215 119.863244 0
330.715840 119.830182 0
332.022609 119.830182 0
333.334542 119.797121 0
334.651658 119.797121 0
335.973979 119.764060 0
337.301525 119.764060 0
338.634316 119.730998 0
339.972373 119.730998 0
341.315718 119.697937 0
342.664371 119.697937 0
344.018352 119.664875 0
345.377684 119.664875 0
346.742387 119.631814 0
348.112482 119.598753 0
349.487991 119.598753 0
350.868935 119.565691 0
352.255336 119.565691 0
353.647214 119.532630 0
355.044593 119.532630 0
356.447493 119.499568 0
357.855936 119.499568 0
359.269945 119.466507 0
360.689541 119.466507 0
362.114746 119.433445 0
363.545582 119.433445 0
364.982073 119.400384 0
366.424239 119.367323 0
367.872104 119.367323 0
369.325690 119.367323 0
370.785019 119.334261 0
372.250115 119.301200 0
373.721000 119.301200 0
375.197696 119.268138 0
376.680228 119.268138 0
378.168618 119.235077 0
379.662888 119.235077 0
381.163064 119.202015 0
382.669166 119.202015 0
384.181220 119.168954 0
385.699249 119.135893 0
387.223276 119.135893 0
388.753325 119.135893 0
390.289419 119.102831 0
391.831583 119.069770 0
393.379841 119.069770 0
394.934216 119.036708 0
396.494734 119.036708 0
398.061417 119.003647 0
399.634291 118.970585 0
401.213380 118.970585 0
402.798708 118.937524 0
404.390301 118.937524 0
405.988182 118.904463 0
407.592377 118.904463 0
409.202911 118.904463 0
410.819809 118.871401 0
412.443095 118.838340 0
414.072796 118.838340 0
415.708936 118.805278 0
417.351542 118.805278 0
419.000637 118.772217 0
420.656249 118.772217 0
422.318403 118.739156 0
423.987124 118.739156 0
425.662439 118.706094 0
427.344374 118.706094 0
429.032954 118.673033 0
430.728207 118.673033 0
432.430159 118.639971 0
434.138835 118.639971 0
435.854263 118.606910 0
437.576469 118.606910 0
439.305480 118.606910 0
441.041323 118.573848 0
442.784025 118.573848 0
444.533613 118.540787 0
446.290114 118.540787 0
448.053555 118.507726 0
449.823965 118.474664 0
451.601370 118.474664 0
453.385798 118.441603 0
455.177277 118.441603 0
456.975835 118.408541 0
458.781500 118.408541 0
460.594299 118.375480 0
462.414261 118.375480 0
464.241415 118.342418 0
466.075788 118.342418 0
467.917409 118.309357 0
469.766308 118.276296 0
471.622511 118.276296 0
473.486050 118.243234 0
475.356952 118.243234 0
477.235246 118.210173 0
479.120962 118.177111 0
481.014130 118.177111 0
482.914778 118.144050 0
484.822935 118.144050 0
486.738633 118.110988 0
488.661900 118.110988 0
490.592767 118.077927 0
492.531263 118.077927 0
494.477419 118.044866 0
496.431265 118.011804 0
498.392831 118.011804 0
500.362148 117.978743 0
502.339246 117.978743 0
504.324157 117.945681 0
506.316910 117.945681 0
508.317538 117.912620 0
510.326071 117.912620 0
512.342540 117.879558 0
514.366977 117.879558 0
516.399413 117.846497 0
518.439880 117.813436 0
520.488409 117.813436 0
522.545033 117.813436 0
524.609784 117.780374 0
526.682692 117.747313 0
528.763792 117.747313 0
530.853115 117.747313 0
532.950693 117.714251 0
535.056560 117.681190 0
537.170747 117.681190 0
539.293289 117.648129 0
541.424217 117.648129 0
543.563565 117.615067 0
545.711367 117.615067 0
547.867655 117.582006 0
550.032464 117.582006 0
552.205826 117.548944 0
554.387776 117.548944 0
556.578348 117.515883 0
558.777575 117.515883 0
560.985492 117.482821 0
563.202134 117.482821 0
565.427534 117.449760 0
567.661727 117.449760 0
569.904749 117.416699 0
572.156633 117.416699 0
574.417416 117.416699 0
576.687131 117.383637 0
578.965815 117.350576 0
581.253503 117.350576 0
583.550230 117.350576 0
585.856032 117.317514 0
588.170945 117.317514 0
590.495006 117.284453 0
592.828249 117.284453 0
595.170712 117.251391 0
597.522431 117.251391 0
599.883442 117.218330 0
602.253782 117.218330 0
604.633488 117.185269 0
607.022598 117.185269 0
609.421147 117.152207 0
611.829174 117.152207 0
614.246716 117.152207 0
616.673810 117.119146 0
619.110495 117.119146 0
621.556808 117.086084 0
624.012787 117.086084 0
626.478470 117.053023 0
628.953896 117.053023 0
631.439104 117.019961 0
633.934131 117.019961 0
636.439017 116.986900 0
638.953800 116.986900 0
641.478521 116.986900 0
644.013217 116.953839 0
646.557929 116.953839 0
649.112696 116.920777 0
651.677557 116.920777 0
654.252553 116.920777 0
656.837724 116.887716 0
659.433110 116.887716 0
662.038751 116.854654 0
664.654687 116.854654 0
667.280961 116.854654 0
669.917611 116.821593 0
672.564680 116.821593 0
675.222208 116.821593 0
677.890237 116.788532 0
680.568808 116.788532 0
683.257963 116.755470 0
685.957744 116.755470 0
688.668193 116.722409 0
691.389351 116.722409 0
694.121262 116.689347 0
696.863968 116.689347 0
699.617510 116.689347 0
702.381933 116.689347 0
705.157279 116.689347 0
707.943592 116.689347 0
710.740914 116.689347 0
713.549289 116.689347 0
716.368761 116.689347 0
719.199374 116.689347 0
722.041172 116.689347 0
724.894198 116.689347 0
727.758497 116.689347 0
730.634115 116.689347 0
733.521095 116.689347 0
736.419482 116.689347 0
739.329322 116.689347 0
742.250660 116.689347 0
745.183540 116.689347 0
748.128010 116.689347 0
751.084114 116.689347 0
754.051899 116.689347 0
757.031410 116.689347 0
760.022695 116.689347 0
763.025799 116.689347 0
766.040769 116.689347 0
769.067653 116.689347 0
772.106497 116.689347 0
775.157348 116.689347 0
778.220254 116.689347 0
781.295263 116.689347 0
784.382422 116.689347 0
787.481779 116.689347 0
790.593383 116.689347 0
793.717282 116.689347 0
796.853525 116.689347 0
800.002160 116.689347 0
803.163236 116.689347 0
806.336803 116.689347 0
809.522910 116.689347 0
812.721606 116.689347 0
815.932941 116.689347 0
819.156965 116.689347 0
822.393728 116.689347 0
825.643281 116.689347 0
828.905674 116.689347 0
832.180958 116.689347 0
835.469183 116.689347 0
838.770402 116.689347 0
842.084665 116.689347 0
845.412023 116.689347 0
848.752529 116.689347 0
852.106234 116.689347 0
855.473191 116.689347 0
858.853452 116.689347 0
862.247069 116.689347 0
865.654096 116.689347 0
869.074585 116.689347 0
872.508590 116.689347 0
875.956163 116.689347 0
879.417359 116.689347 0
882.892232 116.689347 0
886.380834 116.689347 0
889.883222 116.689347 0
893.399448 116.689347 0
896.929569 116.689347 0
900.473637 116.689347 0
904.031710 116.689347 0
907.603842 116.689347 0
911.190089 116.689347 0
914.790506 116.689347 0
918.405149 116.689347 0
922.034075 116.689347 0
925.677341 116.689347 0
933.007115 116.689347 0
936.693739 116.689347 0
940.394929 116.689347 0
944.110744 116.689347 0
947.841242 116.689347 0
951.586480 116.689347 0
955.346517 116.689347 0
959.121410 116.689347 0
962.911220 116.689347 0
966.716005 116.689347 0
970.535823 116.722409 0
974.370735 116.755470 0
978.220800 116.755470 0
982.086078 116.788532 0
985.966629 116.821593 0
989.862513 116.821593 0
993.773791 116.854654 0
997.700524 116.854654 0
1001.642773 116.887716 0
1005.600598 116.920777 0
1009.574063 116.953839 0
1013.563228 116.986900 0
1017.568156 116.986900 0
1021.588908 117.019961 0
1025.625548 117.053023 0
1029.678138 117.086084 0
1033.746741 117.119146 0
1037.831420 117.152207 0
1041.932239 117.185269 0
1046.049262 117.218330 0
1050.182553 117.251391 0
1054.332176 117.284453 0
1058.498195 117.317514 0
1062.680676 117.350576 0
1066.879683 117.383637 0
1071.095282 117.416699 0
1075.327538 117.449760 0
1079.576517 117.482821 0
1083.842285 117.515883 0
1088.124908 117.548944 0
1092.424454 117.615067 0
1096.740989 117.648129 0
1101.074580 117.681190 0
1105.425294 117.714251 0
1109.793199 117.747313 0
1114.178364 117.813436 0
1118.580855 117.846497 0
1123.000743 117.879558 0
1127.438094 117.912620 0
1131.892980 117.945681 0
1136.365468 118.011804 0
1140.855628 118.044866 0
1145.363531 118.077927 0
1149.889245 118.110988 0
1154.432843 118.144050 0
1158.994393 118.210173 0
1163.573968 118.243234 0
1168.171638 118.276296 0
1172.787475 118.342418 0
1177.421551 118.375480 0
1182.073938 118.408541 0
1186.744708 118.441603 0
1191.433933 118.474664 0
1196.141687 118.540787 0
1200.868044 118.573848 0
1205.613075 118.606910 0
1210.376856 118.673033 0
1215.159460 118.706094 0
1219.960962 118.739156 0
1224.781436 118.772217 0
1229.620957 118.838340 0
1234.479601 118.904463 0
1239.357443 118.937524 0
1244.254560 118.970585 0
1249.171026 119.036708 0
1254.106919 119.069770 0
1259.062315 119.102831 0
1264.037292 119.135893 0
1269.031926 119.202015 0
1274.046296 119.268138 0
1279.080479 119.301200 0
1284.134554 119.367323 0
1289.208600 119.400384 0
1294.302695 119.433445 0
1299.416918 119.499568 0
1304.551349 119.532630 0
1309.706068 119.565691 0
1314.881155 119.631814 0
1320.076691 119.664875 0
1325.292755 119.697937 0
1330.529431 119.764060 0
1335.786798 119.797121 0
1341.064939 119.830182 0
1346.363935 119.896305 0
1351.683870 119.929367 0
1357.024825 119.962428 0
1362.386884 120.028551 0
1367.770131 120.061612 0
1373.174649 120.127735 0
1378.600521 120.160797 0
1384.047833 120.193858 0
1389.516670 120.259981 0
1395.007115 120.293042 0
1400.519255 120.326104 0
1406.053175 120.392227 0
1411.608962 120.458350 0
1417.186702 120.491411 0
1422.786481 120.557534 0
1428.408386 120.590595 0
1434.052506 120.656718 0
1439.718927 120.689780 0
1445.407739 120.755902 0
1451.119029 120.788964 0
1456.852886 120.855087 0
1462.609399 120.921209 0
1468.388658 120.954271 0
1474.190753 121.020394 0
1480.015774 121.053455 0
1485.863812 121.086517 0
1491.734957 121.152639 0
1497.629302 121.185701 0
1503.546936 121.251824 0
1509.487953 121.317947 0
1515.452446 121.351008 0
1521.440505 121.417131 0
1527.452226 121.483254 0
1533.487701 121.516315 0
1539.547024 121.582438 0
1545.630290 121.648561 0
1551.737593 121.681622 0
1557.869027 121.747745 0
1564.024689 121.780807 0
1570.204674 121.846929 0
1576.409079 121.913052 0
1582.637998 121.979175 0
1588.891531 122.012236 0
1595.169773 122.078359 0
1601.472823 122.177544 0
1607.800778 122.243666 0
1614.153737 122.276728 0
1620.531799 122.342851 0
1626.935062 122.408974 0
1633.363627 122.475096 0
1639.817594 122.541219 0
1646.297062 122.607342 0
1652.802133 122.673465 0
1659.332907 122.706526 0
1665.889487 122.772649 0
1672.471974 122.838772 0
1679.080470 122.904895 0
1685.715079 122.937956 0
1692.375904 123.037141 0
1699.063048 123.070202 0
1705.776614 123.136325 0
1712.516709 123.202448 0
1719.283436 123.268571 0
1726.076900 123.334693 0
1732.897207 123.367755 0
1739.744464 123.433878 0
1746.618777 123.500001 0
1753.520252 123.566123 0
1760.448998 123.599185 0
1767.405121 123.665308 0
1774.388730 123.731431 0
1781.399934 123.764492 0
1788.438842 123.830615 0
1795.505562 123.896738 0
1802.600206 123.929799 0
1809.722882 123.995922 0
1816.873703 124.062045 0
1824.052779 124.095106 0
1831.260222 124.128168 0
1838.496145 124.161229 0
1845.760658 124.227352 0
1853.053876 124.260413 0
1860.375912 124.293475 0
1867.726880 124.326536 0
1875.106895 124.326536 0
1882.516069 124.359598 0
1889.954521 124.392659 0
1897.422364 124.392659 0
1904.919714 124.392659 0
1912.446690 124.392659 0
1920.003407 124.392659 0
1927.589983 124.392659 0
1935.206536 124.392659 0
1942.853185 124.392659 0
1950.530048 124.392659 0
1958.237245 124.392659 0
1965.974896 124.392659 0
1973.743121 124.392659 0
1981.542041 124.392659 0
1989.371777 124.392659 0
1997.232450 124.392659 0
2005.124184 124.392659 0
2013.047101 124.392659 0
2021.001324 124.392659 0
2028.986977 124.392659 0
2037.004183 124.392659 0
2045.053069 124.359598 0
2053.133758 124.293475 0
2061.246377 124.260413 0
2069.391051 124.194290 0
2077.567908 124.128168 0
2085.777074 124.028983 0
2094.018677 123.929799 0
2102.292846 123.830615 0
2110.599709 123.764492 0
2118.939395 123.632246 0
2127.312033 123.533062 0
2135.717755 123.433878 0
2144.156691 123.334693 0
2152.628972 123.202448 0
2161.134729 123.103263 0
2169.674096 122.971018 0
2178.247205 122.838772 0
2186.854188 122.739588 0
2195.495181 122.607342 0
2204.170318 122.475096 0
2212.879732 122.342851 0
2221.623561 122.243666 0
2230.401939 122.078359 0
2239.215004 121.946114 0
2248.062892 121.780807 0
2256.945741 121.648561 0
2265.863689 121.516315 0
2274.816875 121.351008 0
2283.805438 121.218762 0
2292.829517 121.086517 0
2301.889254 120.954271 0
2310.984789 120.788964 0
2320.116264 120.656718 0
2329.283820 120.524472 0
2338.487600 120.392227 0
2347.727747 120.259981 0
2357.004405 120.094674 0
2366.317718 119.929367 0
2375.667832 119.764060 0
2385.054891 119.631814 0
2394.479041 119.466507 0
2403.940429 119.367323 0
2413.439202 119.202015 0
2422.975508 119.102831 0
2432.549496 118.970585 0
2442.161313 118.838340 0
2451.811110 118.706094 0
2461.499036 118.606910 0
2471.225243 118.474664 0
2480.989881 118.309357 0
2490.793102 118.210173 0
2500.635059 118.077927 0
2510.515906 117.945681 0
2520.435794 117.813436 0
2530.394880 117.714251 0
2540.393317 117.582006 0
2550.431261 117.482821 0
2560.508869 117.350576 0
2570.626296 117.218330 0
2580.783701 117.086084 0
2590.981242 116.986900 0
2601.219076 116.854654 0
2611.497363 116.755470 0
2621.816263 116.623224 0
2632.175937 116.490979 0
2642.576545 116.391794 0
2653.018249 116.259549 0
2663.501212 116.127303 0
2674.025597 116.028119 0
2684.591567 115.895873 0
2695.199287 115.796689 0
2705.848922 115.664443 0
2716.540637 115.532197 0
2727.274598 115.433013 0
2738.050973 115.300767 0
2748.869929 115.201583 0
2759.731634 115.102399 0
2770.636257 114.970153 0
2781.583969 114.837907 0
2792.574938 114.738723 0
2803.609336 114.606478 0
2814.687335 114.507293 0
2825.809107 114.375048 0
2836.974825 114.275863 0
2848.184662 114.176679 0
2859.438793 114.077495 0
2870.737392 113.978310 0
2882.080637 113.879126 0
2893.468702 113.779942 0
2904.901765 113.713819 0
2916.380005 113.581573 0
2927.903598 113.482389 0
2939.472725 113.350143 0
2951.087566 113.250959 0
2962.748301 113.151775 0
2974.455111 113.052591 0
2986.208179 112.953406 0
2998.007687 112.854222 0
3009.853819 112.755038 0
3021.746758 112.655854 0
3033.686691 112.556669 0
3045.673803 112.457485 0
3057.708280 112.358301 0
3069.790308 112.259116 0
3081.920078 112.159932 0
3094.097775 112.060748 0
3106.323591 111.994625 0
3118.597716 111.862379 0
3130.920339 111.763195 0
3143.291653 111.697072 0
3155.711851 111.597888 0
3168.181124 111.498704 0
3180.699669 111.399519 0
3193.267678 111.300335 0
3205.885347 111.234212 0
3218.552873 111.135028 0
3231.270453 111.068905 0
3244.038284 110.969721 0
3256.856565 110.870537 0
3269.725496 110.771352 0
3282.645275 110.705230 0
3295.616106 110.639107 0
3308.638188 110.539922 0
3321.711725 110.440738 0
3334.836920 110.374615 0
3348.013977 110.275431 0
3361.243101 110.209308 0
3374.524497 110.143185 0
3387.858373 110.077062 0
3401.244935 109.977878 0
3414.684393 109.878694 0
3428.176954 109.812571 0
3441.722828 109.746448 0
3455.322227 109.680325 0
3468.975362 109.614203 0
3482.682445 109.515018 0
3496.443689 109.448895 0
3510.259308 109.382773 0
3524.129517 109.316650 0
3538.054533 109.250527 0
3552.034571 109.184404 0
3566.069848 109.118281 0
3580.160584 109.052158 0
3594.306996 108.986035 0
3608.509307 108.919913 0
3622.767735 108.853790 0
3637.082503 108.787667 0
3651.453833 108.721544 0
3665.881949 108.655421 0
3680.367076 108.622360 0
3694.909438 108.556237 0
3709.509262 108.490114 0
3724.166775 108.423991 0
3738.882204 108.390930 0
3753.655779 108.324807 0
3768.487730 108.291746 0
3783.378286 108.225623 0
3798.327680 108.192561 0
3813.336144 108.126438 0
3828.403912 108.093377 0
3843.531217 108.060316 0
3858.718295 107.994193 0
3873.965383 107.961131 0
3889.272717 107.928070 0
3904.640535 107.895008 0
3920.069077 107.828886 0
3935.558582 107.795824 0
3951.109291 107.762763 0
3966.721447 107.729701 0
3982.395291 107.696640 0
3998.131068 107.663579 0
4013.929022 107.630517 0
4029.789399 107.597456 0
4045.712446 107.564394 0
4061.698410 107.564394 0
4077.747540 107.531333 0
4093.860085 107.498271 0
4110.036296 107.498271 0
4126.276426 107.465210 0
4142.580725 107.432149 0
4158.949448 107.432149 0
4175.382849 107.432149 0
4191.881185 107.399087 0
4208.444710 107.399087 0
4225.073684 107.399087 0
4241.768364 107.366026 0
4258.529011 107.366026 0
4275.355884 107.366026 0
4292.249247 107.366026 0
4309.209360 107.332964 0
4326.236489 107.332964 0
4343.330897 107.299903 0
4360.492851 107.299903 0
4377.722618 107.266841 0
4395.020465 107.233780 0
4412.386662 107.233780 0
4429.821479 107.200719 0
4447.325186 107.167657 0
4464.898057 107.134596 0
4482.540364 107.101534 0
4500.252381 107.101534 0
4518.034384 107.101534 0
4535.886651 107.101534 0
4553.809457 107.101534 0
4571.803082 107.101534 0
4589.867807 107.101534 0
4608.003911 107.101534 0
4626.211676 107.101534 0
4644.491387 107.101534 0
4662.843327 107.101534 0
4681.267782 107.101534 0
4699.765038 107.101534 0
4718.335383 107.101534 0
4736.979105 107.101534 0
4755.696495 107.101534 0
4774.487844 107.101534 0
4793.353444 107.101534 0
4812.293587 107.101534 0
4831.308570 107.134596 0
4850.398687 107.200719 0
4869.564236 107.233780 0
4888.805514 107.299903 0
4908.122821 107.399087 0
4927.516458 107.498271 0
4946.986724 107.564394 0
4966.533925 107.630517 0
4986.158363 107.729701 0
5005.860343 107.795824 0
5025.640173 107.895008 0
5045.498160 107.994193 0
5065.434612 108.093377 0
5085.449839 108.192561 0
5105.544154 108.324807 0
5125.717868 108.457053 0
5145.971295 108.556237 0
5166.304750 108.655421 0
5186.718549 108.820728 0
5207.213010 108.952974 0
5227.788452 109.085220 0
5248.445194 109.217465 0
5269.183558 109.349711 0
5290.003866 109.481957 0
5310.906441 109.581141 0
5331.891610 109.746448 0
5352.959699 109.878694 0
5374.111034 109.944817 0
5395.345946 110.077062 0
5416.664764 110.242370 0
5438.067819 110.341554 0
5459.555445 110.440738 0
5481.127976 110.606045 0
5502.785748 110.705230 0
5524.529096 110.804414 0
5546.358360 110.969721 0
5568.273878 111.068905 0
5590.275992 111.234212 0
5612.365044 111.399519 0
5634.541377 111.531765 0
5656.805336 111.730134 0
5679.157267 111.928502 0
5701.597518 112.093809 0
5724.126438 112.292178 0
5746.744378 112.457485 0
5769.451689 112.688915 0
5792.248723 112.887283 0
5815.135837 113.085652 0
5838.113385 113.317082 0
5861.181725 113.548512 0
5884.341216 113.713819 0
5907.592218 113.945249 0
5930.935092 114.143618 0
6025.232596 114.176679 0
6049.040306 114.176679 0
6072.942089 114.176679 0
6096.938316 114.176679 0
6121.029360 114.176679 0
6145.215596 114.176679 0
6169.497400 114.176679 0
6193.875149 114.176679 0
6218.349223 114.176679 0
6242.920002 114.176679 0
6267.587869 114.176679 0
6292.353207 114.176679 0
6317.216400 114.176679 0
6342.177837 113.945249 0
6367.237904 113.350143 0
6392.396992 113.217898 0
6417.655493 112.424424 0
6443.013798 112.292178 0
6468.472302 111.498704 0
6494.031401 111.267274 0
6519.691493 110.639107 0
6545.452976 109.845632 0
6571.316252 109.085220 0
6597.281722 108.291746 0
6623.349790 107.564394 0
6649.520862 106.770920 0
6675.795345 105.977446 0
6702.173647 105.183972 0
6728.656178 104.390498 0
6755.243351 103.597023 0
6781.935578 102.803549 0
6835.636860 102.010075 0
6862.646749 101.712522 0
6916.987125 100.952109 0
6944.318456 100.654557 0
6971.757783 100.357004 0
6999.305532 100.092512 0
7026.962131 99.894144 0
7054.728010 99.695775 0
7082.603602 99.596591 0
7110.589339 99.464345 0
7138.685658 99.398223 0
7166.892994 99.398223 0
7195.211788 99.398223 0
7223.642478 99.398223 0
7252.185507 99.398223 0
7280.841319 99.398223 0
7309.610360 99.398223 0
7338.493078 99.398223 0
7367.489920 99.398223 0
7396.601339 99.398223 0
7425.827787 99.398223 0
7455.169718 99.398223 0
7484.627589 99.398223 0
7514.201858 99.398223 0
7543.892984 99.398223 0
7573.701431 99.398223 0
7603.627660 99.365161 0
7633.672138 99.265977 0
7663.835332 99.199854 0
7694.117710 99.133731 0
7724.519745 98.968424 0
7755.041908 98.836178 0
7785.684674 98.703933 0
7816.448520 98.538626 0
7847.333925 98.406380 0
7878.341368 98.307196 0
7909.471332 98.075766 0
7940.724300 97.943520 0
7972.100760 97.778213 0
8003.601199 97.546783 0
8035.226106 97.348414 0
8066.975974 97.216169 0
8130.852568 97.150046 0
8162.980288 97.150046 0
8195.234956 97.150046 0
8227.617072 97.150046 0
8260.127141 97.150046 0
8292.765668 97.150046 0
8325.533161 97.150046 0
8358.430130 97.150046 0
8391.457085 97.150046 0
8424.614541 97.116984 0
8457.903012 97.116984 0
8491.323018 97.083923 0
8524.875078 97.017800 0
8558.559713 96.918616 0
8592.377447 96.819431 0
8626.328806 96.720247 0
8660.414319 96.588002 0
8694.634514 96.455756 0
8728.989926 96.323510 0
8763.481087 96.224326 0
8798.108534 96.092080 0
8832.872805 95.992896 0
8867.774442 95.860650 0
8902.813988 95.794527 0
8937.991986 95.662282 0
8973.308984 95.563097 0
9008.765531 95.463913 0
9044.362179 95.364729 0
9080.099481 95.265545 0
9115.977994 95.133299 0
9151.998274 95.034115 0
9188.160883 94.934930 0
9224.466382 94.835746 0
9260.915336 94.703500 0
9297.508312 94.571255 0
9334.245880 94.439009 0
9371.128610 94.306763 0
9408.157075 94.174518 0
9445.331853 94.042272 0
9482.653521 93.843903 0
9520.122659 93.645535 0
9557.739850 92.918183 0
9595.505679 92.918183 0
9633.420734 92.521446 0
9671.485604 92.124709 0
9709.700881 91.364297 0
9748.067159 91.198989 0
9786.585035 90.405515 0
9825.255109 89.909594 0
9864.077980 89.942655 0
9903.054254 89.942655 0
9942.184536 89.942655 0
9981.469435 89.942655 0
10020.909562 89.942655 0
10060.505530 89.942655 0
10100.257955 89.942655 0
10140.167454 89.942655 0
10180.234650 89.942655 0
10220.460165 89.942655 0
10260.844624 89.942655 0
10301.388656 89.942655 0
10342.092890 89.942655 0
10382.957961 89.942655 0
10423.984503 89.942655 0
10465.173155 89.942655 0
10506.524557 89.942655 0
10548.039353 89.942655 0
10589.718187 89.942655 0
10631.561708 89.942655 0
10673.570567 89.942655 0
10715.745417 89.942655 0
10758.086914 89.942655 0
10800.595716 89.942655 0
10843.272485 89.942655 0
10886.117884 89.942655 0
