19.430435 112.823779 0
19.498881 112.985138 0
19.567568 113.146497 0
19.636497 113.146497 0
19.705669 113.227176 0
19.775085 113.227176 0
19.844745 113.227176 0
19.914650 113.227176 0
19.984802 113.227176 0
20.055201 113.307856 0
20.125848 113.307856 0
20.196743 113.307856 0
20.267889 113.307856 0
20.339285 113.307856 0
20.410933 113.307856 0
20.482833 113.307856 0
20.554986 113.307856 0
20.627393 113.307856 0
20.700056 113.307856 0
20.772974 113.307856 0
20.846149 113.307856 0
20.919582 113.307856 0
20.993274 113.307856 0
21.067226 113.388535 0
21.141437 113.388535 0
21.215911 113.388535 0
21.290646 113.388535 0
21.365645 113.388535 0
21.440908 113.388535 0
21.516436 113.388535 0
21.592231 113.388535 0
21.668292 113.388535 0
21.744621 113.388535 0
21.821219 113.469214 0
21.898087 113.469214 0
21.975226 113.469214 0
22.052636 113.469214 0
22.130319 113.469214 0
22.208276 113.469214 0
22.286507 113.469214 0
22.365014 113.469214 0
22.443797 113.469214 0
22.522858 113.469214 0
22.602198 113.469214 0
22.681817 113.469214 0
22.761716 113.469214 0
22.841897 113.469214 0
22.922360 113.469214 0
23.003107 113.469214 0
23.084138 113.469214 0
23.165455 113.469214 0
23.247058 113.549894 0
23.328949 113.549894 0
23.411128 113.549894 0
23.493596 113.549894 0
23.576355 113.549894 0
23.659406 113.549894 0
23.742749 113.549894 0
23.826386 113.549894 0
23.910317 113.549894 0
23.994544 113.549894 0
24.079068 113.549894 0
24.163889 113.549894 0
24.249009 113.549894 0
24.334429 113.549894 0
24.420150 113.630573 0
24.506173 113.630573 0
24.592499 113.630573 0
24.679129 113.630573 0
24.766064 113.630573 0
24.853306 113.630573 0
24.940855 113.630573 0
25.028712 113.630573 0
25.116878 113.630573 0
25.205356 113.630573 0
25.294144 113.630573 0
25.383246 113.630573 0
25.472662 113.630573 0
25.562392 113.630573 0
25.652439 113.630573 0
25.742803 113.711253 0
25.833485 113.711253 0
25.924486 113.711253 0
26.015808 113.711253 0
26.107452 113.711253 0
26.199419 113.711253 0
26.291709 113.711253 0
26.384325 113.711253 0
26.477267 113.711253 0
26.570536 113.711253 0
26.664134 113.711253 0
26.758062 113.711253 0
26.852321 113.711253 0
26.946911 113.711253 0
27.041835 113.711253 0
27.137093 113.711253 0
27.232687 113.711253 0
27.328617 113.711253 0
27.424885 113.711253 0
27.521493 113.711253 0
27.618441 113.711253 0
27.715730 113.711253 0
27.813362 113.711253 0
27.911338 113.711253 0
28.009659 113.711253 0
28.108326 113.711253 0
28.207341 113.711253 0
28.306705 113.711253 0
28.406419 113.711253 0
28.506484 113.711253 0
28.606901 113.711253 0
28.707672 113.711253 0
28.808799 113.711253 0
28.910281 113.711253 0
29.012121 113.711253 0
29.114320 113.711253 0
29.216878 113.711253 0
29.319798 113.711253 0
29.423081 113.711253 0
29.526727 113.711253 0
29.630739 113.711253 0
29.735117 113.711253 0
29.839862 113.711253 0
29.944977 113.711253 0
30.050461 113.711253 0
30.156318 113.711253 0
30.262547 113.711253 0
30.369151 113.711253 0
30.476130 113.711253 0
30.583485 113.711253 0
30.691219 113.711253 0
30.799333 113.711253 0
30.907827 113.711253 0
31.016704 113.711253 0
31.125964 113.711253 0
31.235609 113.711253 0
31.345640 113.711253 0
31.456059 113.711253 0
31.566867 113.711253 0
31.678065 113.711253 0
31.789654 113.711253 0
31.901637 113.711253 0
32.014015 113.711253 0
32.126788 113.711253 0
32.239958 113.711253 0
32.353527 113.711253 0
32.467497 113.711253 0
32.581867 113.711253 0
32.696641 113.711253 0
32.811819 113.711253 0
32.927402 113.711253 0
33.043393 113.711253 0
33.159792 113.711253 0
33.276602 113.711253 0
33.393823 113.711253 0
33.511456 113.711253 0
33.629504 113.711253 0
33.747968 113.711253 0
33.866850 113.711253 0
33.986150 113.711253 0
34.105870 113.711253 0
34.226012 113.711253 0
34.346577 113.711253 0
34.467567 113.711253 0
34.588983 113.711253 0
34.710827 113.711253 0
34.833100 113.711253 0
34.955804 113.711253 0
35.078940 113.711253 0
35.326515 113.711253 0
35.450957 113.711253 0
35.575837 113.711253 0
35.701157 113.711253 0
35.826919 113.711253 0
35.953124 113.711253 0
36.079773 113.711253 0
36.206868 113.711253 0
36.334411 113.711253 0
36.462404 113.711253 0
36.590847 113.711253 0
36.719742 113.711253 0
36.849092 113.711253 0
36.978897 113.711253 0
37.109160 113.711253 0
37.239882 113.711253 0
37.371064 113.711253 0
37.502708 113.711253 0
37.634815 113.711253 0
37.767389 113.711253 0
37.900429 113.711253 0
38.033938 113.711253 0
38.167917 113.711253 0
38.302368 113.711253 0
38.437292 113.711253 0
38.572692 113.711253 0
38.708569 113.711253 0
38.844925 113.711253 0
38.981761 113.711253 0
39.119079 113.711253 0
39.256881 113.711253 0
39.395168 113.711253 0
39.533942 113.711253 0
39.673205 113.711253 0
39.812959 113.711253 0
39.953204 113.711253 0
40.093944 113.711253 0
40.235180 113.711253 0
40.376913 113.711253 0
40.519146 113.711253 0
40.661880 113.711253 0
40.805116 113.711253 0
40.948857 113.711253 0
41.093104 113.711253 0
41.237860 113.711253 0
41.383125 113.711253 0
41.528902 113.711253 0
41.675192 113.711253 0
41.821998 113.711253 0
41.969321 113.711253 0
42.117163 113.711253 0
42.265526 113.711253 0
42.414412 113.711253 0
42.563821 113.711253 0
42.713758 113.711253 0
42.864222 113.711253 0
43.015216 113.711253 0
43.166743 113.711253 0
43.318803 113.711253 0
43.471398 113.711253 0
43.624532 113.711253 0
43.778204 113.711253 0
43.932418 113.711253 0
44.087175 113.711253 0
44.242478 113.711253 0
44.398327 113.711253 0
44.554726 113.711253 0
44.711675 113.711253 0
44.869177 113.711253 0
45.027234 113.711253 0
45.185848 113.711253 0
45.345021 113.711253 0
45.504754 113.711253 0
45.665050 113.711253 0
45.825911 113.711253 0
45.987338 113.711253 0
46.149334 113.711253 0
46.311901 113.711253 0
46.475040 113.711253 0
46.638754 113.711253 0
46.803044 113.711253 0
46.967914 113.711253 0
47.133364 113.711253 0
47.299397 113.711253 0
47.466015 113.711253 0
47.633219 113.711253 0
47.801013 113.711253 0
47.969398 113.711253 0
48.138376 113.711253 0
48.307949 113.711253 0
48.478120 113.711253 0
48.648890 113.711253 0
48.820261 113.711253 0
48.992236 113.711253 0
49.164818 113.711253 0
49.338007 113.711253 0
49.511806 113.711253 0
49.686217 113.711253 0
49.861243 113.711253 0
50.036885 113.711253 0
50.213146 113.711253 0
50.390028 113.711253 0
50.567533 113.711253 0
50.745663 113.711253 0
50.924420 113.711253 0
51.103808 113.711253 0
51.283827 113.711253 0
51.464481 113.711253 0
51.645770 113.711253 0
51.827699 113.711253 0
52.010268 113.711253 0
52.193481 113.711253 0
52.377338 113.711253 0
52.561844 113.711253 0
52.746999 113.711253 0
52.932807 113.711253 0
53.119269 113.711253 0
53.306388 113.711253 0
53.494166 113.711253 0
53.682606 113.711253 0
53.871709 113.711253 0
54.061479 113.711253 0
54.251917 113.711253 0
54.443026 113.711253 0
54.634808 113.711253 0
54.827266 113.711253 0
55.020401 113.711253 0
55.214217 113.711253 0
55.408716 113.711253 0
55.603900 113.711253 0
55.799771 113.711253 0
55.996333 113.711253 0
56.193587 113.711253 0
56.391535 113.711253 0
56.590181 113.711253 0
56.789527 113.711253 0
56.989575 113.711253 0
57.190328 113.711253 0
57.391787 113.711253 0
57.593957 113.711253 0
57.796838 113.711253 0
58.000435 113.711253 0
58.204748 113.711253 0
58.409782 113.711253 0
58.615537 113.711253 0
58.822017 113.711253 0
59.029225 113.711253 0
59.237162 113.711253 0
59.445833 113.711253 0
59.655238 113.711253 0
59.865380 113.711253 0
60.076263 113.711253 0
60.287889 113.711253 0
60.500261 113.711253 0
60.713380 113.711253 0
60.927250 113.711253 0
61.141874 113.711253 0
61.357253 113.711253 0
61.573392 113.711253 0
61.790291 113.711253 0
62.007955 113.711253 0
62.226386 113.711253 0
62.445586 113.711253 0
62.665558 113.711253 0
62.886305 113.711253 0
63.107829 113.711253 0
63.330134 113.711253 0
63.553222 113.711253 0
63.777096 113.711253 0
64.001758 113.711253 0
64.227212 113.711253 0
64.453460 113.711253 0
64.680506 113.711253 0
64.908350 113.711253 0
65.136998 113.711253 0
65.366451 113.711253 0
65.596712 113.711253 0
65.827784 113.711253 0
66.059671 113.711253 0
66.292374 113.711253 0
66.525897 113.711253 0
66.760242 113.711253 0
66.995413 113.711253 0
67.231412 113.711253 0
67.468243 113.711253 0
67.705908 113.711253 0
67.944410 113.711253 0
68.183753 113.711253 0
68.423938 113.711253 0
68.664970 113.711253 0
68.906850 113.711253 0
69.149583 113.711253 0
69.393171 113.711253 0
69.637617 113.711253 0
69.882923 113.711253 0
70.129094 113.711253 0
70.376133 113.711253 0
70.624041 113.711253 0
70.872823 113.711253 0
71.122481 113.711253 0
71.373018 113.711253 0
71.624438 113.711253 0
71.876744 113.711253 0
72.129939 113.711253 0
72.384025 113.711253 0
72.639006 113.711253 0
72.894886 113.711253 0
73.151667 113.711253 0
73.409353 113.711253 0
73.667946 113.711253 0
73.927450 113.711253 0
74.187868 113.711253 0
74.449204 113.711253 0
74.711460 113.711253 0
74.974640 113.711253 0
75.238748 113.711253 0
75.503785 113.711253 0
75.769756 113.711253 0
76.036664 113.711253 0
76.304513 113.711253 0
76.573305 113.711253 0
76.843043 113.711253 0
77.113732 113.711253 0
77.385374 113.711253 0
77.657974 113.711253 0
77.931533 113.711253 0
78.206057 113.711253 0
78.481547 113.711253 0
78.758007 113.711253 0
79.035442 113.711253 0
79.313854 113.711253 0
79.593246 113.711253 0
79.873623 113.711253 0
80.154988 113.711253 0
80.437343 113.711253 0
80.720694 113.711253 0
81.005042 113.711253 0
81.290392 113.711253 0
81.576747 113.711253 0
81.864111 113.711253 0
82.152487 113.711253 0
82.441879 113.711253 0
82.732291 113.711253 0
83.023725 113.711253 0
83.316186 113.711253 0
83.609677 113.711253 0
83.904203 113.711253 0
84.199765 113.711253 0
84.496369 113.711253 0
84.794018 113.711253 0
85.092715 113.711253 0
85.392464 113.711253 0
85.693269 113.711253 0
85.995134 113.711253 0
86.298062 113.711253 0
86.602058 113.711253 0
86.907124 113.711253 0
87.213265 113.711253 0
87.520484 113.711253 0
87.828785 113.711253 0
88.138173 113.711253 0
88.448650 113.711253 0
88.760221 113.711253 0
89.072890 113.711253 0
89.386660 113.711253 0
89.701535 113.711253 0
90.017519 113.711253 0
90.334617 113.711253 0
90.652831 113.711253 0
90.972167 113.711253 0
91.292627 113.711253 0
91.614217 113.711253 0
91.936939 113.711253 0
92.260798 113.711253 0
92.585797 113.711253 0
92.911942 113.711253 0
93.239236 113.711253 0
93.567682 113.711253 0
93.897285 113.711253 0
94.228050 113.711253 0
94.559980 113.711253 0
94.893078 113.711253 0
95.227351 113.711253 0
95.562801 113.711253 0
95.899432 113.711253 0
96.237249 113.711253 0
96.576257 113.711253 0
96.916458 113.711253 0
97.257858 113.711253 0
97.600460 113.711253 0
97.944270 113.711253 0
98.289290 113.711253 0
98.635526 113.711253 0
98.982982 113.711253 0
99.331661 113.711253 0
99.681569 113.711253 0
100.032709 113.711253 0
100.385086 113.711253 0
100.738705 113.711253 0
101.093569 113.711253 0
101.449683 113.711253 0
101.807052 113.711253 0
102.165680 113.711253 0
102.525571 113.711253 0
102.886729 113.711253 0
103.249160 113.711253 0
103.612868 113.711253 0
103.977857 113.711253 0
104.344131 113.711253 0
104.711696 113.711253 0
105.080555 113.711253 0
105.450714 113.711253 0
105.822177 113.711253 0
106.194948 113.711253 0
106.569033 113.711253 0
106.944435 113.711253 0
107.321160 113.711253 0
107.699212 113.711253 0
108.078595 113.711253 0
108.459315 113.711253 0
108.841376 113.711253 0
109.224783 113.711253 0
109.609540 113.711253 0
109.995653 113.711253 0
110.383126 113.711253 0
110.771964 113.711253 0
111.162171 113.711253 0
111.553753 113.711253 0
111.946715 113.711253 0
112.341061 113.711253 0
112.736796 113.711253 0
113.133924 113.711253 0
113.532452 113.711253 0
113.932384 113.711253 0
114.333725 113.711253 0
114.736479 113.711253 0
115.140652 113.711253 0
115.546249 113.711253 0
115.953274 113.711253 0
116.361734 113.711253 0
116.771632 113.711253 0
117.182974 113.711253 0
117.595765 113.711253 0
118.010010 113.711253 0
118.425715 113.711253 0
118.842884 113.711253 0
119.261522 113.711253 0
119.681635 113.711253 0
120.103228 113.711253 0
120.526306 113.711253 0
120.950875 113.711253 0
121.376939 113.711253 0
121.804503 113.711253 0
122.233574 113.711253 0
122.664157 113.711253 0
123.096256 113.711253 0
123.529878 113.711253 0
123.965026 113.711253 0
124.401708 113.711253 0
124.839928 113.711253 0
125.279692 113.711253 0
125.721005 113.711253 0
126.163872 113.711253 0
126.608299 113.711253 0
127.054292 113.711253 0
127.501856 113.711253 0
127.950997 113.711253 0
128.401720 113.711253 0
128.854030 113.711253 0
129.307934 113.711253 0
129.763437 113.711253 0
130.220544 113.711253 0
130.679262 113.711253 0
131.139595 113.711253 0
131.601550 113.711253 0
132.065132 113.711253 0
132.530348 113.711253 0
132.997202 113.711253 0
133.465701 113.711253 0
133.935849 113.711253 0
134.407655 113.711253 0
134.881122 113.711253 0
135.356257 113.711253 0
135.833065 113.711253 0
136.311554 113.711253 0
136.791728 113.711253 0
137.273593 113.711253 0
137.757156 113.711253 0
138.242422 113.711253 0
138.729397 113.711253 0
139.218088 113.711253 0
139.708501 113.711253 0
140.200641 113.711253 0
140.694515 113.711253 0
141.190128 113.711253 0
141.687487 113.711253 0
142.186598 113.711253 0
142.687468 113.711253 0
143.190101 113.711253 0
143.694506 113.711253 0
144.200687 113.711253 0
144.708651 113.711253 0
145.218405 113.711253 0
145.729954 113.711253 0
146.243306 113.711253 0
146.758465 113.711253 0
147.275440 113.711253 0
147.794235 113.711253 0
148.314858 113.711253 0
148.837315 113.711253 0
149.361612 113.711253 0
149.887757 113.711253 0
150.415754 113.711253 0
150.945612 113.711253 0
151.477336 113.711253 0
152.010933 113.711253 0
152.546410 113.711253 0
153.083773 113.711253 0
153.623029 113.711253 0
154.164184 113.711253 0
154.707246 113.711253 0
155.252221 113.711253 0
155.799116 113.711253 0
156.347937 113.711253 0
156.898691 113.711253 0
157.451386 113.711253 0
158.006027 113.711253 0
158.562623 113.711253 0
159.121179 113.711253 0
159.681702 113.711253 0
160.244200 113.711253 0
160.808680 113.711253 0
161.375147 113.711253 0
161.943611 113.711253 0
162.514077 113.711253 0
163.086552 113.711253 0
163.661044 113.711253 0
164.237560 113.711253 0
164.816106 113.711253 0
165.396691 113.711253 0
165.979321 113.711253 0
166.564003 113.711253 0
167.150745 113.711253 0
167.739553 113.711253 0
168.330436 113.711253 0
168.923400 113.711253 0
169.518453 113.711253 0
170.115602 113.711253 0
170.714855 113.711253 0
171.316219 113.711253 0
171.919701 113.711253 0
172.525308 113.711253 0
173.133050 113.711253 0
173.742932 113.711253 0
174.354962 113.711253 0
174.969148 113.711253 0
175.585498 113.711253 0
176.204019 113.711253 0
176.824719 113.711253 0
177.447605 113.711253 0
178.072686 113.711253 0
178.699968 113.711253 0
179.329461 113.711253 0
179.961170 113.711253 0
180.595105 113.711253 0
181.231273 113.711253 0
181.869682 113.711253 0
182.510340 113.711253 0
183.153255 113.711253 0
183.798434 113.711253 0
184.445886 113.711253 0
185.095619 113.711253 0
185.747640 113.711253 0
186.401959 113.711253 0
187.058582 113.711253 0
187.717519 113.711253 0
188.378776 113.711253 0
189.042363 113.711253 0
189.708287 113.711253 0
190.376558 113.711253 0
191.047182 113.711253 0
191.720169 113.711253 0
192.395526 113.711253 0
193.073262 113.711253 0
193.753386 113.711253 0
194.435906 113.711253 0
195.120830 113.711253 0
195.808166 113.711253 0
196.497924 113.711253 0
197.190112 113.711253 0
197.884738 113.711253 0
198.581810 113.711253 0
199.281339 113.711253 0
199.983331 113.711253 0
200.687797 113.711253 0
201.394744 113.711253 0
202.104181 113.711253 0
202.816117 113.711253 0
203.530561 113.711253 0
204.247522 113.711253 0
204.967009 113.711253 0
205.689030 113.711253 0
206.413594 113.711253 0
207.140711 113.711253 0
207.870389 113.711253 0
208.602637 113.711253 0
209.337465 113.711253 0
210.074881 113.711253 0
210.814896 113.711253 0
211.557516 113.711253 0
212.302753 113.711253 0
213.050615 113.711253 0
213.801112 113.711253 0
214.554252 113.711253 0
215.310045 113.711253 0
216.068500 113.711253 0
216.829628 113.711253 0
217.593436 113.711253 0
218.359935 113.711253 0
219.129134 113.711253 0
219.901043 113.711253 0
220.675671 113.711253 0
221.453028 113.711253 0
222.233123 113.711253 0
223.015965 113.711253 0
223.801566 113.711253 0
224.589934 113.711253 0
225.381079 113.711253 0
226.175011 113.711253 0
226.971740 113.711253 0
227.771275 113.711253 0
228.573627 113.711253 0
229.378805 113.711253 0
230.186819 113.711253 0
230.997680 113.711253 0
231.811397 113.711253 0
232.627981 113.711253 0
233.447441 113.711253 0
234.269787 113.711253 0
235.095031 113.711253 0
235.923181 113.711253 0
236.754249 113.711253 0
237.588245 113.711253 0
238.425178 113.711253 0
239.265059 113.711253 0
240.107899 113.711253 0
240.953708 113.711253 0
241.802497 113.711253 0
242.654275 113.711253 0
243.509054 113.711253 0
244.366844 113.711253 0
245.227655 113.711253 0
246.091499 113.711253 0
246.958386 113.711253 0
247.828327 113.711253 0
248.701332 113.711253 0
249.577412 113.711253 0
250.456579 113.711253 0
251.338842 113.711253 0
252.224213 113.711253 0
253.112704 113.711253 0
254.004324 113.711253 0
254.899084 113.711253 0
255.796997 113.711253 0
256.698073 113.711253 0
257.602323 113.711253 0
258.509758 113.711253 0
259.420390 113.711253 0
260.334229 113.711253 0
261.251288 113.711253 0
262.171577 113.711253 0
263.095108 113.711253 0
264.021892 113.711253 0
264.951941 113.711253 0
265.885266 113.711253 0
266.821879 113.711253 0
267.761791 113.711253 0
268.705014 113.711253 0
269.651560 113.711253 0
270.601440 113.711253 0
271.554666 113.711253 0
272.511250 113.711253 0
273.471204 113.711253 0
274.434539 113.711253 0
275.401268 113.711253 0
276.371402 113.711253 0
277.344953 113.711253 0
278.321934 113.711253 0
279.302357 113.711253 0
280.286233 113.711253 0
281.273575 113.711253 0
282.264395 113.711253 0
283.258705 113.711253 0
284.256518 113.711253 0
285.257846 113.711253 0
286.262701 113.711253 0
287.271096 113.711253 0
288.283043 113.711253 0
289.298554 113.711253 0
290.317643 113.711253 0
291.340322 113.711253 0
292.366603 113.711253 0
293.396500 113.711253 0
294.430025 113.711253 0
295.467190 113.711253 0
296.508008 113.711253 0
297.552494 113.711253 0
298.600658 113.711253 0
299.652515 113.711253 0
300.708077 113.711253 0
301.767357 113.711253 0
302.830369 113.711253 0
303.897125 113.711253 0
304.967640 113.711253 0
306.041925 113.711253 0
307.119994 113.711253 0
308.201861 113.711253 0
309.287540 113.711253 0
310.377042 113.711253 0
311.470383 113.711253 0
312.567575 113.711253 0
313.668631 113.711253 0
314.773567 113.711253 0
315.882395 113.711253 0
316.995128 113.711253 0
318.111782 113.711253 0
319.232369 113.711253 0
320.356903 113.711253 0
321.485399 113.711253 0
322.617870 113.711253 0
323.754330 113.711253 0
324.894794 113.711253 0
326.039275 113.711253 0
327.187788 113.711253 0
328.340346 113.711253 0
329.496964 113.711253 0
330.657657 113.711253 0
331.822438 113.711253 0
332.991323 113.711253 0
334.164325 113.711253 0
335.341459 113.711253 0
336.522740 113.711253 0
337.708181 113.711253 0
338.897799 113.711253 0
340.091607 113.711253 0
341.289621 113.711253 0
342.491855 113.711253 0
343.698324 113.711253 0
344.909042 113.711253 0
346.124026 113.711253 0
347.343289 113.711253 0
348.566848 113.711253 0
349.794717 113.711253 0
351.026911 113.711253 0
352.263445 113.711253 0
353.504335 113.711253 0
354.749597 113.711253 0
355.999245 113.711253 0
357.253295 113.711253 0
358.511763 113.711253 0
359.774664 113.711253 0
361.042013 113.711253 0
362.313827 113.711253 0
363.590121 113.711253 0
364.870911 113.711253 0
366.156213 113.711253 0
367.446042 113.711253 0
368.740415 113.711253 0
370.039348 113.711253 0
371.342856 113.711253 0
372.650956 113.711253 0
373.963664 113.711253 0
375.280996 113.711253 0
376.602968 113.711253 0
377.929597 113.711253 0
379.260900 113.711253 0
380.596892 113.711253 0
381.937590 113.711253 0
383.283011 113.711253 0
384.633172 113.711253 0
385.988089 113.711253 0
387.347778 113.711253 0
388.712257 113.711253 0
390.081543 113.711253 0
391.455652 113.711253 0
392.834602 113.711253 0
394.218409 113.711253 0
395.607091 113.711253 0
397.000664 113.711253 0
398.399147 113.711253 0
399.802556 113.711253 0
401.210908 113.711253 0
402.624222 113.630573 0
404.042514 113.630573 0
405.465803 113.630573 0
406.894105 113.630573 0
408.327438 113.630573 0
409.765821 113.630573 0
411.209270 113.630573 0
412.657804 113.630573 0
414.111441 113.630573 0
415.570198 113.630573 0
417.034095 113.630573 0
418.503147 113.630573 0
419.977375 113.630573 0
421.456796 113.630573 0
422.941428 113.630573 0
424.431290 113.549894 0
425.926400 113.549894 0
427.426777 113.549894 0
428.932440 113.549894 0
430.443406 113.549894 0
431.959695 113.549894 0
433.481325 113.549894 0
435.008315 113.549894 0
436.540684 113.549894 0
438.078451 113.549894 0
439.621635 113.549894 0
441.170255 113.549894 0
442.724330 113.549894 0
444.283880 113.549894 0
445.848924 113.469214 0
447.419480 113.469214 0
448.995569 113.469214 0
450.577210 113.469214 0
452.164422 113.469214 0
453.757226 113.469214 0
455.355640 113.469214 0
456.959685 113.388535 0
458.569381 113.388535 0
460.184747 113.388535 0
461.805803 113.388535 0
463.432569 113.388535 0
465.065066 113.388535 0
466.703314 113.388535 0
468.347333 113.388535 0
469.997142 113.388535 0
471.652764 113.388535 0
473.314217 113.307856 0
474.981524 113.307856 0
476.654703 113.307856 0
478.333777 113.307856 0
480.018765 113.307856 0
481.709689 113.307856 0
483.406569 113.307856 0
485.109427 113.307856 0
486.818283 113.307856 0
488.533159 113.307856 0
490.254076 113.307856 0
491.981055 113.307856 0
493.714118 113.307856 0
495.453285 113.307856 0
497.198579 113.227176 0
498.950021 113.227176 0
500.707632 113.227176 0
502.471435 113.227176 0
504.241451 113.227176 0
506.017702 113.227176 0
507.800211 113.227176 0
509.588998 113.227176 0
511.384087 113.146497 0
513.185499 113.146497 0
514.993256 113.146497 0
516.807382 113.146497 0
518.627898 113.146497 0
520.454827 113.146497 0
522.288192 113.146497 0
524.128015 113.146497 0
525.974319 113.146497 0
527.827127 113.065817 0
529.686461 113.065817 0
531.552346 113.065817 0
533.424803 113.065817 0
535.303856 113.065817 0
537.189528 113.065817 0
539.081843 113.065817 0
540.980824 113.065817 0
542.886494 113.065817 0
544.798877 113.065817 0
546.717996 113.065817 0
548.643876 113.065817 0
550.576540 113.065817 0
552.516012 113.065817 0
554.462316 112.985138 0
556.415477 112.985138 0
558.375517 112.985138 0
560.342462 112.985138 0
562.316336 112.985138 0
564.297163 112.985138 0
566.284967 112.985138 0
568.279774 112.985138 0
570.281608 112.985138 0
572.290494 112.904459 0
574.306456 112.904459 0
576.329520 112.904459 0
578.359710 112.904459 0
580.397051 112.904459 0
582.441570 112.904459 0
584.493290 112.904459 0
586.552238 112.904459 0
588.618439 112.823779 0
590.691918 112.823779 0
592.772702 112.823779 0
594.860815 112.823779 0
596.956284 112.823779 0
599.059134 112.823779 0
601.169392 112.823779 0
603.287083 112.823779 0
605.412235 112.823779 0
607.544872 112.823779 0
609.685022 112.823779 0
611.832711 112.823779 0
613.987965 112.823779 0
616.150812 112.823779 0
618.321277 112.743100 0
620.499388 112.743100 0
622.685172 112.743100 0
624.878655 112.743100 0
627.079866 112.743100 0
629.288830 112.743100 0
631.505576 112.743100 0
633.730130 112.743100 0
635.962521 112.743100 0
638.202775 112.743100 0
640.450921 112.743100 0
642.706987 112.743100 0
644.970999 112.743100 0
647.242987 112.743100 0
649.522979 112.662420 0
651.811001 112.662420 0
654.107084 112.662420 0
656.411255 112.662420 0
658.723543 112.662420 0
661.043976 112.662420 0
663.372583 112.662420 0
665.709392 112.662420 0
668.054434 112.662420 0
670.407736 112.662420 0
672.769328 112.662420 0
675.139239 112.662420 0
677.517498 112.662420 0
679.904135 112.662420 0
682.299179 112.581741 0
684.702660 112.581741 0
687.114607 112.581741 0
689.535051 112.581741 0
691.964021 112.581741 0
694.401548 112.581741 0
696.847661 112.581741 0
699.302391 112.581741 0
701.765768 112.581741 0
704.237822 112.581741 0
706.718584 112.581741 0
709.208086 112.581741 0
711.706356 112.581741 0
714.213428 112.581741 0
716.729330 112.501062 0
719.254096 112.501062 0
721.787755 112.501062 0
724.330339 112.501062 0
726.881880 112.501062 0
729.442409 112.501062 0
732.011957 112.501062 0
734.590558 112.501062 0
737.178241 112.501062 0
739.775040 112.501062 0
742.380987 112.501062 0
744.996113 112.501062 0
747.620452 112.501062 0
750.254035 112.501062 0
752.896895 112.501062 0
755.549065 112.501062 0
758.210577 112.501062 0
760.881465 112.501062 0
763.561762 112.501062 0
766.251500 112.501062 0
768.950713 112.501062 0
771.659434 112.501062 0
774.377698 112.501062 0
777.105536 112.501062 0
779.842984 112.501062 0
782.590075 112.501062 0
785.346842 112.501062 0
788.113321 112.501062 0
790.889545 112.501062 0
793.675549 112.501062 0
796.471366 112.501062 0
799.277033 112.501062 0
802.092582 112.501062 0
804.918050 112.501062 0
807.753470 112.501062 0
810.598879 112.501062 0
813.454311 112.501062 0
816.319802 112.501062 0
819.195387 112.501062 0
822.081101 112.501062 0
824.976981 112.501062 0
827.883061 112.501062 0
830.799379 112.501062 0
833.725970 112.501062 0
836.662870 112.501062 0
839.610116 112.501062 0
842.567743 112.501062 0
845.535789 112.501062 0
848.514291 112.501062 0
851.503285 112.501062 0
854.502808 112.501062 0
857.512896 112.501062 0
860.533589 112.501062 0
863.564922 112.501062 0
866.606933 112.501062 0
869.659660 112.501062 0
872.723141 112.501062 0
875.797414 112.501062 0
878.882515 112.501062 0
881.978485 112.501062 0
885.085360 112.501062 0
888.203180 112.501062 0
891.331982 112.501062 0
894.471807 112.501062 0
897.622691 112.501062 0
900.784675 112.501062 0
903.957797 112.501062 0
907.142098 112.501062 0
910.337615 112.501062 0
913.544389 112.501062 0
916.762459 112.501062 0
919.991865 112.501062 0
923.232647 112.501062 0
926.484845 112.501062 0
929.748499 112.501062 0
933.023650 112.501062 0
936.310338 112.501062 0
939.608604 112.501062 0
942.918488 112.501062 0
946.240032 112.501062 0
949.573277 112.501062 0
952.918263 112.501062 0
956.275032 112.501062 0
959.643626 112.501062 0
963.024086 112.501062 0
966.416454 112.501062 0
969.820772 112.501062 0
973.237083 112.501062 0
976.665427 112.501062 0
980.105849 112.501062 0
983.558390 112.501062 0
987.023093 112.501062 0
990.500000 112.501062 0
993.989156 112.501062 0
997.490602 112.501062 0
1001.004383 112.501062 0
1004.530541 112.501062 0
1008.069121 112.501062 0
1011.620166 112.501062 0
1015.183719 112.501062 0
1018.759826 112.501062 0
1022.348530 112.501062 0
1025.949876 112.581741 0
1029.563908 112.581741 0
1033.190670 112.581741 0
1036.830209 112.581741 0
1040.482568 112.662420 0
1044.147793 112.662420 0
1047.825929 112.662420 0
1051.517022 112.743100 0
1055.221118 112.743100 0
1058.938261 112.743100 0
1062.668498 112.743100 0
1066.411876 112.823779 0
1070.168440 112.823779 0
1073.938237 112.823779 0
1077.721314 112.904459 0
1081.517717 112.904459 0
1085.327493 112.904459 0
1089.150690 112.904459 0
1092.987354 112.985138 0
1096.837534 112.985138 0
1100.701276 112.985138 0
1104.578629 113.065817 0
1108.469640 113.065817 0
1112.374357 113.065817 0
1116.292830 113.065817 0
1120.225106 113.146497 0
1124.171234 113.146497 0
1128.131262 113.146497 0
1132.105240 113.227176 0
1136.093217 113.227176 0
1140.095242 113.227176 0
1144.111365 113.227176 0
1148.141635 113.307856 0
1152.186102 113.307856 0
1156.244816 113.307856 0
1160.317827 113.388535 0
1164.405187 113.388535 0
1168.506944 113.388535 0
1172.623150 113.388535 0
1176.753856 113.469214 0
1180.899113 113.469214 0
1185.058973 113.469214 0
1189.233486 113.549894 0
1193.422704 113.549894 0
1197.626679 113.549894 0
1201.845463 113.549894 0
1206.079108 113.630573 0
1210.327667 113.630573 0
1214.591192 113.630573 0
1218.869735 113.630573 0
1223.163351 113.711253 0
1227.472091 113.711253 0
1231.796009 113.711253 0
1236.135158 113.711253 0
1240.489593 113.791932 0
1244.859367 113.791932 0
1249.244534 113.791932 0
1253.645148 113.791932 0
1258.061264 113.791932 0
1262.492936 113.872611 0
1266.940220 113.872611 0
1271.403169 113.872611 0
1275.881840 113.872611 0
1280.376287 113.872611 0
1284.886566 113.953291 0
1289.412734 113.953291 0
1293.954845 113.953291 0
1298.512957 113.953291 0
1303.087125 114.033970 0
1307.677406 114.033970 0
1312.283857 114.033970 0
1316.906535 114.033970 0
1321.545497 114.033970 0
1326.200800 114.114650 0
1330.872502 114.114650 0
1335.560660 114.114650 0
1340.265334 114.114650 0
1344.986579 114.195329 0
1349.724457 114.195329 0
1354.479023 114.195329 0
1359.250339 114.195329 0
1364.038462 114.195329 0
1368.843451 114.276008 0
1373.665367 114.276008 0
1378.504268 114.276008 0
1383.360216 114.276008 0
1388.233268 114.276008 0
1393.123487 114.276008 0
1398.030932 114.276008 0
1402.955664 114.356688 0
1407.897745 114.356688 0
1412.857234 114.356688 0
1417.834193 114.356688 0
1422.828685 114.356688 0
1427.840770 114.356688 0
1432.870511 114.356688 0
1437.917970 114.437367 0
1442.983209 114.437367 0
1448.066291 114.437367 0
1453.167279 114.437367 0
1458.286235 114.437367 0
1463.423224 114.437367 0
1468.578308 114.437367 0
1473.751552 114.518047 0
1478.943019 114.518047 0
1484.152774 114.518047 0
1489.380881 114.518047 0
1494.627404 114.518047 0
1499.892409 114.518047 0
1505.175961 114.518047 0
1510.478124 114.598726 0
1515.798965 114.598726 0
1521.138549 114.598726 0
1526.496943 114.598726 0
1531.874212 114.598726 0
1537.270423 114.598726 0
1542.685643 114.598726 0
1548.119939 114.679406 0
1553.573378 114.679406 0
1559.046027 114.679406 0
1564.537954 114.679406 0
1570.049227 114.679406 0
1575.579915 114.679406 0
1581.130085 114.679406 0
1586.699806 114.760085 0
1592.289147 114.760085 0
1597.898177 114.760085 0
1603.526965 114.760085 0
1609.175582 114.760085 0
1614.844097 114.760085 0
1620.532579 114.760085 0
1626.241100 114.840764 0
1631.969730 114.840764 0
1637.718540 114.840764 0
1643.487601 114.840764 0
1649.276983 114.840764 0
1655.086760 114.840764 0
1660.917002 114.921444 0
1666.767782 114.921444 0
1672.639172 114.921444 0
1678.531245 114.921444 0
1684.444073 115.002123 0
1690.377730 115.002123 0
1696.332289 115.002123 0
1702.307824 115.002123 0
1708.304408 115.002123 0
1714.322116 115.082803 0
1720.361022 115.082803 0
1726.421200 115.082803 0
1732.502727 115.082803 0
1738.605676 115.082803 0
1744.730124 115.082803 0
1750.876146 115.082803 0
1757.043818 115.163482 0
1763.233216 115.163482 0
1769.444417 115.163482 0
1775.677498 115.163482 0
1781.932536 115.163482 0
1788.209607 115.163482 0
1794.508791 115.163482 0
1800.830164 115.244161 0
1807.173805 115.244161 0
1813.539792 115.244161 0
1819.928204 115.244161 0
1826.339120 115.244161 0
1832.772620 115.244161 0
1839.228782 115.244161 0
1845.707686 115.324841 0
1852.209414 115.324841 0
1858.734044 115.324841 0
1865.281659 115.324841 0
1871.852338 115.324841 0
1878.446163 115.324841 0
1885.063216 115.324841 0
1891.703578 115.405520 0
1898.367331 115.405520 0
1905.054558 115.405520 0
1911.765342 115.405520 0
1918.499766 115.405520 0
1925.257912 115.405520 0
1932.039865 115.405520 0
1938.845708 115.486200 0
1945.675525 115.486200 0
1952.529401 115.486200 0
1959.407421 115.486200 0
1966.309669 115.486200 0
1973.236232 115.486200 0
1980.187194 115.486200 0
1987.162641 115.486200 0
1994.162661 115.566879 0
2001.187339 115.566879 0
2008.236762 115.566879 0
2015.311018 115.566879 0
2022.410193 115.566879 0
2029.534376 115.566879 0
2036.683655 115.647558 0
2043.858119 115.647558 0
2051.057855 115.647558 0
2058.282953 115.647558 0
2065.533502 115.647558 0
2072.809593 115.647558 0
2080.111314 115.647558 0
2087.438756 115.728238 0
2094.792010 115.728238 0
2102.171167 115.728238 0
2109.576318 115.728238 0
2117.007555 115.728238 0
2124.464968 115.728238 0
2131.948652 115.728238 0
2139.458698 115.808917 0
2146.995198 115.808917 0
2154.558247 115.808917 0
2162.147938 115.808917 0
2169.764364 115.808917 0
2177.407620 115.808917 0
2185.077801 115.808917 0
2192.775000 115.808917 0
2200.499314 115.808917 0
2208.250837 115.808917 0
2216.029667 115.808917 0
2223.835898 115.808917 0
2231.669627 115.889597 0
2239.530952 115.889597 0
2247.419970 115.889597 0
2255.336777 115.889597 0
2263.281472 115.889597 0
2271.254153 115.889597 0
2279.254919 115.889597 0
2287.283869 115.889597 0
2295.341102 115.889597 0
2303.426717 115.889597 0
2311.540815 115.889597 0
2319.683495 115.889597 0
2327.854860 115.889597 0
2336.055008 115.889597 0
2344.284043 115.889597 0
2352.542066 115.889597 0
2360.829178 115.889597 0
2369.145483 115.889597 0
2377.491083 115.889597 0
2385.866082 115.889597 0
2394.270582 115.889597 0
2402.704688 115.889597 0
2411.168505 115.889597 0
2419.662136 115.889597 0
2428.185687 115.889597 0
2436.739263 115.889597 0
2445.322970 115.889597 0
2453.936915 115.889597 0
2462.581203 115.889597 0
2471.255941 115.889597 0
2479.961238 115.889597 0
2488.697200 115.889597 0
2497.463935 115.889597 0
2506.261552 115.889597 0
2515.090160 115.889597 0
2523.949868 115.889597 0
2532.840785 115.889597 0
2541.763021 115.889597 0
2550.716688 115.889597 0
2559.701894 115.889597 0
2568.718752 115.889597 0
2577.767373 115.889597 0
2586.847869 115.889597 0
2595.960351 115.889597 0
2605.104934 115.889597 0
2614.281730 115.889597 0
2623.490852 115.889597 0
2632.732414 115.889597 0
2642.006531 115.889597 0
2651.313317 115.889597 0
2660.652887 115.889597 0
2670.025357 115.889597 0
2679.430842 115.889597 0
2688.869460 115.889597 0
2698.341326 115.889597 0
2707.846558 115.889597 0
2717.385273 115.889597 0
2726.957590 115.889597 0
2736.563626 115.889597 0
2746.203501 115.808917 0
2755.877333 115.808917 0
2765.585243 115.728238 0
2775.327349 115.728238 0
2785.103774 115.647558 0
2794.914637 115.647558 0
2804.760060 115.566879 0
2814.640165 115.566879 0
2824.555074 115.486200 0
2834.504909 115.405520 0
2844.489793 115.405520 0
2854.509851 115.324841 0
2864.565205 115.324841 0
2874.655981 115.244161 0
2884.782303 115.244161 0
2894.944295 115.163482 0
2905.142085 115.082803 0
2915.375798 115.082803 0
2925.645560 115.002123 0
2935.951498 115.002123 0
2946.293741 114.921444 0
2956.672415 114.921444 0
2967.087649 114.840764 0
2977.539572 114.840764 0
2988.028314 114.760085 0
2998.554003 114.760085 0
3009.116770 114.679406 0
3019.716746 114.679406 0
3030.354062 114.679406 0
3041.028849 114.598726 0
3051.741239 114.598726 0
3062.491365 114.518047 0
3073.279359 114.518047 0
3084.105355 114.437367 0
3094.969487 114.437367 0
3105.871890 114.356688 0
3116.812697 114.356688 0
3127.792045 114.276008 0
3138.810069 114.276008 0
3149.866905 114.276008 0
3160.962690 114.195329 0
3172.097562 114.195329 0
3183.271657 114.195329 0
3194.485114 114.195329 0
3205.738073 114.195329 0
3217.030671 114.114650 0
3228.363048 114.114650 0
3239.735346 114.114650 0
3251.147703 114.114650 0
3262.600262 114.114650 0
3274.093164 114.114650 0
3285.626551 114.033970 0
3297.200566 114.033970 0
3308.815352 114.033970 0
3320.471052 114.033970 0
3332.167811 114.033970 0
3343.905773 114.033970 0
3355.685084 114.033970 0
3367.505888 114.033970 0
3379.368333 114.033970 0
3391.272564 114.033970 0
3403.218730 114.033970 0
3415.206977 114.033970 0
3427.237455 114.033970 0
3439.310311 114.033970 0
3451.425696 114.033970 0
3463.583758 114.033970 0
3475.784649 114.033970 0
3488.028518 114.033970 0
3500.315518 114.033970 0
3512.645801 114.033970 0
3525.019519 114.033970 0
3537.436824 114.033970 0
3549.897871 114.033970 0
3562.402813 114.033970 0
3574.951806 114.033970 0
3587.545004 114.033970 0
3600.182563 114.033970 0
3612.864639 114.033970 0
3625.591389 114.033970 0
3638.362971 113.953291 0
3651.179543 113.953291 0
3664.041262 113.953291 0
3676.948288 113.953291 0
3689.900781 113.872611 0
3702.898900 113.872611 0
3715.942807 113.872611 0
3729.032663 113.872611 0
3742.168629 113.791932 0
3755.350869 113.791932 0
3768.579544 113.791932 0
3781.854819 113.791932 0
3795.176857 113.711253 0
3808.545825 113.711253 0
3821.961885 113.630573 0
3835.425206 113.630573 0
3848.935953 113.549894 0
3862.494293 113.549894 0
3876.100394 113.469214 0
3889.754424 113.388535 0
3903.456552 113.388535 0
3917.206947 113.307856 0
3931.005780 113.307856 0
3944.853221 113.227176 0
3958.749441 113.146497 0
3972.694612 113.065817 0
3986.688907 113.065817 0
4000.732499 112.985138 0
4014.825560 112.904459 0
4028.968266 112.823779 0
4043.160792 112.743100 0
4057.403312 112.662420 0
4071.696004 112.581741 0
4086.039043 112.501062 0
4100.432607 112.501062 0
4114.876874 112.420382 0
4129.372023 112.339703 0
4143.918233 112.259023 0
4158.515683 112.259023 0
4173.164555 112.178344 0
4187.865030 112.097665 0
4202.617288 112.016985 0
4217.421513 112.016985 0
4232.277888 111.936306 0
4247.186596 111.855626 0
4262.147822 111.855626 0
4277.161750 111.774947 0
4292.228567 111.694268 0
4307.348459 111.694268 0
4322.521612 111.613588 0
4337.748215 111.613588 0
4353.028455 111.532909 0
4368.362521 111.532909 0
4383.750604 111.452229 0
4399.192893 111.452229 0
4414.689579 111.371550 0
4430.240854 111.371550 0
4445.846911 111.290870 0
4461.507942 111.290870 0
4477.224140 111.290870 0
4492.995701 111.210191 0
4508.822819 111.210191 0
4524.705690 111.210191 0
4540.644510 111.129512 0
4556.639477 111.129512 0
4572.690788 111.129512 0
4588.798641 111.129512 0
4604.963236 111.129512 0
4621.184774 111.129512 0
4637.463453 111.129512 0
4653.799476 111.129512 0
4670.193045 111.129512 0
4686.644362 111.129512 0
4703.153630 111.129512 0
4719.721055 111.129512 0
4736.346840 111.129512 0
4753.031192 111.129512 0
4769.774316 111.129512 0
4786.576420 111.129512 0
4803.437712 111.129512 0
4820.358399 111.129512 0
4837.338691 111.129512 0
4854.378799 111.129512 0
4871.478932 111.129512 0
4888.639303 111.129512 0
4905.860123 111.129512 0
4923.141606 111.129512 0
4940.483965 111.129512 0
4957.887414 111.129512 0
4975.352169 111.129512 0
4992.878445 111.129512 0
5010.466461 111.129512 0
5028.116432 111.129512 0
5045.828577 111.129512 0
5063.603115 111.129512 0
5081.440266 111.129512 0
5099.340251 111.129512 0
5117.303291 111.129512 0
5135.329607 111.129512 0
5153.419424 111.210191 0
5171.572964 111.290870 0
5189.790452 111.371550 0
5208.072113 111.452229 0
5226.418174 111.532909 0
5244.828861 111.613588 0
5263.304401 111.694268 0
5281.845025 111.774947 0
5300.450959 111.855626 0
5319.122436 112.016985 0
5337.859684 112.178344 0
5356.662937 112.259023 0
5375.532427 112.420382 0
5394.468387 112.501062 0
5413.471051 112.662420 0
5432.540654 112.743100 0
5451.677432 112.904459 0
5470.881622 112.985138 0
5490.153461 113.146497 0
5509.493187 113.307856 0
5528.901040 113.469214 0
5548.377259 113.630573 0
5567.922085 113.791932 0
5587.535761 113.872611 0
5607.218528 114.033970 0
5626.970630 114.195329 0
5666.683816 114.356688 0
5686.645392 114.356688 0
5706.677285 114.356688 0
5726.779742 114.356688 0
5746.953013 114.356688 0
5767.197346 114.356688 0
5787.512993 114.356688 0
5807.900204 114.356688 0
5828.359231 114.356688 0
5848.890328 114.356688 0
5869.493748 114.356688 0
5890.169746 114.356688 0
5910.918577 114.356688 0
5931.740499 114.356688 0
5952.635769 114.356688 0
5973.604645 114.195329 0
5994.647386 113.953291 0
6015.764253 113.711253 0
6036.955506 113.307856 0
6058.221408 112.904459 0
6079.562222 112.581741 0
6100.978212 112.259023 0
6122.469641 111.855626 0
6144.036777 111.532909 0
6165.679886 111.210191 0
6187.399236 110.806794 0
6209.195094 110.403397 0
6231.067731 110.000000 0
6253.017417 109.677282 0
6275.044423 109.354565 0
6297.149022 108.870488 0
6319.331487 108.467091 0
6341.592093 108.144374 0
6363.931114 107.821656 0
6386.348827 107.579618 0
6408.845509 107.095541 0
6431.421439 106.611465 0
6454.076895 106.369427 0
6476.812157 105.966030 0
6499.627507 105.723992 0
6522.523227 105.401274 0
6545.499600 104.917197 0
6568.556910 104.513800 0
6591.695442 104.191083 0
6614.915482 103.949045 0
6638.217318 103.545648 0
6661.601237 103.142251 0
6685.067529 102.900212 0
6708.616484 102.658174 0
6732.248393 102.416136 0
6755.963548 102.254777 0
6779.762242 101.932059 0
6803.644771 101.690021 0
6827.611428 101.528662 0
6851.662511 101.286624 0
6875.798317 101.044586 0
6900.019143 100.883227 0
6924.325291 100.721868 0
6948.717060 100.560510 0
6973.194752 100.318471 0
6997.758670 100.076433 0
7022.409117 99.834395 0
7047.146398 99.592357 0
7071.970819 99.269639 0
7096.882687 99.027601 0
7121.882310 98.785563 0
7146.969998 98.543524 0
7172.146060 98.301486 0
7197.410807 98.059448 0
7222.764553 97.817410 0
7248.207610 97.575372 0
7273.740293 97.333333 0
7299.362919 97.091295 0
7325.075803 96.929936 0
7350.879264 96.768577 0
7376.773621 96.526539 0
7402.759193 96.365180 0
7428.836303 96.123142 0
7455.005273 95.881104 0
7481.266426 95.719745 0
7507.620087 95.558386 0
7534.066582 95.316348 0
7560.606239 95.154989 0
7587.239384 94.912951 0
7613.966347 94.751592 0
7640.787460 94.590234 0
7667.703053 94.428875 0
7694.713460 94.267516 0
7721.819014 94.025478 0
7749.020051 93.864119 0
7776.316906 93.702760 0
7803.709918 93.460722 0
7831.199425 93.299363 0
7858.785768 93.138004 0
7886.469286 92.976645 0
7914.250323 92.815287 0
7942.129222 92.653928 0
7970.106328 92.492569 0
7998.181987 92.331210 0
8026.356545 92.169851 0
8054.630352 92.008493 0
8083.003756 91.847134 0
8111.477110 91.685775 0
8140.050764 91.524416 0
8168.725072 91.363057 0
8197.500389 91.201699 0
8226.377071 91.040340 0
8255.355474 90.878981 0
8284.435957 90.717622 0
8313.618879 90.556263 0
8342.904602 90.394904 0
8372.293487 90.314225 0
8401.785899 90.152866 0
8431.382200 89.991507 0
8461.082759 89.830149 0
8490.887941 89.668790 0
8520.798115 89.588110 0
8550.813652 89.426752 0
8580.934922 89.265393 0
8611.162298 89.184713 0
8641.496153 89.023355 0
8671.936863 88.942675 0
8702.484804 88.861996 0
8733.140354 88.700637 0
8763.903892 88.539278 0
8794.775798 88.458599 0
8825.756454 88.297240 0
8856.846243 88.216561 0
8888.045550 88.055202 0
8919.354759 87.974522 0
8950.774260 87.813163 0
8982.304439 87.732484 0
9013.945687 87.651805 0
9045.698396 87.571125 0
9077.562957 87.409766 0
9109.539765 87.329087 0
9141.629214 87.248408 0
9173.831703 87.167728 0
9206.147629 87.087049 0
9238.577392 87.006369 0
9271.121393 86.925690 0
9303.780033 86.764331 0
9336.553718 86.683652 0
9369.442852 86.602972 0
9402.447842 86.522293 0
9435.569096 86.441614 0
9468.807023 86.360934 0
9502.162035 86.280255 0
9535.634544 86.118896 0
9569.224964 86.038217 0
9602.933711 85.957537 0
9636.761200 85.876858 0
9670.707851 85.796178 0
9704.774083 85.796178 0
9738.960318 85.715499 0
9773.266977 85.634820 0
9807.694486 85.554140 0
9842.243270 85.473461 0
9876.913756 85.392781 0
9911.706374 85.392781 0
9946.621552 85.312102 0
9981.659723 85.231423 0
10016.821321 85.150743 0
10052.106779 85.150743 0
10087.516535 85.150743 0
10123.051026 85.070064 0
10158.710691 85.070064 0
10194.495972 85.070064 0
10230.407310 84.989384 0
10266.445151 84.989384 0
10302.609939 84.989384 0
10338.902123 84.989384 0
10375.322149 84.989384 0
10411.870470 84.989384 0
10448.547537 84.989384 0
10485.353803 84.989384 0
10522.289723 84.989384 0
10559.355755 84.989384 0
10596.552356 84.989384 0
10633.879987 84.989384 0
10671.339109 84.989384 0
10708.930185 84.989384 0
10746.653680 84.989384 0
10784.510060 84.989384 0
10822.499795 84.989384 0
10860.623353 84.989384 0
10898.881205 84.989384 0
10937.273826 84.989384 0
10975.801689 84.989384 0
11014.465271 84.989384 0
11053.265050 84.989384 0
11092.201506 84.989384 0
11131.275121 84.989384 0
11170.486377 84.989384 0
11209.835759 84.989384 0
11249.323755 84.989384 0
11288.950851 85.070064 0
11328.717539 85.231423 0
11368.624309 85.312102 0
11408.671657 85.473461 0
11448.860075 85.554140 0
11489.190062 85.715499 0
11529.662117 85.796178 0
11570.276739 85.957537 0
11611.034431 86.118896 0
11651.935697 86.280255 0
11692.981043 86.360934 0
11734.170975 86.522293 0
11775.506004 86.925690 0
11816.986641 87.167728 0
11858.613399 87.329087 0
11900.386791 87.571125 0
11942.307336 87.893843 0
11984.375550 88.135881 0
12026.591955 88.458599 0
12068.957072 88.781316 0
12111.471426 89.346072 0
12154.135541 89.830149 0
12196.949946 90.152866 0
12239.915170 90.556263 0
12283.031744 90.878981 0
12326.300201 91.201699 0
12500.903593 91.363057 0
12544.939530 91.363057 0
12589.130589 91.363057 0
12633.477316 91.363057 0
12677.980260 91.363057 0
12722.639971 91.363057 0
12767.457001 91.363057 0
12812.431905 91.363057 0
12857.565238 91.363057 0
12902.857559 91.363057 0
12948.309427 91.363057 0
12993.921405 91.363057 0
13039.694056 90.798301 0
13085.627948 88.861996 0
13131.723647 88.861996 0
13177.981723 87.087049 0
13224.402750 86.522293 0
13411.727862 85.876858 0
13458.972287 85.876858 0
13506.383136 85.876858 0
13553.960996 85.876858 0
13601.706455 85.876858 0
13649.620102 85.876858 0
13697.702532 85.876858 0
13745.954337 85.876858 0
13794.376115 85.876858 0
13842.968465 85.796178 0
13891.731987 85.715499 0
13940.667284 85.554140 0
13989.774962 85.392781 0
14039.055628 85.150743 0
14088.509891 84.666667 0
14138.138362 84.343949 0
14187.941656 84.021231 0
14237.920387 83.617834 0
14288.075175 83.295117 0
14338.406639 83.053079 0
14388.915402 82.730361 0
14439.602088 82.246285 0
14490.467324 82.004246 0
14541.511738 81.762208 0
14592.735963 81.439490 0
14644.140632 81.116773 0
14695.726379 80.874735 0
14747.493844 80.552017 0
14799.443665 80.309979 0
14851.576486 80.067941 0
14903.892951 79.745223 0
14956.393708 79.422505 0
15009.079404 79.180467 0
15061.950692 79.019108 0
15115.008226 78.777070 0
15168.252661 78.535032 0
15221.684656 78.373673 0
15275.304872 78.131635 0
15329.113972 77.889597 0
15383.112620 77.647558 0
15437.301485 77.486200 0
15491.681237 77.324841 0
15546.252549 77.163482 0
15601.016094 77.002123 0
15655.972550 76.840764 0
15711.122597 76.598726 0
15766.466917 76.518047 0
15822.006194 76.356688 0
15877.741115 76.276008 0
15933.672368 76.114650 0
15989.800646 76.033970 0
16046.126643 75.953291 0
16102.651055 75.791932 0
16159.374581 75.711253 0
16216.297922 75.630573 0
16273.421783 75.549894 0
16330.746870 75.469214 0
16388.273890 75.388535 0
16446.003557 75.307856 0
16503.936584 75.307856 0
16562.073686 75.227176 0
16620.415584 75.227176 0
16678.962997 75.227176 0
16737.716651 75.227176 0
16796.677272 75.227176 0
16855.845589 75.227176 0
16915.222333 75.227176 0
16974.808239 75.227176 0
17034.604044 75.227176 0
17094.610486 75.227176 0
17154.828309 75.227176 0
17215.258256 75.227176 0
17275.901074 75.227176 0
17336.757515 75.227176 0
17397.828329 75.227176 0
17459.114273 75.227176 0
17520.616104 75.227176 0
17582.334582 75.307856 0
17644.270471 75.388535 0
17706.424537 75.549894 0
17768.797548 75.630573 0
17831.390276 75.791932 0
17894.203493 75.872611 0
17957.237978 76.033970 0
18020.494510 76.195329 0
18083.973870 76.356688 0
18147.676844 76.518047 0
18211.604220 76.679406 0
18275.756787 76.840764 0
18340.135339 77.002123 0
18404.740673 77.002123 0
18469.573586 77.002123 0
18534.634882 77.002123 0
18599.925363 77.002123 0
18665.445838 77.002123 0
18731.197117 77.002123 0
18797.180013 77.002123 0
18863.395341 77.002123 0
18929.843921 77.002123 0
18996.526574 77.002123 0
19063.444125 77.002123 0
19130.597401 77.002123 0
19197.987232 77.002123 0
19265.614452 77.002123 0
19333.479897 76.679406 0
19401.584406 76.437367 0
19469.928822 76.195329 0
19538.513989 75.872611 0
19607.340756 75.388535 0
19676.409973 75.146497 0
19745.722494 74.823779 0
19815.279178 74.581741 0
19885.080883 74.178344 0
19955.128473 73.774947 0
20025.422814 73.290870 0
20095.964776 72.968153 0
20166.755230 72.645435 0
20237.795052 72.322718 0
20309.085120 72.161359 0
