19.508419 125.016109 0
19.584970 125.196086 0
19.661822 125.286074 0
19.738976 125.376063 0
19.816432 125.376063 0
19.894193 125.376063 0
19.972258 125.376063 0
20.050630 125.376063 0
20.129309 125.376063 0
20.208297 125.376063 0
20.287595 125.376063 0
20.367204 125.376063 0
20.447126 125.376063 0
20.527361 125.376063 0
20.607911 125.376063 0
20.688777 125.376063 0
20.769961 125.466051 0
20.851463 125.466051 0
20.933284 125.466051 0
21.015427 125.466051 0
21.097892 125.466051 0
21.180681 125.466051 0
21.263795 125.466051 0
21.347235 125.466051 0
21.431002 125.466051 0
21.515098 125.466051 0
21.599524 125.466051 0
21.684281 125.466051 0
21.769371 125.466051 0
21.854794 125.466051 0
21.940553 125.556040 0
22.026649 125.556040 0
22.113082 125.556040 0
22.199854 125.556040 0
22.286967 125.556040 0
22.374422 125.556040 0
22.462220 125.556040 0
22.550363 125.556040 0
22.638851 125.556040 0
22.727686 125.556040 0
22.816871 125.556040 0
22.906405 125.556040 0
22.996290 125.556040 0
23.086528 125.556040 0
23.177121 125.646028 0
23.268068 125.646028 0
23.359373 125.646028 0
23.451036 125.646028 0
23.543059 125.646028 0
23.635442 125.646028 0
23.728189 125.646028 0
23.821299 125.646028 0
23.914774 125.646028 0
24.008617 125.646028 0
24.102827 125.646028 0
24.197407 125.646028 0
24.292359 125.646028 0
24.387683 125.646028 0
24.483381 125.646028 0
24.579454 125.646028 0
24.675905 125.646028 0
24.772734 125.646028 0
24.869943 125.646028 0
24.967533 125.646028 0
25.065507 125.646028 0
25.163865 125.646028 0
25.262608 125.646028 0
25.361740 125.646028 0
25.461260 125.736017 0
25.561171 125.736017 0
25.661474 125.736017 0
25.762170 125.736017 0
25.863262 125.736017 0
25.964750 125.736017 0
26.066636 125.736017 0
26.168923 125.736017 0
26.271610 125.736017 0
26.374701 125.736017 0
26.478196 125.736017 0
26.582097 125.736017 0
26.686406 125.736017 0
26.791125 125.736017 0
26.896254 125.736017 0
27.001796 125.736017 0
27.107752 125.736017 0
27.214123 125.736017 0
27.320912 125.736017 0
27.428120 125.736017 0
27.535749 125.736017 0
27.643800 125.736017 0
27.752276 125.736017 0
27.861176 125.736017 0
27.970505 125.736017 0
28.080262 125.736017 0
28.190449 125.736017 0
28.301070 125.736017 0
28.412124 125.736017 0
28.523614 125.736017 0
28.635542 125.736017 0
28.747908 125.736017 0
28.860716 125.736017 0
28.973966 125.736017 0
29.087661 125.736017 0
29.201802 125.736017 0
29.316391 125.736017 0
29.431429 125.736017 0
29.546919 125.736017 0
29.662862 125.736017 0
29.779260 125.736017 0
29.896115 125.736017 0
30.013428 125.736017 0
30.131202 125.736017 0
30.249438 125.736017 0
30.368138 125.736017 0
30.487303 125.736017 0
30.606936 125.736017 0
30.727039 125.736017 0
30.847613 125.736017 0
30.968660 125.736017 0
31.090182 125.736017 0
31.212181 125.736017 0
31.334658 125.736017 0
31.457616 125.736017 0
31.581057 125.736017 0
31.704982 125.736017 0
31.954293 125.736017 0
32.079683 125.736017 0
32.205564 125.736017 0
32.331940 125.736017 0
32.458812 125.736017 0
32.586181 125.736017 0
32.714050 125.736017 0
32.842421 125.736017 0
32.971296 125.736017 0
33.100676 125.736017 0
33.230564 125.736017 0
33.360962 125.736017 0
33.491872 125.736017 0
33.623295 125.736017 0
33.755234 125.736017 0
33.887690 125.736017 0
34.020667 125.736017 0
34.154165 125.736017 0
34.288187 125.736017 0
34.422735 125.736017 0
34.557811 125.736017 0
34.693417 125.736017 0
34.829555 125.736017 0
34.966227 125.736017 0
35.103435 125.736017 0
35.241182 125.736017 0
35.379470 125.736017 0
35.518300 125.736017 0
35.657675 125.736017 0
35.797597 125.736017 0
35.938068 125.736017 0
36.079090 125.736017 0
36.220665 125.736017 0
36.362796 125.736017 0
36.505485 125.736017 0
36.648734 125.736017 0
36.792545 125.736017 0
36.936920 125.736017 0
37.081861 125.736017 0
37.227372 125.736017 0
37.373453 125.736017 0
37.520108 125.736017 0
37.667338 125.736017 0
37.815146 125.736017 0
37.963534 125.736017 0
38.112504 125.736017 0
38.262058 125.736017 0
38.412200 125.736017 0
38.562931 125.736017 0
38.714253 125.736017 0
38.866169 125.736017 0
39.018681 125.736017 0
39.171791 125.736017 0
39.325503 125.736017 0
39.479817 125.736017 0
39.634737 125.736017 0
39.790265 125.736017 0
39.946403 125.736017 0
40.103154 125.736017 0
40.260520 125.736017 0
40.418504 125.736017 0
40.577107 125.736017 0
40.736333 125.736017 0
40.896184 125.736017 0
41.056662 125.736017 0
41.217770 125.736017 0
41.379509 125.736017 0
41.541884 125.736017 0
41.704896 125.736017 0
41.868547 125.736017 0
42.032840 125.736017 0
42.197779 125.736017 0
42.363364 125.736017 0
42.529599 125.736017 0
42.696487 125.736017 0
42.864029 125.736017 0
43.032229 125.736017 0
43.201089 125.736017 0
43.370611 125.736017 0
43.540799 125.736017 0
43.711654 125.736017 0
43.883180 125.736017 0
44.055379 125.736017 0
44.228254 125.736017 0
44.401807 125.736017 0
44.576041 125.736017 0
44.750959 125.736017 0
44.926563 125.736017 0
45.102856 125.736017 0
45.279841 125.736017 0
45.457521 125.736017 0
45.635898 125.736017 0
45.814974 125.736017 0
45.994754 125.736017 0
46.175239 125.736017 0
46.356432 125.736017 0
46.538336 125.736017 0
46.720954 125.736017 0
46.904288 125.736017 0
47.088342 125.736017 0
47.273118 125.736017 0
47.458619 125.736017 0
47.644849 125.736017 0
47.831808 125.736017 0
48.019502 125.736017 0
48.207932 125.736017 0
48.397101 125.736017 0
48.587013 125.736017 0
48.777670 125.736017 0
48.969075 125.736017 0
49.161232 125.736017 0
49.354142 125.736017 0
49.547809 125.736017 0
49.742236 125.736017 0
49.937426 125.736017 0
50.133382 125.736017 0
50.330107 125.736017 0
50.527604 125.736017 0
50.725876 125.736017 0
50.924926 125.736017 0
51.124757 125.736017 0
51.325372 125.736017 0
51.526775 125.736017 0
51.728967 125.736017 0
51.931953 125.736017 0
52.135736 125.736017 0
52.340318 125.736017 0
52.545703 125.736017 0
52.751894 125.736017 0
52.958895 125.736017 0
53.166707 125.736017 0
53.375335 125.736017 0
53.584781 125.736017 0
53.795050 125.736017 0
54.006143 125.736017 0
54.218065 125.736017 0
54.430818 125.736017 0
54.644407 125.736017 0
54.858833 125.736017 0
55.074101 125.736017 0
55.290213 125.736017 0
55.507174 125.736017 0
55.724986 125.736017 0
55.943652 125.736017 0
56.163177 125.736017 0
56.383563 125.736017 0
56.604814 125.736017 0
56.826933 125.736017 0
57.049924 125.736017 0
57.273789 125.736017 0
57.498534 125.736017 0
57.724160 125.736017 0
57.950671 125.736017 0
58.178071 125.736017 0
58.406364 125.736017 0
58.635552 125.736017 0
58.865640 125.736017 0
59.096631 125.736017 0
59.328528 125.736017 0
59.561335 125.736017 0
59.795055 125.736017 0
60.029693 125.736017 0
60.265251 125.736017 0
60.501734 125.736017 0
60.739145 125.736017 0
60.977487 125.736017 0
61.216765 125.736017 0
61.456981 125.736017 0
61.698141 125.736017 0
61.940246 125.736017 0
62.183301 125.736017 0
62.427311 125.736017 0
62.672277 125.736017 0
62.918205 125.736017 0
63.165098 125.736017 0
63.412960 125.736017 0
63.661795 125.736017 0
63.911606 125.736017 0
64.162397 125.736017 0
64.414172 125.736017 0
64.666935 125.736017 0
64.920690 125.736017 0
65.175441 125.736017 0
65.431192 125.736017 0
65.687946 125.736017 0
65.945707 125.736017 0
66.204481 125.736017 0
66.464269 125.736017 0
66.725077 125.736017 0
66.986908 125.736017 0
67.249767 125.736017 0
67.513657 125.736017 0
67.778583 125.736017 0
68.044548 125.736017 0
68.311557 125.736017 0
68.579614 125.736017 0
68.848722 125.736017 0
69.118887 125.736017 0
69.390112 125.736017 0
69.662401 125.736017 0
69.935758 125.736017 0
70.210188 125.736017 0
70.485695 125.736017 0
70.762283 125.736017 0
71.039957 125.736017 0
71.318720 125.736017 0
71.598577 125.736017 0
71.879532 125.736017 0
72.161589 125.736017 0
72.444754 125.736017 0
72.729029 125.736017 0
73.014420 125.736017 0
73.300931 125.736017 0
73.588566 125.736017 0
73.877330 125.736017 0
74.167227 125.736017 0
74.458262 125.736017 0
74.750438 125.736017 0
75.043761 125.736017 0
75.338236 125.736017 0
75.633865 125.736017 0
75.930655 125.736017 0
76.228609 125.736017 0
76.527733 125.736017 0
76.828030 125.736017 0
77.129505 125.736017 0
77.432164 125.736017 0
77.736010 125.736017 0
78.041049 125.736017 0
78.347284 125.736017 0
78.654722 125.736017 0
78.963365 125.736017 0
79.273220 125.736017 0
79.584291 125.736017 0
79.896582 125.736017 0
80.210099 125.736017 0
80.524846 125.736017 0
80.840828 125.736017 0
81.158050 125.736017 0
81.476516 125.736017 0
81.796233 125.736017 0
82.117204 125.736017 0
82.439434 125.736017 0
82.762929 125.736017 0
83.087694 125.736017 0
83.413732 125.736017 0
83.741050 125.736017 0
84.069653 125.736017 0
84.399545 125.736017 0
84.730731 125.736017 0
85.063218 125.736017 0
85.397008 125.736017 0
85.732109 125.736017 0
86.068524 125.736017 0
86.406260 125.736017 0
86.745321 125.736017 0
87.085712 125.736017 0
87.427439 125.736017 0
87.770507 125.736017 0
88.114922 125.736017 0
88.460687 125.736017 0
88.807810 125.736017 0
89.156295 125.736017 0
89.506147 125.736017 0
89.857372 125.736017 0
90.209975 125.736017 0
90.563962 125.736017 0
90.919337 125.736017 0
91.276108 125.736017 0
91.634278 125.736017 0
91.993854 125.736017 0
92.354841 125.736017 0
92.717244 125.736017 0
93.081069 125.736017 0
93.446323 125.736017 0
93.813009 125.736017 0
94.181134 125.736017 0
94.550704 125.736017 0
94.921724 125.736017 0
95.294200 125.736017 0
95.668137 125.736017 0
96.043542 125.736017 0
96.420420 125.736017 0
96.798777 125.736017 0
97.178618 125.736017 0
97.559950 125.736017 0
97.942778 125.736017 0
98.327109 125.736017 0
98.712948 125.736017 0
99.100300 125.736017 0
99.489173 125.736017 0
99.879572 125.736017 0
100.271502 125.736017 0
100.664971 125.736017 0
101.059983 125.736017 0
101.456546 125.736017 0
101.854665 125.736017 0
102.254346 125.736017 0
102.655595 125.736017 0
103.058419 125.736017 0
103.462823 125.736017 0
103.868815 125.736017 0
104.276399 125.736017 0
104.685583 125.736017 0
105.096372 125.736017 0
105.508774 125.736017 0
105.922794 125.736017 0
106.338438 125.736017 0
106.755714 125.736017 0
107.174626 125.736017 0
107.595183 125.736017 0
108.017390 125.736017 0
108.441254 125.736017 0
108.866780 125.736017 0
109.293977 125.736017 0
109.722850 125.736017 0
110.153406 125.736017 0
110.585652 125.736017 0
111.019593 125.736017 0
111.455238 125.736017 0
111.892591 125.736017 0
112.331661 125.736017 0
112.772454 125.736017 0
113.214977 125.736017 0
113.659236 125.736017 0
114.105239 125.736017 0
114.552991 125.736017 0
115.002501 125.646028 0
115.453774 125.646028 0
115.906819 125.646028 0
116.361641 125.646028 0
116.818247 125.646028 0
117.276646 125.646028 0
117.736843 125.646028 0
118.198846 125.646028 0
118.662662 125.646028 0
119.128298 125.646028 0
119.595762 125.646028 0
120.065059 125.646028 0
120.536198 125.646028 0
121.009186 125.646028 0
121.484030 125.646028 0
121.960737 125.646028 0
122.439315 125.646028 0
122.919771 125.646028 0
123.402112 125.646028 0
123.886345 125.646028 0
124.372479 125.646028 0
124.860521 125.646028 0
125.350478 125.646028 0
125.842357 125.646028 0
126.336166 125.646028 0
126.831913 125.646028 0
127.329606 125.646028 0
127.829251 125.646028 0
128.330857 125.646028 0
128.834432 125.646028 0
129.339982 125.646028 0
129.847516 125.646028 0
130.357042 125.646028 0
130.868567 125.646028 0
131.382099 125.556040 0
131.897647 125.556040 0
132.415217 125.556040 0
132.934819 125.556040 0
133.456459 125.556040 0
133.980147 125.556040 0
134.505889 125.556040 0
135.033694 125.556040 0
135.563571 125.556040 0
136.095527 125.556040 0
136.629570 125.556040 0
137.165709 125.556040 0
137.703951 125.556040 0
138.244306 125.556040 0
138.786781 125.466051 0
139.331385 125.466051 0
139.878125 125.466051 0
140.427012 125.466051 0
140.978052 125.466051 0
141.531254 125.466051 0
142.086627 125.466051 0
142.644179 125.466051 0
143.203920 125.466051 0
143.765856 125.466051 0
144.329998 125.466051 0
144.896354 125.466051 0
145.464932 125.466051 0
146.035741 125.466051 0
146.608789 125.466051 0
147.184087 125.466051 0
147.761642 125.466051 0
148.341463 125.466051 0
148.923560 125.466051 0
149.507941 125.466051 0
150.094615 125.376063 0
150.683591 125.376063 0
151.274878 125.376063 0
151.868485 125.376063 0
152.464422 125.376063 0
153.062697 125.376063 0
153.663320 125.376063 0
154.266300 125.376063 0
154.871646 125.376063 0
155.479367 125.376063 0
156.089473 125.376063 0
156.701973 125.376063 0
157.316876 125.376063 0
157.934193 125.376063 0
158.553932 125.376063 0
159.176102 125.376063 0
159.800714 125.376063 0
160.427777 125.376063 0
161.057301 125.286074 0
161.689295 125.286074 0
162.323769 125.286074 0
162.960732 125.286074 0
163.600195 125.286074 0
164.242168 125.286074 0
164.886659 125.286074 0
165.533680 125.286074 0
166.183239 125.286074 0
166.835347 125.286074 0
167.490015 125.196086 0
168.147251 125.196086 0
168.807066 125.196086 0
169.469470 125.196086 0
170.134474 125.196086 0
170.802087 125.196086 0
171.472320 125.196086 0
172.145182 125.196086 0
172.820686 125.196086 0
173.498839 125.196086 0
174.179654 125.196086 0
174.863141 125.196086 0
175.549309 125.196086 0
176.238170 125.196086 0
176.929734 125.196086 0
177.624012 125.196086 0
178.321015 125.196086 0
179.020752 125.196086 0
179.723235 125.106098 0
180.428475 125.106098 0
181.136482 125.106098 0
181.847267 125.106098 0
182.560841 125.106098 0
183.277216 125.106098 0
183.996402 125.106098 0
184.718409 125.106098 0
185.443250 125.106098 0
186.170935 125.106098 0
186.901476 125.106098 0
187.634883 125.106098 0
188.371168 125.106098 0
189.110343 125.106098 0
189.852418 125.106098 0
190.597405 125.016109 0
191.345315 125.016109 0
192.096160 125.016109 0
192.849952 125.016109 0
193.606701 125.016109 0
194.366420 125.016109 0
195.129120 125.016109 0
195.894812 125.016109 0
196.663510 125.016109 0
197.435224 124.926121 0
198.209966 124.926121 0
198.987748 124.926121 0
199.768582 124.926121 0
200.552480 124.926121 0
201.339455 124.926121 0
202.129517 124.926121 0
202.922680 124.926121 0
203.718955 124.926121 0
204.518354 124.926121 0
205.320891 124.836132 0
206.126577 124.836132 0
206.935424 124.836132 0
207.747445 124.836132 0
208.562652 124.836132 0
209.381059 124.836132 0
210.202677 124.836132 0
211.027519 124.836132 0
211.855597 124.836132 0
212.686925 124.836132 0
213.521516 124.836132 0
214.359381 124.836132 0
215.200534 124.836132 0
216.044988 124.836132 0
216.892755 124.836132 0
217.743849 124.746144 0
218.598283 124.746144 0
219.456069 124.746144 0
220.317222 124.746144 0
221.181754 124.746144 0
222.049678 124.746144 0
222.921008 124.746144 0
223.795757 124.656155 0
224.673939 124.656155 0
225.555566 124.656155 0
226.440653 124.656155 0
227.329214 124.656155 0
228.221261 124.656155 0
229.116808 124.656155 0
230.015870 124.656155 0
230.918459 124.656155 0
231.824591 124.656155 0
232.734278 124.656155 0
233.647534 124.656155 0
234.564375 124.566167 0
235.484813 124.566167 0
236.408863 124.566167 0
237.336538 124.566167 0
238.267854 124.566167 0
239.202825 124.566167 0
240.141465 124.476178 0
241.083787 124.476178 0
242.029808 124.476178 0
242.979540 124.476178 0
243.933000 124.476178 0
244.890200 124.476178 0
245.851157 124.476178 0
246.815885 124.476178 0
247.784398 124.476178 0
248.756712 124.476178 0
249.732841 124.476178 0
250.712801 124.476178 0
251.696606 124.476178 0
252.684271 124.476178 0
253.675813 124.386190 0
254.671244 124.386190 0
255.670582 124.386190 0
256.673842 124.386190 0
257.681038 124.386190 0
258.692187 124.386190 0
259.707303 124.386190 0
260.726403 124.296201 0
261.749501 124.296201 0
262.776615 124.296201 0
263.807759 124.296201 0
264.842948 124.296201 0
265.882201 124.296201 0
266.925531 124.296201 0
267.972955 124.206213 0
269.024489 124.206213 0
270.080150 124.206213 0
271.139953 124.206213 0
272.203915 124.206213 0
273.272052 124.206213 0
274.344380 124.206213 0
275.420916 124.206213 0
276.501676 124.206213 0
277.586677 124.206213 0
278.675936 124.206213 0
279.769470 124.206213 0
280.867294 124.206213 0
281.969426 124.206213 0
283.075883 124.116224 0
284.186682 124.116224 0
285.301839 124.116224 0
286.421373 124.116224 0
287.545299 124.116224 0
288.673636 124.116224 0
289.806401 124.116224 0
290.943610 124.026236 0
292.085282 124.026236 0
293.231434 124.026236 0
294.382083 124.026236 0
295.537248 124.026236 0
296.696945 124.026236 0
297.861194 124.026236 0
299.030010 123.936247 0
300.203414 123.936247 0
301.381421 123.936247 0
302.564051 123.936247 0
303.751322 123.936247 0
304.943252 123.936247 0
306.139859 123.936247 0
307.341162 123.846259 0
308.547178 123.846259 0
309.757927 123.846259 0
310.973427 123.846259 0
312.193696 123.846259 0
313.418754 123.846259 0
314.648620 123.846259 0
315.883311 123.756271 0
317.122847 123.756271 0
318.367247 123.756271 0
319.616530 123.756271 0
320.870715 123.756271 0
322.129822 123.756271 0
323.393870 123.756271 0
324.662878 123.666282 0
325.936865 123.666282 0
327.215852 123.666282 0
328.499857 123.666282 0
329.788901 123.666282 0
331.083003 123.666282 0
332.382183 123.576294 0
333.686461 123.576294 0
334.995857 123.576294 0
336.310392 123.576294 0
337.630084 123.576294 0
338.954956 123.576294 0
340.285026 123.576294 0
341.620315 123.576294 0
342.960844 123.486305 0
344.306633 123.486305 0
345.657703 123.486305 0
347.014075 123.486305 0
348.375769 123.486305 0
349.742807 123.486305 0
351.115208 123.486305 0
352.492996 123.396317 0
353.876189 123.396317 0
355.264811 123.396317 0
356.658881 123.396317 0
358.058422 123.396317 0
359.463454 123.396317 0
360.874000 123.396317 0
362.290081 123.396317 0
363.711719 123.396317 0
365.138935 123.396317 0
366.571752 123.396317 0
368.010191 123.306328 0
369.454275 123.306328 0
370.904025 123.306328 0
372.359464 123.306328 0
373.820615 123.306328 0
375.287498 123.306328 0
376.760138 123.306328 0
378.238557 123.216340 0
379.722777 123.216340 0
381.212821 123.216340 0
382.708713 123.216340 0
384.210474 123.216340 0
385.718128 123.216340 0
387.231698 123.216340 0
388.751207 123.216340 0
390.276679 123.126351 0
391.808137 123.126351 0
393.345605 123.126351 0
394.889106 123.126351 0
396.438663 123.126351 0
397.994301 123.126351 0
399.556043 123.126351 0
401.123914 123.036363 0
402.697936 123.036363 0
404.278136 123.036363 0
405.864536 123.036363 0
407.457161 123.036363 0
409.056036 123.036363 0
410.661185 122.946374 0
412.272633 122.946374 0
413.890403 122.946374 0
415.514522 122.946374 0
417.145015 122.946374 0
418.781905 122.946374 0
420.425218 122.946374 0
422.074980 122.856386 0
423.731216 122.856386 0
425.393950 122.856386 0
427.063210 122.856386 0
428.739019 122.856386 0
430.421405 122.856386 0
432.110392 122.856386 0
433.806007 122.856386 0
435.508275 122.766397 0
437.217224 122.766397 0
438.932878 122.766397 0
440.655264 122.766397 0
442.384409 122.766397 0
444.120340 122.766397 0
445.863082 122.676409 0
447.612663 122.676409 0
449.369109 122.676409 0
451.132448 122.676409 0
452.902706 122.676409 0
454.679910 122.676409 0
456.464089 122.676409 0
458.255268 122.586421 0
460.053476 122.586421 0
461.858741 122.586421 0
463.671089 122.586421 0
465.490549 122.586421 0
467.317149 122.586421 0
469.150916 122.586421 0
470.991879 122.586421 0
472.840066 122.496432 0
474.695506 122.496432 0
476.558226 122.496432 0
478.428255 122.496432 0
480.305623 122.496432 0
482.190357 122.496432 0
484.082488 122.496432 0
485.982043 122.406444 0
487.889052 122.406444 0
489.803544 122.406444 0
491.725548 122.406444 0
493.655095 122.406444 0
495.592213 122.406444 0
497.536933 122.406444 0
499.489283 122.316455 0
501.449295 122.316455 0
503.416998 122.316455 0
505.392422 122.316455 0
507.375598 122.316455 0
509.366556 122.316455 0
511.365326 122.226467 0
513.371940 122.226467 0
515.386428 122.226467 0
517.408821 122.226467 0
519.439149 122.226467 0
521.477445 122.226467 0
523.523739 122.226467 0
525.578063 122.226467 0
527.640447 122.136478 0
529.710925 122.136478 0
531.789528 122.136478 0
533.876287 122.136478 0
535.971234 122.136478 0
538.074402 122.136478 0
540.185823 122.046490 0
542.305529 122.046490 0
544.433553 122.046490 0
546.569928 122.046490 0
548.714686 122.046490 0
550.867859 122.046490 0
553.029482 122.046490 0
555.199588 122.046490 0
557.378208 122.046490 0
559.565378 122.046490 0
561.761130 122.046490 0
563.965499 122.046490 0
566.178517 121.956501 0
568.400220 121.956501 0
570.630640 121.956501 0
572.869813 121.956501 0
575.117772 121.956501 0
577.374552 121.956501 0
579.640188 121.956501 0
581.914715 121.866513 0
584.198167 121.866513 0
586.490579 121.866513 0
588.791986 121.866513 0
591.102425 121.866513 0
593.421929 121.866513 0
595.750536 121.866513 0
598.088280 121.866513 0
600.435197 121.866513 0
602.791324 121.866513 0
605.156696 121.866513 0
607.531350 121.866513 0
609.915322 121.866513 0
612.308649 121.776524 0
614.711368 121.776524 0
617.123515 121.776524 0
619.545127 121.776524 0
621.976241 121.776524 0
624.416896 121.776524 0
626.867128 121.776524 0
629.326974 121.776524 0
631.796473 121.776524 0
634.275662 121.776524 0
636.764580 121.776524 0
639.263265 121.776524 0
641.771754 121.776524 0
644.290086 121.776524 0
646.818301 121.776524 0
649.356437 121.776524 0
651.904532 121.776524 0
654.462626 121.776524 0
657.030758 121.776524 0
659.608967 121.776524 0
662.197294 121.776524 0
664.795777 121.776524 0
667.404457 121.776524 0
670.023373 121.686536 0
672.652566 121.686536 0
675.292076 121.686536 0
677.941943 121.686536 0
680.602209 121.686536 0
683.272913 121.686536 0
685.954098 121.686536 0
688.645804 121.686536 0
691.348071 121.686536 0
694.060943 121.686536 0
696.784460 121.686536 0
699.518665 121.686536 0
702.263598 121.686536 0
705.019303 121.686536 0
707.785821 121.686536 0
710.563195 121.686536 0
713.351467 121.686536 0
716.150681 121.686536 0
718.960879 121.686536 0
721.782104 121.686536 0
724.614400 121.686536 0
727.457810 121.686536 0
730.312377 121.686536 0
733.178146 121.686536 0
736.055160 121.686536 0
738.943464 121.686536 0
741.843101 121.686536 0
744.754117 121.686536 0
747.676556 121.686536 0
750.610462 121.686536 0
753.555882 121.686536 0
756.512859 121.686536 0
759.481439 121.686536 0
762.461668 121.686536 0
765.453592 121.686536 0
768.457256 121.686536 0
771.472707 121.686536 0
774.499990 121.686536 0
777.539153 121.686536 0
780.590241 121.686536 0
783.653302 121.686536 0
786.728382 121.686536 0
789.815529 121.686536 0
792.914790 121.686536 0
796.026213 121.686536 0
799.149845 121.686536 0
802.285734 121.686536 0
805.433929 121.686536 0
808.594477 121.686536 0
811.767427 121.686536 0
814.952828 121.686536 0
818.150729 121.686536 0
821.361179 121.686536 0
824.584226 121.686536 0
827.819920 121.686536 0
831.068312 121.686536 0
834.329450 121.686536 0
837.603385 121.686536 0
840.890168 121.686536 0
844.189847 121.686536 0
847.502475 121.686536 0
850.828101 121.686536 0
854.166778 121.686536 0
857.518555 121.686536 0
860.883485 121.686536 0
864.261619 121.686536 0
867.653009 121.686536 0
871.057707 121.686536 0
874.475765 121.686536 0
877.907236 121.686536 0
881.352172 121.686536 0
884.810625 121.776524 0
888.282650 121.776524 0
891.768299 121.776524 0
895.267626 121.776524 0
898.780685 121.866513 0
902.307529 121.866513 0
905.848212 121.956501 0
909.402789 121.956501 0
912.971314 122.046490 0
916.553843 122.046490 0
920.150429 122.136478 0
923.761129 122.136478 0
927.385996 122.136478 0
931.025088 122.226467 0
934.678460 122.226467 0
938.346168 122.316455 0
942.028268 122.316455 0
945.724817 122.316455 0
949.435871 122.406444 0
953.161487 122.406444 0
956.901723 122.496432 0
960.656636 122.496432 0
964.426283 122.496432 0
968.210722 122.586421 0
972.010012 122.586421 0
975.824210 122.676409 0
979.653375 122.676409 0
983.497566 122.766397 0
987.356841 122.766397 0
991.231261 122.856386 0
995.120884 122.856386 0
999.025769 122.946374 0
1002.945978 122.946374 0
1006.881570 123.036363 0
1010.832605 123.126351 0
1014.799144 123.126351 0
1018.781248 123.216340 0
1022.778978 123.306328 0
1026.792395 123.306328 0
1030.821561 123.396317 0
1034.866537 123.486305 0
1038.927386 123.486305 0
1043.004170 123.576294 0
1047.096952 123.576294 0
1051.205793 123.666282 0
1055.330758 123.756271 0
1059.471909 123.756271 0
1063.629311 123.846259 0
1067.803026 123.846259 0
1071.993119 123.936247 0
1076.199654 124.026236 0
1080.422695 124.026236 0
1084.662308 124.116224 0
1088.918557 124.116224 0
1093.191508 124.206213 0
1097.481226 124.296201 0
1101.787777 124.386190 0
1106.111227 124.386190 0
1110.451643 124.476178 0
1114.809090 124.566167 0
1119.183636 124.656155 0
1123.575348 124.746144 0
1127.984294 124.746144 0
1132.410540 124.836132 0
1136.854154 124.926121 0
1141.315206 125.016109 0
1145.793763 125.016109 0
1150.289894 125.106098 0
1154.803668 125.196086 0
1159.335154 125.196086 0
1163.884422 125.286074 0
1168.451541 125.376063 0
1173.036582 125.466051 0
1177.639615 125.466051 0
1182.260710 125.556040 0
1186.899938 125.646028 0
1191.557371 125.646028 0
1196.233080 125.736017 0
1200.927136 125.826005 0
1205.639613 125.915994 0
1210.370581 125.915994 0
1215.120113 126.005982 0
1219.888283 126.095971 0
1224.675163 126.185959 0
1229.480827 126.185959 0
1234.305349 126.275948 0
1239.148802 126.365936 0
1244.011261 126.365936 0
1248.892801 126.455924 0
1253.793496 126.545913 0
1258.713421 126.635901 0
1263.652652 126.635901 0
1268.611265 126.725890 0
1273.589336 126.815878 0
1278.586941 126.815878 0
1283.604156 126.815878 0
1288.641060 126.905867 0
1293.697728 126.995855 0
1298.774239 126.995855 0
1303.870670 127.085844 0
1308.987100 127.085844 0
1314.123607 127.085844 0
1319.280269 127.175832 0
1324.457167 127.175832 0
1329.654379 127.175832 0
1334.871985 127.265821 0
1340.110064 127.265821 0
1345.368699 127.355809 0
1350.647968 127.355809 0
1355.947953 127.355809 0
1361.268736 127.355809 0
1366.610398 127.355809 0
1371.973020 127.355809 0
1377.356686 127.355809 0
1382.761477 127.355809 0
1388.187477 127.355809 0
1393.634768 127.355809 0
1399.103435 127.355809 0
1404.593561 127.355809 0
1410.105231 127.355809 0
1415.638529 127.355809 0
1421.193539 127.355809 0
1426.770347 127.355809 0
1432.369039 127.355809 0
1437.989701 127.355809 0
1443.632418 127.355809 0
1449.297277 127.355809 0
1454.984366 127.355809 0
1460.693770 127.355809 0
1466.425579 127.355809 0
1472.179879 127.355809 0
1477.956760 127.355809 0
1483.756309 127.355809 0
1489.578615 127.265821 0
1495.423769 127.175832 0
1501.291859 127.085844 0
1507.182976 126.995855 0
1513.097210 126.905867 0
1519.034651 126.815878 0
1524.995391 126.725890 0
1530.979521 126.635901 0
1536.987133 126.455924 0
1543.018320 126.365936 0
1549.073172 126.275948 0
1555.151784 126.185959 0
1561.254249 126.095971 0
1567.380660 125.915994 0
1573.531112 125.826005 0
1579.705698 125.736017 0
1585.904513 125.556040 0
1592.127652 125.466051 0
1598.375211 125.286074 0
1604.647286 125.196086 0
1610.943973 125.016109 0
1617.265368 124.836132 0
1623.611569 124.746144 0
1629.982672 124.566167 0
1636.378775 124.386190 0
1642.799978 124.296201 0
1649.246377 124.116224 0
1655.718072 123.936247 0
1662.215162 123.846259 0
1668.737747 123.666282 0
1675.285926 123.576294 0
1681.859801 123.396317 0
1688.459472 123.216340 0
1695.085041 123.036363 0
1701.736608 122.946374 0
1708.414276 122.766397 0
1715.118148 122.586421 0
1721.848326 122.496432 0
1728.604913 122.316455 0
1735.388014 122.136478 0
1742.197731 122.046490 0
1749.034170 121.866513 0
1755.897436 121.686536 0
1762.787633 121.596547 0
1769.704867 121.416571 0
1776.649245 121.236594 0
1783.620873 121.146605 0
1790.619858 120.966628 0
1797.646307 120.876640 0
1804.700328 120.696663 0
1811.782029 120.516686 0
1818.891519 120.336709 0
1826.028907 120.246721 0
1833.194302 120.066744 0
1840.387815 119.976755 0
1847.609555 119.796778 0
1854.859633 119.706790 0
1862.138161 119.526813 0
1869.445250 119.346836 0
1876.781012 119.256847 0
1884.145560 119.076870 0
1891.539007 118.986882 0
1898.961466 118.806905 0
1906.413051 118.716917 0
1913.893876 118.626928 0
1921.404056 118.446951 0
1928.943707 118.356963 0
1936.512943 118.176986 0
1944.111881 118.086997 0
1951.740637 117.997009 0
1959.399329 117.817032 0
1967.088074 117.727044 0
1974.806990 117.547067 0
1982.556195 117.457078 0
1990.335809 117.367090 0
1998.145949 117.187113 0
2005.986737 117.007136 0
2013.858293 116.917147 0
2021.760736 116.827159 0
2029.694189 116.647182 0
2037.658774 116.557194 0
2045.654611 116.377217 0
2053.681825 116.287228 0
2061.740537 116.197240 0
2069.830872 116.107251 0
2077.952954 115.927274 0
2086.106907 115.837286 0
2094.292857 115.657309 0
2102.510928 115.567320 0
2110.761247 115.477332 0
2119.043941 115.297355 0
2127.359137 115.207367 0
2135.706961 115.117378 0
2144.087543 115.027390 0
2152.501011 114.937401 0
2160.947493 114.757424 0
2169.427119 114.667436 0
2177.940020 114.577447 0
2186.486325 114.487459 0
2195.066167 114.397470 0
2203.679676 114.307482 0
2212.326985 114.127505 0
2221.008226 114.037517 0
2229.723532 113.947528 0
2238.473038 113.857540 0
2247.256877 113.677563 0
2256.075184 113.587574 0
2264.928095 113.497586 0
2273.815744 113.407597 0
2282.738269 113.317609 0
2291.695806 113.227620 0
2300.688493 113.047643 0
2309.716468 112.957655 0
2318.779868 112.867667 0
2327.878834 112.777678 0
2337.013504 112.687690 0
2346.184019 112.597701 0
2355.390519 112.507713 0
2364.633146 112.417724 0
2373.912041 112.327736 0
2383.227347 112.237747 0
2392.579207 112.147759 0
2401.967763 112.057770 0
2411.393161 111.967782 0
2420.855544 111.877793 0
2430.355058 111.787805 0
2439.891848 111.697817 0
2449.466061 111.697817 0
2459.077843 111.607828 0
2468.727342 111.517840 0
2478.414707 111.427851 0
2488.140084 111.337863 0
2497.903625 111.247874 0
2507.705478 111.157886 0
2517.545793 111.067897 0
2527.424723 110.977909 0
2537.342417 110.887920 0
2547.299029 110.797932 0
2557.294711 110.707943 0
2567.329616 110.617955 0
2577.403899 110.617955 0
2587.517714 110.437978 0
2597.671215 110.437978 0
2607.864559 110.347990 0
2618.097902 110.258001 0
2628.371401 110.168013 0
2638.685214 110.078024 0
2649.039498 109.988036 0
2659.434413 109.988036 0
2669.870118 109.898047 0
2680.346772 109.808059 0
2690.864538 109.718070 0
2701.423576 109.718070 0
2712.024047 109.628082 0
2722.666115 109.538093 0
2733.349943 109.448105 0
2744.075695 109.448105 0
2754.843535 109.358116 0
2765.653628 109.268128 0
2776.506140 109.268128 0
2787.401238 109.178140 0
2798.339089 109.088151 0
2809.319860 109.088151 0
2820.343720 108.998163 0
2831.410838 108.998163 0
2842.521384 108.908174 0
2853.675528 108.818186 0
2864.873441 108.818186 0
2876.115295 108.728197 0
2887.401262 108.638209 0
2898.731516 108.638209 0
2910.106231 108.548220 0
2921.525580 108.458232 0
2932.989738 108.368243 0
2944.498883 108.368243 0
2956.053190 108.278255 0
2967.652836 108.278255 0
2979.298000 108.188266 0
2990.988859 108.188266 0
3002.725594 108.098278 0
3014.508384 108.098278 0
3026.337411 108.008290 0
3038.212854 108.008290 0
3050.134898 107.918301 0
3062.103724 107.918301 0
3074.119516 107.828313 0
3086.182458 107.828313 0
3098.292736 107.738324 0
3110.450534 107.738324 0
3122.656041 107.738324 0
3134.909442 107.648336 0
3147.210926 107.648336 0
3159.560681 107.648336 0
3171.958897 107.558347 0
3184.405764 107.558347 0
3196.901473 107.468359 0
3209.446216 107.468359 0
3222.040184 107.468359 0
3234.683572 107.468359 0
3247.376572 107.378370 0
3260.119381 107.378370 0
3272.912192 107.378370 0
3285.755204 107.288382 0
3298.648611 107.288382 0
3311.592612 107.288382 0
3324.587407 107.198393 0
3337.633193 107.198393 0
3350.730171 107.198393 0
3363.878542 107.108405 0
3377.078508 107.108405 0
3390.330271 107.108405 0
3403.634034 107.108405 0
3416.990002 107.108405 0
3430.398379 107.108405 0
3443.859371 107.108405 0
3457.373184 107.018416 0
3470.940026 107.018416 0
3484.560104 107.018416 0
3498.233628 107.018416 0
3511.960808 107.018416 0
3525.741853 107.018416 0
3539.576976 107.018416 0
3553.466388 107.018416 0
3567.410302 107.018416 0
3581.408933 107.018416 0
3595.462495 107.018416 0
3609.571204 107.018416 0
3623.735276 107.018416 0
3637.954927 107.018416 0
3652.230378 107.018416 0
3666.561845 107.018416 0
3680.949550 107.018416 0
3695.393712 107.018416 0
3709.894554 107.018416 0
3724.452298 107.018416 0
3739.067167 107.018416 0
3753.739385 107.018416 0
3768.469177 107.018416 0
3783.256769 107.018416 0
3798.102388 107.018416 0
3813.006262 107.018416 0
3827.968619 107.018416 0
3842.989690 107.018416 0
3858.069703 107.018416 0
3873.208890 107.018416 0
3888.407485 107.018416 0
3903.665719 107.018416 0
3918.983826 107.018416 0
3934.362043 107.018416 0
3949.800604 107.018416 0
3965.299747 107.018416 0
3980.859708 107.018416 0
3996.480728 107.108405 0
4012.163045 107.108405 0
4027.906899 107.198393 0
4043.712534 107.288382 0
4059.580189 107.378370 0
4075.510111 107.378370 0
4091.502541 107.468359 0
4107.557727 107.558347 0
4123.675913 107.648336 0
4139.857348 107.828313 0
4156.102279 107.918301 0
4172.410956 108.008290 0
4188.783629 108.098278 0
4205.220548 108.188266 0
4221.721967 108.368243 0
4238.288137 108.458232 0
4254.919314 108.548220 0
4271.615752 108.638209 0
4288.377708 108.728197 0
4305.205437 108.908174 0
4322.099200 108.998163 0
4339.059254 109.178140 0
4356.085860 109.358116 0
4373.179278 109.538093 0
4390.339772 109.628082 0
4407.567604 109.808059 0
4424.863039 109.988036 0
4442.226342 110.078024 0
4459.657779 110.347990 0
4477.157617 110.527967 0
4494.726125 110.797932 0
4512.363573 110.977909 0
4530.070230 111.247874 0
4547.846369 111.427851 0
4565.692262 111.607828 0
4583.608183 111.787805 0
4601.594407 112.057770 0
4619.651209 112.327736 0
4637.778866 112.597701 0
4655.977657 112.867667 0
4674.247861 113.137632 0
4692.589757 113.317609 0
4711.003628 113.317609 0
4729.489755 113.317609 0
4748.048423 113.317609 0
4766.679915 113.317609 0
4785.384518 113.317609 0
4804.162518 113.317609 0
4823.014204 113.317609 0
4841.939864 113.317609 0
4860.939790 113.317609 0
4880.014271 113.317609 0
4899.163602 113.317609 0
4918.388075 113.317609 0
4937.687985 113.137632 0
4957.063629 112.867667 0
4976.515304 112.597701 0
4996.043307 112.327736 0
5015.647939 111.697817 0
5035.329500 111.247874 0
5055.088293 110.887920 0
5074.924619 110.437978 0
5094.838784 110.168013 0
5114.831092 109.538093 0
5134.901852 109.088151 0
5155.051369 108.728197 0
5175.279954 108.368243 0
5195.587916 107.918301 0
5215.975567 107.468359 0
5236.443221 107.018416 0
5256.991189 106.658463 0
5277.619789 106.298509 0
5298.329336 105.758578 0
5319.120148 105.308636 0
5339.992544 105.038670 0
5360.946844 104.768705 0
5381.983369 104.408751 0
5403.102442 103.958809 0
5424.304387 103.598855 0
5445.589529 103.328889 0
5466.958195 102.968936 0
5488.410712 102.698970 0
5509.947409 102.249028 0
5531.568617 101.979063 0
5553.274667 101.709097 0
5575.065893 101.439132 0
5596.942628 101.169166 0
5618.905208 100.719224 0
5640.953970 100.449259 0
5663.089251 100.269282 0
5685.311393 100.089305 0
5707.620735 99.729351 0
5730.017619 99.459386 0
5752.502390 99.189420 0
5775.075391 98.919455 0
5797.736970 98.649489 0
5820.487473 98.469512 0
5843.327250 98.379524 0
5866.256651 98.109559 0
5889.276028 97.929582 0
5912.385733 97.749605 0
5935.586122 97.569628 0
5958.877550 97.389651 0
5982.260374 97.209674 0
6005.734953 97.209674 0
6029.301647 97.029697 0
6052.960817 96.939709 0
6076.712827 96.849720 0
6100.558041 96.759732 0
6124.496823 96.669743 0
6148.529543 96.489766 0
6172.656567 96.399778 0
6196.878267 96.309789 0
6221.195013 96.219801 0
6245.607179 96.129812 0
6270.115140 96.039824 0
6294.719270 95.949835 0
6319.419947 95.859847 0
6344.217551 95.769859 0
6369.112462 95.679870 0
6394.105061 95.589882 0
6419.195731 95.409905 0
6444.384858 95.319916 0
6469.672829 95.229928 0
6495.060029 95.049951 0
6520.546851 94.959962 0
6546.133683 94.869974 0
6571.820918 94.689997 0
6597.608952 94.600009 0
6623.498178 94.420032 0
6649.488994 94.330043 0
6675.581800 94.150066 0
6701.776994 94.060078 0
6728.074979 93.970089 0
6754.476158 93.790112 0
6780.980936 93.610135 0
6807.589720 93.430159 0
6834.302918 93.340170 0
6861.120939 93.250182 0
6888.044194 93.160193 0
6915.073098 92.980216 0
6942.208063 92.800239 0
6969.449507 92.710251 0
6996.797848 92.620262 0
7024.253504 92.440285 0
7051.816897 92.350297 0
7079.488450 92.170320 0
7107.268586 92.080332 0
7135.157733 91.990343 0
7163.156318 91.900355 0
7191.264770 91.810366 0
7219.483521 91.720378 0
7247.813002 91.540401 0
7276.253650 91.450412 0
7304.805900 91.360424 0
7333.470189 91.270435 0
7362.246958 91.180447 0
7391.136648 91.090458 0
7420.139702 91.000470 0
7449.256565 91.000470 0
7478.487684 90.910482 0
7507.833506 90.820493 0
7537.294482 90.820493 0
7566.871065 90.820493 0
7596.563706 90.730505 0
7626.372862 90.730505 0
7656.298991 90.640516 0
7686.342550 90.640516 0
7716.504002 90.640516 0
7746.783808 90.640516 0
7777.182433 90.640516 0
7807.700342 90.640516 0
7838.338006 90.640516 0
7869.095892 90.640516 0
7899.974473 90.640516 0
7930.974223 90.640516 0
7962.095617 90.640516 0
7993.339132 90.640516 0
8024.705248 90.640516 0
8056.194445 90.640516 0
8087.807207 90.640516 0
8119.544019 90.640516 0
8151.405366 90.640516 0
8183.391739 90.640516 0
8215.503627 90.640516 0
8247.741523 90.730505 0
8280.105922 90.820493 0
8312.597320 90.910482 0
8345.216215 91.090458 0
8377.963107 91.180447 0
8410.838500 91.360424 0
8443.842896 91.540401 0
8476.976803 91.810366 0
8510.240728 91.990343 0
8543.635182 92.170320 0
8577.160677 92.440285 0
8610.817727 92.620262 0
8644.606848 92.890228 0
8678.528559 93.070205 0
8712.583379 93.250182 0
8746.771832 93.250182 0
8781.094442 93.250182 0
8815.551734 93.250182 0
8850.144238 93.250182 0
8884.872484 93.250182 0
8919.737005 93.250182 0
8954.738335 93.250182 0
8989.877012 93.250182 0
9025.153574 93.250182 0
9060.568562 93.250182 0
9096.122520 93.250182 0
9131.815992 93.160193 0
9167.649527 92.620262 0
9203.623674 92.170320 0
9239.738985 91.630389 0
9275.996013 89.470666 0
9312.395315 89.470666 0
9348.937449 89.290689 0
9385.622975 88.660770 0
9422.452457 88.120839 0
9459.426458 87.040978 0
9496.545547 86.501047 0
9533.810292 85.871128 0
9571.221266 85.241208 0
9608.779041 84.611289 0
9684.337303 82.451566 0
9722.338949 82.451566 0
9760.489715 82.451566 0
9798.790185 82.451566 0
9837.240948 82.451566 0
9875.842593 82.451566 0
9914.595712 82.451566 0
9953.500899 82.451566 0
9992.558752 82.451566 0
10031.769868 82.451566 0
10071.134851 82.451566 0
10110.654303 82.451566 0
10150.328830 82.451566 0
10190.159042 82.451566 0
10230.145548 82.361578 0
10270.288963 82.001624 0
10310.589902 81.551681 0
10351.048983 81.101739 0
10391.666827 79.121993 0
10432.444056 79.121993 0
10473.381297 78.942016 0
10514.479177 78.402085 0
10555.738326 77.862154 0
10597.159377 77.232235 0
10638.742966 76.512327 0
10680.489730 76.152374 0
10722.400309 75.792420 0
10764.475348 75.342477 0
10806.715489 74.712558 0
10849.121383 74.352604 0
10891.693679 73.992651 0
10934.433029 73.632697 0
10977.340091 73.182754 0
11020.415520 72.732812 0
11063.659980 72.282870 0
11107.074132 71.922916 0
11150.658642 71.562962 0
11194.414179 71.113020 0
11238.341415 70.663077 0
11282.441022 70.303124 0
11326.713678 69.943170 0
11371.160061 69.493227 0
11415.780853 69.133274 0
11460.576738 68.773320 0
11505.548404 68.413366 0
11550.696540 68.053412 0
11596.021839 67.603470 0
11641.524995 67.153527 0
11687.206708 66.703585 0
11733.067677 66.343631 0
11779.108606 65.983677 0
11825.330201 65.623723 0
11871.733170 65.353758 0
11918.318227 64.903816 0
11965.086085 64.723839 0
12012.037461 64.633850 0
12059.173077 64.453873 0
12106.493653 64.273897 0
12153.999918 64.093920 0
12201.692598 64.003931 0
12249.572426 63.733966 0
12297.640136 63.464000 0
12345.896465 63.104046 0
12394.342153 62.294150 0
12442.977944 61.574243 0
12491.804583 59.594496 0
12540.822820 59.594496 0
12590.033405 57.524762 0
12639.437095 57.434773 0
12689.034646 55.275050 0
12738.826819 54.105200 0
12788.814379 52.485408 0
12838.998091 51.855489 0
12889.378726 49.785754 0
13092.885990 49.875742 0
13144.262889 49.875742 0
13195.841393 49.875742 0
13247.622292 49.875742 0
13299.606381 49.875742 0
13351.794457 49.875742 0
13404.187321 49.875742 0
13456.785777 49.875742 0
13509.590630 49.875742 0
13562.602691 49.875742 0
13615.822773 49.875742 0
13669.251693 49.965731 0
13885.072181 49.875742 0
13939.557644 49.875742 0
13994.256909 49.875742 0
14049.170816 49.875742 0
14104.300207 49.875742 0
14159.645927 49.875742 0
14215.208826 49.875742 0
14270.989755 49.875742 0
14326.989571 49.875742 0
14383.209131 49.875742 0
14439.649299 49.875742 0
14496.310940 49.875742 0
14725.189666 49.875742 0
14782.971776 49.875742 0
14840.980625 49.875742 0
14899.217103 49.875742 0
14957.682102 49.875742 0
15016.376520 49.875742 0
15075.301257 49.875742 0
15134.457216 49.875742 0
15193.845305 49.875742 0
15253.466435 49.875742 0
15313.321520 49.875742 0
15373.411478 52.125454 0
15616.138531 52.305431 0
15677.416752 52.305431 0
15738.935432 52.305431 0
15800.695513 52.305431 0
15862.697942 52.305431 0
15924.943671 52.305431 0
15987.433653 52.305431 0
16050.168849 52.305431 0
16113.150220 52.305431 0
16176.378731 52.305431 0
16239.855353 52.305431 0
16303.581059 52.305431 0
16367.556827 52.305431 0
16431.783638 52.305431 0
16496.262477 52.305431 0
16560.994333 52.305431 0
16625.980199 52.395419 0
16691.221072 52.485408 0
16756.717951 52.665385 0
16822.471843 52.935350 0
16888.483755 53.295304 0
16954.754699 53.745246 0
17021.285693 54.195189 0
17088.077757 54.735119 0
17155.131915 56.984831 0
17222.449195 56.984831 0
17290.030631 56.984831 0
17357.877258 57.434773 0
17425.990118 58.064693 0
17494.370255 60.314404 0
17563.018717 60.314404 0
17631.936558 60.314404 0
17701.124836 60.764346 0
17770.584610 61.394266 0
17840.316946 61.934196 0
17910.322914 62.654104 0
17980.603588 63.104046 0
18051.160046 63.823954 0
18121.993369 64.363885 0
18193.104644 64.903816 0
18264.494963 65.533735 0
18336.165419 66.163654 0
18408.117112 66.973550 0
18698.758394 66.973550 0
18772.132913 66.973550 0
18845.795357 66.973550 0
18919.746854 66.973550 0
18993.988540 66.973550 0
19068.521552 66.973550 0
19143.347034 66.973550 0
19218.466134 66.973550 0
19293.880003 66.973550 0
19369.589799 66.973550 0
19445.596682 66.523608 0
19521.901819 65.713712 0
19598.506379 64.993804 0
19675.411538 63.374012 0
19752.618476 61.664231 0
19830.128376 61.124300 0
19907.942427 59.774473 0
19986.061823 58.334658 0
20064.487762 56.174935 0
20143.221447 54.015212 0
20222.264086 53.025339 0
20301.616890 52.665385 0
