9.834898 124.285088 0
9.867102 124.235738 0
9.899412 124.235738 0
9.931827 124.285088 0
9.964349 124.285088 0
9.996977 124.137038 0
9.996977 124.285088 0
10.029712 124.137038 0
10.095503 124.137038 0
10.228384 124.137038 0
10.261877 124.137038 0
10.295479 124.334439 0
10.329191 124.334439 0
10.363014 124.334439 0
10.396948 124.334439 0
10.430992 124.334439 0
10.465148 124.334439 0
10.499416 124.334439 0
10.533796 124.334439 0
10.568289 124.334439 0
10.637614 124.334439 0
10.777630 124.235738 0
10.812921 124.235738 0
10.848328 124.285088 0
10.883850 124.285088 0
10.919489 124.285088 0
10.955245 124.285088 0
10.991118 124.285088 0
11.027108 124.285088 0
11.063216 124.285088 0
11.099442 124.285088 0
11.135787 124.285088 0
11.172251 124.285088 0
11.208834 124.285088 0
11.282360 124.285088 0
11.319304 124.285088 0
11.393555 124.285088 0
11.468293 124.285088 0
11.581321 124.531840 0
11.619244 124.531840 0
11.657291 124.531840 0
11.695462 124.531840 0
11.733759 124.531840 0
11.772181 124.531840 0
11.810728 124.531840 0
11.849402 124.531840 0
11.888203 124.531840 0
11.927131 124.531840 0
11.966186 124.531840 0
12.005369 124.531840 0
12.044680 124.531840 0
12.084120 124.531840 0
12.163388 124.531840 0
12.203217 124.531840 0
12.243176 124.531840 0
12.404325 124.482489 0
12.444943 124.482489 0
12.485694 124.482489 0
12.526578 124.482489 0
12.567596 124.482489 0
12.608748 124.482489 0
12.650035 124.482489 0
12.691458 124.482489 0
12.733015 124.482489 0
12.774709 124.482489 0
12.816540 124.482489 0
12.858507 124.482489 0
12.900612 124.482489 0
12.942855 124.482489 0
12.985236 124.482489 0
13.027756 124.482489 0
13.070415 124.482489 0
13.113214 124.482489 0
13.156153 124.482489 0
13.199232 124.482489 0
13.285815 124.482489 0
13.460688 124.729241 0
13.504765 124.729241 0
13.548986 124.729241 0
13.593352 124.729241 0
13.637863 124.729241 0
13.682520 124.729241 0
13.727323 124.729241 0
13.772273 124.729241 0
13.817370 124.729241 0
13.862615 124.729241 0
13.908007 124.729241 0
13.953549 124.729241 0
13.999239 124.729241 0
14.045080 124.729241 0
14.183503 124.729241 0
14.229946 124.729241 0
14.276542 124.729241 0
14.323290 124.729241 0
14.370192 124.729241 0
14.417247 124.729241 0
14.464456 124.581190 0
14.511819 124.581190 0
14.559338 124.581190 0
14.607012 124.581190 0
14.654842 124.581190 0
14.702829 124.679890 0
14.750973 124.679890 0
14.799275 124.679890 0
14.847735 124.679890 0
14.896354 124.679890 0
14.945131 124.679890 0
14.994069 124.679890 0
15.043167 124.679890 0
15.092425 124.679890 0
15.141845 124.679890 0
15.191427 124.679890 0
15.241171 124.679890 0
15.291078 124.679890 0
15.341148 124.679890 0
15.391382 124.679890 0
15.441781 124.679890 0
15.492345 124.679890 0
15.543074 124.679890 0
15.593969 124.679890 0
15.645032 124.679890 0
15.696261 124.679890 0
15.747658 124.679890 0
15.799223 124.679890 0
15.902861 124.679890 0
15.954935 124.679890 0
16.007179 124.679890 0
16.059594 124.679890 0
16.112181 124.679890 0
16.164940 124.877292 0
16.217872 124.877292 0
16.270977 124.877292 0
16.324256 124.877292 0
16.377709 124.877292 0
16.431337 124.877292 0
16.485141 124.877292 0
16.702125 124.877292 0
16.756816 124.877292 0
16.811686 124.877292 0
16.866735 124.877292 0
16.921965 124.877292 0
16.977376 124.877292 0
17.032968 124.877292 0
17.088742 124.877292 0
17.144699 124.877292 0
17.200839 124.877292 0
17.257162 124.877292 0
17.313671 124.877292 0
17.370364 124.877292 0
17.427243 124.877292 0
17.484308 124.877292 0
17.541560 124.877292 0
17.598999 124.877292 0
17.656627 124.877292 0
17.714443 124.877292 0
17.772449 124.877292 0
17.889030 124.877292 0
17.947607 124.877292 0
18.006376 124.877292 0
18.065338 124.827941 0
18.124493 124.827941 0
18.183841 124.827941 0
18.243383 124.827941 0
18.303121 124.827941 0
18.363054 124.827941 0
18.423184 124.827941 0
18.483510 124.827941 0
18.544034 124.827941 0
18.604756 124.827941 0
18.665677 124.827941 0
18.726797 124.827941 0
18.788117 124.827941 0
18.849639 124.827941 0
18.911362 124.827941 0
18.973286 124.827941 0
19.035414 124.827941 0
19.097745 124.827941 0
19.160280 124.827941 0
19.223020 124.827941 0
19.285965 124.827941 0
19.349117 124.827941 0
19.412475 124.827941 0
19.476041 124.827941 0
19.539815 124.827941 0
19.603798 124.827941 0
19.732392 124.827941 0
19.797005 124.827941 0
19.861830 124.827941 0
19.992118 124.827941 0
20.057581 124.827941 0
20.123259 124.827941 0
20.189153 124.827941 0
20.255262 124.827941 0
20.321587 124.827941 0
20.388130 124.827941 0
20.454890 124.827941 0
20.589068 124.827941 0
20.724125 124.827941 0
20.791986 124.827941 0
20.928375 124.827941 0
20.996904 124.827941 0
21.065658 124.827941 0
21.134637 124.827941 0
21.203842 124.827941 0
21.273274 124.827941 0
21.342932 124.827941 0
21.412819 124.827941 0
21.482935 124.827941 0
21.553281 124.827941 0
21.623856 124.827941 0
21.694663 124.827941 0
21.765702 125.074693 0
21.836973 125.074693 0
21.908478 125.074693 0
21.980217 125.074693 0
22.052191 125.074693 0
22.124400 125.074693 0
22.196846 125.074693 0
22.342450 125.074693 0
22.415610 125.074693 0
22.489009 125.074693 0
22.562649 125.074693 0
22.636530 125.074693 0
22.710653 125.074693 0
22.785018 125.074693 0
22.859628 125.074693 0
22.934481 125.074693 0
23.009579 125.074693 0
23.084924 125.074693 0
23.160515 125.074693 0
23.236353 125.074693 0
23.312440 125.074693 0
23.388776 125.074693 0
23.465362 125.074693 0
23.542199 125.074693 0
23.619288 125.074693 0
23.696629 125.074693 0
23.774223 125.074693 0
23.852071 125.074693 0
23.930174 125.074693 0
24.008533 125.074693 0
24.087148 125.074693 0
24.166021 125.074693 0
24.245152 125.074693 0
24.324542 125.074693 0
24.404193 125.074693 0
24.484104 125.074693 0
24.564276 125.074693 0
24.644711 125.074693 0
24.806373 125.074693 0
24.887601 125.074693 0
24.969095 125.074693 0
25.050855 125.074693 0
25.132884 125.074693 0
25.215181 125.074693 0
25.297748 125.074693 0
25.380585 125.074693 0
25.463693 125.074693 0
25.547073 125.074693 0
25.630726 125.074693 0
25.714654 125.074693 0
25.798856 125.074693 0
25.883334 125.074693 0
25.968088 125.074693 0
26.053120 125.074693 0
26.138430 125.074693 0
26.224020 125.074693 0
26.309890 125.074693 0
26.396041 125.074693 0
26.482474 125.074693 0
26.569191 125.074693 0
26.656191 125.074693 0
26.743476 125.074693 0
26.831047 125.074693 0
26.918905 125.074693 0
27.007050 125.074693 0
27.095484 125.074693 0
27.184208 125.074693 0
27.273222 125.074693 0
27.362527 125.074693 0
27.452125 125.074693 0
27.542017 125.074693 0
27.632203 125.074693 0
27.722684 125.074693 0
27.813461 125.074693 0
27.904535 125.074693 0
27.995908 125.074693 0
28.087580 125.074693 0
28.179552 125.074693 0
28.271826 125.074693 0
28.364401 125.074693 0
28.457280 125.074693 0
28.550463 125.074693 0
28.643951 125.074693 0
28.737745 125.074693 0
28.831846 125.074693 0
28.926255 125.074693 0
29.020973 125.074693 0
29.116002 125.074693 0
29.211342 125.074693 0
29.306993 125.074693 0
29.402959 125.074693 0
29.499238 125.074693 0
29.595833 125.074693 0
29.692743 125.074693 0
29.789972 125.074693 0
29.887518 125.074693 0
29.985384 125.074693 0
30.083571 125.074693 0
30.182079 125.074693 0
30.280909 125.074693 0
30.380064 125.074693 0
30.479543 125.074693 0
30.579347 125.074693 0
30.679479 125.074693 0
30.779938 125.074693 0
30.880726 125.074693 0
30.981844 125.074693 0
31.083294 125.074693 0
31.185075 125.074693 0
31.287190 125.074693 0
31.389639 125.074693 0
31.492424 125.074693 0
31.595545 125.074693 0
31.699004 125.074693 0
31.802802 125.074693 0
31.906940 125.074693 0
32.011418 125.074693 0
32.116239 125.074693 0
32.221403 125.074693 0
32.326911 125.074693 0
32.432765 125.074693 0
32.538965 125.074693 0
32.645513 125.074693 0
32.752410 125.074693 0
32.859658 125.074693 0
32.967256 125.074693 0
33.075206 125.074693 0
33.183510 125.074693 0
33.292169 125.074693 0
33.401184 125.074693 0
33.510555 125.074693 0
33.620285 125.074693 0
33.730374 125.074693 0
33.840823 125.074693 0
33.951634 125.074693 0
34.062808 125.074693 0
34.174346 125.074693 0
34.398519 125.074693 0
34.511156 125.074693 0
34.624162 125.074693 0
34.737538 125.074693 0
34.851285 125.074693 0
34.965405 125.074693 0
35.079898 125.074693 0
35.194767 125.074693 0
35.425633 125.074693 0
35.658014 125.074693 0
35.774775 125.074693 0
35.891919 125.074693 0
36.009446 125.074693 0
36.127359 125.074693 0
36.245657 125.074693 0
36.483417 124.827941 0
36.602881 124.827941 0
36.722736 124.827941 0
36.842984 124.827941 0
36.963626 124.827941 0
37.084662 124.827941 0
37.206095 124.827941 0
37.327926 124.827941 0
37.450155 124.827941 0
37.572785 124.827941 0
37.695816 124.827941 0
37.819250 124.827941 0
37.943089 124.827941 0
38.067332 124.827941 0
38.191983 124.827941 0
38.317042 124.827941 0
38.442510 124.827941 0
38.568389 124.827941 0
38.694681 124.827941 0
38.821386 124.827941 0
38.948505 124.827941 0
39.076042 124.827941 0
39.203995 124.827941 0
39.332368 124.827941 0
39.461161 124.827941 0
39.590376 124.827941 0
39.720013 124.827941 0
39.850076 124.827941 0
39.980564 124.827941 0
40.111479 124.827941 0
40.242824 124.827941 0
40.506804 124.827941 0
40.772515 124.827941 0
40.906024 124.827941 0
41.039970 124.827941 0
41.174354 124.827941 0
41.309179 124.827941 0
41.444445 124.827941 0
41.716307 124.827941 0
41.852906 124.827941 0
41.989953 124.827941 0
42.127448 124.827941 0
42.265393 124.827941 0
42.403790 124.877292 0
42.542641 124.877292 0
42.681946 124.877292 0
42.821707 124.877292 0
42.961926 124.877292 0
43.102604 124.877292 0
43.243742 124.877292 0
43.385343 124.877292 0
43.527407 124.877292 0
43.669937 124.877292 0
43.812933 124.877292 0
43.956397 124.877292 0
44.389616 124.877292 0
44.534969 124.877292 0
44.827104 124.877292 0
44.973889 124.877292 0
45.121155 124.877292 0
45.268903 124.877292 0
45.715057 124.630540 0
45.864750 124.630540 0
46.014933 124.630540 0
46.165608 124.630540 0
46.316777 124.630540 0
46.468440 124.630540 0
46.620600 124.630540 0
46.773258 124.630540 0
46.926416 124.630540 0
47.234238 124.630540 0
47.388906 124.630540 0
47.544080 124.630540 0
47.699762 124.630540 0
47.855954 124.630540 0
48.012657 124.630540 0
48.169873 124.630540 0
48.327604 124.630540 0
48.485852 124.630540 0
48.644618 124.630540 0
48.803904 124.630540 0
48.963711 124.581190 0
49.124042 124.581190 0
49.284897 124.581190 0
49.933604 124.729241 0
50.261153 124.729241 0
50.425732 124.729241 0
50.756508 124.729241 0
50.922710 124.729241 0
51.089455 124.729241 0
51.256746 124.729241 0
51.424585 124.729241 0
51.592974 124.729241 0
52.272061 124.482489 0
52.443224 124.482489 0
52.614949 124.482489 0
52.960086 124.482489 0
53.133502 124.482489 0
53.307487 124.482489 0
53.482041 124.482489 0
53.657167 124.482489 0
53.832866 124.482489 0
54.009141 124.482489 0
54.185993 124.482489 0
54.363423 124.482489 0
54.541435 124.482489 0
54.720030 124.531840 0
55.078976 124.531840 0
55.803947 124.531840 0
55.986676 124.531840 0
56.170003 124.531840 0
56.353930 124.531840 0
56.538460 124.531840 0
56.723594 124.531840 0
56.909334 124.531840 0
57.095682 124.531840 0
57.282641 124.531840 0
58.036617 124.285088 0
58.226657 124.285088 0
58.417319 124.285088 0
58.608605 124.285088 0
58.800518 124.285088 0
58.993059 124.285088 0
59.186230 124.285088 0
59.380034 124.285088 0
59.574473 124.285088 0
59.769548 124.285088 0
59.965263 124.285088 0
60.161617 124.334439 0
60.953488 124.334439 0
61.153079 124.334439 0
61.353323 124.334439 0
61.554223 124.334439 0
61.755781 124.334439 0
61.957999 124.334439 0
62.160880 124.334439 0
62.979065 124.137038 0
63.392188 124.137038 0
63.599764 124.137038 0
63.808020 124.137038 0
64.016958 124.137038 0
64.226580 124.137038 0
64.859574 124.285088 0
65.071955 124.285088 0
65.285032 124.235738 0
65.498807 124.235738 0
65.713281 124.235738 0
65.928458 124.235738 0
66.144339 124.235738 0
66.360927 124.235738 0
66.578225 124.235738 0
66.796234 123.939637 0
67.014956 123.939637 0
67.234395 123.939637 0
67.454553 123.939637 0
67.675432 123.939637 0
67.897033 123.939637 0
68.119361 123.939637 0
68.342416 123.939637 0
68.566202 123.939637 0
68.790720 123.939637 0
69.015974 123.939637 0
69.241965 123.939637 0
70.153355 123.988987 0
70.383071 123.988987 0
70.613538 123.988987 0
70.844761 123.791586 0
71.076741 123.791586 0
71.309480 123.791586 0
71.542981 123.791586 0
71.777247 123.791586 0
72.012280 123.791586 0
72.248083 123.791586 0
72.484658 123.791586 0
72.722007 123.791586 0
72.960134 123.791586 0
73.199040 123.791586 0
74.162514 123.840936 0
74.405358 123.840936 0
74.648997 123.840936 0
74.893433 123.840936 0
75.631556 123.594185 0
76.127674 123.594185 0
76.376953 123.594185 0
76.627048 123.594185 0
76.877961 123.594185 0
77.129696 123.594185 0
77.382256 123.594185 0
78.400791 123.643535 0
78.657513 123.643535 0
78.915075 123.643535 0
79.173481 123.643535 0
79.432733 123.643535 0
79.692834 123.396784 0
79.953786 123.396784 0
80.215593 123.396784 0
80.478257 123.396784 0
80.741782 123.396784 0
81.006169 123.396784 0
82.072403 123.446134 0
82.341148 123.446134 0
82.610772 123.446134 0
83.424954 123.248733 0
83.972195 123.248733 0
84.247160 123.248733 0
84.523025 123.248733 0
84.799794 123.248733 0
85.915962 123.298083 0
86.197292 123.298083 0
86.479543 123.298083 0
86.762719 123.298083 0
87.331854 123.051332 0
87.617820 123.051332 0
87.904723 123.051332 0
88.192565 123.051332 0
88.481350 123.051332 0
88.771080 123.051332 0
89.645976 123.100682 0
89.939520 123.100682 0
90.234025 123.100682 0
91.123338 122.903281 0
91.421720 122.903281 0
91.721078 122.903281 0
92.021417 122.903281 0
92.322739 122.903281 0
93.232639 122.952631 0
93.844215 122.952631 0
94.151506 122.952631 0
95.079429 122.705880 0
95.390764 122.705880 0
95.703119 122.705880 0
96.016497 122.607179 0
96.330901 122.607179 0
97.598846 122.755230 0
97.918431 122.755230 0
98.239063 122.508479 0
98.560744 122.508479 0
98.883480 122.508479 0
99.207271 122.508479 0
99.532123 122.508479 0
99.858039 122.508479 0
101.172409 122.557829 0
101.503696 122.557829 0
102.504080 122.360428 0
102.839727 122.360428 0
103.176474 122.360428 0
103.514323 122.360428 0
103.853278 122.360428 0
104.876819 122.409778 0
105.220236 122.409778 0
106.257248 122.163027 0
106.605185 122.163027 0
106.954261 122.163027 0
107.304481 122.064327 0
107.655847 122.064327 0
108.716864 122.212377 0
109.072855 122.212377 0
109.788338 122.014976 0
110.147838 122.014976 0
110.508514 122.014976 0
110.870372 122.014976 0
111.233415 122.014976 0
112.329691 122.064327 0
112.697512 122.064327 0
113.066538 122.064327 0
113.436772 122.064327 0
113.808218 121.817575 0
114.180880 121.817575 0
114.554763 121.817575 0
114.929870 121.817575 0
116.442622 121.866926 0
116.823911 121.866926 0
117.975285 121.620174 0
118.361592 121.620174 0
118.749165 121.620174 0
119.919514 121.669525 0
120.312187 121.669525 0
120.706147 121.669525 0
121.497941 121.472123 0
121.895783 121.472123 0
122.294928 121.472123 0
123.500223 121.521474 0
123.904621 121.521474 0
124.310344 121.521474 0
124.717396 121.521474 0
125.125780 121.274722 0
125.535502 121.274722 0
125.946565 121.274722 0
126.358975 121.274722 0
126.772734 121.274722 0
128.022161 121.324073 0
128.861945 121.126672 0
129.283901 121.126672 0
129.707238 121.126672 0
130.131961 121.126672 0
131.844809 121.176022 0
133.144223 120.929271 0
133.580201 120.929271 0
134.017607 120.929271 0
134.456445 120.929271 0
135.781598 120.978621 0
136.226212 120.978621 0
137.119813 120.731870 0
137.568808 120.731870 0
138.019275 120.731870 0
139.835938 120.781220 0
141.214110 120.583819 0
141.676513 120.583819 0
142.140429 120.583819 0
144.011337 120.633169 0
144.482899 120.386418 0
144.956005 120.386418 0
145.430660 120.386418 0
145.906870 120.386418 0
147.827353 120.435768 0
148.311410 120.435768 0
148.797053 120.238367 0
149.284285 120.238367 0
149.773114 120.238367 0
150.263542 120.238367 0
151.744485 120.287717 0
152.241369 120.287717 0
152.739881 120.287717 0
153.240024 120.040966 0
153.741805 120.040966 0
154.245229 120.040966 0
154.750302 120.040966 0
156.275465 120.090316 0
156.787186 120.090316 0
157.300582 119.843565 0
157.815659 119.843565 0
158.332423 119.843565 0
160.416456 119.695514 0
160.941736 119.695514 0
161.468736 119.695514 0
161.997462 119.695514 0
162.527920 119.596814 0
163.060114 119.596814 0
165.206374 119.498113 0
165.747339 119.498113 0
166.290075 119.498113 0
166.834588 119.498113 0
167.380884 119.547463 0
169.584017 119.547463 0
170.139316 119.350062 0
170.696433 119.350062 0
171.255375 119.350062 0
173.509505 119.399412 0
174.077658 119.399412 0
174.647671 119.152661 0
175.219552 119.152661 0
177.525859 119.202011 0
178.107164 119.202011 0
178.690372 118.955260 0
179.275490 118.955260 0
179.862523 118.955260 0
181.635183 119.004610 0
182.826652 118.807209 0
183.425314 118.807209 0
184.025936 118.807209 0
185.839629 118.856560 0
187.058677 118.856560 0
187.671197 118.856560 0
188.285722 118.609808 0
188.902260 118.609808 0
191.388664 118.659159 0
192.015362 118.659159 0
192.644113 118.461758 0
193.274922 118.461758 0
195.818881 118.511108 0
196.460086 118.511108 0
197.103390 118.264356 0
197.748801 118.264356 0
198.396325 118.264356 0
200.351647 118.313707 0
201.007694 118.313707 0
201.665890 118.066955 0
202.326240 118.066955 0
202.988753 118.066955 0
205.660570 118.116306 0
206.334001 117.918905 0
207.009637 117.918905 0
207.687486 117.918905 0
208.367554 117.918905 0
210.421149 117.968255 0
211.110169 117.968255 0
211.801444 117.721504 0
212.494984 117.721504 0
215.291925 117.770854 0
215.996894 117.770854 0
216.704171 117.573453 0
217.413764 117.573453 0
220.275448 117.622803 0
220.996736 117.622803 0
221.720385 117.376052 0
222.446403 117.376052 0
225.374329 117.425402 0
226.112313 117.425402 0
226.852712 117.178651 0
227.595537 117.178651 0
228.340794 117.129300 0
230.591238 117.030600 0
231.346304 117.030600 0
232.103842 117.030600 0
232.863861 117.030600 0
235.158883 117.079950 0
236.701450 116.833199 0
237.476523 116.833199 0
238.254135 116.833199 0
240.602282 116.882549 0
242.180555 116.685148 0
242.973570 116.685148 0
246.171683 116.734498 0
246.977767 116.734498 0
247.786490 116.487747 0
248.597862 116.487747 0
249.411890 116.389047 0
251.870003 116.537097 0
252.694746 116.537097 0
253.522189 116.290346 0
254.352342 116.290346 0
257.700226 116.142295 0
258.544060 116.142295 0
259.390657 116.142295 0
260.240026 116.142295 0
262.804858 116.191646 0
263.665407 116.191646 0
264.528773 115.944894 0
265.394967 115.944894 0
268.888199 115.994244 0
269.768667 115.994244 0
270.652019 115.796843 0
273.319467 115.895544 0
275.112355 115.846194 0
276.013204 115.846194 0
276.917004 115.846194 0
279.646197 115.698143 0
280.561893 115.698143 0
281.480587 115.698143 0
282.402289 115.698143 0
285.185543 115.599442 0
287.056269 115.500742 0
287.996228 115.253991 0
288.939266 115.253991 0
291.786947 115.303341 0
292.742397 115.303341 0
293.700975 115.056589 0
294.662693 115.056589 0
295.627559 115.056589 0
298.541157 115.105940 0
299.518724 115.105940 0
300.499492 114.908539 0
301.483471 114.908539 0
305.451713 114.711138 0
306.451908 114.711138 0
307.455378 114.711138 0
311.502225 114.760488 0
312.522233 114.513737 0
313.545580 114.513737 0
314.572278 114.513737 0
318.712800 114.365686 0
319.756419 114.365686 0
323.965177 114.415036 0
325.025994 114.415036 0
326.090284 114.168285 0
327.158060 114.168285 0
329.304112 114.217635 0
330.382411 114.217635 0
331.464241 114.217635 0
332.549614 114.217635 0
333.638540 114.168285 0
338.030020 113.822833 0
339.136892 113.822833 0
340.247389 113.822833 0
343.600743 113.872183 0
344.725857 113.872183 0
345.854654 113.625432 0
346.987148 113.625432 0
351.554327 113.477381 0
352.705484 113.477381 0
353.860411 113.477381 0
355.019119 113.378681 0
359.692018 113.279980 0
360.869822 113.279980 0
364.426424 113.329330 0
365.619731 113.329330 0
366.816945 113.082579 0
368.018079 113.033229 0
372.862075 113.131929 0
374.083004 113.131929 0
379.006830 113.033229 0
380.247879 113.033229 0
381.492993 113.033229 0
386.514352 112.835828 0
387.779985 112.835828 0
389.049762 112.835828 0
392.884095 112.737127 0
395.461289 112.391675 0
396.756218 112.391675 0
401.978477 112.441026 0
403.294747 112.441026 0
404.615327 112.194274 0
405.940231 112.194274 0
409.941031 112.243625 0
411.283374 112.046224 0
412.630113 112.046224 0
416.696845 112.095574 0
418.061310 112.095574 0
419.430243 111.848823 0
420.803658 111.848823 0
426.342439 111.700772 0
427.738488 111.700772 0
429.139109 111.602071 0
434.787604 111.503371 0
436.211307 111.404670 0
441.952889 111.305970 0
443.400055 111.305970 0
449.236258 111.157919 0
450.707272 111.157919 0
452.183104 111.157919 0
458.134913 110.960518 0
459.635066 110.960518 0
461.140131 110.960518 0
465.684961 111.009868 0
467.209836 111.009868 0
468.739705 110.812467 0
470.274583 110.812467 0
476.464519 110.615066 0
478.024692 110.615066 0
482.735930 110.664416 0
485.902523 110.417665 0
487.493600 110.368315 0
493.910180 110.269614 0
495.527478 110.269614 0
502.049803 110.072213 0
503.693755 110.072213 0
505.343089 109.973513 0
511.994611 109.924162 0
513.671126 109.924162 0
520.432264 109.726761 0
522.136409 109.726761 0
529.008971 109.529360 0
530.741199 109.529360 0
532.479100 109.529360 0
539.487796 109.381309 0
541.254337 109.381309 0
548.378537 109.183908 0
550.174190 109.183908 0
557.415796 109.035858 0
559.241043 109.035858 0
561.072265 109.035858 0
568.457316 109.085208 0
570.318717 109.085208 0
572.186214 109.085208 0
577.825473 108.937157 0
579.717550 108.937157 0
581.615823 108.937157 0
589.271276 108.739756 0
591.200832 108.739756 0
598.982447 108.591705 0
600.943802 108.591705 0
608.853657 108.394304 0
610.847335 108.394304 0
612.847542 108.394304 0
620.914079 108.196903 0
622.947249 107.950152 0
624.987076 107.950152 0
631.146722 107.999502 0
633.213398 107.999502 0
641.547999 107.851451 0
643.648734 107.851451 0
645.756348 107.851451 0
654.256043 107.703401 0
656.398390 107.703401 0
658.547753 107.703401 0
665.038161 107.506000 0
667.215814 107.506000 0
669.400598 107.506000 0
671.592535 107.506000 0
678.211508 107.308598 0
680.432297 107.061847 0
682.660358 107.061847 0
689.388411 107.111197 0
691.645798 107.111197 0
693.910577 107.111197 0
696.182773 107.111197 0
700.749508 107.061847 0
703.044097 107.061847 0
705.346200 106.716395 0
707.655841 106.716395 0
716.970282 106.518994 0
719.317986 106.518994 0
721.673377 106.518994 0
731.172322 106.568345 0
733.566530 106.568345 0
735.968577 106.370943 0
743.222017 106.420294 0
745.655681 106.420294 0
748.097315 106.173542 0
750.546943 106.173542 0
760.425933 105.976141 0
762.915932 105.976141 0
765.414083 105.926791 0
767.920415 105.926791 0
775.488760 106.025492 0
778.028082 105.828091 0
780.575718 105.828091 0
788.268789 105.877441 0
790.849958 105.877441 0
793.439579 105.877441 0
796.037680 105.877441 0
798.644288 105.877441 0
806.515437 105.729390 0
809.156354 105.729390 0
811.805919 105.482639 0
814.464160 105.482639 0
817.131106 105.383938 0
819.806784 105.383938 0
830.597399 105.285238 0
833.317172 105.285238 0
844.285616 105.334588 0
847.050211 105.334588 0
852.606588 105.087837 0
855.398430 105.087837 0
858.199414 105.087837 0
869.495368 105.137187 0
872.342511 105.137187 0
875.198978 104.939786 0
878.064799 104.939786 0
880.940003 104.939786 0
883.824622 104.939786 0
892.535277 104.989136 0
895.457864 104.989136 0
898.390022 104.989136 0
901.331781 104.742385 0
904.283172 104.742385 0
907.244228 104.742385 0
910.214980 104.742385 0
916.185698 104.791735 0
919.185728 104.791735 0
922.195582 104.791735 0
925.215292 104.791735 0
928.244889 104.594334 0
931.284407 104.594334 0
934.333878 104.594334 0
937.393334 104.594334 0
940.462808 104.594334 0
943.542334 104.594334 0
955.961604 104.643684 0
959.091879 104.643684 0
962.232405 104.643684 0
971.715819 104.396933 0
974.897681 104.396933 0
978.089963 104.396933 0
981.292697 104.396933 0
984.505919 104.396933 0
997.464368 104.446283 0
1000.730543 104.446283 0
1004.007414 104.446283 0
1007.295015 104.446283 0
1010.593381 104.446283 0
1023.895202 104.199532 0
1027.247925 104.199532 0
1030.611627 104.199532 0
1033.986342 104.199532 0
1037.372108 104.199532 0
1040.768961 104.199532 0
1044.176936 104.199532 0
1047.596071 104.199532 0
1061.384937 104.248882 0
1064.860419 104.248882 0
1068.347282 104.248882 0
1071.845562 104.248882 0
1082.409283 104.051481 0
1085.953609 104.051481 0
1089.509541 104.051481 0
1093.077116 104.051481 0
1096.656374 104.051481 0
1100.247351 104.051481 0
1103.850088 104.051481 0
1107.464621 104.051481 0
1111.090990 104.051481 0
1114.729234 103.952781 0
1118.379390 103.952781 0
1133.099934 104.100831 0
1136.810245 104.100831 0
1144.267356 103.854080 0
1148.014234 103.854080 0
1151.773382 103.854080 0
1155.544839 103.854080 0
1159.328646 103.854080 0
1163.124843 103.854080 0
1166.933470 103.854080 0
1170.754569 103.854080 0
1174.588179 103.854080 0
1186.164494 103.903430 0
1193.945353 103.903430 0
1197.854901 103.903430 0
1209.660525 103.706029 0
1213.621532 103.706029 0
1217.595510 103.706029 0
1221.582500 103.706029 0
1225.582545 103.706029 0
1241.714138 103.755380 0
1245.780104 103.755380 0
1258.058061 103.508628 0
1262.177545 103.508628 0
1266.310518 103.508628 0
1270.457025 103.508628 0
1278.790815 103.557979 0
1282.978188 103.557979 0
1287.179273 103.557979 0
1291.394114 103.557979 0
1299.865245 103.311227 0
1304.121626 103.311227 0
1308.391944 103.311227 0
1316.974575 103.360578 0
1325.613506 103.360578 0
1334.309105 103.163176 0
1338.678272 103.163176 0
1343.061745 103.163176 0
1347.459572 103.163176 0
1365.195357 103.212527 0
1369.665660 103.212527 0
1374.150601 102.965775 0
1378.650227 102.965775 0
1396.796556 103.015126 0
1401.370336 103.015126 0
1405.959093 102.817725 0
1410.562876 102.817725 0
1429.129252 102.867075 0
1433.808905 102.867075 0
1438.503881 102.867075 0
1443.214231 102.867075 0
1457.438027 102.817725 0
1466.998353 102.719024 0
1471.802008 102.422923 0
1476.621392 102.422923 0
1481.456557 102.373572 0
1500.956062 102.472273 0
1505.870911 102.472273 0
1510.801852 102.274872 0
1515.748941 102.274872 0
1535.699816 102.324222 0
1540.728432 102.324222 0
1545.773514 102.077471 0
1550.835116 102.077471 0
1571.247809 101.929420 0
1576.392826 101.929420 0
1581.554691 101.929420 0
1586.733458 101.929420 0
1607.618659 101.732019 0
1612.882771 101.732019 0
1618.164121 101.732019 0
1623.462765 101.732019 0
1644.831411 101.534618 0
1650.217376 101.534618 0
1655.620978 101.534618 0
1661.042273 101.534618 0
1682.905556 101.386567 0
1688.416194 101.386567 0
1693.944876 101.386567 0
1699.491662 101.386567 0
1716.241235 101.435917 0
1721.861030 101.435917 0
1727.499227 101.435917 0
1733.155886 101.386567 0
1738.831068 101.386567 0
1755.968356 101.386567 0
1761.718237 101.386567 0
1767.486945 101.287867 0
1779.081093 101.041115 0
1784.906655 101.041115 0
1808.400289 101.090466 0
1814.321857 101.090466 0
1820.262815 101.090466 0
1832.203155 100.843714 0
1838.202664 100.843714 0
1844.221820 100.843714 0
1862.397801 100.893064 0
1868.496182 100.893064 0
1874.614533 100.893064 0
1880.752918 100.646313 0
1886.911403 100.646313 0
1893.090054 100.646313 0
1899.288936 100.646313 0
1905.508117 100.646313 0
1930.589154 100.695663 0
1936.910826 100.695663 0
1962.405198 100.498262 0
1968.831051 100.498262 0
1975.277946 100.498262 0
1981.745951 100.498262 0
1988.235136 100.498262 0
1994.745569 100.399562 0
2001.277321 100.399562 0
2021.001184 100.547613 0
2034.258303 100.547613 0
2047.602385 100.547613 0
2054.307215 100.547613 0
2061.034000 100.547613 0
2067.782811 100.547613 0
2074.553722 100.547613 0
2081.346803 100.547613 0
2088.162128 100.547613 0
2094.999770 100.547613 0
2101.859802 100.547613 0
2108.742297 100.547613 0
2115.647328 100.547613 0
2122.574970 100.547613 0
2143.494299 100.300861 0
2157.554933 100.300861 0
2164.619801 100.300861 0
2171.707802 100.300861 0
2178.819012 100.300861 0
2185.953508 100.300861 0
2193.111366 100.300861 0
2200.292662 100.300861 0
2207.497473 100.300861 0
2214.725876 100.300861 0
2221.977948 100.300861 0
2229.253767 100.300861 0
2236.553411 100.300861 0
2243.876957 100.300861 0
2251.224483 100.300861 0
2258.596070 100.300861 0
2265.991794 100.300861 0
2273.411735 100.300861 0
2280.855973 100.300861 0
2288.324587 100.300861 0
2295.817656 100.300861 0
2303.335262 100.300861 0
2326.036099 100.547613 0
2333.652654 100.547613 0
2341.294149 100.547613 0
2364.369095 100.498262 0
2379.878598 100.498262 0
2387.671459 100.498262 0
2395.489838 100.498262 0
2403.333818 100.498262 0
2411.203483 100.695663 0
2434.967429 100.646313 0
2450.940035 100.646313 0
2458.965585 100.646313 0
2491.331444 100.794364 0
2499.489255 100.794364 0
2507.673779 100.794364 0
2515.885102 100.794364 0
2540.680753 100.991765 0
2549.000158 100.991765 0
2582.551086 101.139816 0
2591.007594 101.139816 0
2616.543625 101.337217 0
2625.111441 101.435917 0
2633.707312 101.435917 0
2642.331330 101.534618 0
2650.983587 101.534618 0
2685.876861 101.682669 0
2703.495351 101.880070 0
2712.347889 101.880070 0
2730.140021 101.978770 0
2739.079805 102.028120 0
2766.075182 102.225522 0
2784.219748 102.422923 0
2793.336616 102.422923 0
2811.660008 102.570973 0
2820.866728 102.669674 0
2848.668167 102.916425 0
2857.996070 102.916425 0
2867.354516 103.015126 0
2905.095748 103.311227 0
2914.608422 103.311227 0
2924.152244 103.459278 0
2952.971628 103.656679 0
2962.641070 103.656679 0
2972.342175 103.755380 0
2982.075045 103.804730 0
3011.465295 103.903430 0
3051.103369 104.199532 0
3061.094141 104.199532 0
3091.263174 104.446283 0
3101.385449 104.446283 0
3111.540869 104.446283 0
3121.729543 104.446283 0
3131.951579 104.446283 0
3142.207087 104.446283 0
3183.566035 104.298233 0
3193.990554 104.298233 0
3225.469366 104.150182 0
3236.031096 104.150182 0
3257.258422 103.952781 0
3289.360779 103.706029 0
3332.656621 103.261877 0
3343.569333 103.163176 0
3354.517779 103.064476 0
3365.502076 102.867075 0
3376.522340 102.719024 0
3409.800119 102.373572 0
3420.965436 102.176171 0
3432.167314 102.176171 0
3443.405872 101.830719 0
3454.681230 101.633318 0
3488.729315 101.287867 0
3534.649323 100.646313 0
3546.223456 100.399562 0
3557.835489 100.152811 0
3569.485545 100.054110 0
3581.173748 99.955410 0
3592.900225 99.758008 0
3604.665099 99.511257 0
3616.468497 99.412557 0
3640.191371 99.165805 0
3652.111099 98.869704 0
3664.069858 98.622952 0
3676.067776 98.622952 0
3688.104981 98.277501 0
3700.181601 98.277501 0
3724.453606 97.981399 0
3748.884826 97.635947 0
3761.160469 97.389196 0
3785.832475 97.043744 0
3798.229102 96.846343 0
3823.144266 96.500891 0
3835.663070 96.500891 0
3873.465974 95.760637 0
3886.149555 95.711287 0
3898.874668 95.711287 0
3924.450035 95.267135 0
3950.193168 95.069734 0
3963.127991 94.822982 0
3976.105168 94.625581 0
3989.124839 94.526881 0
4002.187142 94.378830 0
4015.292218 94.280129 0
4054.865481 93.835977 0
4068.143051 93.835977 0
4081.464098 93.638576 0
4108.237193 93.293124 0
4135.185911 93.095723 0
4148.726488 92.947672 0
4162.311404 92.848972 0
4203.333635 92.503520 0
4230.906155 92.207418 0
4244.760167 92.059368 0
4258.659542 92.059368 0
4272.604432 91.861967 0
4286.594983 91.861967 0
4300.631346 91.713916 0
4314.713671 91.516515 0
4328.842108 91.516515 0
4343.016808 91.319114 0
4357.237923 91.319114 0
4371.505605 91.171063 0
4385.820006 91.171063 0
4400.181279 90.973662 0
4429.045057 90.825611 0
4458.098172 90.628210 0
4472.696118 90.529510 0
4516.777388 90.381459 0
4531.567479 90.282758 0
4561.293108 90.085357 0
4591.213727 89.937306 0
4636.463064 89.739905 0
4651.645063 89.739905 0
4682.158362 89.542504 0
4697.489989 89.542504 0
4759.320173 89.394454 0
4774.904465 89.394454 0
4821.964191 89.295753 0
4837.753609 89.295753 0
4853.594729 89.197053 0
4869.487721 89.197053 0
4885.432754 89.197053 0
4917.479625 89.197053 0
4933.581806 89.197053 0
4998.519523 89.098352 0
5014.887068 89.098352 0
5064.311975 89.147702 0
5097.532237 89.246403 0
5130.970413 89.443804 0
5147.771666 89.542504 0
5164.627933 89.542504 0
5198.506235 89.690555 0
5249.740827 90.036007 0
5301.480368 90.480159 0
5318.839951 90.480159 0
5371.260508 91.072362 0
5441.959122 91.763266 0
5513.588298 92.651571 0
5567.928224 93.687926 0
5641.215454 94.576231 0
5659.687493 94.921683 0
5678.220018 94.921683 0
5696.813227 95.661937 0
5752.958952 96.895693 0
5771.796892 96.895693 0
5809.658028 97.635947 0
5828.681628 98.425551 0
5847.767521 99.017755 0
5866.915910 99.017755 0
5886.127000 99.955410 0
5905.400996 100.004760 0
5944.138532 100.942415 0
5983.130174 101.830719 0
6061.882453 102.422923 0
6081.731957 102.422923 0
6101.646457 102.373572 0
6181.958694 102.274872 0
6202.201384 101.238516 0
6222.510360 101.238516 0
6242.885836 100.103460 0
6263.328031 100.054110 0
6283.837164 99.165805 0
6304.413454 99.165805 0
6325.057120 97.981399 0
6345.768383 96.846343 0
6366.547465 96.747643 0
6387.394588 95.563236 0
6408.309974 95.267135 0
6429.293848 94.181429 0
6450.346432 94.181429 0
6471.467953 93.046373 0
6492.658635 92.602221 0
6513.918706 91.417814 0
6535.248393 90.282758 0
6556.647923 89.098352 0
6578.117526 87.913946 0
6599.657430 87.716545 0
