19.526416 114.278250 0
19.595170 114.520078 0
19.664165 114.600687 0
19.733404 114.681296 0
19.802886 114.761905 0
19.872613 114.761905 0
19.942585 114.761905 0
20.012804 114.761905 0
20.083270 114.761905 0
20.153985 114.761905 0
20.224948 114.761905 0
20.296161 114.761905 0
20.367625 114.842514 0
20.439340 114.842514 0
20.511308 114.842514 0
20.583529 114.842514 0
20.656005 114.842514 0
20.728736 114.842514 0
20.801723 114.842514 0
20.874966 114.842514 0
20.948468 114.842514 0
21.022229 114.842514 0
21.096249 114.923123 0
21.170530 114.923123 0
21.245073 114.923123 0
21.319878 114.923123 0
21.394946 114.923123 0
21.470279 114.923123 0
21.545877 114.923123 0
21.621741 115.003732 0
21.697872 115.003732 0
21.774271 115.003732 0
21.850939 115.003732 0
21.927878 115.003732 0
22.005087 115.003732 0
22.082568 115.003732 0
22.160322 115.003732 0
22.238349 115.003732 0
22.316652 115.003732 0
22.395230 115.003732 0
22.474084 115.003732 0
22.553217 115.003732 0
22.632628 115.003732 0
22.712318 115.003732 0
22.792289 115.003732 0
22.872542 115.003732 0
22.953078 115.003732 0
23.033897 115.003732 0
23.115000 115.003732 0
23.196389 115.003732 0
23.278065 115.003732 0
23.360028 115.003732 0
23.442280 115.003732 0
23.524821 115.003732 0
23.607653 115.084341 0
23.690777 115.084341 0
23.774193 115.084341 0
23.857904 115.084341 0
23.941908 115.084341 0
24.026209 115.084341 0
24.110807 115.084341 0
24.195702 115.084341 0
24.280896 115.084341 0
24.366390 115.084341 0
24.452186 115.084341 0
24.538283 115.084341 0
24.624684 115.084341 0
24.711388 115.084341 0
24.798398 115.164950 0
24.885715 115.164950 0
24.973339 115.164950 0
25.061271 115.164950 0
25.149513 115.164950 0
25.238066 115.164950 0
25.326930 115.164950 0
25.416107 115.164950 0
25.505599 115.164950 0
25.595405 115.164950 0
25.685528 115.164950 0
25.775968 115.164950 0
25.866726 115.164950 0
25.957805 115.164950 0
26.049203 115.245559 0
26.140924 115.245559 0
26.232967 115.245559 0
26.325335 115.245559 0
26.418028 115.245559 0
26.511047 115.245559 0
26.604394 115.245559 0
26.698069 115.245559 0
26.792074 115.245559 0
26.886410 115.245559 0
26.981079 115.245559 0
27.076081 115.245559 0
27.171417 115.245559 0
27.267089 115.245559 0
27.363097 115.245559 0
27.459444 115.245559 0
27.556130 115.245559 0
27.653157 115.245559 0
27.750525 115.245559 0
27.848236 115.245559 0
27.946291 115.245559 0
28.044691 115.245559 0
28.143438 115.245559 0
28.242532 115.245559 0
28.341976 115.245559 0
28.441769 115.245559 0
28.541914 115.245559 0
28.642412 115.245559 0
28.743263 115.245559 0
28.844470 115.245559 0
28.946032 115.245559 0
29.047953 115.245559 0
29.150232 115.245559 0
29.252871 115.245559 0
29.355872 115.245559 0
29.459236 115.245559 0
29.562963 115.245559 0
29.667056 115.245559 0
29.771515 115.245559 0
29.876342 115.245559 0
29.981538 115.245559 0
30.087105 115.245559 0
30.193043 115.245559 0
30.299354 115.245559 0
30.406040 115.245559 0
30.513101 115.245559 0
30.620539 115.245559 0
30.728355 115.245559 0
30.836551 115.245559 0
31.054088 115.245559 0
31.163431 115.245559 0
31.273159 115.245559 0
31.383273 115.245559 0
31.493775 115.245559 0
31.604666 115.245559 0
31.715948 115.245559 0
31.827621 115.245559 0
31.939688 115.245559 0
32.052149 115.245559 0
32.165006 115.245559 0
32.278261 115.245559 0
32.391914 115.245559 0
32.505968 115.245559 0
32.620423 115.245559 0
32.735281 115.245559 0
32.850544 115.245559 0
32.966212 115.245559 0
33.082288 115.245559 0
33.198772 115.245559 0
33.315667 115.245559 0
33.432973 115.245559 0
33.550692 115.245559 0
33.668826 115.245559 0
33.787375 115.245559 0
33.906342 115.245559 0
34.025728 115.245559 0
34.145534 115.245559 0
34.265763 115.245559 0
34.386414 115.245559 0
34.507490 115.245559 0
34.628993 115.245559 0
34.750923 115.245559 0
34.873283 115.245559 0
34.996074 115.245559 0
35.119296 115.245559 0
35.242953 115.245559 0
35.367045 115.245559 0
35.491575 115.245559 0
35.616542 115.245559 0
35.741950 115.245559 0
35.867799 115.245559 0
35.994091 115.245559 0
36.120828 115.245559 0
36.248012 115.245559 0
36.375643 115.245559 0
36.503723 115.245559 0
36.632254 115.245559 0
36.761238 115.245559 0
36.890677 115.245559 0
37.020570 115.245559 0
37.150922 115.245559 0
37.281732 115.245559 0
37.413003 115.245559 0
37.544736 115.245559 0
37.676933 115.245559 0
37.809595 115.245559 0
37.942725 115.245559 0
38.076323 115.245559 0
38.210391 115.245559 0
38.344932 115.245559 0
38.479947 115.245559 0
38.615436 115.245559 0
38.751403 115.245559 0
38.887849 115.245559 0
39.024775 115.245559 0
39.162183 115.245559 0
39.300075 115.245559 0
39.438453 115.245559 0
39.577317 115.245559 0
39.716671 115.245559 0
39.856515 115.245559 0
39.996852 115.245559 0
40.137683 115.245559 0
40.279010 115.245559 0
40.420834 115.245559 0
40.563158 115.245559 0
40.705983 115.245559 0
40.849311 115.245559 0
40.993143 115.245559 0
41.137482 115.245559 0
41.282329 115.245559 0
41.427686 115.245559 0
41.573555 115.245559 0
41.719938 115.245559 0
41.866836 115.245559 0
42.014251 115.245559 0
42.162185 115.245559 0
42.310640 115.245559 0
42.459618 115.245559 0
42.609121 115.245559 0
42.759150 115.245559 0
42.909707 115.245559 0
43.060794 115.245559 0
43.212413 115.245559 0
43.364566 115.245559 0
43.517255 115.245559 0
43.670481 115.245559 0
43.824247 115.245559 0
43.978555 115.245559 0
44.133405 115.245559 0
44.288801 115.245559 0
44.444744 115.245559 0
44.601236 115.245559 0
44.758280 115.245559 0
44.915876 115.245559 0
45.074027 115.245559 0
45.232735 115.245559 0
45.392001 115.245559 0
45.551829 115.245559 0
45.712219 115.245559 0
45.873174 115.245559 0
46.034696 115.245559 0
46.196786 115.245559 0
46.359447 115.245559 0
46.522681 115.245559 0
46.686490 115.245559 0
46.850876 115.245559 0
47.015840 115.245559 0
47.181385 115.245559 0
47.347513 115.245559 0
47.514226 115.245559 0
47.681526 115.245559 0
47.849415 115.245559 0
48.017895 115.245559 0
48.186968 115.245559 0
48.356637 115.245559 0
48.526903 115.245559 0
48.697769 115.245559 0
48.869236 115.245559 0
49.041307 115.245559 0
49.213984 115.245559 0
49.387269 115.245559 0
49.561164 115.245559 0
49.735671 115.245559 0
49.910793 115.245559 0
50.086531 115.245559 0
50.262889 115.245559 0
50.439867 115.245559 0
50.617468 115.245559 0
50.795695 115.245559 0
50.974549 115.245559 0
51.154033 115.245559 0
51.334149 115.245559 0
51.514899 115.245559 0
51.696285 115.245559 0
51.878310 115.245559 0
52.060977 115.245559 0
52.244286 115.245559 0
52.428241 115.245559 0
52.612843 115.245559 0
52.798095 115.245559 0
52.984000 115.245559 0
53.170559 115.245559 0
53.357776 115.245559 0
53.545651 115.245559 0
53.734188 115.245559 0
53.923389 115.245559 0
54.113256 115.245559 0
54.303791 115.245559 0
54.494997 115.245559 0
54.686877 115.245559 0
54.879432 115.245559 0
55.072665 115.245559 0
55.266579 115.245559 0
55.461175 115.245559 0
55.656457 115.245559 0
55.852426 115.245559 0
56.049085 115.245559 0
56.246437 115.245559 0
56.444483 115.245559 0
56.643227 115.245559 0
56.842671 115.245559 0
57.042817 115.245559 0
57.243667 115.245559 0
57.445225 115.245559 0
57.647493 115.245559 0
57.850472 115.245559 0
58.054167 115.245559 0
58.258578 115.245559 0
58.463710 115.245559 0
58.669563 115.245559 0
58.876142 115.245559 0
59.083448 115.245559 0
59.291483 115.245559 0
59.500252 115.245559 0
59.709755 115.245559 0
59.919996 115.245559 0
60.130977 115.245559 0
60.342701 115.245559 0
60.555171 115.245559 0
60.768389 115.245559 0
60.982357 115.245559 0
61.197079 115.245559 0
61.412557 115.245559 0
61.628794 115.245559 0
61.845792 115.245559 0
62.063554 115.245559 0
62.282083 115.245559 0
62.501381 115.245559 0
62.721452 115.245559 0
62.942297 115.245559 0
63.163920 115.245559 0
63.386323 115.245559 0
63.609510 115.245559 0
63.833482 115.245559 0
64.058243 115.245559 0
64.283795 115.245559 0
64.510141 115.245559 0
64.737285 115.245559 0
64.965228 115.245559 0
65.193974 115.245559 0
65.423525 115.245559 0
65.653885 115.245559 0
65.885055 115.245559 0
66.117040 115.245559 0
66.349841 115.245559 0
66.583462 115.245559 0
66.817906 115.245559 0
67.053175 115.245559 0
67.289273 115.245559 0
67.526201 115.245559 0
67.763965 115.245559 0
68.002565 115.245559 0
68.242005 115.245559 0
68.482289 115.245559 0
68.723418 115.245559 0
68.965397 115.245559 0
69.208228 115.245559 0
69.451913 115.245559 0
69.696457 115.245559 0
69.941861 115.245559 0
70.188130 115.245559 0
70.435266 115.245559 0
70.683272 115.245559 0
70.932152 115.245559 0
71.181907 115.245559 0
71.432542 115.245559 0
71.684060 115.245559 0
71.936463 115.245559 0
72.189755 115.245559 0
72.443938 115.245559 0
72.699017 115.245559 0
72.954994 115.245559 0
73.211872 115.245559 0
73.469655 115.245559 0
73.728345 115.245559 0
73.987946 115.245559 0
74.248462 115.245559 0
74.509894 115.245559 0
74.772247 115.245559 0
75.035524 115.245559 0
75.299728 115.245559 0
75.564862 115.245559 0
75.830929 115.245559 0
76.097934 115.245559 0
76.365879 115.245559 0
76.634767 115.245559 0
76.904601 115.245559 0
77.175386 115.245559 0
77.447125 115.245559 0
77.719820 115.245559 0
77.993475 115.245559 0
78.268094 115.245559 0
78.543680 115.245559 0
78.820236 115.245559 0
79.097766 115.245559 0
79.376273 115.245559 0
79.655761 115.245559 0
79.936233 115.245559 0
80.217692 115.245559 0
80.500143 115.245559 0
80.783588 115.245559 0
81.068031 115.245559 0
81.353476 115.245559 0
81.639925 115.245559 0
81.927383 115.245559 0
82.215854 115.245559 0
82.505340 115.245559 0
82.795845 115.245559 0
83.087374 115.245559 0
83.379928 115.245559 0
83.673513 115.245559 0
83.968132 115.245559 0
84.263788 115.245559 0
84.560485 115.245559 0
84.858227 115.245559 0
85.157017 115.245559 0
85.456859 115.245559 0
85.757757 115.245559 0
86.059714 115.245559 0
86.362734 115.245559 0
86.666822 115.245559 0
86.971980 115.245559 0
87.278213 115.245559 0
87.585524 115.245559 0
87.893917 115.245559 0
88.203395 115.245559 0
88.513964 115.245559 0
88.825626 115.245559 0
89.138386 115.245559 0
89.452246 115.245559 0
89.767212 115.245559 0
90.083287 115.245559 0
90.400475 115.245559 0
90.718779 115.245559 0
91.038204 115.245559 0
91.358755 115.245559 0
91.680433 115.245559 0
92.003245 115.245559 0
92.327193 115.245559 0
92.652281 115.245559 0
92.978515 115.245559 0
93.305897 115.245559 0
93.634431 115.245559 0
93.964123 115.245559 0
94.294975 115.245559 0
94.626992 115.245559 0
94.960179 115.245559 0
95.294538 115.245559 0
95.630075 115.245559 0
95.966793 115.245559 0
96.304697 115.245559 0
96.643791 115.245559 0
96.984078 115.245559 0
97.325564 115.245559 0
97.668252 115.245559 0
98.012147 115.245559 0
98.357253 115.245559 0
98.703573 115.245559 0
99.051114 115.245559 0
99.399878 115.245559 0
99.749869 115.245559 0
100.101094 115.245559 0
100.453555 115.245559 0
100.807257 115.245559 0
101.162204 115.245559 0
101.518401 115.245559 0
101.875852 115.245559 0
102.234562 115.245559 0
102.594535 115.245559 0
102.955776 115.245559 0
103.318288 115.245559 0
103.682077 115.245559 0
104.047147 115.245559 0
104.413502 115.245559 0
104.781147 115.245559 0
105.150087 115.245559 0
105.520325 115.245559 0
105.891868 115.245559 0
106.264718 115.245559 0
106.638882 115.245559 0
107.014362 115.245559 0
107.391165 115.245559 0
107.769295 115.245559 0
108.148756 115.245559 0
108.529553 115.245559 0
108.911691 115.245559 0
109.295175 115.245559 0
109.680008 115.245559 0
110.066197 115.245559 0
110.453746 115.245559 0
110.842659 115.245559 0
111.232941 115.245559 0
111.624598 115.245559 0
112.017634 115.245559 0
112.412053 115.245559 0
112.807862 115.245559 0
113.205064 115.245559 0
113.603665 115.245559 0
114.003669 115.245559 0
114.405081 115.245559 0
114.807907 115.245559 0
115.212152 115.245559 0
115.617819 115.245559 0
116.024916 115.245559 0
116.433445 115.245559 0
116.843413 115.245559 0
117.254824 115.245559 0
117.667685 115.245559 0
118.081998 115.245559 0
118.497771 115.245559 0
118.915007 115.245559 0
119.333713 115.245559 0
119.753893 115.245559 0
120.175552 115.245559 0
120.598697 115.245559 0
121.023331 115.245559 0
121.449460 115.245559 0
121.877089 115.245559 0
122.306225 115.245559 0
122.736871 115.245559 0
123.169034 115.245559 0
123.602718 115.245559 0
124.037929 115.245559 0
124.474673 115.245559 0
124.912954 115.245559 0
125.352779 115.245559 0
125.794152 115.245559 0
126.237080 115.245559 0
126.681567 115.245559 0
127.127619 115.245559 0
127.575242 115.245559 0
128.024440 115.245559 0
128.475221 115.245559 0
128.927589 115.245559 0
129.381549 115.245559 0
129.837108 115.245559 0
130.294271 115.245559 0
130.753043 115.245559 0
131.213431 115.245559 0
131.675440 115.245559 0
132.139076 115.245559 0
132.604344 115.245559 0
133.071251 115.245559 0
133.539801 115.245559 0
134.010002 115.245559 0
134.481858 115.245559 0
134.955375 115.245559 0
135.430559 115.245559 0
135.907417 115.245559 0
136.385954 115.245559 0
136.866176 115.245559 0
137.348088 115.245559 0
137.831698 115.245559 0
138.317010 115.245559 0
138.804031 115.245559 0
139.292767 115.245559 0
139.783224 115.245559 0
140.275407 115.245559 0
140.769324 115.245559 0
141.264980 115.245559 0
141.762381 115.245559 0
142.261533 115.245559 0
142.762443 115.245559 0
143.265117 115.245559 0
143.769561 115.245559 0
144.275780 115.245559 0
144.783782 115.245559 0
145.293573 115.245559 0
145.805159 115.245559 0
146.318547 115.245559 0
146.833741 115.245559 0
147.350750 115.245559 0
147.869580 115.245559 0
148.390236 115.245559 0
148.912725 115.245559 0
149.437054 115.245559 0
149.963230 115.245559 0
150.491258 115.245559 0
151.021145 115.245559 0
151.552898 115.245559 0
152.086523 115.245559 0
152.622027 115.245559 0
153.159417 115.245559 0
153.698699 115.245559 0
154.239880 115.245559 0
154.782966 115.245559 0
155.327964 115.245559 0
155.874882 115.245559 0
156.423725 115.245559 0
156.974501 115.245559 0
157.527216 115.245559 0
158.081877 115.245559 0
158.638491 115.245559 0
159.197065 115.245559 0
159.757606 115.245559 0
160.320121 115.245559 0
160.884616 115.245559 0
161.451098 115.245559 0
162.019576 115.245559 0
162.590055 115.245559 0
163.162542 115.245559 0
163.737046 115.245559 0
164.313572 115.245559 0
164.892128 115.245559 0
165.472722 115.245559 0
166.055359 115.245559 0
166.640049 115.245559 0
167.226796 115.245559 0
167.815610 115.245559 0
168.406497 115.245559 0
168.999465 115.245559 0
169.594521 115.245559 0
170.191671 115.245559 0
170.790925 115.245559 0
171.392288 115.245559 0
171.995769 115.245559 0
172.601374 115.245559 0
173.209112 115.245559 0
173.818990 115.245559 0
174.431016 115.245559 0
175.045196 115.245559 0
175.661539 115.245559 0
176.280052 115.245559 0
176.900743 115.245559 0
177.523619 115.245559 0
178.148688 115.245559 0
178.775959 115.245559 0
179.405438 115.245559 0
180.037133 115.245559 0
180.671053 115.245559 0
181.307205 115.245559 0
181.945597 115.245559 0
182.586236 115.245559 0
183.229131 115.245559 0
183.874290 115.245559 0
184.521721 115.245559 0
185.171431 115.245559 0
185.823429 115.245559 0
186.477722 115.245559 0
187.134319 115.245559 0
187.793229 115.245559 0
188.454458 115.245559 0
189.118016 115.245559 0
189.783909 115.245559 0
190.452148 115.245559 0
191.122740 115.245559 0
191.795692 115.245559 0
192.471014 115.245559 0
193.148714 115.245559 0
193.828801 115.245559 0
194.511282 115.245559 0
195.196165 115.245559 0
195.883461 115.245559 0
196.573176 115.245559 0
197.265320 115.245559 0
197.959901 115.245559 0
198.656928 115.245559 0
199.356409 115.245559 0
200.058353 115.245559 0
200.762768 115.245559 0
201.469664 115.245559 0
202.179048 115.245559 0
202.890931 115.245559 0
203.605320 115.245559 0
204.322224 115.245559 0
205.041653 115.245559 0
205.763615 115.245559 0
206.488119 115.245559 0
207.215174 115.245559 0
207.944789 115.245559 0
208.676973 115.245559 0
209.411735 115.245559 0
210.149084 115.245559 0
210.889029 115.245559 0
211.631580 115.245559 0
212.376745 115.245559 0
213.124534 115.245559 0
213.874956 115.245559 0
214.628021 115.245559 0
215.383737 115.245559 0
216.142114 115.245559 0
216.903161 115.245559 0
217.666888 115.245559 0
218.433303 115.245559 0
219.202418 115.245559 0
219.974241 115.245559 0
220.748781 115.245559 0
221.526048 115.245559 0
222.306053 115.245559 0
223.088803 115.245559 0
223.874310 115.245559 0
224.662583 115.245559 0
225.453631 115.245559 0
226.247464 115.245559 0
227.044093 115.245559 0
227.843526 115.245559 0
228.645775 115.245559 0
229.450848 115.245559 0
230.258756 115.245559 0
231.069508 115.245559 0
231.883115 115.245559 0
232.699587 115.245559 0
233.518934 115.245559 0
234.341166 115.245559 0
235.166293 115.164950 0
235.994325 115.164950 0
236.825273 115.164950 0
237.659146 115.164950 0
238.495956 115.164950 0
239.335712 115.164950 0
240.178425 115.164950 0
241.024105 115.164950 0
241.872763 115.164950 0
242.724409 115.164950 0
243.579054 115.164950 0
244.436708 115.084341 0
245.297382 115.084341 0
246.161086 115.084341 0
247.027831 115.084341 0
247.897629 115.084341 0
248.770489 115.084341 0
249.646422 115.084341 0
250.525439 115.003732 0
251.407552 115.003732 0
252.292770 115.003732 0
253.181106 115.003732 0
254.072569 115.003732 0
254.967171 115.003732 0
255.864923 115.003732 0
256.765836 115.003732 0
257.669922 115.003732 0
258.577190 115.003732 0
259.487653 115.003732 0
260.401322 115.003732 0
261.318208 115.003732 0
262.238323 114.923123 0
263.161677 114.923123 0
264.088282 114.923123 0
265.018150 114.923123 0
265.951292 114.923123 0
266.887720 114.923123 0
267.827445 114.923123 0
268.770479 114.923123 0
269.716833 114.923123 0
270.666519 114.923123 0
271.619550 114.923123 0
272.575936 114.923123 0
273.535689 114.842514 0
274.498822 114.842514 0
275.465346 114.842514 0
276.435273 114.842514 0
277.408615 114.842514 0
278.385385 114.842514 0
279.365594 114.842514 0
280.349254 114.761905 0
281.336377 114.761905 0
282.326977 114.761905 0
283.321064 114.761905 0
284.318652 114.761905 0
285.319752 114.761905 0
286.324377 114.761905 0
287.332539 114.761905 0
288.344251 114.761905 0
289.359526 114.761905 0
290.378375 114.761905 0
291.400812 114.761905 0
292.426849 114.681296 0
293.456498 114.681296 0
294.489773 114.681296 0
295.526686 114.681296 0
296.567250 114.681296 0
297.611478 114.681296 0
298.659383 114.681296 0
299.710978 114.681296 0
300.766275 114.600687 0
301.825288 114.600687 0
302.888030 114.600687 0
303.954514 114.600687 0
305.024753 114.600687 0
306.098760 114.600687 0
307.176549 114.600687 0
308.258133 114.520078 0
309.343525 114.520078 0
310.432739 114.520078 0
311.525788 114.520078 0
312.622686 114.520078 0
313.723446 114.520078 0
314.828082 114.520078 0
315.936607 114.439469 0
317.049035 114.439469 0
318.165381 114.439469 0
319.285657 114.439469 0
320.409878 114.439469 0
321.538057 114.439469 0
322.670208 114.439469 0
323.806346 114.358860 0
324.946484 114.358860 0
326.090637 114.358860 0
327.238819 114.358860 0
328.391043 114.358860 0
329.547324 114.358860 0
330.707676 114.358860 0
331.872115 114.278250 0
333.040653 114.278250 0
334.213305 114.278250 0
335.390087 114.278250 0
336.571012 114.278250 0
337.756096 114.278250 0
338.945352 114.278250 0
340.138795 114.197641 0
341.336441 114.197641 0
342.538303 114.197641 0
343.744398 114.197641 0
344.954739 114.197641 0
346.169342 114.197641 0
347.388221 114.197641 0
348.611392 114.117032 0
349.838870 114.117032 0
351.070670 114.117032 0
352.306808 114.117032 0
353.547297 114.117032 0
354.792155 114.117032 0
356.041396 114.117032 0
357.295035 114.036423 0
358.553089 114.036423 0
359.815572 114.036423 0
361.082501 114.036423 0
362.353890 114.036423 0
363.629756 114.036423 0
364.910115 114.036423 0
366.194981 113.955814 0
367.484372 113.955814 0
368.778303 113.955814 0
370.076790 113.955814 0
371.379848 113.955814 0
372.687495 113.955814 0
373.999746 113.955814 0
375.316618 113.875205 0
376.638127 113.875205 0
377.964288 113.875205 0
379.295119 113.875205 0
380.630636 113.875205 0
381.970856 113.875205 0
383.315794 113.875205 0
384.665468 113.794596 0
386.019894 113.794596 0
387.379090 113.794596 0
388.743071 113.794596 0
390.111854 113.794596 0
391.485458 113.794596 0
392.863897 113.794596 0
394.247191 113.713987 0
395.635355 113.713987 0
397.028406 113.713987 0
398.426363 113.713987 0
399.829242 113.713987 0
401.237061 113.713987 0
402.649836 113.713987 0
404.067587 113.633378 0
405.490329 113.633378 0
406.918080 113.633378 0
408.350859 113.633378 0
409.788683 113.633378 0
411.231569 113.633378 0
412.679536 113.633378 0
414.132601 113.552769 0
415.590782 113.552769 0
417.054098 113.552769 0
418.522567 113.552769 0
419.996205 113.552769 0
421.475033 113.472160 0
422.959067 113.472160 0
424.448327 113.472160 0
425.942831 113.472160 0
427.442597 113.472160 0
428.947643 113.391551 0
430.457989 113.391551 0
431.973653 113.391551 0
433.494654 113.391551 0
435.021010 113.391551 0
436.552741 113.310942 0
438.089865 113.310942 0
439.632401 113.310942 0
441.180369 113.310942 0
442.733787 113.310942 0
444.292674 113.310942 0
445.857051 113.310942 0
447.426936 113.230333 0
449.002348 113.230333 0
450.583308 113.230333 0
452.169834 113.230333 0
453.761947 113.230333 0
455.359665 113.149724 0
456.963009 113.149724 0
458.571999 113.149724 0
460.186653 113.149724 0
461.806993 113.149724 0
463.433039 113.069115 0
465.064810 113.069115 0
466.702326 113.069115 0
468.345608 113.069115 0
469.994676 113.069115 0
471.649551 113.069115 0
473.310252 112.988506 0
474.976801 112.988506 0
476.649218 112.988506 0
478.327524 112.988506 0
480.011739 112.988506 0
481.701884 112.988506 0
483.397980 112.988506 0
485.100049 112.907897 0
486.808110 112.907897 0
488.522186 112.907897 0
490.242297 112.907897 0
491.968464 112.907897 0
493.700710 112.827288 0
495.439054 112.827288 0
497.183520 112.827288 0
498.934128 112.827288 0
500.690900 112.746679 0
502.453857 112.746679 0
504.223022 112.746679 0
505.998417 112.746679 0
507.780062 112.746679 0
509.567981 112.666070 0
511.362195 112.666070 0
513.162727 112.666070 0
514.969598 112.666070 0
516.782832 112.585461 0
518.602450 112.585461 0
520.428475 112.585461 0
522.260930 112.585461 0
524.099836 112.585461 0
525.945218 112.585461 0
527.797097 112.504851 0
529.655497 112.504851 0
531.520440 112.504851 0
533.391950 112.504851 0
535.270050 112.504851 0
537.154762 112.504851 0
539.046111 112.504851 0
540.944119 112.424242 0
542.848810 112.424242 0
544.760208 112.424242 0
546.678336 112.424242 0
548.603217 112.424242 0
550.534877 112.343633 0
552.473337 112.343633 0
554.418623 112.343633 0
556.370759 112.343633 0
558.329768 112.343633 0
560.295675 112.263024 0
562.268504 112.263024 0
564.248279 112.263024 0
566.235025 112.263024 0
568.228767 112.263024 0
570.229529 112.182415 0
572.237335 112.182415 0
574.252211 112.182415 0
576.274182 112.182415 0
578.303272 112.101806 0
580.339507 112.101806 0
582.382911 112.101806 0
584.433510 112.101806 0
586.491330 112.101806 0
588.556395 112.021197 0
590.628731 112.021197 0
592.708364 112.021197 0
594.795320 112.021197 0
596.889624 112.021197 0
598.991302 112.021197 0
601.100380 112.021197 0
603.216884 111.940588 0
605.340841 111.940588 0
607.472276 111.940588 0
609.611216 111.940588 0
611.757688 111.940588 0
613.911717 111.940588 0
616.073331 111.859979 0
618.242555 111.859979 0
620.419418 111.859979 0
622.603946 111.859979 0
624.796165 111.859979 0
626.996104 111.779370 0
629.203788 111.779370 0
631.419246 111.779370 0
633.642505 111.779370 0
635.873591 111.779370 0
638.112534 111.698761 0
640.359360 111.698761 0
642.614097 111.698761 0
644.876773 111.698761 0
647.147416 111.698761 0
649.426055 111.698761 0
651.712716 111.698761 0
654.007429 111.618152 0
656.310222 111.618152 0
658.621123 111.618152 0
660.940160 111.618152 0
663.267363 111.618152 0
665.602761 111.537543 0
667.946381 111.537543 0
670.298254 111.537543 0
672.658407 111.537543 0
675.026871 111.537543 0
677.403674 111.456934 0
679.788846 111.456934 0
682.182416 111.456934 0
684.584415 111.456934 0
686.994870 111.456934 0
689.413814 111.376325 0
691.841274 111.376325 0
694.277281 111.376325 0
696.721866 111.376325 0
699.175059 111.376325 0
701.636889 111.376325 0
704.107387 111.376325 0
706.586584 111.295716 0
709.074511 111.295716 0
711.571197 111.295716 0
714.076675 111.295716 0
716.590974 111.295716 0
719.114127 111.295716 0
721.646164 111.295716 0
724.187116 111.215107 0
726.737014 111.215107 0
729.295892 111.215107 0
731.863779 111.215107 0
734.440707 111.215107 0
737.026710 111.215107 0
739.621817 111.215107 0
742.226063 111.215107 0
744.839478 111.134498 0
747.462094 111.134498 0
750.093946 111.134498 0
752.735064 111.134498 0
755.385481 111.134498 0
758.045231 111.134498 0
760.714346 111.134498 0
763.392859 111.134498 0
766.080803 111.134498 0
768.778212 111.134498 0
771.485118 111.134498 0
774.201556 111.134498 0
776.927558 111.134498 0
779.663158 111.134498 0
782.408391 111.053889 0
785.163290 111.053889 0
787.927889 111.053889 0
790.702222 111.053889 0
793.486324 111.053889 0
796.280229 111.053889 0
799.083971 111.053889 0
801.897586 111.053889 0
804.721107 111.053889 0
807.554570 111.053889 0
810.398010 111.053889 0
813.251462 111.053889 0
816.114960 111.053889 0
818.988542 111.053889 0
821.872241 110.973280 0
824.766094 110.973280 0
827.670137 110.973280 0
830.584404 110.973280 0
833.508933 110.973280 0
836.443760 110.973280 0
839.388920 110.973280 0
842.344450 110.973280 0
845.310387 110.973280 0
848.286767 110.973280 0
851.273626 110.973280 0
854.271003 110.973280 0
857.278934 110.973280 0
860.297456 110.973280 0
863.326606 110.973280 0
866.366422 110.973280 0
869.416941 110.973280 0
872.478201 110.973280 0
875.550240 110.973280 0
878.633096 110.973280 0
881.726807 110.973280 0
884.831411 110.973280 0
887.946947 110.973280 0
891.073452 110.973280 0
894.210966 110.973280 0
897.359527 110.973280 0
900.519175 110.973280 0
903.689947 110.973280 0
906.871885 110.973280 0
910.065026 110.973280 0
913.269410 110.973280 0
916.485077 110.973280 0
919.712067 110.973280 0
922.950418 110.973280 0
926.200173 110.973280 0
929.461370 110.973280 0
932.734049 110.973280 0
936.018252 110.973280 0
939.314019 110.973280 0
942.621391 110.973280 0
945.940407 110.973280 0
949.271111 110.973280 0
952.613541 110.973280 0
955.967741 110.973280 0
959.333751 110.973280 0
962.711613 110.973280 0
966.101368 110.973280 0
969.503059 110.973280 0
972.916728 110.973280 0
976.342416 110.973280 0
979.780166 110.973280 0
983.230021 110.973280 0
986.692023 110.973280 0
990.166214 110.973280 0
993.652639 110.973280 0
997.151339 110.973280 0
1000.662359 110.973280 0
1004.185741 110.973280 0
1007.721529 110.973280 0
1011.269766 110.973280 0
1014.830497 110.973280 0
1018.403766 110.973280 0
1021.989616 110.973280 0
1025.588093 110.973280 0
1029.199239 110.973280 0
1032.823101 110.973280 0
1036.459722 110.973280 0
1040.109149 110.973280 0
1043.771425 110.973280 0
1047.446596 110.973280 0
1051.134707 110.973280 0
1054.835805 110.973280 0
1058.549934 110.973280 0
1062.277141 110.973280 0
1066.017472 110.973280 0
1069.770972 110.973280 0
1073.537689 110.973280 0
1077.317669 110.973280 0
1081.110958 110.973280 0
1084.917603 110.973280 0
1088.737652 110.973280 0
1092.571152 110.973280 0
1096.418149 110.973280 0
1100.278692 110.973280 0
1104.152828 110.973280 0
1108.040605 111.053889 0
1111.942071 111.053889 0
1115.857274 111.053889 0
1119.786263 111.134498 0
1123.729086 111.134498 0
1127.685792 111.134498 0
1131.656430 111.134498 0
1135.641049 111.215107 0
1139.639697 111.215107 0
1143.652425 111.215107 0
1147.679282 111.215107 0
1151.720318 111.215107 0
1155.775583 111.295716 0
1159.845126 111.295716 0
1163.928998 111.295716 0
1168.027250 111.295716 0
1172.139932 111.376325 0
1176.267095 111.376325 0
1180.408790 111.376325 0
1184.565068 111.376325 0
1188.735981 111.376325 0
1192.921579 111.456934 0
1197.121916 111.456934 0
1201.337041 111.456934 0
1205.567009 111.456934 0
1209.811870 111.456934 0
1214.071678 111.537543 0
1218.346485 111.537543 0
1222.636343 111.537543 0
1226.941307 111.537543 0
1231.261428 111.537543 0
1235.596761 111.618152 0
1239.947359 111.618152 0
1244.313275 111.618152 0
1248.694564 111.618152 0
1253.091279 111.618152 0
1257.503476 111.698761 0
1261.931208 111.698761 0
1266.374531 111.698761 0
1270.833499 111.698761 0
1275.308167 111.779370 0
1279.798590 111.779370 0
1284.304825 111.779370 0
1288.826926 111.779370 0
1293.364949 111.859979 0
1297.918952 111.859979 0
1302.488989 111.940588 0
1307.075117 111.940588 0
1311.677394 111.940588 0
1316.295875 111.940588 0
1320.930619 111.940588 0
1325.581681 111.940588 0
1330.249120 111.940588 0
1334.932993 111.940588 0
1339.633359 111.940588 0
1344.350274 111.940588 0
1349.083799 112.021197 0
1353.833990 112.021197 0
1358.600907 112.021197 0
1363.384608 112.021197 0
1368.185153 112.021197 0
1373.002601 112.021197 0
1377.837011 112.021197 0
1382.688444 112.021197 0
1387.556959 112.021197 0
1392.442616 112.021197 0
1397.345476 112.021197 0
1402.265598 112.021197 0
1407.203045 112.101806 0
1412.157877 112.101806 0
1417.130155 112.101806 0
1422.119941 112.101806 0
1427.127296 112.101806 0
1432.152282 112.101806 0
1437.194962 112.182415 0
1442.255397 112.182415 0
1447.333650 112.182415 0
1452.429784 112.182415 0
1457.543861 112.182415 0
1462.675945 112.182415 0
1467.826100 112.182415 0
1472.994389 112.263024 0
1478.180875 112.263024 0
1483.385624 112.263024 0
1488.608698 112.263024 0
1493.850164 112.263024 0
1499.110084 112.263024 0
1504.388526 112.263024 0
1509.685552 112.343633 0
1515.001230 112.343633 0
1520.335625 112.343633 0
1525.688802 112.343633 0
1531.060828 112.343633 0
1536.451770 112.343633 0
1541.861693 112.343633 0
1547.290665 112.424242 0
1552.738752 112.424242 0
1558.206022 112.424242 0
1563.692543 112.424242 0
1569.198382 112.424242 0
1574.723608 112.424242 0
1580.268288 112.424242 0
1585.832491 112.504851 0
1591.416286 112.504851 0
1597.019742 112.504851 0
1602.642928 112.504851 0
1608.285914 112.504851 0
1613.948768 112.504851 0
1619.631562 112.585461 0
1625.334366 112.585461 0
1631.057249 112.585461 0
1636.800282 112.585461 0
1642.563538 112.585461 0
1648.347086 112.666070 0
1654.150998 112.666070 0
1659.975346 112.666070 0
1665.820201 112.666070 0
1671.685637 112.666070 0
1677.571725 112.746679 0
1683.478539 112.746679 0
1689.406150 112.746679 0
1695.354634 112.746679 0
1701.324062 112.827288 0
1707.314508 112.827288 0
1713.326047 112.827288 0
1719.358754 112.827288 0
1725.412701 112.827288 0
1731.487965 112.907897 0
1737.584621 112.907897 0
1743.702742 112.907897 0
1749.842407 112.988506 0
1756.003689 112.988506 0
1762.186665 112.988506 0
1768.391412 112.988506 0
1774.618006 113.069115 0
1780.866524 113.069115 0
1787.137044 113.069115 0
1793.429642 113.149724 0
1799.744397 113.149724 0
1806.081387 113.149724 0
1812.440689 113.230333 0
1818.822383 113.230333 0
1825.226547 113.230333 0
1831.653261 113.310942 0
1838.102603 113.310942 0
1844.574653 113.310942 0
1851.069493 113.391551 0
1857.587200 113.391551 0
1864.127857 113.391551 0
1870.691544 113.472160 0
1877.278342 113.472160 0
1883.888332 113.472160 0
1890.521597 113.552769 0
1897.178218 113.552769 0
1903.858276 113.552769 0
1910.561856 113.633378 0
1917.289039 113.633378 0
1924.039909 113.633378 0
1930.814550 113.713987 0
1937.613044 113.713987 0
1944.435476 113.794596 0
1951.281930 113.794596 0
1958.152490 113.875205 0
1965.047243 113.875205 0
1971.966272 113.875205 0
1978.909663 113.955814 0
1985.877502 113.955814 0
1992.869876 114.036423 0
1999.886870 114.036423 0
2006.928571 114.036423 0
2013.995066 114.117032 0
2021.086443 114.117032 0
2028.202789 114.197641 0
2035.344192 114.197641 0
2042.510740 114.278250 0
2049.702522 114.278250 0
2056.919626 114.358860 0
2064.162143 114.358860 0
2071.430160 114.358860 0
2078.723769 114.439469 0
2086.043059 114.439469 0
2093.388120 114.520078 0
2100.759044 114.520078 0
2108.155921 114.600687 0
2115.578843 114.600687 0
2123.027901 114.681296 0
2130.503188 114.681296 0
2138.004795 114.681296 0
2145.532817 114.761905 0
2153.087344 114.761905 0
2160.668472 114.842514 0
2168.276293 114.842514 0
2175.910902 114.923123 0
2183.572392 114.923123 0
2191.260859 115.003732 0
2198.976398 115.003732 0
2206.719103 115.084341 0
2214.489071 115.084341 0
2222.286397 115.164950 0
2230.111178 115.164950 0
2237.963510 115.245559 0
2245.843491 115.245559 0
2253.751218 115.326168 0
2261.686788 115.326168 0
2269.650300 115.406777 0
2277.641851 115.406777 0
2285.661541 115.487386 0
2293.709469 115.487386 0
2301.785734 115.567995 0
2309.890437 115.567995 0
2318.023676 115.648604 0
2326.185552 115.648604 0
2334.376167 115.648604 0
2342.595622 115.729213 0
2350.844018 115.729213 0
2359.121456 115.809822 0
2367.428040 115.809822 0
2375.763872 115.809822 0
2384.129055 115.809822 0
2392.523692 115.890431 0
2400.947887 115.890431 0
2409.401744 115.890431 0
2417.885367 115.971040 0
2426.398862 115.971040 0
2434.942333 115.971040 0
2443.515886 115.971040 0
2452.119627 116.051649 0
2460.753662 116.051649 0
2469.418098 116.051649 0
2478.113042 116.132259 0
2486.838601 116.132259 0
2495.594884 116.132259 0
2504.381997 116.132259 0
2513.200051 116.132259 0
2522.049153 116.212868 0
2530.929414 116.212868 0
2539.840942 116.212868 0
2548.783848 116.212868 0
2557.758243 116.212868 0
2566.764237 116.212868 0
2575.801942 116.212868 0
2584.871468 116.212868 0
2593.972929 116.212868 0
2603.106437 116.212868 0
2612.272104 116.212868 0
2621.470044 116.212868 0
2630.700371 116.212868 0
2639.963198 116.212868 0
2649.258639 116.212868 0
2658.586811 116.212868 0
2667.947827 116.212868 0
2677.341804 116.212868 0
2686.768858 116.212868 0
2696.229105 116.212868 0
2705.722661 116.212868 0
2715.249645 116.212868 0
2724.810174 116.212868 0
2734.404367 116.212868 0
2744.032340 116.212868 0
2753.694215 116.212868 0
2763.390109 116.212868 0
2773.120143 116.212868 0
2782.884437 116.212868 0
2792.683111 116.212868 0
2802.516288 116.212868 0
2812.384087 116.212868 0
2822.286631 116.212868 0
2832.224043 116.212868 0
2842.196444 116.212868 0
2852.203959 116.212868 0
2862.246711 116.212868 0
2872.324824 116.212868 0
2882.438423 116.132259 0
2892.587632 116.051649 0
2902.772577 115.971040 0
2912.993384 115.890431 0
2923.250178 115.809822 0
2933.543087 115.729213 0
2943.872239 115.648604 0
2954.237759 115.567995 0
2964.639777 115.406777 0
2975.078421 115.326168 0
2985.553820 115.245559 0
2996.066104 115.164950 0
3006.615402 115.084341 0
3017.201844 115.003732 0
3027.825562 114.923123 0
3038.486686 114.761905 0
3049.185349 114.681296 0
3059.921682 114.520078 0
3070.695819 114.439469 0
3081.507891 114.278250 0
3092.358034 114.197641 0
3103.246380 114.036423 0
3114.173065 113.875205 0
3125.138223 113.794596 0
3136.141990 113.633378 0
3147.184502 113.552769 0
3158.265896 113.391551 0
3169.386307 113.310942 0
3180.545874 113.149724 0
3191.744734 113.069115 0
3202.983026 112.907897 0
3214.260888 112.746679 0
3225.578461 112.666070 0
3236.935883 112.504851 0
3248.333295 112.424242 0
3259.770838 112.263024 0
3271.248654 112.182415 0
3282.766883 112.021197 0
3294.325668 111.859979 0
3305.925153 111.779370 0
3317.565480 111.618152 0
3329.246793 111.537543 0
3340.969236 111.376325 0
3352.732955 111.215107 0
3364.538095 111.134498 0
3376.384801 111.053889 0
3388.273219 110.892671 0
3400.203498 110.812062 0
3412.175784 110.650843 0
3424.190224 110.570234 0
3436.246968 110.489625 0
3448.346165 110.328407 0
3460.487963 110.247798 0
3472.672513 110.086580 0
3484.899966 110.005971 0
3497.170472 109.925362 0
3509.484183 109.764144 0
3521.841252 109.683535 0
3534.241830 109.522317 0
3546.686071 109.441708 0
3559.174129 109.361099 0
3571.706158 109.280490 0
3584.282313 109.199881 0
3596.902750 109.038662 0
3609.567623 108.958053 0
3622.277090 108.877444 0
3635.031308 108.716226 0
3647.830434 108.635617 0
3660.674626 108.474399 0
3673.564044 108.393790 0
3686.498845 108.313181 0
3699.479191 108.232572 0
3712.505241 108.151963 0
3725.577157 108.071354 0
3738.695100 107.990745 0
3751.859231 107.910136 0
3765.069714 107.829527 0
3778.326712 107.748918 0
3791.630388 107.668309 0
3804.980907 107.587700 0
3818.378434 107.507091 0
3831.823134 107.426482 0
3845.315174 107.345873 0
3858.854720 107.265263 0
3872.441940 107.265263 0
3886.077000 107.184654 0
3899.760071 107.104045 0
3913.491320 107.023436 0
3927.270917 106.942827 0
3941.099034 106.862218 0
3954.975839 106.862218 0
3968.901506 106.781609 0
3982.876206 106.701000 0
3996.900111 106.701000 0
4010.973395 106.620391 0
4025.096232 106.620391 0
4039.268796 106.539782 0
4053.491262 106.459173 0
4067.763806 106.459173 0
4082.086605 106.378564 0
4096.459835 106.297955 0
4110.883674 106.297955 0
4125.358300 106.217346 0
4139.883891 106.217346 0
4154.460629 106.217346 0
4169.088691 106.136737 0
4183.768260 106.136737 0
4198.499516 106.136737 0
4213.282641 106.136737 0
4228.117819 106.136737 0
4243.005232 106.136737 0
4257.945065 106.056128 0
4272.937501 106.056128 0
4287.982727 106.056128 0
4303.080927 106.056128 0
4318.232289 106.056128 0
4333.437000 106.056128 0
4348.695247 106.056128 0
4364.007219 106.056128 0
4379.373106 106.056128 0
4394.793096 106.056128 0
4410.267381 106.056128 0
4425.796152 106.056128 0
4441.379600 106.056128 0
4457.017919 106.056128 0
4472.711300 106.056128 0
4488.459939 106.056128 0
4504.264030 106.056128 0
4520.123768 106.056128 0
4536.039348 106.056128 0
4552.010969 106.056128 0
4568.038826 106.056128 0
4584.123117 106.056128 0
4600.264043 106.056128 0
4616.461801 106.056128 0
4632.716593 106.056128 0
4649.028619 106.056128 0
4665.398080 106.056128 0
4681.825178 106.056128 0
4698.310118 106.056128 0
4714.853101 106.056128 0
4731.454333 106.056128 0
4748.114019 106.056128 0
4764.832365 106.056128 0
4781.609577 106.056128 0
4798.445862 106.056128 0
4815.341428 106.056128 0
4832.296485 106.056128 0
4849.311241 106.056128 0
4866.385907 106.056128 0
4883.520694 106.056128 0
4900.715814 106.056128 0
4917.971478 106.056128 0
4935.287900 106.056128 0
4952.665294 106.056128 0
4970.103875 106.056128 0
4987.603858 106.056128 0
5005.165459 106.056128 0
5022.788895 106.056128 0
5040.474385 106.056128 0
5058.222146 105.975519 0
5076.032398 105.975519 0
5093.905360 105.975519 0
5111.841254 105.894910 0
5129.840302 105.894910 0
5147.902725 105.894910 0
5166.028746 105.814301 0
5184.218590 105.814301 0
5202.472482 105.814301 0
5220.790646 105.733692 0
5239.173310 105.733692 0
5257.620699 105.733692 0
5276.133043 105.653083 0
5294.710570 105.653083 0
5313.353509 105.572474 0
5332.062091 105.572474 0
5350.836547 105.572474 0
5369.677109 105.491864 0
5388.584009 105.491864 0
5407.557481 105.491864 0
5426.597760 105.491864 0
5445.705081 105.491864 0
5464.879679 105.491864 0
5484.121792 105.491864 0
5503.431658 105.491864 0
5522.809515 105.491864 0
5542.255602 105.491864 0
5561.770159 105.491864 0
5581.353428 105.491864 0
5601.005652 105.491864 0
5620.727071 105.491864 0
5640.517931 105.491864 0
5660.378475 105.491864 0
5680.308949 105.491864 0
5700.309599 105.491864 0
5720.380673 105.491864 0
5740.522418 105.491864 0
5760.735083 105.491864 0
5781.018917 105.491864 0
5801.374172 105.491864 0
5821.801099 105.491864 0
5842.299951 105.491864 0
5862.870979 105.491864 0
5883.514440 105.491864 0
5904.230587 105.491864 0
5925.019676 105.491864 0
5945.881965 105.491864 0
5966.817711 105.491864 0
5987.827173 105.491864 0
6008.910610 105.491864 0
6030.068284 105.491864 0
6051.300454 105.491864 0
6072.607384 105.491864 0
6093.989336 105.491864 0
6115.446576 105.491864 0
6136.979368 105.491864 0
6158.587977 105.572474 0
6180.272672 105.653083 0
6202.033719 105.814301 0
6223.871388 105.894910 0
6245.785949 105.975519 0
6267.777672 106.056128 0
6289.846829 106.136737 0
6311.993692 106.217346 0
6334.218536 106.378564 0
6356.521635 106.459173 0
6378.903263 106.620391 0
6401.363699 106.701000 0
6423.903219 106.862218 0
6446.522102 107.023436 0
6469.220627 107.104045 0
6491.999074 107.184654 0
6514.857726 107.426482 0
6537.796864 107.587700 0
6560.816772 107.748918 0
6583.917734 107.910136 0
6607.100036 107.990745 0
6630.363964 108.151963 0
6653.709805 108.313181 0
6677.137848 108.474399 0
6700.648383 108.555008 0
6724.241699 108.716226 0
6747.918088 108.796835 0
6771.677843 108.958053 0
6795.521258 109.038662 0
6819.448626 109.038662 0
6843.460244 109.038662 0
6867.556408 109.038662 0
6891.737416 109.038662 0
6916.003566 109.038662 0
6940.355158 109.038662 0
6964.792494 109.038662 0
6989.315875 109.038662 0
7013.925604 109.038662 0
7038.621985 109.038662 0
7063.405323 109.038662 0
7088.275924 109.038662 0
7113.234096 109.038662 0
7138.280147 109.038662 0
7163.414387 108.877444 0
7188.637125 108.635617 0
7213.948674 108.474399 0
7239.349346 108.232572 0
7264.839455 108.071354 0
7290.419316 107.829527 0
7316.089245 107.587700 0
7341.849559 107.104045 0
7367.700577 106.781609 0
7393.642617 106.459173 0
7419.676000 106.217346 0
7445.801048 105.894910 0
7472.018084 105.572474 0
7498.327431 105.250037 0
7524.729415 104.766383 0
7551.224362 104.443947 0
7577.812598 104.121511 0
7604.494453 103.799074 0
7631.270257 103.476638 0
7658.140339 103.234811 0
7685.105032 102.912375 0
7712.164669 102.670548 0
7739.319584 102.428721 0
7766.570113 102.186894 0
7793.916593 101.783848 0
7821.359361 101.461412 0
7848.898756 101.300194 0
7876.535119 100.977758 0
7904.268791 100.816540 0
7932.100114 100.494104 0
7960.029433 100.091058 0
7988.057093 99.849231 0
8016.183439 99.607404 0
8044.408820 99.446186 0
8072.733583 99.123750 0
8101.158080 98.881923 0
8129.682660 98.559486 0
8158.307677 98.398268 0
8187.033485 98.156441 0
8215.860437 97.995223 0
8244.788890 97.753396 0
8273.819202 97.430960 0
8302.951730 97.189133 0
8332.186836 96.947306 0
8361.524881 96.705478 0
8390.966226 96.544260 0
8420.511235 96.383042 0
8450.160274 96.221824 0
8479.913709 95.979997 0
8509.771906 95.738170 0
8539.735237 95.496343 0
8569.804069 95.335125 0
8599.978775 95.173907 0
8630.259728 95.012688 0
8660.647302 94.851470 0
8691.141872 94.690252 0
8721.743815 94.529034 0
8752.453509 94.367816 0
8783.271333 94.206598 0
8814.197668 94.045380 0
8845.232896 93.803553 0
8876.377401 93.642335 0
8907.631568 93.481117 0
8938.995781 93.319898 0
8970.470430 93.158680 0
9002.055903 92.997462 0
9033.752589 92.836244 0
9065.560881 92.755635 0
9097.481172 92.513808 0
9129.513856 92.433199 0
9161.659328 92.271981 0
9193.917986 92.110763 0
9226.290229 91.949545 0
9258.776456 91.788327 0
9291.377068 91.707718 0
9324.092469 91.546499 0
9356.923062 91.385281 0
9389.869253 91.304672 0
9422.931450 91.143454 0
9456.110060 91.062845 0
9489.405494 90.901627 0
9522.818163 90.821018 0
9556.348479 90.740409 0
9589.996858 90.659800 0
9623.763714 90.579191 0
9657.649464 90.417973 0
9691.654528 90.337364 0
9725.779326 90.256755 0
9760.024279 90.176146 0
9794.389810 90.014928 0
9828.876343 89.934319 0
9863.484306 89.773100 0
9898.214124 89.692491 0
9933.066229 89.611882 0
9968.041049 89.531273 0
10003.139017 89.450664 0
10038.360567 89.370055 0
10073.706134 89.370055 0
10109.176154 89.289446 0
10144.771066 89.208837 0
10180.491310 89.208837 0
10216.337326 89.128228 0
10252.309558 89.047619 0
10288.408450 89.047619 0
10324.634448 88.967010 0
10360.987999 88.886401 0
10397.469553 88.886401 0
10434.079560 88.805792 0
10470.818474 88.805792 0
10507.686746 88.725183 0
10544.684834 88.725183 0
10581.813194 88.644574 0
10619.072284 88.644574 0
10656.462566 88.644574 0
10693.984500 88.644574 0
10731.638552 88.644574 0
10769.425185 88.644574 0
10807.344867 88.644574 0
10845.398065 88.644574 0
10883.585251 88.644574 0
10921.906896 88.644574 0
10960.363474 88.644574 0
10998.955459 88.644574 0
11037.683328 88.644574 0
11076.547560 88.644574 0
11115.548635 88.644574 0
11154.687034 88.644574 0
11193.963242 88.644574 0
11233.377743 88.644574 0
11272.931025 88.644574 0
11312.623576 88.644574 0
11352.455886 88.644574 0
11392.428448 88.644574 0
11432.541755 88.644574 0
11472.796303 88.644574 0
11513.192590 88.644574 0
11553.731113 88.644574 0
11594.412375 88.644574 0
11635.236878 88.644574 0
11676.205126 88.644574 0
11717.317625 88.644574 0
11758.574883 88.725183 0
11799.977410 88.805792 0
11841.525717 88.886401 0
11883.220318 88.967010 0
11925.061728 89.128228 0
11967.050463 89.208837 0
12009.187043 89.370055 0
12051.471988 89.531273 0
12093.905820 89.692491 0
12136.489064 89.853710 0
12179.222246 90.014928 0
12222.105893 90.176146 0
12265.140536 90.256755 0
12308.326706 90.498582 0
12351.664936 90.659800 0
12395.155763 90.901627 0
12438.799723 91.062845 0
12482.597355 91.224063 0
12526.549201 91.465890 0
12570.655804 91.788327 0
12614.917708 92.030154 0
12659.335461 92.352590 0
12703.909611 92.513808 0
12748.640708 92.755635 0
12793.529306 93.078071 0
12838.575959 93.319898 0
12883.781224 93.642335 0
12929.145658 93.964771 0
12974.669823 94.287207 0
13020.354281 94.609643 0
13066.199596 94.932079 0
13112.206334 95.335125 0
13158.375065 95.818779 0
13204.706358 96.141215 0
13251.200786 96.383042 0
13297.858923 96.705478 0
13344.681346 96.866697 0
13391.668632 96.866697 0
13438.821364 96.866697 0
13486.140122 96.866697 0
13533.625492 96.866697 0
13581.278061 96.866697 0
13629.098416 96.866697 0
13677.087149 96.866697 0
13725.244854 96.866697 0
13773.572123 96.866697 0
13822.069556 96.866697 0
13870.737750 96.866697 0
13919.577308 96.866697 0
13968.588832 96.866697 0
14017.772928 96.786087 0
14067.130203 96.544260 0
14116.661268 96.221824 0
14166.366735 95.818779 0
14216.247217 95.496343 0
14266.303330 95.173907 0
14316.535694 94.932079 0
14366.944928 94.609643 0
14417.531656 94.367816 0
14468.296502 94.367816 0
14519.240093 94.367816 0
14570.363060 94.367816 0
14621.666033 94.367816 0
14673.149646 94.367816 0
14724.814536 94.367816 0
14776.661340 94.367816 0
14828.690700 94.367816 0
14880.903257 94.367816 0
14933.299657 94.367816 0
14985.880548 94.367816 0
15038.646579 94.367816 0
15091.598402 94.367816 0
15144.736670 94.367816 0
15198.062041 94.367816 0
15251.575174 94.367816 0
15305.276728 94.367816 0
15359.167369 94.367816 0
15413.247761 94.367816 0
15467.518573 94.367816 0
15521.980475 94.367816 0
15576.634140 94.367816 0
15631.480244 94.367816 0
15686.519463 94.367816 0
15741.752479 94.367816 0
15797.179972 94.367816 0
15852.802628 93.803553 0
15908.621135 92.755635 0
15964.636181 90.821018 0
16020.848459 89.128228 0
16077.258663 88.725183 0
16133.867491 87.032393 0
16190.675641 86.709957 0
16247.683815 85.420212 0
16304.892718 84.694731 0
16362.303056 82.760113 0
16419.915539 82.679504 0
16477.730878 81.067323 0
16535.749788 81.067323 0
16593.972985 79.213315 0
16652.401189 79.213315 0
16711.035122 77.278698 0
16769.875508 77.278698 0
16828.923074 76.795044 0
16888.178549 76.069563 0
16947.642665 74.134946 0
17007.316158 74.134946 0
17067.199764 73.570682 0
17127.294223 73.087028 0
17187.600278 72.039110 0
17248.118674 71.313629 0
17308.850157 70.668757 0
17369.795480 70.104493 0
17430.955393 68.572921 0
17492.330654 68.492312 0
17553.922021 67.847440 0
17615.730253 66.154650 0
17677.756115 64.703687 0
17740.000374 64.381251 0
17802.463798 62.527243 0
17865.147158 62.446634 0
17928.051230 60.512017 0
17991.176790 60.270190 0
18054.524618 58.335572 0
18118.095497 56.481564 0
18181.890212 55.997910 0
18245.909552 54.385729 0
18310.154307 52.451112 0
18374.625271 50.516495 0
18439.323241 50.194059 0
18504.249015 50.194059 0
18569.403396 50.194059 0
18634.787189 50.194059 0
18700.401201 50.194059 0
18766.246244 50.194059 0
18832.323130 50.194059 0
18898.632677 50.194059 0
18965.175702 50.194059 0
19031.953029 50.194059 0
19098.965483 50.194059 0
19166.213890 50.194059 0
19233.699082 50.194059 0
19301.421893 50.194059 0
19369.383160 50.194059 0
19437.583721 50.194059 0
19506.024420 50.194059 0
19574.706102 50.194059 0
19643.629616 50.194059 0
19712.795813 50.194059 0
19782.205547 50.194059 0
19851.859677 50.194059 0
19921.759062 50.194059 0
19991.904567 50.194059 0
20062.297057 50.194059 0
20132.937403 50.194059 0
