19.487773 104.168941 0
19.556375 104.330487 0
19.625218 104.492033 0
19.694304 104.492033 0
19.763633 104.572806 0
19.833206 104.572806 0
19.903024 104.572806 0
19.973088 104.572806 0
20.043398 104.653579 0
20.113956 104.653579 0
20.184762 104.653579 0
20.255818 104.653579 0
20.327124 104.653579 0
20.398680 104.653579 0
20.470489 104.653579 0
20.542550 104.653579 0
20.614865 104.653579 0
20.687435 104.653579 0
20.760260 104.653579 0
20.833341 104.653579 0
20.906680 104.653579 0
20.980277 104.653579 0
21.054133 104.653579 0
21.128249 104.653579 0
21.202626 104.653579 0
21.277265 104.653579 0
21.352166 104.653579 0
21.427331 104.653579 0
21.502761 104.653579 0
21.578456 104.653579 0
21.654418 104.653579 0
21.730647 104.653579 0
21.807144 104.653579 0
21.883911 104.653579 0
21.960948 104.653579 0
22.038256 104.653579 0
22.193690 104.653579 0
22.271818 104.653579 0
22.350220 104.653579 0
22.428899 104.653579 0
22.507854 104.653579 0
22.587088 104.653579 0
22.666600 104.653579 0
22.746392 104.653579 0
22.826465 104.653579 0
22.906820 104.653579 0
22.987458 104.653579 0
23.068380 104.653579 0
23.149587 104.653579 0
23.231079 104.653579 0
23.312858 104.653579 0
23.394926 104.653579 0
23.477282 104.653579 0
23.559928 104.653579 0
23.642865 104.653579 0
23.726094 104.653579 0
23.809616 104.653579 0
23.893432 104.653579 0
23.977543 104.653579 0
24.061950 104.653579 0
24.146654 104.653579 0
24.231657 104.653579 0
24.316958 104.653579 0
24.402560 104.653579 0
24.488464 104.653579 0
24.574669 104.653579 0
24.661178 104.653579 0
24.747992 104.653579 0
24.835111 104.653579 0
24.922537 104.653579 0
25.010271 104.653579 0
25.098314 104.653579 0
25.186666 104.653579 0
25.275330 104.653579 0
25.364305 104.653579 0
25.453594 104.653579 0
25.543198 104.653579 0
25.633116 104.653579 0
25.723351 104.653579 0
25.813904 104.653579 0
25.904776 104.653579 0
25.995967 104.653579 0
26.087480 104.653579 0
26.179314 104.653579 0
26.271472 104.653579 0
26.363955 104.653579 0
26.456762 104.653579 0
26.549897 104.653579 0
26.643359 104.653579 0
26.737151 104.653579 0
26.831273 104.653579 0
26.925726 104.653579 0
27.020511 104.653579 0
27.115630 104.653579 0
27.211084 104.653579 0
27.306874 104.653579 0
27.403001 104.653579 0
27.499467 104.653579 0
27.596272 104.653579 0
27.693418 104.653579 0
27.790906 104.653579 0
27.888737 104.653579 0
27.986913 104.653579 0
28.085434 104.653579 0
28.184302 104.653579 0
28.283518 104.653579 0
28.383083 104.653579 0
28.482999 104.653579 0
28.583266 104.653579 0
28.683887 104.653579 0
28.784862 104.653579 0
28.886192 104.653579 0
28.987878 104.653579 0
29.089923 104.653579 0
29.192327 104.653579 0
29.295092 104.653579 0
29.398218 104.653579 0
29.501707 104.653579 0
29.605561 104.653579 0
29.709780 104.653579 0
29.814366 104.653579 0
29.919320 104.653579 0
30.024644 104.653579 0
30.130339 104.653579 0
30.236405 104.653579 0
30.342845 104.653579 0
30.449660 104.653579 0
30.556850 104.653579 0
30.664418 104.653579 0
30.772365 104.653579 0
30.880691 104.653579 0
30.989399 104.653579 0
31.098490 104.653579 0
31.207965 104.653579 0
31.317825 104.653579 0
31.428072 104.653579 0
31.538707 104.653579 0
31.649731 104.653579 0
31.761146 104.653579 0
31.872954 104.653579 0
31.985154 104.653579 0
32.097750 104.653579 0
32.210743 104.653579 0
32.324133 104.653579 0
32.437922 104.653579 0
32.552112 104.653579 0
32.666704 104.653579 0
32.781699 104.653579 0
32.897099 104.653579 0
33.012905 104.653579 0
33.129119 104.653579 0
33.245742 104.653579 0
33.362776 104.653579 0
33.480221 104.653579 0
33.598080 104.653579 0
33.716354 104.653579 0
33.835044 104.653579 0
33.954152 104.653579 0
34.073680 104.653579 0
34.193628 104.653579 0
34.313998 104.653579 0
34.434792 104.653579 0
34.556012 104.653579 0
34.677658 104.653579 0
34.799732 104.653579 0
34.922236 104.653579 0
35.045171 104.653579 0
35.168539 104.653579 0
35.292342 104.653579 0
35.416580 104.653579 0
35.541255 104.653579 0
35.666370 104.653579 0
35.791924 104.653579 0
35.917921 104.653579 0
36.044361 104.653579 0
36.171247 104.653579 0
36.298579 104.653579 0
36.426359 104.653579 0
36.554589 104.653579 0
36.683271 104.653579 0
36.812406 104.653579 0
36.941995 104.653579 0
37.072040 104.653579 0
37.202543 104.653579 0
37.333506 104.653579 0
37.464929 104.653579 0
37.596815 104.653579 0
37.729166 104.653579 0
37.861982 104.653579 0
37.995266 104.653579 0
38.129019 104.653579 0
38.263243 104.653579 0
38.397940 104.653579 0
38.533110 104.653579 0
38.668757 104.653579 0
38.804881 104.653579 0
38.941484 104.653579 0
39.078568 104.653579 0
39.216134 104.653579 0
39.354185 104.653579 0
39.492722 104.653579 0
39.631747 104.653579 0
39.771261 104.653579 0
39.911266 104.653579 0
40.051764 104.653579 0
40.192756 104.653579 0
40.334245 104.653579 0
40.476232 104.653579 0
40.618719 104.653579 0
40.761707 104.653579 0
40.905199 104.653579 0
41.049195 104.653579 0
41.193699 104.653579 0
41.338712 104.653579 0
41.484234 104.653579 0
41.630270 104.653579 0
41.776819 104.653579 0
41.923884 104.653579 0
42.071467 104.653579 0
42.219569 104.653579 0
42.368193 104.653579 0
42.517340 104.653579 0
42.667012 104.653579 0
42.817211 104.653579 0
42.967938 104.653579 0
43.119197 104.653579 0
43.270987 104.653579 0
43.423312 104.653579 0
43.576173 104.653579 0
43.729573 104.653579 0
43.883512 104.653579 0
44.037993 104.653579 0
44.193018 104.653579 0
44.348589 104.653579 0
44.504708 104.653579 0
44.661376 104.653579 0
44.818595 104.653579 0
44.976368 104.653579 0
45.134697 104.653579 0
45.293582 104.653579 0
45.453027 104.653579 0
45.613034 104.653579 0
45.773603 104.653579 0
45.934738 104.653579 0
46.096440 104.653579 0
46.258712 104.653579 0
46.421554 104.653579 0
46.584970 104.653579 0
46.748961 104.653579 0
46.913529 104.653579 0
47.078677 104.653579 0
47.244406 104.653579 0
47.410719 104.653579 0
47.577616 104.653579 0
47.745102 104.653579 0
47.913177 104.653579 0
48.081844 104.653579 0
48.251104 104.653579 0
48.420960 104.653579 0
48.591415 104.653579 0
48.762469 104.653579 0
48.934125 104.653579 0
49.106386 104.653579 0
49.279253 104.653579 0
49.452729 104.653579 0
49.626815 104.653579 0
49.801514 104.653579 0
49.976828 104.653579 0
50.152760 104.653579 0
50.329310 104.653579 0
50.506482 104.653579 0
50.684278 104.653579 0
50.862700 104.653579 0
51.041750 104.653579 0
51.221430 104.653579 0
51.401742 104.653579 0
51.582690 104.653579 0
51.764274 104.653579 0
51.946498 104.653579 0
52.129363 104.653579 0
52.312871 104.653579 0
52.497026 104.653579 0
52.681829 104.653579 0
52.867283 104.653579 0
53.053389 104.653579 0
53.240151 104.653579 0
53.427570 104.653579 0
53.615649 104.653579 0
53.804389 104.653579 0
53.993795 104.653579 0
54.183867 104.653579 0
54.374608 104.653579 0
54.566021 104.653579 0
54.758107 104.653579 0
54.950870 104.653579 0
55.144311 104.653579 0
55.338433 104.653579 0
55.533238 104.653579 0
55.728730 104.653579 0
55.924909 104.653579 0
56.121779 104.653579 0
56.319342 104.653579 0
56.517601 104.653579 0
56.716557 104.653579 0
56.916214 104.653579 0
57.116574 104.653579 0
57.317639 104.653579 0
57.519412 104.653579 0
57.721895 104.653579 0
57.925091 104.653579 0
58.129002 104.653579 0
58.333631 104.653579 0
58.538980 104.653579 0
58.745053 104.653579 0
58.951850 104.653579 0
59.159376 104.653579 0
59.367632 104.653579 0
59.576622 104.653579 0
59.786347 104.653579 0
59.996810 104.653579 0
60.208014 104.653579 0
60.419962 104.653579 0
60.632656 104.653579 0
60.846098 104.653579 0
61.060292 104.653579 0
61.275240 104.653579 0
61.490945 104.653579 0
61.707409 104.653579 0
61.924635 104.653579 0
62.142625 104.653579 0
62.361383 104.653579 0
62.580911 104.653579 0
62.801212 104.653579 0
63.022289 104.653579 0
63.244143 104.653579 0
63.466779 104.653579 0
63.690198 104.653579 0
63.914404 104.653579 0
64.139399 104.653579 0
64.365187 104.653579 0
64.591769 104.653579 0
64.819148 104.653579 0
65.047328 104.653579 0
65.276312 104.653579 0
65.506101 104.653579 0
65.736699 104.653579 0
65.968109 104.653579 0
66.200334 104.653579 0
66.433376 104.653579 0
66.667239 104.653579 0
66.901925 104.653579 0
67.137437 104.653579 0
67.373778 104.653579 0
67.610951 104.653579 0
67.848959 104.653579 0
68.087804 104.653579 0
68.327491 104.653579 0
68.568021 104.653579 0
68.809398 104.653579 0
69.051625 104.653579 0
69.294705 104.653579 0
69.538640 104.653579 0
69.783434 104.653579 0
70.029089 104.653579 0
70.275610 104.653579 0
70.522998 104.653579 0
70.771257 104.653579 0
71.020390 104.653579 0
71.270400 104.653579 0
71.521290 104.653579 0
71.773064 104.653579 0
72.025723 104.653579 0
72.279272 104.653579 0
72.533714 104.653579 0
72.789051 104.653579 0
73.045287 104.653579 0
73.302426 104.653579 0
73.560469 104.653579 0
73.819421 104.653579 0
74.079284 104.653579 0
74.340062 104.653579 0
74.601758 104.653579 0
74.864376 104.653579 0
75.127918 104.653579 0
75.392387 104.653579 0
75.657788 104.653579 0
75.924123 104.653579 0
76.191395 104.653579 0
76.459608 104.653579 0
76.728766 104.653579 0
76.998871 104.653579 0
77.269927 104.653579 0
77.541937 104.653579 0
77.814904 104.653579 0
78.088833 104.653579 0
78.363725 104.653579 0
78.639586 104.653579 0
78.916418 104.653579 0
79.194224 104.653579 0
79.473008 104.653579 0
79.752773 104.653579 0
80.033523 104.653579 0
80.315262 104.653579 0
80.597992 104.653579 0
80.881718 104.653579 0
81.166442 104.653579 0
81.452169 104.653579 0
81.738902 104.653579 0
82.026644 104.653579 0
82.315399 104.653579 0
82.605170 104.653579 0
82.895961 104.653579 0
83.187776 104.653579 0
83.480619 104.653579 0
83.774492 104.653579 0
84.069400 104.653579 0
84.365346 104.653579 0
84.662333 104.653579 0
84.960367 104.653579 0
85.259449 104.653579 0
85.559584 104.653579 0
85.860776 104.653579 0
86.163028 104.653579 0
86.466344 104.653579 0
86.770728 104.653579 0
87.076183 104.653579 0
87.382713 104.653579 0
87.690323 104.653579 0
87.999016 104.653579 0
88.308795 104.653579 0
88.619664 104.653579 0
88.931628 104.653579 0
89.244691 104.653579 0
89.558855 104.653579 0
89.874125 104.653579 0
90.190505 104.653579 0
90.507999 104.653579 0
90.826610 104.653579 0
91.146343 104.653579 0
91.467202 104.653579 0
91.789190 104.653579 0
92.112312 104.653579 0
92.436571 104.653579 0
92.761971 104.653579 0
93.088517 104.653579 0
93.416213 104.653579 0
93.745062 104.653579 0
94.075068 104.653579 0
94.406237 104.653579 0
94.738571 104.653579 0
95.072075 104.653579 0
95.406753 104.653579 0
95.742610 104.653579 0
96.079648 104.653579 0
96.417873 104.653579 0
96.757289 104.653579 0
97.097900 104.653579 0
97.439709 104.653579 0
97.782722 104.653579 0
98.126942 104.653579 0
98.472374 104.653579 0
98.819022 104.653579 0
99.166891 104.653579 0
99.515984 104.653579 0
99.866306 104.653579 0
100.217861 104.653579 0
100.570653 104.653579 0
100.924688 104.653579 0
101.279969 104.653579 0
101.636500 104.653579 0
101.994287 104.653579 0
102.353333 104.653579 0
102.713643 104.653579 0
103.075221 104.653579 0
103.438073 104.653579 0
103.802201 104.653579 0
104.167612 104.653579 0
104.534309 104.653579 0
104.902296 104.653579 0
105.271579 104.653579 0
105.642162 104.653579 0
106.014050 104.653579 0
106.387247 104.653579 0
106.761757 104.653579 0
107.137586 104.653579 0
107.514738 104.653579 0
107.893217 104.653579 0
108.273029 104.653579 0
108.654178 104.653579 0
109.036669 104.653579 0
109.420506 104.653579 0
109.805694 104.653579 0
110.192238 104.653579 0
110.580143 104.653579 0
110.969414 104.653579 0
111.360055 104.653579 0
111.752071 104.653579 0
112.145467 104.653579 0
112.540248 104.653579 0
112.936418 104.653579 0
113.333984 104.653579 0
113.732948 104.653579 0
114.133318 104.653579 0
114.535096 104.653579 0
114.938289 104.653579 0
115.342902 104.653579 0
115.748938 104.653579 0
116.156404 104.653579 0
116.565305 104.653579 0
116.975645 104.653579 0
117.387429 104.653579 0
117.800663 104.653579 0
118.215351 104.653579 0
118.631500 104.653579 0
119.049113 104.653579 0
119.468197 104.653579 0
119.888756 104.653579 0
120.310795 104.653579 0
120.734320 104.653579 0
121.159336 104.653579 0
121.585848 104.653579 0
122.013861 104.653579 0
122.443381 104.653579 0
122.874413 104.653579 0
123.306963 104.653579 0
123.741035 104.653579 0
124.176635 104.653579 0
124.613769 104.653579 0
125.052442 104.653579 0
125.492658 104.653579 0
125.934425 104.653579 0
126.377746 104.653579 0
126.822628 104.653579 0
127.269077 104.653579 0
127.717097 104.653579 0
128.166694 104.653579 0
128.617873 104.653579 0
129.070641 104.653579 0
129.525003 104.653579 0
129.980964 104.653579 0
130.438531 104.653579 0
130.897708 104.653579 0
131.358502 104.653579 0
131.820917 104.653579 0
132.284961 104.653579 0
132.750638 104.653579 0
133.217954 104.653579 0
133.686916 104.653579 0
134.157528 104.653579 0
134.629797 104.653579 0
135.103729 104.653579 0
135.579329 104.653579 0
136.056603 104.653579 0
136.535557 104.653579 0
137.016197 104.653579 0
137.498529 104.653579 0
137.982560 104.653579 0
138.468294 104.653579 0
138.955738 104.653579 0
139.444898 104.653579 0
139.935779 104.653579 0
140.428389 104.653579 0
140.922733 104.653579 0
141.418818 104.653579 0
141.916648 104.653579 0
142.416231 104.653579 0
142.917573 104.653579 0
143.420680 104.653579 0
143.925557 104.653579 0
144.432212 104.653579 0
144.940651 104.653579 0
145.450879 104.653579 0
145.962904 104.653579 0
146.476731 104.653579 0
146.992366 104.653579 0
147.509817 104.653579 0
148.029090 104.653579 0
148.550190 104.653579 0
149.073125 104.653579 0
149.597901 104.653579 0
150.124524 104.653579 0
150.653001 104.653579 0
151.183338 104.653579 0
151.715542 104.653579 0
152.249620 104.653579 0
152.785578 104.653579 0
153.323423 104.653579 0
153.863160 104.653579 0
154.404798 104.653579 0
154.948343 104.653579 0
155.493801 104.653579 0
156.041179 104.653579 0
156.590484 104.653579 0
157.141723 104.653579 0
157.694902 104.653579 0
158.250029 104.653579 0
158.807110 104.653579 0
159.366151 104.653579 0
159.927161 104.653579 0
160.490146 104.653579 0
161.055113 104.653579 0
161.622068 104.653579 0
162.191019 104.653579 0
162.761973 104.653579 0
163.334937 104.653579 0
163.909918 104.653579 0
164.486923 104.653579 0
165.065960 104.653579 0
165.647034 104.653579 0
166.230154 104.653579 0
166.815327 104.653579 0
167.402560 104.653579 0
167.991860 104.653579 0
168.583235 104.653579 0
169.176691 104.653579 0
169.772237 104.653579 0
170.369878 104.653579 0
170.969624 104.653579 0
171.571481 104.653579 0
172.175457 104.653579 0
172.781559 104.653579 0
173.389794 104.653579 0
174.000171 104.653579 0
174.612696 104.653579 0
175.227378 104.653579 0
175.844223 104.653579 0
176.463240 104.653579 0
177.084436 104.653579 0
177.707819 104.653579 0
178.333396 104.653579 0
178.961176 104.653579 0
179.591165 104.653579 0
180.223372 104.653579 0
180.857805 104.653579 0
181.494471 104.653579 0
182.133378 104.653579 0
182.774534 104.653579 0
183.417948 104.653579 0
184.063626 104.653579 0
184.711577 104.653579 0
185.361809 104.653579 0
186.014331 104.653579 0
186.669149 104.653579 0
187.326272 104.653579 0
187.985709 104.653579 0
188.647467 104.653579 0
189.311555 104.653579 0
189.977980 104.653579 0
190.646751 104.653579 0
191.317877 104.653579 0
191.991365 104.653579 0
192.667224 104.653579 0
193.345462 104.653579 0
194.026088 104.653579 0
194.709110 104.653579 0
195.394536 104.653579 0
196.082375 104.653579 0
196.772635 104.653579 0
197.465325 104.653579 0
198.160454 104.653579 0
198.858030 104.653579 0
199.558061 104.653579 0
200.260557 104.653579 0
200.965526 104.653579 0
201.672976 104.653579 0
202.382917 104.653579 0
203.095357 104.653579 0
203.810305 104.653579 0
204.527769 104.653579 0
205.247760 104.653579 0
205.970284 104.653579 0
206.695353 104.653579 0
207.422974 104.653579 0
208.153156 104.653579 0
208.885908 104.653579 0
209.621241 104.653579 0
210.359161 104.653579 0
211.099680 104.653579 0
211.842805 104.653579 0
212.588546 104.653579 0
213.336912 104.653579 0
214.087913 104.653579 0
214.841558 104.653579 0
215.597855 104.653579 0
216.356815 104.653579 0
217.118447 104.653579 0
217.882759 104.653579 0
218.649763 104.653579 0
219.419466 104.653579 0
220.191879 104.653579 0
220.967011 104.653579 0
221.744872 104.653579 0
222.525471 104.653579 0
223.308818 104.653579 0
224.094922 104.653579 0
224.883794 104.653579 0
225.675443 104.653579 0
226.469878 104.653579 0
227.267110 104.653579 0
228.067149 104.653579 0
228.870004 104.653579 0
229.675685 104.653579 0
230.484203 104.653579 0
231.295566 104.653579 0
232.109786 104.653579 0
232.926872 104.653579 0
233.746835 104.653579 0
234.569684 104.653579 0
235.395429 104.653579 0
236.224082 104.653579 0
237.055651 104.653579 0
237.890148 104.653579 0
238.727583 104.653579 0
239.567965 104.653579 0
240.411306 104.653579 0
241.257616 104.653579 0
242.106905 104.653579 0
242.959183 104.653579 0
243.814462 104.653579 0
244.672752 104.653579 0
245.534063 104.653579 0
246.398406 104.653579 0
247.265791 104.653579 0
248.136230 104.653579 0
249.009734 104.653579 0
249.886312 104.653579 0
250.765976 104.653579 0
251.648737 104.653579 0
252.534605 104.653579 0
253.423592 104.653579 0
254.315708 104.653579 0
255.210965 104.653579 0
256.109373 104.653579 0
257.010944 104.653579 0
257.915688 104.653579 0
258.823618 104.653579 0
259.734744 104.653579 0
260.649077 104.653579 0
261.566629 104.653579 0
262.487410 104.653579 0
263.411434 104.653579 0
264.338710 104.653579 0
265.269250 104.653579 0
266.203066 104.653579 0
267.140169 104.653579 0
268.080571 104.653579 0
269.024284 104.653579 0
269.971318 104.653579 0
270.921687 104.653579 0
271.875401 104.653579 0
272.832472 104.653579 0
273.792912 104.653579 0
274.756734 104.653579 0
275.723948 104.653579 0
276.694568 104.653579 0
277.668604 104.653579 0
278.646068 104.653579 0
279.626974 104.653579 0
280.611333 104.653579 0
281.599157 104.653579 0
282.590459 104.653579 0
283.585250 104.653579 0
284.583543 104.653579 0
285.585350 104.653579 0
286.590684 104.653579 0
287.599557 104.653579 0
288.611981 104.653579 0
289.627969 104.653579 0
290.647534 104.653579 0
291.670688 104.653579 0
292.697444 104.653579 0
293.727815 104.653579 0
294.761812 104.653579 0
295.799449 104.653579 0
296.840739 104.653579 0
297.885695 104.653579 0
298.934329 104.653579 0
299.986655 104.653579 0
301.042685 104.653579 0
302.102433 104.653579 0
303.165911 104.653579 0
304.233133 104.653579 0
305.304112 104.653579 0
306.378861 104.653579 0
307.457393 104.653579 0
308.539722 104.653579 0
309.625862 104.653579 0
310.715824 104.653579 0
311.809624 104.653579 0
312.907274 104.653579 0
314.008788 104.653579 0
315.114180 104.653579 0
316.223463 104.653579 0
317.336651 104.653579 0
318.453757 104.653579 0
319.574796 104.653579 0
320.699782 104.653579 0
321.828727 104.653579 0
322.961647 104.653579 0
324.098555 104.653579 0
325.239466 104.653579 0
326.384392 104.653579 0
327.533349 104.653579 0
328.686351 104.653579 0
329.843411 104.653579 0
331.004545 104.653579 0
332.169766 104.653579 0
333.339089 104.653579 0
334.512528 104.653579 0
335.690098 104.653579 0
336.871814 104.653579 0
338.057689 104.653579 0
339.247739 104.653579 0
340.441978 104.653579 0
341.640422 104.653579 0
342.843084 104.653579 0
344.049980 104.653579 0
345.261124 104.653579 0
346.476532 104.653579 0
347.696219 104.653579 0
348.920199 104.653579 0
350.148487 104.653579 0
351.381100 104.653579 0
352.618052 104.653579 0
353.859358 104.653579 0
355.105034 104.653579 0
356.355095 104.653579 0
357.609557 104.653579 0
358.868434 104.653579 0
360.131744 104.653579 0
361.399500 104.653579 0
362.671719 104.653579 0
363.948417 104.653579 0
365.229609 104.653579 0
366.515311 104.653579 0
367.805539 104.653579 0
369.100309 104.653579 0
370.399637 104.653579 0
371.703539 104.653579 0
373.012031 104.653579 0
374.325129 104.653579 0
375.642850 104.653579 0
376.965210 104.653579 0
378.292224 104.653579 0
379.623910 104.653579 0
380.960284 104.653579 0
382.301362 104.653579 0
383.647161 104.653579 0
384.997698 104.653579 0
386.352988 104.653579 0
387.713050 104.653579 0
389.077900 104.653579 0
390.447554 104.653579 0
391.822030 104.653579 0
393.201344 104.653579 0
394.585514 104.653579 0
395.974557 104.572806 0
397.368489 104.572806 0
398.767328 104.572806 0
400.171092 104.572806 0
401.579797 104.572806 0
402.993461 104.572806 0
404.412102 104.572806 0
405.835736 104.572806 0
407.264382 104.572806 0
408.698058 104.572806 0
410.136780 104.572806 0
411.580567 104.572806 0
413.029436 104.572806 0
414.483406 104.572806 0
415.942494 104.572806 0
417.406719 104.492033 0
418.876098 104.492033 0
420.350649 104.492033 0
421.830392 104.492033 0
423.315343 104.492033 0
424.805522 104.492033 0
426.300947 104.492033 0
427.801636 104.492033 0
429.307607 104.492033 0
430.818881 104.492033 0
432.335474 104.492033 0
433.857406 104.492033 0
435.384696 104.492033 0
436.917362 104.411260 0
438.455423 104.411260 0
439.998899 104.411260 0
441.547808 104.411260 0
443.102170 104.411260 0
444.662004 104.411260 0
446.227328 104.411260 0
447.798163 104.411260 0
449.374528 104.411260 0
450.956442 104.411260 0
452.543924 104.411260 0
454.136995 104.411260 0
455.735674 104.411260 0
457.339981 104.411260 0
458.949935 104.411260 0
460.565557 104.330487 0
462.186866 104.330487 0
463.813883 104.330487 0
465.446627 104.330487 0
467.085119 104.330487 0
468.729379 104.330487 0
470.379427 104.330487 0
472.035283 104.330487 0
473.696969 104.249714 0
475.364504 104.249714 0
477.037909 104.249714 0
478.717205 104.249714 0
480.402413 104.249714 0
482.093553 104.249714 0
483.790646 104.249714 0
485.493714 104.249714 0
487.202776 104.249714 0
488.917855 104.168941 0
490.638972 104.168941 0
492.366147 104.168941 0
494.099403 104.168941 0
495.838760 104.168941 0
497.584240 104.168941 0
499.335864 104.168941 0
501.093655 104.168941 0
502.857633 104.168941 0
504.627822 104.168941 0
506.404241 104.168941 0
508.186914 104.088168 0
509.975863 104.088168 0
511.771109 104.088168 0
513.572675 104.088168 0
515.380583 104.088168 0
517.194855 104.088168 0
519.015514 104.088168 0
520.842582 104.007395 0
522.676082 104.007395 0
524.516036 104.007395 0
526.362467 104.007395 0
528.215399 104.007395 0
530.074853 104.007395 0
531.940852 104.007395 0
533.813421 104.007395 0
535.692582 104.007395 0
537.578357 104.007395 0
539.470771 104.007395 0
541.369847 104.007395 0
543.275608 104.007395 0
545.188078 103.926622 0
547.107280 103.926622 0
549.033238 103.926622 0
550.965977 103.926622 0
552.905519 103.926622 0
554.851888 103.926622 0
556.805109 103.926622 0
558.765207 103.926622 0
560.732204 103.926622 0
562.706125 103.926622 0
564.686996 103.926622 0
566.674839 103.926622 0
568.669680 103.845849 0
570.671544 103.845849 0
572.680454 103.845849 0
574.696437 103.845849 0
576.719516 103.845849 0
578.749717 103.845849 0
580.787065 103.845849 0
582.831585 103.765076 0
584.883302 103.765076 0
586.942241 103.765076 0
589.008429 103.765076 0
591.081890 103.765076 0
593.162650 103.765076 0
595.250735 103.765076 0
597.346171 103.765076 0
599.448983 103.765076 0
601.559198 103.765076 0
603.676841 103.765076 0
605.801938 103.765076 0
607.934517 103.684303 0
610.074603 103.684303 0
612.222222 103.684303 0
614.377402 103.684303 0
616.540168 103.684303 0
618.710548 103.684303 0
620.888569 103.684303 0
623.074256 103.684303 0
625.267638 103.684303 0
627.468740 103.684303 0
629.677592 103.684303 0
631.894219 103.684303 0
634.118649 103.684303 0
636.350910 103.603530 0
638.591029 103.603530 0
640.839033 103.603530 0
643.094951 103.603530 0
645.358811 103.603530 0
647.630640 103.603530 0
649.910466 103.603530 0
652.198318 103.522757 0
654.494224 103.522757 0
656.798212 103.522757 0
659.110311 103.522757 0
661.430548 103.522757 0
663.758954 103.522757 0
666.095556 103.522757 0
668.440384 103.522757 0
670.793466 103.522757 0
673.154831 103.522757 0
675.524509 103.522757 0
677.902529 103.441984 0
680.288921 103.441984 0
682.683713 103.441984 0
685.086935 103.441984 0
687.498617 103.441984 0
689.918789 103.441984 0
692.347480 103.441984 0
694.784722 103.441984 0
697.230542 103.441984 0
699.684973 103.441984 0
702.148044 103.441984 0
704.619786 103.441984 0
707.100229 103.441984 0
709.589403 103.441984 0
712.087341 103.441984 0
714.594071 103.441984 0
717.109626 103.441984 0
719.634036 103.441984 0
722.167333 103.441984 0
724.709548 103.441984 0
727.260712 103.441984 0
729.820856 103.441984 0
732.390014 103.441984 0
734.968215 103.441984 0
737.555492 103.361211 0
740.151877 103.361211 0
742.757402 103.361211 0
745.372099 103.361211 0
747.996000 103.361211 0
750.629139 103.361211 0
753.271546 103.361211 0
755.923256 103.361211 0
758.584300 103.361211 0
761.254712 103.361211 0
763.934524 103.361211 0
766.623770 103.361211 0
769.322483 103.361211 0
772.030696 103.361211 0
774.748442 103.361211 0
777.475756 103.361211 0
780.212671 103.361211 0
782.959220 103.361211 0
785.715438 103.361211 0
788.481358 103.361211 0
791.257015 103.361211 0
794.042443 103.361211 0
796.837677 103.361211 0
799.642750 103.361211 0
802.457699 103.361211 0
805.282556 103.361211 0
808.117358 103.361211 0
810.962139 103.361211 0
813.816934 103.361211 0
816.681779 103.361211 0
819.556709 103.361211 0
822.441759 103.361211 0
825.336965 103.361211 0
828.242364 103.361211 0
831.157990 103.361211 0
834.083880 103.361211 0
837.020069 103.361211 0
839.966595 103.361211 0
842.923494 103.361211 0
845.890801 103.361211 0
848.868554 103.361211 0
851.856790 103.361211 0
854.855545 103.361211 0
857.864856 103.361211 0
860.884761 103.361211 0
863.915297 103.361211 0
866.956501 103.361211 0
870.008411 103.361211 0
873.071064 103.361211 0
876.144498 103.361211 0
879.228752 103.361211 0
882.323864 103.361211 0
885.429871 103.361211 0
888.546811 103.361211 0
891.674725 103.361211 0
894.813649 103.361211 0
897.963623 103.361211 0
901.124686 103.361211 0
904.296877 103.361211 0
907.480234 103.361211 0
910.674798 103.361211 0
913.880607 103.361211 0
917.097702 103.361211 0
920.326122 103.361211 0
923.565906 103.361211 0
926.817096 103.361211 0
930.079730 103.361211 0
933.353850 103.361211 0
936.639496 103.361211 0
939.936708 103.361211 0
943.245527 103.361211 0
946.565993 103.361211 0
949.898149 103.361211 0
953.242035 103.361211 0
956.597692 103.361211 0
959.965162 103.361211 0
963.344486 103.361211 0
966.735706 103.361211 0
970.138865 103.361211 0
973.554003 103.361211 0
976.981163 103.361211 0
980.420388 103.361211 0
983.871720 103.361211 0
987.335201 103.361211 0
990.810875 103.361211 0
994.298784 103.361211 0
997.798972 103.361211 0
1001.311481 103.361211 0
1004.836355 103.361211 0
1008.373637 103.361211 0
1011.923371 103.361211 0
1015.485602 103.361211 0
1019.060372 103.361211 0
1022.647727 103.361211 0
1026.247710 103.361211 0
1029.860366 103.361211 0
1033.485739 103.361211 0
1037.123874 103.361211 0
1040.774817 103.361211 0
1044.438612 103.361211 0
1048.115305 103.361211 0
1051.804940 103.361211 0
1055.507564 103.361211 0
1059.223222 103.441984 0
1062.951960 103.441984 0
1066.693824 103.441984 0
1070.448861 103.441984 0
1074.217116 103.522757 0
1077.998637 103.522757 0
1081.793469 103.522757 0
1085.601660 103.603530 0
1089.423257 103.603530 0
1093.258307 103.603530 0
1097.106857 103.603530 0
1100.968956 103.684303 0
1104.844650 103.684303 0
1108.733987 103.684303 0
1112.637016 103.765076 0
1116.553784 103.765076 0
1120.484340 103.765076 0
1124.428733 103.765076 0
1128.387012 103.845849 0
1132.359224 103.845849 0
1136.345420 103.845849 0
1140.345648 103.926622 0
1144.359958 103.926622 0
1148.388399 103.926622 0
1152.431022 103.926622 0
1156.487875 104.007395 0
1160.559010 104.007395 0
1164.644476 104.007395 0
1168.744324 104.088168 0
1172.858604 104.088168 0
1176.987368 104.088168 0
1181.130667 104.088168 0
1185.288550 104.168941 0
1189.461071 104.168941 0
1193.648280 104.168941 0
1197.850228 104.168941 0
1202.066969 104.168941 0
1206.298554 104.249714 0
1210.545035 104.249714 0
1214.806465 104.249714 0
1219.082896 104.249714 0
1223.374381 104.249714 0
1227.680974 104.330487 0
1232.002726 104.330487 0
1236.339693 104.330487 0
1240.691926 104.330487 0
1245.059481 104.411260 0
1249.442411 104.411260 0
1253.840769 104.411260 0
1258.254611 104.411260 0
1262.683991 104.411260 0
1267.128963 104.492033 0
1271.589583 104.492033 0
1276.065905 104.492033 0
1280.557985 104.492033 0
1285.065879 104.492033 0
1289.589641 104.492033 0
1294.129328 104.492033 0
1298.684996 104.572806 0
1303.256701 104.572806 0
1307.844500 104.572806 0
1312.448449 104.572806 0
1317.068605 104.572806 0
1321.705025 104.572806 0
1326.357767 104.572806 0
1331.026887 104.653579 0
1335.712444 104.653579 0
1340.414495 104.653579 0
1345.133099 104.653579 0
1349.868313 104.653579 0
1354.620197 104.653579 0
1359.388808 104.653579 0
1364.174207 104.734352 0
1368.976451 104.734352 0
1373.795600 104.734352 0
1378.631714 104.734352 0
1383.484852 104.734352 0
1388.355074 104.734352 0
1393.242441 104.734352 0
1398.147013 104.815125 0
1403.068850 104.815125 0
1408.008013 104.815125 0
1412.964563 104.815125 0
1417.938562 104.815125 0
1422.930070 104.815125 0
1427.939150 104.815125 0
1432.965863 104.895898 0
1438.010271 104.895898 0
1443.072437 104.895898 0
1448.152423 104.895898 0
1453.250292 104.895898 0
1458.366107 104.895898 0
1463.499930 104.895898 0
1468.651826 104.976670 0
1473.821858 104.976670 0
1479.010090 104.976670 0
1484.216586 104.976670 0
1489.441410 104.976670 0
1494.684627 104.976670 0
1499.946301 104.976670 0
1505.226498 105.057443 0
1510.525282 105.057443 0
1515.842720 105.057443 0
1521.178876 105.057443 0
1526.533817 105.057443 0
1531.907608 105.057443 0
1537.300317 105.057443 0
1542.712009 105.057443 0
1548.142752 105.057443 0
1553.592613 105.138216 0
1559.061658 105.138216 0
1564.549956 105.138216 0
1570.057574 105.138216 0
1575.584581 105.138216 0
1581.131044 105.138216 0
1586.697031 105.138216 0
1592.282613 105.138216 0
1597.887857 105.138216 0
1603.512833 105.138216 0
1609.157611 105.218989 0
1614.822259 105.218989 0
1620.506849 105.218989 0
1626.211450 105.218989 0
1631.936132 105.218989 0
1637.680967 105.218989 0
1643.446025 105.218989 0
1649.231378 105.299762 0
1655.037096 105.299762 0
1660.863253 105.299762 0
1666.709918 105.299762 0
1672.577166 105.299762 0
1678.465068 105.299762 0
1684.373696 105.299762 0
1690.303125 105.380535 0
1696.253426 105.380535 0
1702.224675 105.380535 0
1708.216943 105.380535 0
1714.230306 105.461308 0
1720.264838 105.461308 0
1726.320612 105.461308 0
1732.397705 105.461308 0
1738.496190 105.542081 0
1744.616144 105.542081 0
1750.757641 105.542081 0
1756.920758 105.542081 0
1763.105571 105.542081 0
1769.312156 105.622854 0
1775.540590 105.622854 0
1781.790949 105.622854 0
1788.063311 105.622854 0
1794.357754 105.703627 0
1800.674355 105.703627 0
1807.013191 105.703627 0
1813.374343 105.784400 0
1819.757887 105.784400 0
1826.163902 105.784400 0
1832.592469 105.784400 0
1839.043665 105.865173 0
1845.517572 105.865173 0
1852.014268 105.865173 0
1858.533835 105.945946 0
1865.076352 105.945946 0
1871.641900 105.945946 0
1878.230561 106.026719 0
1884.842416 106.026719 0
1891.477546 106.026719 0
1898.136033 106.107492 0
1904.817960 106.107492 0
1911.523409 106.107492 0
1918.252463 106.188265 0
1925.005205 106.188265 0
1931.781718 106.188265 0
1938.582086 106.269038 0
1945.406394 106.269038 0
1952.254725 106.349811 0
1959.127163 106.349811 0
1966.023795 106.349811 0
1972.944704 106.430584 0
1979.889977 106.430584 0
1986.859698 106.511357 0
1993.853955 106.511357 0
2000.872834 106.511357 0
2007.916421 106.592130 0
2014.984803 106.672903 0
2022.078068 106.672903 0
2029.196302 106.672903 0
2036.339595 106.753675 0
2043.508034 106.753675 0
2050.701708 106.834448 0
2057.920705 106.834448 0
2065.165115 106.915221 0
2072.435028 106.915221 0
2079.730532 106.995994 0
2087.051718 106.995994 0
2094.398677 107.076767 0
2101.771499 107.076767 0
2109.170275 107.157540 0
2116.595097 107.157540 0
2124.046056 107.238313 0
2131.523244 107.238313 0
2139.026754 107.319086 0
2146.556678 107.399859 0
2154.113109 107.399859 0
2161.696141 107.480632 0
2169.305868 107.480632 0
2176.942382 107.561405 0
2184.605779 107.561405 0
2192.296153 107.642178 0
2200.013599 107.722951 0
2207.758213 107.722951 0
2215.530090 107.803724 0
2223.329325 107.803724 0
2231.156016 107.884497 0
2239.010259 107.884497 0
2246.892151 107.965270 0
2254.801789 108.046043 0
2262.739271 108.046043 0
2270.704695 108.126816 0
2278.698160 108.126816 0
2286.719763 108.207589 0
2294.769605 108.288362 0
2302.847784 108.288362 0
2310.954400 108.369135 0
2319.089554 108.449908 0
2327.253345 108.449908 0
2335.445876 108.530681 0
2343.667246 108.530681 0
2351.917557 108.611453 0
2360.196912 108.611453 0
2368.505412 108.692226 0
2376.843160 108.772999 0
2385.210259 108.772999 0
2393.606812 108.853772 0
2402.032924 108.934545 0
2410.488697 108.934545 0
2418.974237 109.015318 0
2427.489649 109.015318 0
2436.035036 109.096091 0
2444.610506 109.176864 0
2453.216164 109.176864 0
2461.852116 109.257637 0
2470.518468 109.257637 0
2479.215328 109.338410 0
2487.942804 109.338410 0
2496.701002 109.419183 0
2505.490032 109.419183 0
2514.310001 109.499956 0
2523.161019 109.499956 0
2532.043194 109.580729 0
2540.956637 109.580729 0
2549.901458 109.580729 0
2558.877767 109.580729 0
2567.885675 109.580729 0
2576.925293 109.661502 0
2585.996732 109.661502 0
2595.100106 109.661502 0
2604.235525 109.661502 0
2613.403104 109.661502 0
2622.602955 109.661502 0
2631.835192 109.661502 0
2641.099928 109.661502 0
2650.397279 109.661502 0
2659.727359 109.661502 0
2669.090283 109.661502 0
2678.486168 109.661502 0
2687.915128 109.661502 0
2697.377280 109.661502 0
2706.872742 109.661502 0
2716.401630 109.661502 0
2725.964062 109.661502 0
2735.560156 109.661502 0
2745.190032 109.661502 0
2754.853806 109.661502 0
2764.551600 109.661502 0
2774.283533 109.661502 0
2784.049724 109.661502 0
2793.850295 109.661502 0
2803.685366 109.661502 0
2813.555060 109.661502 0
2823.459497 109.661502 0
2833.398801 109.661502 0
2843.373093 109.661502 0
2853.382497 109.661502 0
2863.427138 109.661502 0
2873.507137 109.661502 0
2883.622621 109.580729 0
2893.773715 109.499956 0
2903.960542 109.419183 0
2914.183230 109.419183 0
2924.441904 109.338410 0
2934.736692 109.176864 0
2945.067720 109.096091 0
2955.435115 109.015318 0
2965.839007 108.934545 0
2976.279523 108.853772 0
2986.756792 108.772999 0
2997.270944 108.611453 0
3007.822108 108.530681 0
3018.410416 108.449908 0
3029.035996 108.369135 0
3039.698982 108.288362 0
3050.399504 108.207589 0
3061.137695 108.126816 0
3071.913687 107.965270 0
3082.727613 107.884497 0
3093.579606 107.803724 0
3104.469802 107.642178 0
3115.398334 107.561405 0
3126.365337 107.480632 0
3137.370947 107.399859 0
3148.415300 107.319086 0
3159.498531 107.157540 0
3170.620778 107.076767 0
3181.782179 106.995994 0
3192.982870 106.915221 0
3204.222991 106.753675 0
3215.502680 106.672903 0
3226.822076 106.592130 0
3238.181320 106.511357 0
3249.580551 106.430584 0
3261.019910 106.349811 0
3272.499538 106.269038 0
3284.019578 106.188265 0
3295.580172 106.107492 0
3307.181461 106.026719 0
3318.823590 105.945946 0
3330.506703 105.865173 0
3342.230943 105.784400 0
3353.996455 105.703627 0
3365.803385 105.622854 0
3377.651879 105.542081 0
3389.542082 105.461308 0
3401.474141 105.461308 0
3413.448205 105.380535 0
3425.464420 105.299762 0
3437.522936 105.299762 0
3449.623901 105.299762 0
3461.767464 105.218989 0
3473.953775 105.138216 0
3486.182986 105.138216 0
3498.455247 105.138216 0
3510.770709 105.057443 0
3523.129524 105.057443 0
3535.531846 105.057443 0
3547.977827 105.057443 0
3560.467622 105.057443 0
3573.001383 105.057443 0
3585.579267 105.057443 0
3598.201428 105.057443 0
3610.868022 105.057443 0
3623.579206 105.057443 0
3636.335137 105.057443 0
3649.135971 105.057443 0
3661.981868 105.057443 0
3674.872986 105.057443 0
3687.809484 105.057443 0
3700.791522 105.057443 0
3713.819260 105.057443 0
3726.892858 105.057443 0
3740.012479 105.057443 0
3753.178285 105.057443 0
3766.390438 105.057443 0
3779.649101 105.057443 0
3792.954437 105.057443 0
3806.306612 105.138216 0
3819.705790 105.218989 0
3833.152137 105.299762 0
3846.645818 105.380535 0
3860.187000 105.542081 0
3873.775851 105.622854 0
3887.412538 105.784400 0
3901.097230 105.865173 0
3914.830096 106.026719 0
3928.611304 106.188265 0
3942.441026 106.269038 0
3956.319432 106.430584 0
3970.246694 106.592130 0
3984.222983 106.753675 0
3998.248473 106.915221 0
4012.323335 107.157540 0
4026.447745 107.319086 0
4040.621877 107.399859 0
4054.845905 107.561405 0
4069.120005 107.722951 0
4083.444354 107.884497 0
4097.819128 108.046043 0
4112.244505 108.207589 0
4126.720663 108.369135 0
4141.247781 108.611453 0
4155.826038 108.772999 0
4170.455614 108.853772 0
4185.136690 109.015318 0
4199.869448 109.096091 0
4214.654068 109.096091 0
4229.490734 109.096091 0
4244.379629 109.096091 0
4259.320937 109.096091 0
4274.314842 109.096091 0
4289.361529 109.096091 0
4304.461185 109.096091 0
4319.613995 109.096091 0
4334.820147 109.096091 0
4350.079829 109.096091 0
4365.393228 109.096091 0
4380.760535 109.096091 0
4396.181938 109.096091 0
4411.657629 109.096091 0
4427.187798 109.096091 0
4442.772638 109.096091 0
4458.412340 109.096091 0
4474.107098 109.096091 0
4489.857105 109.096091 0
4505.662557 109.015318 0
4521.523648 108.934545 0
4537.440574 108.772999 0
4553.413531 108.692226 0
4569.442718 108.530681 0
4585.528331 108.369135 0
4601.670570 108.288362 0
4617.869634 108.126816 0
4634.125722 107.965270 0
4650.439036 107.803724 0
4666.809778 107.642178 0
4683.238148 107.480632 0
4699.724350 107.399859 0
4716.268589 107.157540 0
4732.871067 106.995994 0
4749.531990 106.915221 0
4766.251564 106.753675 0
4783.029995 106.672903 0
4799.867491 106.592130 0
4816.764258 106.511357 0
4833.720507 106.430584 0
4850.736446 106.349811 0
4867.812286 106.269038 0
4884.948237 106.188265 0
4902.144511 106.107492 0
4919.401320 105.945946 0
4936.718878 105.865173 0
4954.097397 105.784400 0
4971.537094 105.622854 0
4989.038183 105.542081 0
5006.600880 105.461308 0
5024.225403 105.380535 0
5041.911968 105.299762 0
5059.660795 105.218989 0
5077.472102 105.138216 0
5095.346109 105.057443 0
5113.283038 104.976670 0
5131.283109 104.895898 0
5149.346545 104.815125 0
5167.473569 104.815125 0
5185.664405 104.734352 0
5203.919277 104.653579 0
5222.238411 104.572806 0
5240.622033 104.572806 0
5259.070370 104.492033 0
5277.583650 104.411260 0
5296.162102 104.411260 0
5314.805954 104.330487 0
5333.515438 104.249714 0
5352.290783 104.249714 0
5371.132223 104.168941 0
5390.039990 104.168941 0
5409.014317 104.088168 0
5428.055438 104.088168 0
5447.163589 104.088168 0
5466.339005 104.007395 0
5485.581924 104.007395 0
5504.892583 104.007395 0
5524.271221 103.926622 0
5543.718076 103.926622 0
5563.233389 103.926622 0
5582.817401 103.845849 0
5602.470354 103.845849 0
5622.192490 103.845849 0
5641.984053 103.765076 0
5661.845288 103.765076 0
5681.776439 103.765076 0
5701.777753 103.765076 0
5721.849477 103.765076 0
5741.991859 103.765076 0
5762.205146 103.684303 0
5782.489590 103.684303 0
5802.845441 103.684303 0
5823.272949 103.684303 0
5843.772367 103.684303 0
5864.343948 103.684303 0
5884.987947 103.684303 0
5905.704618 103.684303 0
5926.494217 103.684303 0
5947.357000 103.684303 0
5968.293226 103.684303 0
5989.303153 103.684303 0
6010.387040 103.684303 0
6031.545148 103.684303 0
6052.777738 103.684303 0
6074.085072 103.684303 0
6095.467413 103.684303 0
6116.925026 103.684303 0
6138.458175 103.684303 0
6160.067126 103.684303 0
6181.752146 103.684303 0
6203.513504 103.684303 0
6225.351466 103.684303 0
6247.266304 103.684303 0
6269.258288 103.684303 0
6291.327689 103.684303 0
6313.474781 103.684303 0
6335.699835 103.684303 0
6358.003128 103.684303 0
6380.384934 103.684303 0
6402.845529 103.684303 0
6425.385192 103.684303 0
6448.004200 103.684303 0
6470.702833 103.684303 0
6493.481371 103.684303 0
6516.340095 103.684303 0
6539.279288 103.684303 0
6562.299232 103.684303 0
6585.400213 103.684303 0
6608.582515 103.684303 0
6631.846425 103.684303 0
6655.192230 103.684303 0
6678.620218 103.684303 0
6702.130678 103.684303 0
6725.723902 103.684303 0
6749.400179 103.684303 0
6773.159803 103.684303 0
6797.003067 103.684303 0
6820.930266 103.684303 0
6844.941695 103.684303 0
6869.037649 103.684303 0
6893.218428 103.684303 0
6917.484330 103.684303 0
6941.835653 103.684303 0
6966.272700 103.684303 0
6990.795771 103.684303 0
7015.405170 103.684303 0
7040.101200 103.684303 0
7064.884166 103.684303 0
7089.754375 103.684303 0
7114.712134 103.684303 0
7139.757750 103.684303 0
7164.891533 103.684303 0
7190.113794 103.684303 0
7215.424843 103.684303 0
7240.824994 103.684303 0
7266.314560 103.684303 0
7291.893856 103.684303 0
7317.563197 103.684303 0
7343.322901 103.684303 0
7369.173286 103.684303 0
7395.114671 103.684303 0
7421.147376 103.684303 0
7447.271723 103.684303 0
7473.488035 103.684303 0
7499.796634 103.684303 0
7526.197847 103.684303 0
7552.691999 103.684303 0
7579.279416 103.684303 0
7605.960429 103.684303 0
7632.735365 103.684303 0
7659.604557 103.684303 0
7686.568334 103.603530 0
7713.627031 103.603530 0
7740.780982 103.603530 0
7768.030521 103.603530 0
7795.375986 103.603530 0
7822.817714 103.603530 0
7850.356044 103.603530 0
7877.991316 103.603530 0
7905.723871 103.603530 0
7933.554052 103.603530 0
7961.482203 103.603530 0
7989.508667 103.603530 0
8017.633792 103.603530 0
8045.857925 103.603530 0
8074.181413 103.603530 0
8102.604608 103.603530 0
8131.127860 103.603530 0
8159.751521 103.603530 0
8188.475944 103.603530 0
8217.301485 103.603530 0
8246.228500 103.603530 0
8275.257344 103.603530 0
8304.388378 103.603530 0
8333.621961 103.603530 0
8362.958453 103.603530 0
8392.398217 103.603530 0
8421.941617 103.603530 0
8451.589017 103.603530 0
8481.340783 103.603530 0
8511.197284 103.603530 0
8541.158887 103.603530 0
8571.225962 103.603530 0
8601.398882 103.603530 0
8631.678018 103.603530 0
8662.063744 103.603530 0
8692.556436 103.603530 0
8723.156469 103.603530 0
8753.864223 103.603530 0
8784.680076 103.603530 0
8815.604409 103.603530 0
8846.637603 103.603530 0
8877.780043 103.603530 0
8909.032111 103.603530 0
8940.394195 103.603530 0
8971.866682 103.603530 0
9003.449959 103.603530 0
9035.144418 103.603530 0
9066.950450 103.603530 0
9098.868447 103.603530 0
9130.898804 103.603530 0
9163.041915 103.603530 0
9195.298179 103.684303 0
9227.667993 103.765076 0
9260.151757 103.845849 0
9292.749873 103.926622 0
9325.462742 104.007395 0
9358.290769 104.007395 0
9391.234359 104.088168 0
9424.293918 104.168941 0
9457.469856 104.249714 0
9490.762582 104.330487 0
9524.172507 104.411260 0
9557.700043 104.492033 0
9591.345605 104.572806 0
9625.109608 104.653579 0
9658.992469 104.734352 0
9692.994606 104.815125 0
9727.116439 104.976670 0
9761.358390 105.057443 0
9795.720882 105.138216 0
9830.204338 105.299762 0
9864.809185 105.461308 0
9899.535850 105.542081 0
9934.384762 105.622854 0
9969.356351 105.784400 0
10004.451049 105.945946 0
10039.669289 106.026719 0
10075.011507 106.188265 0
10110.478138 106.269038 0
10146.069621 106.430584 0
10181.786395 106.592130 0
10217.628901 106.672903 0
10253.597582 106.834448 0
10289.692882 106.995994 0
10325.915247 107.157540 0
10362.265124 107.238313 0
10398.742962 107.399859 0
10435.349211 107.642178 0
10472.084323 107.803724 0
10508.948753 107.965270 0
10545.942955 108.126816 0
10583.067386 108.288362 0
10620.322504 108.449908 0
10657.708771 108.530681 0
10695.226646 108.692226 0
10732.876594 108.853772 0
10770.659079 109.015318 0
10808.574569 109.176864 0
10846.623531 109.257637 0
10884.806435 109.419183 0
10923.123752 109.499956 0
10961.575957 109.580729 0
11000.163523 109.580729 0
11038.886927 109.580729 0
11077.746647 109.580729 0
11116.743164 109.580729 0
11155.876959 109.580729 0
11195.148514 109.580729 0
11234.558316 109.580729 0
11274.106850 109.580729 0
11313.794605 109.580729 0
11353.622071 109.580729 0
11393.589740 109.580729 0
11433.698106 109.580729 0
11473.947663 109.580729 0
11514.338909 109.580729 0
11554.872343 109.580729 0
11595.548465 109.580729 0
11636.367777 109.580729 0
11677.330784 109.580729 0
11718.437991 109.499956 0
11759.689906 109.419183 0
11801.087039 109.338410 0
11842.629900 109.257637 0
11884.319002 109.096091 0
11926.154861 109.015318 0
11968.137993 108.853772 0
12010.268916 108.772999 0
12052.548151 108.692226 0
12094.976219 108.530681 0
12137.553646 108.449908 0
12180.280956 108.369135 0
12223.158677 108.288362 0
12266.187338 108.207589 0
12309.367472 108.126816 0
12352.699611 108.046043 0
12396.184290 107.965270 0
12439.822046 107.965270 0
12483.613418 107.884497 0
12527.558948 107.884497 0
12571.659176 107.884497 0
12615.914649 107.884497 0
12660.325913 107.884497 0
12704.893516 107.884497 0
12749.618008 107.884497 0
12794.499942 107.884497 0
12839.539871 107.884497 0
12884.738353 107.884497 0
12930.095945 107.884497 0
12975.613208 107.884497 0
13021.290703 107.884497 0
13067.128995 107.884497 0
13113.128649 107.884497 0
13159.290234 107.884497 0
13205.614319 107.884497 0
13252.101477 107.884497 0
13298.752282 107.884497 0
13345.567310 107.884497 0
13392.547138 107.884497 0
13439.692348 107.884497 0
13487.003521 107.884497 0
13534.481241 107.884497 0
13582.126096 107.884497 0
13629.938672 107.884497 0
13677.919561 107.884497 0
13726.069355 107.884497 0
13774.388648 107.884497 0
13822.878038 107.884497 0
13871.538124 107.642178 0
13920.369505 107.399859 0
13969.372785 107.076767 0
14018.548569 106.672903 0
14067.897465 106.349811 0
14117.420081 105.784400 0
14167.117030 105.218989 0
14216.988925 104.815125 0
14267.036382 104.330487 0
14317.260019 103.926622 0
14367.660455 103.522757 0
14418.238315 102.795801 0
14468.994221 102.391936 0
14519.928801 101.907298 0
14571.042684 101.503433 0
14622.336501 100.938023 0
14673.810886 100.372612 0
14725.466473 99.968747 0
14777.303902 99.564882 0
14829.323811 99.161018 0
14881.526844 98.757153 0
14933.913646 98.353288 0
14986.484862 97.787877 0
15039.241142 97.464786 0
15092.183138 97.060921 0
15145.311504 96.657056 0
15198.626895 96.253191 0
15252.129969 95.849327 0
15305.821389 95.445462 0
15359.701816 95.122370 0
15413.771916 94.880051 0
15468.032356 94.476186 0
15522.483808 94.072322 0
15577.126942 93.749230 0
15631.962435 93.506911 0
15686.990962 93.183819 0
15742.213204 92.860727 0
15797.629842 92.537635 0
15853.241562 92.133771 0
15909.049048 91.891452 0
15965.052992 91.649133 0
16021.254084 91.487587 0
16077.653018 91.083722 0
16134.250491 90.760630 0
16191.047201 90.437539 0
16248.043851 90.195220 0
16305.241143 89.872128 0
16362.639785 89.549036 0
16420.240484 89.306717 0
16478.043953 88.741306 0
16536.050905 88.498988 0
16594.262056 88.175896 0
16652.678126 88.014350 0
16711.299835 87.852804 0
16770.127907 87.852804 0
16829.163070 87.852804 0
16888.406051 87.852804 0
16947.857583 87.852804 0
17007.518400 87.852804 0
17067.389238 87.852804 0
17127.470837 87.852804 0
17187.763938 87.852804 0
17248.269287 87.852804 0
17308.987630 87.852804 0
17369.919717 87.772031 0
17431.066301 87.772031 0
17492.428137 87.691258 0
17554.005982 87.610485 0
17615.800597 87.529712 0
17677.812745 87.448939 0
17740.043191 87.287393 0
17802.492705 87.206620 0
17865.162057 87.045074 0
17928.052021 86.964301 0
17991.163375 86.883528 0
18054.496896 86.802756 0
18118.053367 86.641210 0
18181.833574 86.479664 0
18245.838304 86.318118 0
18310.068346 86.156572 0
18374.524495 85.914253 0
18439.207546 85.752707 0
18504.118298 85.591161 0
18569.257553 85.510388 0
18634.626114 85.510388 0
18700.224790 85.510388 0
18766.054390 85.510388 0
18832.115727 85.510388 0
18898.409616 85.510388 0
18964.936878 85.510388 0
19031.698332 85.510388 0
19098.694804 85.510388 0
19165.927121 85.510388 0
19233.396113 85.510388 0
19301.102613 85.510388 0
19369.047457 85.510388 0
19437.231485 85.510388 0
19505.655538 85.510388 0
19574.320461 85.429615 0
19643.227102 85.268069 0
19712.376313 85.025751 0
19781.768946 84.702659 0
19851.405860 84.379567 0
19921.287913 83.894929 0
19991.415969 83.410291 0
20061.790894 83.167973 0
20132.413556 82.683335 0
20203.284829 82.360243 0
20274.405586 82.198697 0
